Using pre-set license
Built from 'trunk' branch; Version is '6000.0.22f1 (001fa5a8e29a) revision 8101'; Using compiler version '193933523'; Build Type 'Release'
OS: 'Windows 11  (10.0.22631) 64bit Professional' Language: 'en' Physical Memory: 5966 MB
BatchMode: 1, IsHumanControllingUs: 0, StartBugReporterOnCrash: 0, Is64bit: 1, IsPro: 1

COMMAND LINE ARGUMENTS:
C:\Program Files\Unity\Hub\Editor\6000.0.22f1\Editor\Unity.exe
-adb2
-batchMode
-noUpm
-name
AssetImportWorker3
-projectPath
C:/Users/ANDREEA/Desktop/RacingGame/RacingGame
-logFile
Logs/AssetImportWorker3.log
-srvPort
52587
-job-worker-count
5
-background-job-worker-count
8
-asset-garbage-collectors
1
Successfully changed project path to: C:/Users/ANDREEA/Desktop/RacingGame/RacingGame
C:/Users/ANDREEA/Desktop/RacingGame/RacingGame
[UnityMemory] Configuration Parameters - Can be set up in boot.config
    "memorysetup-bucket-allocator-granularity=16"
    "memorysetup-bucket-allocator-bucket-count=8"
    "memorysetup-bucket-allocator-block-size=33554432"
    "memorysetup-bucket-allocator-block-count=8"
    "memorysetup-main-allocator-block-size=16777216"
    "memorysetup-thread-allocator-block-size=16777216"
    "memorysetup-gfx-main-allocator-block-size=16777216"
    "memorysetup-gfx-thread-allocator-block-size=16777216"
    "memorysetup-cache-allocator-block-size=4194304"
    "memorysetup-typetree-allocator-block-size=2097152"
    "memorysetup-profiler-bucket-allocator-granularity=16"
    "memorysetup-profiler-bucket-allocator-bucket-count=8"
    "memorysetup-profiler-bucket-allocator-block-size=33554432"
    "memorysetup-profiler-bucket-allocator-block-count=8"
    "memorysetup-profiler-allocator-block-size=16777216"
    "memorysetup-profiler-editor-allocator-block-size=1048576"
    "memorysetup-temp-allocator-size-main=16777216"
    "memorysetup-job-temp-allocator-block-size=2097152"
    "memorysetup-job-temp-allocator-block-size-background=1048576"
    "memorysetup-job-temp-allocator-reduction-small-platforms=262144"
    "memorysetup-allocator-temp-initial-block-size-main=262144"
    "memorysetup-allocator-temp-initial-block-size-worker=262144"
    "memorysetup-temp-allocator-size-background-worker=32768"
    "memorysetup-temp-allocator-size-job-worker=262144"
    "memorysetup-temp-allocator-size-preload-manager=33554432"
    "memorysetup-temp-allocator-size-nav-mesh-worker=65536"
    "memorysetup-temp-allocator-size-audio-worker=65536"
    "memorysetup-temp-allocator-size-cloud-worker=32768"
    "memorysetup-temp-allocator-size-gi-baking-worker=262144"
    "memorysetup-temp-allocator-size-gi-baking-worker=262144"
    "memorysetup-temp-allocator-size-gi-baking-worker=262144"
    "memorysetup-temp-allocator-size-gi-baking-worker=262144"
    "memorysetup-temp-allocator-size-gi-baking-worker=262144"
    "memorysetup-temp-allocator-size-gfx=262144"
Player connection [2600]  Target information:

Player connection [2600]  * "[IP] 192.168.56.1 [Port] 0 [Flags] 2 [Guid] 1153320292 [EditorId] 1153320292 [Version] 1048832 [Id] WindowsEditor(7,DESKTOP-HT3IUV8) [Debug] 1 [PackageName] WindowsEditor [ProjectName] Editor" 

Player connection [2600]  * "[IP] 192.168.81.198 [Port] 0 [Flags] 2 [Guid] 1153320292 [EditorId] 1153320292 [Version] 1048832 [Id] WindowsEditor(7,DESKTOP-HT3IUV8) [Debug] 1 [PackageName] WindowsEditor [ProjectName] Editor" 

Player connection [2600] Host joined multi-casting on [225.0.0.222:54997]...
Player connection [2600] Host joined alternative multi-casting on [225.0.0.222:34997]...
JobSystem: Creating JobQueue using job-worker-count value 5
[Physics::Module] Initialized fallback backend.
[Physics::Module] Id: 0xdecafbad
Library Redirect Path: Library/
[Physics::Module] Selected backend.
[Physics::Module] Name: PhysX
[Physics::Module] Id: 0xf2b8ea05
[Physics::Module] SDK Version: 4.1.2
[Physics::Module] Integration Version: 1.0.0
[Physics::Module] Threading Mode: Multi-Threaded
Refreshing native plugins compatible for Editor in 12.91 ms, found 3 plugins.
Preloading 0 native plugins for Editor in 0.00 ms.
Initialize engine version: 6000.0.22f1 (001fa5a8e29a)
[Subsystems] Discovering subsystems at path C:/Program Files/Unity/Hub/Editor/6000.0.22f1/Editor/Data/Resources/UnitySubsystems
[Subsystems] Discovering subsystems at path C:/Users/ANDREEA/Desktop/RacingGame/RacingGame/Assets
GfxDevice: creating device client; kGfxThreadingModeNonThreaded
Direct3D:
    Version:  Direct3D 11.0 [level 11.1]
    Renderer: AMD Radeon(TM) Graphics (ID=0x164c)
    Vendor:   ATI
    VRAM:     2983 MB
    Driver:   30.0.13044.0
Initialize mono
Mono path[0] = 'C:/Program Files/Unity/Hub/Editor/6000.0.22f1/Editor/Data/Managed'
Mono path[1] = 'C:/Program Files/Unity/Hub/Editor/6000.0.22f1/Editor/Data/MonoBleedingEdge/lib/mono/unityjit-win32'
Mono config path = 'C:/Program Files/Unity/Hub/Editor/6000.0.22f1/Editor/Data/MonoBleedingEdge/etc'
Using monoOptions --debugger-agent=transport=dt_socket,embedding=1,server=y,suspend=n,address=127.0.0.1:56168
Begin MonoManager ReloadAssembly
Registering precompiled unity dll's ...
Register platform support module: C:/Program Files/Unity/Hub/Editor/6000.0.22f1/Editor/Data/PlaybackEngines/WindowsStandaloneSupport/UnityEditor.WindowsStandalone.Extensions.dll
Registered in 0.007409 seconds.
- Loaded All Assemblies, in  0.835 seconds
Native extension for WindowsStandalone target not found
Mono: successfully reloaded assembly
- Finished resetting the current domain, in  0.574 seconds
Domain Reload Profiling: 1409ms
	BeginReloadAssembly (335ms)
		ExecutionOrderSort (0ms)
		DisableScriptedObjects (0ms)
		BackupInstance (0ms)
		ReleaseScriptingObjects (0ms)
		CreateAndSetChildDomain (2ms)
	RebuildCommonClasses (78ms)
	RebuildNativeTypeToScriptingClass (17ms)
	initialDomainReloadingComplete (117ms)
	LoadAllAssembliesAndSetupDomain (287ms)
		LoadAssemblies (326ms)
		RebuildTransferFunctionScriptingTraits (0ms)
		AnalyzeDomain (281ms)
			TypeCache.Refresh (278ms)
				TypeCache.ScanAssembly (249ms)
			BuildScriptInfoCaches (0ms)
			ResolveRequiredComponents (1ms)
	FinalizeReload (576ms)
		ReleaseScriptCaches (0ms)
		RebuildScriptCaches (0ms)
		SetupLoadedEditorAssemblies (507ms)
			LogAssemblyErrors (0ms)
			InitializePlatformSupportModulesInManaged (36ms)
			SetLoadedEditorAssemblies (7ms)
			BeforeProcessingInitializeOnLoad (12ms)
			ProcessInitializeOnLoadAttributes (324ms)
			ProcessInitializeOnLoadMethodAttributes (124ms)
			AfterProcessingInitializeOnLoad (4ms)
			EditorAssembliesLoaded (0ms)
		ExecutionOrderSort2 (0ms)
		AwakeInstancesAfterBackupRestoration (0ms)
========================================================================
Worker process is ready to serve import requests
Import Worker Mode flag is 0x00
Begin MonoManager ReloadAssembly
- Loaded All Assemblies, in  2.582 seconds
Refreshing native plugins compatible for Editor in 5.59 ms, found 3 plugins.
Native extension for WindowsStandalone target not found
Mono: successfully reloaded assembly
- Finished resetting the current domain, in  1.718 seconds
Domain Reload Profiling: 4279ms
	BeginReloadAssembly (1242ms)
		ExecutionOrderSort (0ms)
		DisableScriptedObjects (9ms)
		BackupInstance (0ms)
		ReleaseScriptingObjects (0ms)
		CreateAndSetChildDomain (62ms)
	RebuildCommonClasses (60ms)
	RebuildNativeTypeToScriptingClass (15ms)
	initialDomainReloadingComplete (58ms)
	LoadAllAssembliesAndSetupDomain (1186ms)
		LoadAssemblies (809ms)
		RebuildTransferFunctionScriptingTraits (0ms)
		AnalyzeDomain (545ms)
			TypeCache.Refresh (354ms)
				TypeCache.ScanAssembly (308ms)
			BuildScriptInfoCaches (171ms)
			ResolveRequiredComponents (15ms)
	FinalizeReload (1718ms)
		ReleaseScriptCaches (0ms)
		RebuildScriptCaches (0ms)
		SetupLoadedEditorAssemblies (1117ms)
			LogAssemblyErrors (0ms)
			InitializePlatformSupportModulesInManaged (4ms)
			SetLoadedEditorAssemblies (10ms)
			BeforeProcessingInitializeOnLoad (104ms)
			ProcessInitializeOnLoadAttributes (843ms)
			ProcessInitializeOnLoadMethodAttributes (147ms)
			AfterProcessingInitializeOnLoad (9ms)
			EditorAssembliesLoaded (0ms)
		ExecutionOrderSort2 (0ms)
		AwakeInstancesAfterBackupRestoration (9ms)
Launched and connected shader compiler UnityShaderCompiler.exe after 0.03 seconds
Refreshing native plugins compatible for Editor in 1.18 ms, found 3 plugins.
Preloading 0 native plugins for Editor in 0.00 ms.
Unloading 198 Unused Serialized files (Serialized files now loaded: 0)
Unloading 5897 unused Assets / (4.5 MB). Loaded Objects now: 6663.
Memory consumption went from 182.1 MB to 177.5 MB.
Total: 19.005100 ms (FindLiveObjects: 1.822100 ms CreateObjectMapping: 0.917100 ms MarkObjects: 10.246900 ms  DeleteObjects: 6.011600 ms)

========================================================================
Received Import Request.
  Time since last request: 139967.105005 seconds.
  path: Assets/Race Track Pack/Terrian Textures/Clay/Clay Normal.png
  artifactKey: Guid(7988d99a178bf19478d3c521c2af33af) Importer(815301076,1909f56bfc062723c751e8b465ee728b)
Start importing Assets/Race Track Pack/Terrian Textures/Clay/Clay Normal.png using Guid(7988d99a178bf19478d3c521c2af33af) Importer(815301076,1909f56bfc062723c751e8b465ee728b) (PreviewImporter) -> (artifact id: 'd04ff745b3b60e8c1942b33ff89375e1') in 0.187849 seconds
Number of updated asset objects reloaded before import = 0Number of asset objects unloaded after import = 2

========================================================================
Received Import Request.
  Time since last request: 0.726141 seconds.
  path: Assets/Race Track Pack/Terrian Textures/Crack Stone with Grass/Crack Stone with Grass_Normal.png
  artifactKey: Guid(f7a36bcf613739a4e8828219251f2eb9) Importer(815301076,1909f56bfc062723c751e8b465ee728b)
Start importing Assets/Race Track Pack/Terrian Textures/Crack Stone with Grass/Crack Stone with Grass_Normal.png using Guid(f7a36bcf613739a4e8828219251f2eb9) Importer(815301076,1909f56bfc062723c751e8b465ee728b) (PreviewImporter) -> (artifact id: '1f863b3df22cf41ea780c70d697c3ec9') in 0.0575396 seconds
Number of updated asset objects reloaded before import = 0Number of asset objects unloaded after import = 2

========================================================================
Received Import Request.
  Time since last request: 0.580729 seconds.
  path: Assets/Race Track Pack/Terrian Textures/Dirt Ground/Dirt Ground Normal.png
  artifactKey: Guid(9cf8ee62c8d55494f89e0050cb7bb669) Importer(815301076,1909f56bfc062723c751e8b465ee728b)
Start importing Assets/Race Track Pack/Terrian Textures/Dirt Ground/Dirt Ground Normal.png using Guid(9cf8ee62c8d55494f89e0050cb7bb669) Importer(815301076,1909f56bfc062723c751e8b465ee728b) (PreviewImporter) -> (artifact id: '702e03d23d757bd31db6b5bb5793a387') in 0.040471 seconds
Number of updated asset objects reloaded before import = 0Number of asset objects unloaded after import = 2

========================================================================
Received Import Request.
  Time since last request: 1.554566 seconds.
  path: Assets/Race Track Pack/Terrian Textures/Mud/Mud Normal.png
  artifactKey: Guid(394858a5888d16e4fbeace3598e08491) Importer(815301076,1909f56bfc062723c751e8b465ee728b)
Start importing Assets/Race Track Pack/Terrian Textures/Mud/Mud Normal.png using Guid(394858a5888d16e4fbeace3598e08491) Importer(815301076,1909f56bfc062723c751e8b465ee728b) (PreviewImporter) -> (artifact id: '6ad174a34333944b1e3eb2299a2396b9') in 0.0554326 seconds
Number of updated asset objects reloaded before import = 0Number of asset objects unloaded after import = 2

========================================================================
Received Import Request.
  Time since last request: 0.535393 seconds.
  path: Assets/Race Track Pack/Terrian Textures/Grass one/Grass Normal.png
  artifactKey: Guid(882925edc12cf854a9b28042a1e608c0) Importer(815301076,1909f56bfc062723c751e8b465ee728b)
Start importing Assets/Race Track Pack/Terrian Textures/Grass one/Grass Normal.png using Guid(882925edc12cf854a9b28042a1e608c0) Importer(815301076,1909f56bfc062723c751e8b465ee728b) (PreviewImporter) -> (artifact id: '3b079a2e4fa58f415a71a5a90103aa06') in 0.0506898 seconds
Number of updated asset objects reloaded before import = 0Number of asset objects unloaded after import = 2

========================================================================
Received Import Request.
  Time since last request: 0.426058 seconds.
  path: Assets/Race Track Pack/Terrian Textures/Muddy snow/Muddy Snow Normal.png
  artifactKey: Guid(fe612bdf07ffd1e4284b14b8bb5ea53e) Importer(815301076,1909f56bfc062723c751e8b465ee728b)
Start importing Assets/Race Track Pack/Terrian Textures/Muddy snow/Muddy Snow Normal.png using Guid(fe612bdf07ffd1e4284b14b8bb5ea53e) Importer(815301076,1909f56bfc062723c751e8b465ee728b) (PreviewImporter) -> (artifact id: '69240e482342a01315d3f97fed196327') in 0.0414322 seconds
Number of updated asset objects reloaded before import = 0Number of asset objects unloaded after import = 2

========================================================================
Received Import Request.
  Time since last request: 2.097595 seconds.
  path: Assets/Race Track Pack/Terrian Textures/Rock Ground/Rock Ground AlbedoTransparency.png
  artifactKey: Guid(86374c2fa0621084b90f32ace0bdb3b5) Importer(815301076,1909f56bfc062723c751e8b465ee728b)
Start importing Assets/Race Track Pack/Terrian Textures/Rock Ground/Rock Ground AlbedoTransparency.png using Guid(86374c2fa0621084b90f32ace0bdb3b5) Importer(815301076,1909f56bfc062723c751e8b465ee728b) (PreviewImporter) -> (artifact id: 'b1521745ac0e9c3459c41c4bda5e38e5') in 0.0377978 seconds
Number of updated asset objects reloaded before import = 0Number of asset objects unloaded after import = 2

========================================================================
Received Import Request.
  Time since last request: 0.000024 seconds.
  path: Assets/Race Track Pack/Terrian Textures/Rock Ground/Rock Ground Normal.png
  artifactKey: Guid(c8f703f62d63bbf4e904b491481a5e24) Importer(815301076,1909f56bfc062723c751e8b465ee728b)
Start importing Assets/Race Track Pack/Terrian Textures/Rock Ground/Rock Ground Normal.png using Guid(c8f703f62d63bbf4e904b491481a5e24) Importer(815301076,1909f56bfc062723c751e8b465ee728b) (PreviewImporter) -> (artifact id: 'bf5e8a540a789bb29ffcc6dd909b4cff') in 0.0361211 seconds
Number of updated asset objects reloaded before import = 0Number of asset objects unloaded after import = 2

========================================================================
Received Import Request.
  Time since last request: 0.333092 seconds.
  path: Assets/Race Track Pack/Terrian Textures/Rock Soil/Rock Soil Normal.png
  artifactKey: Guid(a768ae6714c7a4b4fad6dd8d2a5def97) Importer(815301076,1909f56bfc062723c751e8b465ee728b)
Start importing Assets/Race Track Pack/Terrian Textures/Rock Soil/Rock Soil Normal.png using Guid(a768ae6714c7a4b4fad6dd8d2a5def97) Importer(815301076,1909f56bfc062723c751e8b465ee728b) (PreviewImporter) -> (artifact id: '9b95bd1639de8d8fda3d86394afe1ade') in 0.0421891 seconds
Number of updated asset objects reloaded before import = 0Number of asset objects unloaded after import = 2

========================================================================
Received Import Request.
  Time since last request: 0.391512 seconds.
  path: Assets/Race Track Pack/Terrian Textures/Ruined Stones/Ruined Stones Normal.png
  artifactKey: Guid(9a9fa0f0ee489554aa7b2e3af58363a3) Importer(815301076,1909f56bfc062723c751e8b465ee728b)
Start importing Assets/Race Track Pack/Terrian Textures/Ruined Stones/Ruined Stones Normal.png using Guid(9a9fa0f0ee489554aa7b2e3af58363a3) Importer(815301076,1909f56bfc062723c751e8b465ee728b) (PreviewImporter) -> (artifact id: '7210d9f990d081809753e411aa8acbc9') in 0.0398815 seconds
Number of updated asset objects reloaded before import = 0Number of asset objects unloaded after import = 2

========================================================================
Received Import Request.
  Time since last request: 0.386976 seconds.
  path: Assets/Race Track Pack/Terrian Textures/Solid Rock/Solid Rock MetallicSmoothness.png
  artifactKey: Guid(5b78b619d45fe3f4d9286b6262efb08d) Importer(815301076,1909f56bfc062723c751e8b465ee728b)
Start importing Assets/Race Track Pack/Terrian Textures/Solid Rock/Solid Rock MetallicSmoothness.png using Guid(5b78b619d45fe3f4d9286b6262efb08d) Importer(815301076,1909f56bfc062723c751e8b465ee728b) (PreviewImporter) -> (artifact id: 'a61dae8fc00a5780154572f1a1b99943') in 0.0224077 seconds
Number of updated asset objects reloaded before import = 0Number of asset objects unloaded after import = 2

========================================================================
Received Import Request.
  Time since last request: 0.000035 seconds.
  path: Assets/Race Track Pack/Terrian Textures/Solid Rock/Solid Rock Normal.png
  artifactKey: Guid(565079f00df92db46ae54fd80268e8e9) Importer(815301076,1909f56bfc062723c751e8b465ee728b)
Start importing Assets/Race Track Pack/Terrian Textures/Solid Rock/Solid Rock Normal.png using Guid(565079f00df92db46ae54fd80268e8e9) Importer(815301076,1909f56bfc062723c751e8b465ee728b) (PreviewImporter) -> (artifact id: '451b31f89f46ba47056ac4d1d21c6223') in 0.0286379 seconds
Number of updated asset objects reloaded before import = 0Number of asset objects unloaded after import = 2

========================================================================
Received Import Request.
  Time since last request: 0.476340 seconds.
  path: Assets/Race Track Pack/Terrian Textures/Stone Walkway/Stone Walkway Normal.png
  artifactKey: Guid(2aeda2e9e1c2b4f48964effc8d4ae28d) Importer(815301076,1909f56bfc062723c751e8b465ee728b)
Start importing Assets/Race Track Pack/Terrian Textures/Stone Walkway/Stone Walkway Normal.png using Guid(2aeda2e9e1c2b4f48964effc8d4ae28d) Importer(815301076,1909f56bfc062723c751e8b465ee728b) (PreviewImporter) -> (artifact id: '5068207facd7aaeca9c4c0e6072a06d2') in 0.042717 seconds
Number of updated asset objects reloaded before import = 0Number of asset objects unloaded after import = 2

========================================================================
Received Import Request.
  Time since last request: 2.769411 seconds.
  path: Assets/Race Track Pack/Textures/Props Mt/Road Track for substance 05_Props_Mt_Normal.png
  artifactKey: Guid(aa524edda0baf814f97a9a5d9e38ba66) Importer(815301076,1909f56bfc062723c751e8b465ee728b)
Start importing Assets/Race Track Pack/Textures/Props Mt/Road Track for substance 05_Props_Mt_Normal.png using Guid(aa524edda0baf814f97a9a5d9e38ba66) Importer(815301076,1909f56bfc062723c751e8b465ee728b) (PreviewImporter) -> (artifact id: 'bd9c68e3da378acb01a8ba58123f250c') in 0.0681457 seconds
Number of updated asset objects reloaded before import = 0Number of asset objects unloaded after import = 2

========================================================================
Received Import Request.
  Time since last request: 0.363135 seconds.
  path: Assets/Race Track Pack/Textures/Road and side Boundries/Road Track for substance 05_Road_and_side_boundries_mt_Normal.png
  artifactKey: Guid(c8be381dbeaa2e74a89e0bdc4ef4b1c2) Importer(815301076,1909f56bfc062723c751e8b465ee728b)
Start importing Assets/Race Track Pack/Textures/Road and side Boundries/Road Track for substance 05_Road_and_side_boundries_mt_Normal.png using Guid(c8be381dbeaa2e74a89e0bdc4ef4b1c2) Importer(815301076,1909f56bfc062723c751e8b465ee728b) (PreviewImporter) -> (artifact id: '08ef12480dd4305260a7c43bedfdf1f8') in 0.0477022 seconds
Number of updated asset objects reloaded before import = 0Number of asset objects unloaded after import = 2

========================================================================
Received Import Request.
  Time since last request: 0.524525 seconds.
  path: Assets/Race Track Pack/Textures/Track Props/Road Track for substance 05_Track_Props_Normal.png
  artifactKey: Guid(825f2e1b3e074fe4c9f6f48fa63b180b) Importer(815301076,1909f56bfc062723c751e8b465ee728b)
Start importing Assets/Race Track Pack/Textures/Track Props/Road Track for substance 05_Track_Props_Normal.png using Guid(825f2e1b3e074fe4c9f6f48fa63b180b) Importer(815301076,1909f56bfc062723c751e8b465ee728b) (PreviewImporter) -> (artifact id: '6ff20f46dddd99bf0e19af4893d7e8eb') in 0.0354898 seconds
Number of updated asset objects reloaded before import = 0Number of asset objects unloaded after import = 2

========================================================================
Received Import Request.
  Time since last request: 0.870110 seconds.
  path: Assets/Race Track Pack/Textures/Tunnel and Bridge mt/Road Track for substance 05_tunnel_and_bridge_mt_01_MetallicSmoothness.png
  artifactKey: Guid(0069519890830bc43af958c9ee4cedad) Importer(815301076,1909f56bfc062723c751e8b465ee728b)
Start importing Assets/Race Track Pack/Textures/Tunnel and Bridge mt/Road Track for substance 05_tunnel_and_bridge_mt_01_MetallicSmoothness.png using Guid(0069519890830bc43af958c9ee4cedad) Importer(815301076,1909f56bfc062723c751e8b465ee728b) (PreviewImporter) -> (artifact id: '93cef9d4075a245665103ec80a3d6d54') in 0.0378638 seconds
Number of updated asset objects reloaded before import = 0Number of asset objects unloaded after import = 2

========================================================================
Received Import Request.
  Time since last request: 18.579241 seconds.
  path: Assets/Race Track Pack/Models/Materials/keyakiPark1LeafShader.mat
  artifactKey: Guid(fac6c9050da7c0c449db9e375b21b007) Importer(815301076,1909f56bfc062723c751e8b465ee728b)
Start importing Assets/Race Track Pack/Models/Materials/keyakiPark1LeafShader.mat using Guid(fac6c9050da7c0c449db9e375b21b007) Importer(815301076,1909f56bfc062723c751e8b465ee728b) (PreviewImporter) -> (artifact id: '12c326112181985ec7061698a90f0cdf') in 0.92713 seconds
Number of updated asset objects reloaded before import = 0Number of asset objects unloaded after import = 1

========================================================================
Received Import Request.
  Time since last request: 671.054609 seconds.
  path: Assets/Stylized Nature Environment/Terrain/sky.FBX
  artifactKey: Guid(549f84bbc42ec39489d2d8627dddef59) Importer(815301076,1909f56bfc062723c751e8b465ee728b)
Start importing Assets/Stylized Nature Environment/Terrain/sky.FBX using Guid(549f84bbc42ec39489d2d8627dddef59) Importer(815301076,1909f56bfc062723c751e8b465ee728b) (PreviewImporter) -> (artifact id: 'a798d42fba0c758fca1e1d6eb51e37bf') in 1.5852662 seconds
Number of updated asset objects reloaded before import = 0Number of asset objects unloaded after import = 8

========================================================================
Received Import Request.
  Time since last request: 150.494835 seconds.
  path: Assets/Stylized Nature Environment/Terrain/Materials/mountain.mat
  artifactKey: Guid(83e6d72a3cb722f4dacf83805211b57b) Importer(815301076,1909f56bfc062723c751e8b465ee728b)
Start importing Assets/Stylized Nature Environment/Terrain/Materials/mountain.mat using Guid(83e6d72a3cb722f4dacf83805211b57b) Importer(815301076,1909f56bfc062723c751e8b465ee728b) (PreviewImporter) -> (artifact id: 'd78d2c42b2797829aa9268b70ce03d54') in 0.434413 seconds
Number of updated asset objects reloaded before import = 0Number of asset objects unloaded after import = 4

========================================================================
Received Import Request.
  Time since last request: 44.572203 seconds.
  path: Assets/Models/Road.prefab
  artifactKey: Guid(fcfa0383682aba149aec1bd5aa290d65) Importer(2089858483,3d70f49cd1c2eb9ae422958d1c652c6b)
Start importing Assets/Models/Road.prefab using Guid(fcfa0383682aba149aec1bd5aa290d65) Importer(2089858483,3d70f49cd1c2eb9ae422958d1c652c6b) (ScriptedImporter) -> (artifact id: '0ef2e22f28a604332da2c11829c4742c') in 12.4746611 seconds
Number of updated asset objects reloaded before import = 0Number of asset objects unloaded after import = 143

Editor requested this worker to shutdown with reason: balancing worker count downwards
AssetImportWorker is now disconnected from the server
Process exiting
Exiting without the bug reporter. Application will terminate with return code 0