Using pre-set license
Built from 'trunk' branch; Version is '6000.0.22f1 (001fa5a8e29a) revision 8101'; Using compiler version '193933523'; Build Type 'Release'
OS: 'Windows 11  (10.0.22631) 64bit Professional' Language: 'en' Physical Memory: 5966 MB
BatchMode: 1, IsHumanControllingUs: 0, StartBugReporterOnCrash: 0, Is64bit: 1, IsPro: 1

COMMAND LINE ARGUMENTS:
C:\Program Files\Unity\Hub\Editor\6000.0.22f1\Editor\Unity.exe
-adb2
-batchMode
-noUpm
-name
AssetImportWorker2
-projectPath
C:/Users/ANDREEA/Desktop/ex/RacingGame/RacingGame
-logFile
Logs/AssetImportWorker2.log
-srvPort
58852
-job-worker-count
5
-background-job-worker-count
8
-asset-garbage-collectors
1
Successfully changed project path to: C:/Users/ANDREEA/Desktop/ex/RacingGame/RacingGame
C:/Users/ANDREEA/Desktop/ex/RacingGame/RacingGame
[UnityMemory] Configuration Parameters - Can be set up in boot.config
    "memorysetup-bucket-allocator-granularity=16"
    "memorysetup-bucket-allocator-bucket-count=8"
    "memorysetup-bucket-allocator-block-size=33554432"
    "memorysetup-bucket-allocator-block-count=8"
    "memorysetup-main-allocator-block-size=16777216"
    "memorysetup-thread-allocator-block-size=16777216"
    "memorysetup-gfx-main-allocator-block-size=16777216"
    "memorysetup-gfx-thread-allocator-block-size=16777216"
    "memorysetup-cache-allocator-block-size=4194304"
    "memorysetup-typetree-allocator-block-size=2097152"
    "memorysetup-profiler-bucket-allocator-granularity=16"
    "memorysetup-profiler-bucket-allocator-bucket-count=8"
    "memorysetup-profiler-bucket-allocator-block-size=33554432"
    "memorysetup-profiler-bucket-allocator-block-count=8"
    "memorysetup-profiler-allocator-block-size=16777216"
    "memorysetup-profiler-editor-allocator-block-size=1048576"
    "memorysetup-temp-allocator-size-main=16777216"
    "memorysetup-job-temp-allocator-block-size=2097152"
    "memorysetup-job-temp-allocator-block-size-background=1048576"
    "memorysetup-job-temp-allocator-reduction-small-platforms=262144"
    "memorysetup-allocator-temp-initial-block-size-main=262144"
    "memorysetup-allocator-temp-initial-block-size-worker=262144"
    "memorysetup-temp-allocator-size-background-worker=32768"
    "memorysetup-temp-allocator-size-job-worker=262144"
    "memorysetup-temp-allocator-size-preload-manager=33554432"
    "memorysetup-temp-allocator-size-nav-mesh-worker=65536"
    "memorysetup-temp-allocator-size-audio-worker=65536"
    "memorysetup-temp-allocator-size-cloud-worker=32768"
    "memorysetup-temp-allocator-size-gi-baking-worker=262144"
    "memorysetup-temp-allocator-size-gi-baking-worker=262144"
    "memorysetup-temp-allocator-size-gi-baking-worker=262144"
    "memorysetup-temp-allocator-size-gi-baking-worker=262144"
    "memorysetup-temp-allocator-size-gi-baking-worker=262144"
    "memorysetup-temp-allocator-size-gfx=262144"
Player connection [1912]  Target information:

Player connection [1912]  * "[IP] 192.168.56.1 [Port] 0 [Flags] 2 [Guid] 1262469186 [EditorId] 1262469186 [Version] 1048832 [Id] WindowsEditor(7,DESKTOP-HT3IUV8) [Debug] 1 [PackageName] WindowsEditor [ProjectName] Editor" 

Player connection [1912]  * "[IP] 192.168.81.198 [Port] 0 [Flags] 2 [Guid] 1262469186 [EditorId] 1262469186 [Version] 1048832 [Id] WindowsEditor(7,DESKTOP-HT3IUV8) [Debug] 1 [PackageName] WindowsEditor [ProjectName] Editor" 

Player connection [1912] Host joined multi-casting on [225.0.0.222:54997]...
Player connection [1912] Host joined alternative multi-casting on [225.0.0.222:34997]...
JobSystem: Creating JobQueue using job-worker-count value 5
[Physics::Module] Initialized fallback backend.
[Physics::Module] Id: 0xdecafbad
Library Redirect Path: Library/
[Physics::Module] Selected backend.
[Physics::Module] Name: PhysX
[Physics::Module] Id: 0xf2b8ea05
[Physics::Module] SDK Version: 4.1.2
[Physics::Module] Integration Version: 1.0.0
[Physics::Module] Threading Mode: Multi-Threaded
Refreshing native plugins compatible for Editor in 2.47 ms, found 3 plugins.
Preloading 0 native plugins for Editor in 0.00 ms.
Initialize engine version: 6000.0.22f1 (001fa5a8e29a)
[Subsystems] Discovering subsystems at path C:/Program Files/Unity/Hub/Editor/6000.0.22f1/Editor/Data/Resources/UnitySubsystems
[Subsystems] Discovering subsystems at path C:/Users/ANDREEA/Desktop/ex/RacingGame/RacingGame/Assets
GfxDevice: creating device client; kGfxThreadingModeNonThreaded
Direct3D:
    Version:  Direct3D 11.0 [level 11.1]
    Renderer: AMD Radeon(TM) Graphics (ID=0x164c)
    Vendor:   ATI
    VRAM:     2983 MB
    Driver:   30.0.13044.0
Initialize mono
Mono path[0] = 'C:/Program Files/Unity/Hub/Editor/6000.0.22f1/Editor/Data/Managed'
Mono path[1] = 'C:/Program Files/Unity/Hub/Editor/6000.0.22f1/Editor/Data/MonoBleedingEdge/lib/mono/unityjit-win32'
Mono config path = 'C:/Program Files/Unity/Hub/Editor/6000.0.22f1/Editor/Data/MonoBleedingEdge/etc'
Using monoOptions --debugger-agent=transport=dt_socket,embedding=1,server=y,suspend=n,address=127.0.0.1:56388
Begin MonoManager ReloadAssembly
Registering precompiled unity dll's ...
Register platform support module: C:/Program Files/Unity/Hub/Editor/6000.0.22f1/Editor/Data/PlaybackEngines/WindowsStandaloneSupport/UnityEditor.WindowsStandalone.Extensions.dll
Registered in 0.007743 seconds.
- Loaded All Assemblies, in  1.273 seconds
Native extension for WindowsStandalone target not found
Mono: successfully reloaded assembly
- Finished resetting the current domain, in  0.976 seconds
Domain Reload Profiling: 2248ms
	BeginReloadAssembly (527ms)
		ExecutionOrderSort (0ms)
		DisableScriptedObjects (0ms)
		BackupInstance (0ms)
		ReleaseScriptingObjects (0ms)
		CreateAndSetChildDomain (2ms)
	RebuildCommonClasses (96ms)
	RebuildNativeTypeToScriptingClass (20ms)
	initialDomainReloadingComplete (188ms)
	LoadAllAssembliesAndSetupDomain (438ms)
		LoadAssemblies (526ms)
		RebuildTransferFunctionScriptingTraits (0ms)
		AnalyzeDomain (424ms)
			TypeCache.Refresh (420ms)
				TypeCache.ScanAssembly (373ms)
			BuildScriptInfoCaches (1ms)
			ResolveRequiredComponents (2ms)
	FinalizeReload (979ms)
		ReleaseScriptCaches (0ms)
		RebuildScriptCaches (0ms)
		SetupLoadedEditorAssemblies (836ms)
			LogAssemblyErrors (0ms)
			InitializePlatformSupportModulesInManaged (56ms)
			SetLoadedEditorAssemblies (16ms)
			BeforeProcessingInitializeOnLoad (28ms)
			ProcessInitializeOnLoadAttributes (529ms)
			ProcessInitializeOnLoadMethodAttributes (199ms)
			AfterProcessingInitializeOnLoad (7ms)
			EditorAssembliesLoaded (0ms)
		ExecutionOrderSort2 (0ms)
		AwakeInstancesAfterBackupRestoration (0ms)
========================================================================
Worker process is ready to serve import requests
Import Worker Mode flag is 0x00
Begin MonoManager ReloadAssembly
- Loaded All Assemblies, in  3.741 seconds
Refreshing native plugins compatible for Editor in 1.29 ms, found 3 plugins.
Native extension for WindowsStandalone target not found
Mono: successfully reloaded assembly
- Finished resetting the current domain, in  2.167 seconds
Domain Reload Profiling: 5910ms
	BeginReloadAssembly (1702ms)
		ExecutionOrderSort (0ms)
		DisableScriptedObjects (12ms)
		BackupInstance (0ms)
		ReleaseScriptingObjects (0ms)
		CreateAndSetChildDomain (77ms)
	RebuildCommonClasses (65ms)
	RebuildNativeTypeToScriptingClass (26ms)
	initialDomainReloadingComplete (70ms)
	LoadAllAssembliesAndSetupDomain (1878ms)
		LoadAssemblies (1365ms)
		RebuildTransferFunctionScriptingTraits (0ms)
		AnalyzeDomain (791ms)
			TypeCache.Refresh (539ms)
				TypeCache.ScanAssembly (456ms)
			BuildScriptInfoCaches (210ms)
			ResolveRequiredComponents (23ms)
	FinalizeReload (2169ms)
		ReleaseScriptCaches (0ms)
		RebuildScriptCaches (0ms)
		SetupLoadedEditorAssemblies (1405ms)
			LogAssemblyErrors (0ms)
			InitializePlatformSupportModulesInManaged (5ms)
			SetLoadedEditorAssemblies (7ms)
			BeforeProcessingInitializeOnLoad (171ms)
			ProcessInitializeOnLoadAttributes (1012ms)
			ProcessInitializeOnLoadMethodAttributes (202ms)
			AfterProcessingInitializeOnLoad (8ms)
			EditorAssembliesLoaded (1ms)
		ExecutionOrderSort2 (0ms)
		AwakeInstancesAfterBackupRestoration (12ms)
Launched and connected shader compiler UnityShaderCompiler.exe after 0.03 seconds
Refreshing native plugins compatible for Editor in 2.37 ms, found 3 plugins.
Preloading 0 native plugins for Editor in 0.00 ms.
Unloading 198 Unused Serialized files (Serialized files now loaded: 0)
Unloading 5895 unused Assets / (5.6 MB). Loaded Objects now: 6666.
Memory consumption went from 180.7 MB to 175.1 MB.
Total: 40.728700 ms (FindLiveObjects: 7.937600 ms CreateObjectMapping: 2.260600 ms MarkObjects: 16.312900 ms  DeleteObjects: 14.206800 ms)

========================================================================
Received Import Request.
  Time since last request: 202183.296007 seconds.
  path: Assets/BEDRILL/Track_Environment_Free/Models/Pole_light_free.fbx
  artifactKey: Guid(524b0a3ce31d8264ea017eae2d6e4441) Importer(815301076,1909f56bfc062723c751e8b465ee728b)
Start importing Assets/BEDRILL/Track_Environment_Free/Models/Pole_light_free.fbx using Guid(524b0a3ce31d8264ea017eae2d6e4441) Importer(815301076,1909f56bfc062723c751e8b465ee728b) (PreviewImporter) -> (artifact id: 'dd86f5722b9d205ea9fe656dde0b5e83') in 0.9848871 seconds
Number of updated asset objects reloaded before import = 0Number of asset objects unloaded after import = 9

========================================================================
Received Import Request.
  Time since last request: 0.000236 seconds.
  path: Assets/BEDRILL/Track_Environment_Free/Prefabs/Sign_free_obs.prefab
  artifactKey: Guid(fca05fc86b15f0d4da25ed7793db4384) Importer(815301076,1909f56bfc062723c751e8b465ee728b)
Start importing Assets/BEDRILL/Track_Environment_Free/Prefabs/Sign_free_obs.prefab using Guid(fca05fc86b15f0d4da25ed7793db4384) Importer(815301076,1909f56bfc062723c751e8b465ee728b) (PreviewImporter) -> (artifact id: '01c2315b3951e9108b1c4cd0ad4cd232') in 0.0452397 seconds
Number of updated asset objects reloaded before import = 0Number of asset objects unloaded after import = 10

========================================================================
Received Import Request.
  Time since last request: 0.000139 seconds.
  path: Assets/BEDRILL/Track_Environment_Free/Models/Arch_for_banner_free.fbx
  artifactKey: Guid(f07e09f6d3fc20744a9f77e776732341) Importer(815301076,1909f56bfc062723c751e8b465ee728b)
Start importing Assets/BEDRILL/Track_Environment_Free/Models/Arch_for_banner_free.fbx using Guid(f07e09f6d3fc20744a9f77e776732341) Importer(815301076,1909f56bfc062723c751e8b465ee728b) (PreviewImporter) -> (artifact id: 'd6190da1af0d87ba3dd68bf6bb19269c') in 0.0529333 seconds
Number of updated asset objects reloaded before import = 0Number of asset objects unloaded after import = 9

========================================================================
Received Import Request.
  Time since last request: 0.000095 seconds.
  path: Assets/BEDRILL/Track_Environment_Free/Models/Arch_banner_finish_free.fbx
  artifactKey: Guid(3bdf32973f5b9f143bfdfd0ae9bd4c32) Importer(815301076,1909f56bfc062723c751e8b465ee728b)
Start importing Assets/BEDRILL/Track_Environment_Free/Models/Arch_banner_finish_free.fbx using Guid(3bdf32973f5b9f143bfdfd0ae9bd4c32) Importer(815301076,1909f56bfc062723c751e8b465ee728b) (PreviewImporter) -> (artifact id: '0f36b764b85c94c852399f285067cf6f') in 0.0512199 seconds
Number of updated asset objects reloaded before import = 0Number of asset objects unloaded after import = 9

========================================================================
Received Import Request.
  Time since last request: 0.000039 seconds.
  path: Assets/BEDRILL/Track_Environment_Free/Materials/Plane.mat
  artifactKey: Guid(6e8c90375478767429263aa573600758) Importer(815301076,1909f56bfc062723c751e8b465ee728b)
Start importing Assets/BEDRILL/Track_Environment_Free/Materials/Plane.mat using Guid(6e8c90375478767429263aa573600758) Importer(815301076,1909f56bfc062723c751e8b465ee728b) (PreviewImporter) -> (artifact id: 'b07ebad8f36d99c5443b8745aa91d024') in 0.0662429 seconds
Number of updated asset objects reloaded before import = 0Number of asset objects unloaded after import = 1

========================================================================
Received Import Request.
  Time since last request: 0.000084 seconds.
  path: Assets/BEDRILL/Track_Environment_Free/Prefabs/Arrow_01_free_obs.prefab
  artifactKey: Guid(b2de576461b3e6349bb43cd827e123ed) Importer(815301076,1909f56bfc062723c751e8b465ee728b)
Start importing Assets/BEDRILL/Track_Environment_Free/Prefabs/Arrow_01_free_obs.prefab using Guid(b2de576461b3e6349bb43cd827e123ed) Importer(815301076,1909f56bfc062723c751e8b465ee728b) (PreviewImporter) -> (artifact id: '2232182adac6ea3b1767e47601780c80') in 0.042643 seconds
Number of updated asset objects reloaded before import = 0Number of asset objects unloaded after import = 10

========================================================================
Received Import Request.
  Time since last request: 0.000069 seconds.
  path: Assets/BEDRILL/Track_Environment_Free/Models/Tire_free.fbx
  artifactKey: Guid(7827ac7a6723ad24493257d6e9ee9ad4) Importer(815301076,1909f56bfc062723c751e8b465ee728b)
Start importing Assets/BEDRILL/Track_Environment_Free/Models/Tire_free.fbx using Guid(7827ac7a6723ad24493257d6e9ee9ad4) Importer(815301076,1909f56bfc062723c751e8b465ee728b) (PreviewImporter) -> (artifact id: 'ca597559d3334f2aee08bc7f84e70588') in 0.0955494 seconds
Number of updated asset objects reloaded before import = 0Number of asset objects unloaded after import = 9

========================================================================
Received Import Request.
  Time since last request: 0.000120 seconds.
  path: Assets/BEDRILL/Track_Environment_Free/Models/Tribune_free.fbx
  artifactKey: Guid(29a2224320214ef489d7ecf10d4141dd) Importer(815301076,1909f56bfc062723c751e8b465ee728b)
Start importing Assets/BEDRILL/Track_Environment_Free/Models/Tribune_free.fbx using Guid(29a2224320214ef489d7ecf10d4141dd) Importer(815301076,1909f56bfc062723c751e8b465ee728b) (PreviewImporter) -> (artifact id: '80d1ae02de3d76d9f868d5108383a7ad') in 0.0768701 seconds
Number of updated asset objects reloaded before import = 0Number of asset objects unloaded after import = 9

========================================================================
Received Import Request.
  Time since last request: 0.000068 seconds.
  path: Assets/BEDRILL/Track_Environment_Free/Prefabs/Arrow_02_free_obs.prefab
  artifactKey: Guid(9c94a8e4ef130f449b9ac967b05bda92) Importer(815301076,1909f56bfc062723c751e8b465ee728b)
Start importing Assets/BEDRILL/Track_Environment_Free/Prefabs/Arrow_02_free_obs.prefab using Guid(9c94a8e4ef130f449b9ac967b05bda92) Importer(815301076,1909f56bfc062723c751e8b465ee728b) (PreviewImporter) -> (artifact id: '679eb96caaaf208765402e0c0cdf89e6') in 0.0496682 seconds
Number of updated asset objects reloaded before import = 0Number of asset objects unloaded after import = 10

========================================================================
Received Import Request.
  Time since last request: 0.000197 seconds.
  path: Assets/BEDRILL/Track_Environment_Free/Prefabs/Cone_free_obs.prefab
  artifactKey: Guid(b6e6982b772a1bc46b88d93db630bee4) Importer(815301076,1909f56bfc062723c751e8b465ee728b)
Start importing Assets/BEDRILL/Track_Environment_Free/Prefabs/Cone_free_obs.prefab using Guid(b6e6982b772a1bc46b88d93db630bee4) Importer(815301076,1909f56bfc062723c751e8b465ee728b) (PreviewImporter) -> (artifact id: 'e365cbf7d1e1b175343d6442e07d6e87') in 0.0540304 seconds
Number of updated asset objects reloaded before import = 0Number of asset objects unloaded after import = 10

========================================================================
Received Import Request.
  Time since last request: 17.891314 seconds.
  path: Assets/Models/Race track Variant.prefab
  artifactKey: Guid(0a850a300f6385242ade10e418295363) Importer(2089858483,192608db42251d675da83286b1cce702)
Start importing Assets/Models/Race track Variant.prefab using Guid(0a850a300f6385242ade10e418295363) Importer(2089858483,192608db42251d675da83286b1cce702) (ScriptedImporter) -> (artifact id: 'f2f13578e8917b35b07e48e740b5208a') in 1.1229862 seconds
Number of updated asset objects reloaded before import = 0Number of asset objects unloaded after import = 1767

========================================================================
Received Import Request.
  Time since last request: 0.000161 seconds.
  path: Assets/BEDRILL/Track_Environment_Free/Models/Arrow_02_free.fbx
  artifactKey: Guid(e687b0964c1445b4d9ff1a06b1a9a80b) Importer(2089858483,192608db42251d675da83286b1cce702)
Start importing Assets/BEDRILL/Track_Environment_Free/Models/Arrow_02_free.fbx using Guid(e687b0964c1445b4d9ff1a06b1a9a80b) Importer(2089858483,192608db42251d675da83286b1cce702) (ScriptedImporter) -> (artifact id: 'b50dfa72750798b9151aa82a2419f66f') in 0.5046496 seconds
Number of updated asset objects reloaded before import = 0Number of asset objects unloaded after import = 7

========================================================================
Received Import Request.
  Time since last request: 0.000172 seconds.
  path: Assets/BEDRILL/Track_Environment_Free/Models/Tire_free.fbx
  artifactKey: Guid(7827ac7a6723ad24493257d6e9ee9ad4) Importer(2089858483,192608db42251d675da83286b1cce702)
Start importing Assets/BEDRILL/Track_Environment_Free/Models/Tire_free.fbx using Guid(7827ac7a6723ad24493257d6e9ee9ad4) Importer(2089858483,192608db42251d675da83286b1cce702) (ScriptedImporter) -> (artifact id: '2f4c01e4f61fad155493811ce8cedfdf') in 0.1887288 seconds
Number of updated asset objects reloaded before import = 0Number of asset objects unloaded after import = 7

========================================================================
Received Import Request.
  Time since last request: 0.000221 seconds.
  path: Assets/BEDRILL/Track_Environment_Free/Models/Fence_concrete_free.fbx
  artifactKey: Guid(6cf1be92d81a7174088097d2d5df2eb6) Importer(2089858483,192608db42251d675da83286b1cce702)
Start importing Assets/BEDRILL/Track_Environment_Free/Models/Fence_concrete_free.fbx using Guid(6cf1be92d81a7174088097d2d5df2eb6) Importer(2089858483,192608db42251d675da83286b1cce702) (ScriptedImporter) -> (artifact id: '8c675b0bc852f9c960d115e3ced2c292') in 0.1128887 seconds
Number of updated asset objects reloaded before import = 0Number of asset objects unloaded after import = 7

========================================================================
Received Import Request.
  Time since last request: 0.000060 seconds.
  path: Assets/Race Track Pack/Prefabs/Props Model/Square_Board_02.prefab
  artifactKey: Guid(8e85e8d2a2658254aa44a8ac02b6eff2) Importer(2089858483,192608db42251d675da83286b1cce702)
Start importing Assets/Race Track Pack/Prefabs/Props Model/Square_Board_02.prefab using Guid(8e85e8d2a2658254aa44a8ac02b6eff2) Importer(2089858483,192608db42251d675da83286b1cce702) (ScriptedImporter) -> (artifact id: '9c33eeef5ff356116acd9672ad89ee2b') in 0.1512544 seconds
Number of updated asset objects reloaded before import = 0Number of asset objects unloaded after import = 7

========================================================================
Received Import Request.
  Time since last request: 0.000114 seconds.
  path: Assets/BEDRILL/Track_Environment_Free/Prefabs/Barrier_free_obs.prefab
  artifactKey: Guid(f26c4802677a5194091851e89ded1f3a) Importer(2089858483,192608db42251d675da83286b1cce702)
Start importing Assets/BEDRILL/Track_Environment_Free/Prefabs/Barrier_free_obs.prefab using Guid(f26c4802677a5194091851e89ded1f3a) Importer(2089858483,192608db42251d675da83286b1cce702) (ScriptedImporter) -> (artifact id: '99051eebf3d4a3e12bbdf6c85b492bf2') in 0.2119086 seconds
Number of updated asset objects reloaded before import = 0Number of asset objects unloaded after import = 8

========================================================================
Received Import Request.
  Time since last request: 0.000132 seconds.
  path: Assets/BEDRILL/Track_Environment_Free/Prefabs/Traffic_light_free_obs.prefab
  artifactKey: Guid(99c5fe0ab7d0f8045a119a49343475d2) Importer(2089858483,3d70f49cd1c2eb9ae422958d1c652c6b)
Start importing Assets/BEDRILL/Track_Environment_Free/Prefabs/Traffic_light_free_obs.prefab using Guid(99c5fe0ab7d0f8045a119a49343475d2) Importer(2089858483,3d70f49cd1c2eb9ae422958d1c652c6b) (ScriptedImporter) -> (artifact id: '1d306de88aed34fc5bb46fd37cb10701') in 0.0653211 seconds
Number of updated asset objects reloaded before import = 0Number of asset objects unloaded after import = 9

========================================================================
Received Import Request.
  Time since last request: 0.000215 seconds.
  path: Assets/BEDRILL/Track_Environment_Free/Prefabs/Arrow_01_free_obs.prefab
  artifactKey: Guid(b2de576461b3e6349bb43cd827e123ed) Importer(2089858483,3d70f49cd1c2eb9ae422958d1c652c6b)
Start importing Assets/BEDRILL/Track_Environment_Free/Prefabs/Arrow_01_free_obs.prefab using Guid(b2de576461b3e6349bb43cd827e123ed) Importer(2089858483,3d70f49cd1c2eb9ae422958d1c652c6b) (ScriptedImporter) -> (artifact id: 'fc745ca84d608cd7c3b74cf5adc136a5') in 0.072727 seconds
Number of updated asset objects reloaded before import = 0Number of asset objects unloaded after import = 9

========================================================================
Received Import Request.
  Time since last request: 0.000381 seconds.
  path: Assets/BEDRILL/Track_Environment_Free/Prefabs/Tire_free_obs.prefab
  artifactKey: Guid(0a9f73a18c612c34a9773c0dd0fae0ab) Importer(2089858483,3d70f49cd1c2eb9ae422958d1c652c6b)
Start importing Assets/BEDRILL/Track_Environment_Free/Prefabs/Tire_free_obs.prefab using Guid(0a9f73a18c612c34a9773c0dd0fae0ab) Importer(2089858483,3d70f49cd1c2eb9ae422958d1c652c6b) (ScriptedImporter) -> (artifact id: 'b1d1ac60f095c809afb3bf9fd18f4d8c') in 0.0867983 seconds
Number of updated asset objects reloaded before import = 0Number of asset objects unloaded after import = 9

========================================================================
Received Import Request.
  Time since last request: 0.000081 seconds.
  path: Assets/BEDRILL/Track_Environment_Free/Models/Arch_01_free.fbx
  artifactKey: Guid(ee05a77639c729f448c842f5462f0b4b) Importer(2089858483,192608db42251d675da83286b1cce702)
Start importing Assets/BEDRILL/Track_Environment_Free/Models/Arch_01_free.fbx using Guid(ee05a77639c729f448c842f5462f0b4b) Importer(2089858483,192608db42251d675da83286b1cce702) (ScriptedImporter) -> (artifact id: '3ff9525b7660642f3b06ac5cf59206c7') in 0.1061831 seconds
Number of updated asset objects reloaded before import = 0Number of asset objects unloaded after import = 7

========================================================================
Received Import Request.
  Time since last request: 0.000140 seconds.
  path: Assets/BEDRILL/Track_Environment_Free/Prefabs/Arch_01_free_obs.prefab
  artifactKey: Guid(63f7e3a5ea486a9438b4cd3142c7dc92) Importer(2089858483,192608db42251d675da83286b1cce702)
Start importing Assets/BEDRILL/Track_Environment_Free/Prefabs/Arch_01_free_obs.prefab using Guid(63f7e3a5ea486a9438b4cd3142c7dc92) Importer(2089858483,192608db42251d675da83286b1cce702) (ScriptedImporter) -> (artifact id: 'e8838d41221cc24109e4840d39222b65') in 0.1323892 seconds
Number of updated asset objects reloaded before import = 0Number of asset objects unloaded after import = 8

========================================================================
Received Import Request.
  Time since last request: 0.000121 seconds.
  path: Assets/BEDRILL/Track_Environment_Free/Prefabs/Arch_for_banner_free_obs.prefab
  artifactKey: Guid(27f69fe37e0c8c44f97be1aba8f406cd) Importer(2089858483,3d70f49cd1c2eb9ae422958d1c652c6b)
Start importing Assets/BEDRILL/Track_Environment_Free/Prefabs/Arch_for_banner_free_obs.prefab using Guid(27f69fe37e0c8c44f97be1aba8f406cd) Importer(2089858483,3d70f49cd1c2eb9ae422958d1c652c6b) (ScriptedImporter) -> (artifact id: '54e54de1e7501070774b7b074d192d61') in 0.0746971 seconds
Number of updated asset objects reloaded before import = 0Number of asset objects unloaded after import = 9

========================================================================
Received Import Request.
  Time since last request: 0.000110 seconds.
  path: Assets/BEDRILL/Track_Environment_Free/Models/Sign_free.fbx
  artifactKey: Guid(fd3accc54eafe0a4c8fbd42c3b715148) Importer(2089858483,192608db42251d675da83286b1cce702)
Start importing Assets/BEDRILL/Track_Environment_Free/Models/Sign_free.fbx using Guid(fd3accc54eafe0a4c8fbd42c3b715148) Importer(2089858483,192608db42251d675da83286b1cce702) (ScriptedImporter) -> (artifact id: '10ed20301e0209aa0efcb38d3d470363') in 0.1081523 seconds
Number of updated asset objects reloaded before import = 0Number of asset objects unloaded after import = 7

========================================================================
Received Import Request.
  Time since last request: 0.000131 seconds.
  path: Assets/BEDRILL/Track_Environment_Free/Prefabs/Fence_concrete_free_obs.prefab
  artifactKey: Guid(7f98c8176bfca7347b11006aac2c90ce) Importer(2089858483,3d70f49cd1c2eb9ae422958d1c652c6b)
Start importing Assets/BEDRILL/Track_Environment_Free/Prefabs/Fence_concrete_free_obs.prefab using Guid(7f98c8176bfca7347b11006aac2c90ce) Importer(2089858483,3d70f49cd1c2eb9ae422958d1c652c6b) (ScriptedImporter) -> (artifact id: '38f2c222edfdaf9b1286bc595199d1b0') in 0.063951 seconds
Number of updated asset objects reloaded before import = 0Number of asset objects unloaded after import = 9

========================================================================
Received Import Request.
  Time since last request: 0.000111 seconds.
  path: Assets/Scenes/Game.unity
  artifactKey: Guid(99c9720ab356a0642a771bea13969a05) Importer(2089858483,3d70f49cd1c2eb9ae422958d1c652c6b)
Start importing Assets/Scenes/Game.unity using Guid(99c9720ab356a0642a771bea13969a05) Importer(2089858483,3d70f49cd1c2eb9ae422958d1c652c6b) (ScriptedImporter)Opening scene 'Assets/Scenes/Game.unity additively'
Loaded scene 'Assets/Scenes/Game.unity'
	Deserialize:            61.363 ms
	Integration:            301.777 ms
	Integration of assets:  0.039 ms
	Thread Wait Time:       0.009 ms
	Total Operation Time:   363.189 ms
 -> (artifact id: 'a08cd9ef6597897e2fff92cda9228875') in 1.4029707 seconds
Number of updated asset objects reloaded before import = 0Number of asset objects unloaded after import = 2021

========================================================================
Received Import Request.
  Time since last request: 0.000145 seconds.
  path: Assets/BEDRILL/Track_Environment_Free/Prefabs/Tire_free_obs.prefab
  artifactKey: Guid(0a9f73a18c612c34a9773c0dd0fae0ab) Importer(2089858483,192608db42251d675da83286b1cce702)
Start importing Assets/BEDRILL/Track_Environment_Free/Prefabs/Tire_free_obs.prefab using Guid(0a9f73a18c612c34a9773c0dd0fae0ab) Importer(2089858483,192608db42251d675da83286b1cce702) (ScriptedImporter) -> (artifact id: '8b7528929380cf1aeeb0af82d4be8566') in 0.1308763 seconds
Number of updated asset objects reloaded before import = 0Number of asset objects unloaded after import = 8

========================================================================
Received Import Request.
  Time since last request: 0.000141 seconds.
  path: Assets/BEDRILL/Track_Environment_Free/Models/Arch_banner_finish_free.fbx
  artifactKey: Guid(3bdf32973f5b9f143bfdfd0ae9bd4c32) Importer(2089858483,192608db42251d675da83286b1cce702)
Start importing Assets/BEDRILL/Track_Environment_Free/Models/Arch_banner_finish_free.fbx using Guid(3bdf32973f5b9f143bfdfd0ae9bd4c32) Importer(2089858483,192608db42251d675da83286b1cce702) (ScriptedImporter) -> (artifact id: 'f8a032ef5aa4add96e62ada547e5a900') in 0.3262892 seconds
Number of updated asset objects reloaded before import = 0Number of asset objects unloaded after import = 7

Editor requested this worker to shutdown with reason: balancing worker count downwards
AssetImportWorkerClient::OnTransportError - code=2 error=End of file
AssetImportWorker is now disconnected from the server
Process exiting
Exiting without the bug reporter. Application will terminate with return code 0