Using pre-set license
Built from 'trunk' branch; Version is '6000.0.22f1 (001fa5a8e29a) revision 8101'; Using compiler version '193933523'; Build Type 'Release'
OS: 'Windows 11  (10.0.22631) 64bit Professional' Language: 'en' Physical Memory: 5966 MB
BatchMode: 1, IsHumanControllingUs: 0, StartBugReporterOnCrash: 0, Is64bit: 1, IsPro: 1

COMMAND LINE ARGUMENTS:
C:\Program Files\Unity\Hub\Editor\6000.0.22f1\Editor\Unity.exe
-adb2
-batchMode
-noUpm
-name
AssetImportWorker2
-projectPath
C:/Users/ANDREEA/Desktop/ex/RacingGame/RacingGame
-logFile
Logs/AssetImportWorker2.log
-srvPort
52093
-job-worker-count
5
-background-job-worker-count
8
-asset-garbage-collectors
1
Successfully changed project path to: C:/Users/ANDREEA/Desktop/ex/RacingGame/RacingGame
C:/Users/ANDREEA/Desktop/ex/RacingGame/RacingGame
[UnityMemory] Configuration Parameters - Can be set up in boot.config
    "memorysetup-bucket-allocator-granularity=16"
    "memorysetup-bucket-allocator-bucket-count=8"
    "memorysetup-bucket-allocator-block-size=33554432"
    "memorysetup-bucket-allocator-block-count=8"
    "memorysetup-main-allocator-block-size=16777216"
    "memorysetup-thread-allocator-block-size=16777216"
    "memorysetup-gfx-main-allocator-block-size=16777216"
    "memorysetup-gfx-thread-allocator-block-size=16777216"
    "memorysetup-cache-allocator-block-size=4194304"
    "memorysetup-typetree-allocator-block-size=2097152"
    "memorysetup-profiler-bucket-allocator-granularity=16"
    "memorysetup-profiler-bucket-allocator-bucket-count=8"
    "memorysetup-profiler-bucket-allocator-block-size=33554432"
    "memorysetup-profiler-bucket-allocator-block-count=8"
    "memorysetup-profiler-allocator-block-size=16777216"
    "memorysetup-profiler-editor-allocator-block-size=1048576"
    "memorysetup-temp-allocator-size-main=16777216"
    "memorysetup-job-temp-allocator-block-size=2097152"
    "memorysetup-job-temp-allocator-block-size-background=1048576"
    "memorysetup-job-temp-allocator-reduction-small-platforms=262144"
    "memorysetup-allocator-temp-initial-block-size-main=262144"
    "memorysetup-allocator-temp-initial-block-size-worker=262144"
    "memorysetup-temp-allocator-size-background-worker=32768"
    "memorysetup-temp-allocator-size-job-worker=262144"
    "memorysetup-temp-allocator-size-preload-manager=33554432"
    "memorysetup-temp-allocator-size-nav-mesh-worker=65536"
    "memorysetup-temp-allocator-size-audio-worker=65536"
    "memorysetup-temp-allocator-size-cloud-worker=32768"
    "memorysetup-temp-allocator-size-gi-baking-worker=262144"
    "memorysetup-temp-allocator-size-gi-baking-worker=262144"
    "memorysetup-temp-allocator-size-gi-baking-worker=262144"
    "memorysetup-temp-allocator-size-gi-baking-worker=262144"
    "memorysetup-temp-allocator-size-gi-baking-worker=262144"
    "memorysetup-temp-allocator-size-gfx=262144"
Player connection [14808]  Target information:

Player connection [14808]  * "[IP] 192.168.56.1 [Port] 0 [Flags] 2 [Guid] 1613444047 [EditorId] 1613444047 [Version] 1048832 [Id] WindowsEditor(7,DESKTOP-HT3IUV8) [Debug] 1 [PackageName] WindowsEditor [ProjectName] Editor" 

Player connection [14808]  * "[IP] 192.168.138.12 [Port] 0 [Flags] 2 [Guid] 1613444047 [EditorId] 1613444047 [Version] 1048832 [Id] WindowsEditor(7,DESKTOP-HT3IUV8) [Debug] 1 [PackageName] WindowsEditor [ProjectName] Editor" 

Player connection [14808] Host joined multi-casting on [225.0.0.222:54997]...
Player connection [14808] Host joined alternative multi-casting on [225.0.0.222:34997]...
JobSystem: Creating JobQueue using job-worker-count value 5
[Physics::Module] Initialized fallback backend.
[Physics::Module] Id: 0xdecafbad
Library Redirect Path: Library/
[Physics::Module] Selected backend.
[Physics::Module] Name: PhysX
[Physics::Module] Id: 0xf2b8ea05
[Physics::Module] SDK Version: 4.1.2
[Physics::Module] Integration Version: 1.0.0
[Physics::Module] Threading Mode: Multi-Threaded
Refreshing native plugins compatible for Editor in 33.94 ms, found 3 plugins.
Preloading 0 native plugins for Editor in 0.00 ms.
Initialize engine version: 6000.0.22f1 (001fa5a8e29a)
[Subsystems] Discovering subsystems at path C:/Program Files/Unity/Hub/Editor/6000.0.22f1/Editor/Data/Resources/UnitySubsystems
[Subsystems] Discovering subsystems at path C:/Users/ANDREEA/Desktop/ex/RacingGame/RacingGame/Assets
GfxDevice: creating device client; kGfxThreadingModeNonThreaded
Direct3D:
    Version:  Direct3D 11.0 [level 11.1]
    Renderer: AMD Radeon(TM) Graphics (ID=0x164c)
    Vendor:   ATI
    VRAM:     2983 MB
    Driver:   30.0.13044.0
Initialize mono
Mono path[0] = 'C:/Program Files/Unity/Hub/Editor/6000.0.22f1/Editor/Data/Managed'
Mono path[1] = 'C:/Program Files/Unity/Hub/Editor/6000.0.22f1/Editor/Data/MonoBleedingEdge/lib/mono/unityjit-win32'
Mono config path = 'C:/Program Files/Unity/Hub/Editor/6000.0.22f1/Editor/Data/MonoBleedingEdge/etc'
Using monoOptions --debugger-agent=transport=dt_socket,embedding=1,server=y,suspend=n,address=127.0.0.1:56384
Begin MonoManager ReloadAssembly
Registering precompiled unity dll's ...
Register platform support module: C:/Program Files/Unity/Hub/Editor/6000.0.22f1/Editor/Data/PlaybackEngines/WindowsStandaloneSupport/UnityEditor.WindowsStandalone.Extensions.dll
Registered in 0.008471 seconds.
- Loaded All Assemblies, in  1.189 seconds
Native extension for WindowsStandalone target not found
Mono: successfully reloaded assembly
- Finished resetting the current domain, in  1.081 seconds
Domain Reload Profiling: 2267ms
	BeginReloadAssembly (493ms)
		ExecutionOrderSort (0ms)
		DisableScriptedObjects (0ms)
		BackupInstance (0ms)
		ReleaseScriptingObjects (0ms)
		CreateAndSetChildDomain (3ms)
	RebuildCommonClasses (110ms)
	RebuildNativeTypeToScriptingClass (26ms)
	initialDomainReloadingComplete (157ms)
	LoadAllAssembliesAndSetupDomain (400ms)
		LoadAssemblies (490ms)
		RebuildTransferFunctionScriptingTraits (0ms)
		AnalyzeDomain (388ms)
			TypeCache.Refresh (384ms)
				TypeCache.ScanAssembly (344ms)
			BuildScriptInfoCaches (1ms)
			ResolveRequiredComponents (2ms)
	FinalizeReload (1082ms)
		ReleaseScriptCaches (0ms)
		RebuildScriptCaches (0ms)
		SetupLoadedEditorAssemblies (963ms)
			LogAssemblyErrors (0ms)
			InitializePlatformSupportModulesInManaged (52ms)
			SetLoadedEditorAssemblies (11ms)
			BeforeProcessingInitializeOnLoad (19ms)
			ProcessInitializeOnLoadAttributes (632ms)
			ProcessInitializeOnLoadMethodAttributes (243ms)
			AfterProcessingInitializeOnLoad (6ms)
			EditorAssembliesLoaded (0ms)
		ExecutionOrderSort2 (0ms)
		AwakeInstancesAfterBackupRestoration (0ms)
========================================================================
Worker process is ready to serve import requests
Import Worker Mode flag is 0x00
Begin MonoManager ReloadAssembly
- Loaded All Assemblies, in  4.829 seconds
Refreshing native plugins compatible for Editor in 2.57 ms, found 3 plugins.
Native extension for WindowsStandalone target not found
[MODES] ModeService[none].Initialize
[MODES] ModeService[none].LoadModes
[MODES] Loading mode Default (0) for mode-current-id-RacingGame
<RI> Initialized touch support.
<RI> Initializing input.
New input system (experimental) initialized
Using Windows.Gaming.Input
XInput1_3.dll not found. Trying XInput9_1_0.dll instead...
<RI> Input initialized.
Mono: successfully reloaded assembly
- Finished resetting the current domain, in  4.074 seconds
Domain Reload Profiling: 8904ms
	BeginReloadAssembly (2129ms)
		ExecutionOrderSort (0ms)
		DisableScriptedObjects (11ms)
		BackupInstance (0ms)
		ReleaseScriptingObjects (0ms)
		CreateAndSetChildDomain (97ms)
	RebuildCommonClasses (93ms)
	RebuildNativeTypeToScriptingClass (24ms)
	initialDomainReloadingComplete (115ms)
	LoadAllAssembliesAndSetupDomain (2467ms)
		LoadAssemblies (1973ms)
		RebuildTransferFunctionScriptingTraits (0ms)
		AnalyzeDomain (873ms)
			TypeCache.Refresh (594ms)
				TypeCache.ScanAssembly (505ms)
			BuildScriptInfoCaches (228ms)
			ResolveRequiredComponents (31ms)
	FinalizeReload (4076ms)
		ReleaseScriptCaches (0ms)
		RebuildScriptCaches (0ms)
		SetupLoadedEditorAssemblies (2742ms)
			LogAssemblyErrors (0ms)
			InitializePlatformSupportModulesInManaged (10ms)
			SetLoadedEditorAssemblies (19ms)
			BeforeProcessingInitializeOnLoad (217ms)
			ProcessInitializeOnLoadAttributes (2083ms)
			ProcessInitializeOnLoadMethodAttributes (391ms)
			AfterProcessingInitializeOnLoad (18ms)
			EditorAssembliesLoaded (4ms)
		ExecutionOrderSort2 (0ms)
		AwakeInstancesAfterBackupRestoration (37ms)
Launched and connected shader compiler UnityShaderCompiler.exe after 0.04 seconds
Refreshing native plugins compatible for Editor in 8.00 ms, found 3 plugins.
Preloading 0 native plugins for Editor in 0.00 ms.
Unloading 198 Unused Serialized files (Serialized files now loaded: 0)
Unloading 5898 unused Assets / (4.2 MB). Loaded Objects now: 6678.
Memory consumption went from 259.8 MB to 255.6 MB.
Total: 59.766100 ms (FindLiveObjects: 26.030300 ms CreateObjectMapping: 2.193600 ms MarkObjects: 16.758000 ms  DeleteObjects: 14.772300 ms)

========================================================================
Received Import Request.
  Time since last request: 212582.509503 seconds.
  path: Assets/Cody Dreams/Fake Mist/Prefabs/Fog.prefab
  artifactKey: Guid(26df1790f16fe554d9a716318f364f31) Importer(815301076,1909f56bfc062723c751e8b465ee728b)
Start importing Assets/Cody Dreams/Fake Mist/Prefabs/Fog.prefab using Guid(26df1790f16fe554d9a716318f364f31) Importer(815301076,1909f56bfc062723c751e8b465ee728b) (PreviewImporter) -> (artifact id: 'faeec1a59013f252aa724a657cbb6b50') in 16.7221619 seconds
Number of updated asset objects reloaded before import = 0Number of asset objects unloaded after import = 15

========================================================================
Received Import Request.
  Time since last request: 0.000201 seconds.
  path: Assets/Cody Dreams/Fake Mist/Prefabs/Dust particles.prefab
  artifactKey: Guid(ea64430592733624283cdbd1b1932d5a) Importer(815301076,1909f56bfc062723c751e8b465ee728b)
Start importing Assets/Cody Dreams/Fake Mist/Prefabs/Dust particles.prefab using Guid(ea64430592733624283cdbd1b1932d5a) Importer(815301076,1909f56bfc062723c751e8b465ee728b) (PreviewImporter) -> (artifact id: '54d253f5a8d4e339a2e3e0a1a44a7c63') in 13.1721474 seconds
Number of updated asset objects reloaded before import = 0Number of asset objects unloaded after import = 12

========================================================================
Received Import Request.
  Time since last request: 57.113434 seconds.
  path: Assets/Cody Dreams/Fake Mist/Matereal/GodRays.mat
  artifactKey: Guid(52e50885009bd5945bacd496f4fa991b) Importer(815301076,1909f56bfc062723c751e8b465ee728b)
Start importing Assets/Cody Dreams/Fake Mist/Matereal/GodRays.mat using Guid(52e50885009bd5945bacd496f4fa991b) Importer(815301076,1909f56bfc062723c751e8b465ee728b) (PreviewImporter) -> (artifact id: 'c28830a0b3518d20e0c275967a617dca') in 0.2139336 seconds
Number of updated asset objects reloaded before import = 0Number of asset objects unloaded after import = 2

========================================================================
Received Import Request.
  Time since last request: 9.447930 seconds.
  path: Assets/Cody Dreams/Fake Mist/Matereal/Dust.mat
  artifactKey: Guid(6d02204149247884a91479ca843d6a51) Importer(815301076,1909f56bfc062723c751e8b465ee728b)
Start importing Assets/Cody Dreams/Fake Mist/Matereal/Dust.mat using Guid(6d02204149247884a91479ca843d6a51) Importer(815301076,1909f56bfc062723c751e8b465ee728b) (PreviewImporter) -> (artifact id: '0183c7f40bb0bb0519f41772bcbd434a') in 0.0389267 seconds
Number of updated asset objects reloaded before import = 0Number of asset objects unloaded after import = 6

========================================================================
Received Prepare
Begin MonoManager ReloadAssembly
- Loaded All Assemblies, in  5.413 seconds
Refreshing native plugins compatible for Editor in 2.86 ms, found 3 plugins.
UnityException: GetBool is not allowed to be called from a ScriptableObject constructor (or instance field initializer), call it in OnEnable instead. Called from ScriptableObject 'FeedbackWindow'.
See "Script Serialization" page in the Unity Manual for further details.
  at (wrapper managed-to-native) UnityEditor.EditorPrefs.GetBool_Injected(UnityEngine.Bindings.ManagedSpanWrapper&,bool)
  at UnityEditor.EditorPrefs.GetBool (System.String key, System.Boolean defaultValue) [0x0002a] in <82d5427af9d84542ac1bab8e50c139c7>:0 
  at CodyDreams.Developer.FeedbackWindow..cctor () [0x00000] in C:\Users\ANDREEA\Desktop\ex\RacingGame\RacingGame\Assets\Cody Dreams\Fake Mist\Editor\FeedbackWindow.cs:21 
Rethrow as TypeInitializationException: The type initializer for 'CodyDreams.Developer.FeedbackWindow' threw an exception.


(Filename: Assets/Cody Dreams/Fake Mist/Editor/FeedbackWindow.cs Line: 21)

Native extension for WindowsStandalone target not found
UnityEngine.UnityException: GetBool is not allowed to be called from a ScriptableObject constructor (or instance field initializer), call it in OnEnable instead. Called from ScriptableObject 'FeedbackWindow'.
See "Script Serialization" page in the Unity Manual for further details.
  at (wrapper managed-to-native) UnityEditor.EditorPrefs.GetBool_Injected(UnityEngine.Bindings.ManagedSpanWrapper&,bool)
  at UnityEditor.EditorPrefs.GetBool (System.String key, System.Boolean defaultValue) [0x0002a] in <82d5427af9d84542ac1bab8e50c139c7>:0 
  at CodyDreams.Developer.FeedbackWindow..cctor () [0x00000] in C:\Users\ANDREEA\Desktop\ex\RacingGame\RacingGame\Assets\Cody Dreams\Fake Mist\Editor\FeedbackWindow.cs:21 
UnityEngine.Debug:ExtractStackTraceNoAlloc (byte*,int,string)
UnityEngine.StackTraceUtility:ExtractStackTrace ()
UnityEngine.DebugLogHandler:Internal_Log (UnityEngine.LogType,UnityEngine.LogOption,string,UnityEngine.Object)
UnityEngine.DebugLogHandler:LogFormat (UnityEngine.LogType,UnityEngine.Object,string,object[])
UnityEngine.Logger:Log (UnityEngine.LogType,object)
UnityEngine.Debug:LogError (object)
UnityEditor.EditorAssemblies:ProcessInitializeOnLoadAttributes (System.Type[])

[MODES] ModeService[none].Initialize
[MODES] ModeService[none].LoadModes
UnityException: GetBool is not allowed to be called from a ScriptableObject constructor (or instance field initializer), call it in OnEnable instead. Called from ScriptableObject 'FeedbackWindow'.
See "Script Serialization" page in the Unity Manual for further details.
  at (wrapper managed-to-native) UnityEditor.EditorPrefs.GetBool_Injected(UnityEngine.Bindings.ManagedSpanWrapper&,bool)
  at UnityEditor.EditorPrefs.GetBool (System.String key, System.Boolean defaultValue) [0x0002a] in <82d5427af9d84542ac1bab8e50c139c7>:0 
  at CodyDreams.Developer.FeedbackWindow..cctor () [0x00000] in C:\Users\ANDREEA\Desktop\ex\RacingGame\RacingGame\Assets\Cody Dreams\Fake Mist\Editor\FeedbackWindow.cs:21 
Rethrow as TypeInitializationException: The type initializer for 'CodyDreams.Developer.FeedbackWindow' threw an exception.


(Filename: Assets/Cody Dreams/Fake Mist/Editor/FeedbackWindow.cs Line: 21)

Mono: successfully reloaded assembly
- Finished resetting the current domain, in  2.130 seconds
Domain Reload Profiling: 7564ms
	BeginReloadAssembly (3021ms)
		ExecutionOrderSort (0ms)
		DisableScriptedObjects (722ms)
		BackupInstance (0ms)
		ReleaseScriptingObjects (7ms)
		CreateAndSetChildDomain (1002ms)
	RebuildCommonClasses (67ms)
	RebuildNativeTypeToScriptingClass (19ms)
	initialDomainReloadingComplete (63ms)
	LoadAllAssembliesAndSetupDomain (2263ms)
		LoadAssemblies (1987ms)
		RebuildTransferFunctionScriptingTraits (0ms)
		AnalyzeDomain (773ms)
			TypeCache.Refresh (46ms)
				TypeCache.ScanAssembly (0ms)
			BuildScriptInfoCaches (655ms)
			ResolveRequiredComponents (32ms)
	FinalizeReload (2131ms)
		ReleaseScriptCaches (0ms)
		RebuildScriptCaches (0ms)
		SetupLoadedEditorAssemblies (1209ms)
			LogAssemblyErrors (0ms)
			InitializePlatformSupportModulesInManaged (4ms)
			SetLoadedEditorAssemblies (16ms)
			BeforeProcessingInitializeOnLoad (100ms)
			ProcessInitializeOnLoadAttributes (981ms)
			ProcessInitializeOnLoadMethodAttributes (98ms)
			AfterProcessingInitializeOnLoad (10ms)
			EditorAssembliesLoaded (1ms)
		ExecutionOrderSort2 (0ms)
		AwakeInstancesAfterBackupRestoration (187ms)
Refreshing native plugins compatible for Editor in 1.38 ms, found 3 plugins.
Preloading 0 native plugins for Editor in 0.00 ms.
Unloading 25 Unused Serialized files (Serialized files now loaded: 0)
Unloading 5894 unused Assets / (4.0 MB). Loaded Objects now: 6761.
Memory consumption went from 263.8 MB to 259.9 MB.
Total: 18.841300 ms (FindLiveObjects: 1.493500 ms CreateObjectMapping: 0.972500 ms MarkObjects: 11.745400 ms  DeleteObjects: 4.626000 ms)

Prepare: number of updated asset objects reloaded= 0
========================================================================
Received Import Request.
  Time since last request: 248.260976 seconds.
  path: Assets/Cody Dreams/Fake Mist/Textures/Plane_DefaultMaterial_BaseColor.png
  artifactKey: Guid(ab1d0710d24604947917ecff02441637) Importer(815301076,1909f56bfc062723c751e8b465ee728b)
Start importing Assets/Cody Dreams/Fake Mist/Textures/Plane_DefaultMaterial_BaseColor.png using Guid(ab1d0710d24604947917ecff02441637) Importer(815301076,1909f56bfc062723c751e8b465ee728b) (PreviewImporter) -> (artifact id: 'de15a66c5a658dda6013b7a896460a03') in 0.3623686 seconds
Number of updated asset objects reloaded before import = 0Number of asset objects unloaded after import = 2

========================================================================
Received Import Request.
  Time since last request: 0.000143 seconds.
  path: Assets/Cody Dreams/Fake Mist/Textures/Plane_DefaultMaterial_Roughness.png
  artifactKey: Guid(b07340e7745c3314fa97989569af0ffd) Importer(815301076,1909f56bfc062723c751e8b465ee728b)
Start importing Assets/Cody Dreams/Fake Mist/Textures/Plane_DefaultMaterial_Roughness.png using Guid(b07340e7745c3314fa97989569af0ffd) Importer(815301076,1909f56bfc062723c751e8b465ee728b) (PreviewImporter) -> (artifact id: '8de2724ae570aec373cb16bb5c0259f0') in 0.0366102 seconds
Number of updated asset objects reloaded before import = 0Number of asset objects unloaded after import = 2

========================================================================
Received Import Request.
  Time since last request: 0.000077 seconds.
  path: Assets/Cody Dreams/Fake Mist/Textures/Plane_DefaultMaterial_Normal.png
  artifactKey: Guid(d527cade06d76564ca1d7fbb82d193b3) Importer(815301076,1909f56bfc062723c751e8b465ee728b)
Start importing Assets/Cody Dreams/Fake Mist/Textures/Plane_DefaultMaterial_Normal.png using Guid(d527cade06d76564ca1d7fbb82d193b3) Importer(815301076,1909f56bfc062723c751e8b465ee728b) (PreviewImporter) -> (artifact id: 'b1df6166b3d0949206a6dabef9f5b154') in 0.0672904 seconds
Number of updated asset objects reloaded before import = 0Number of asset objects unloaded after import = 2

========================================================================
Received Import Request.
  Time since last request: 4.177956 seconds.
  path: Assets/Cody Dreams/Fake Mist/Textures/Terrain Layers
  artifactKey: Guid(cf1c43e59e389b8498c1b5b9b5554c7c) Importer(815301076,1909f56bfc062723c751e8b465ee728b)
Start importing Assets/Cody Dreams/Fake Mist/Textures/Terrain Layers using Guid(cf1c43e59e389b8498c1b5b9b5554c7c) Importer(815301076,1909f56bfc062723c751e8b465ee728b) (PreviewImporter) -> (artifact id: '69673b6c22eb84d8b330626ca364b651') in 0.0018358 seconds
Number of updated asset objects reloaded before import = 0Number of asset objects unloaded after import = 0

========================================================================
Received Import Request.
  Time since last request: 0.018983 seconds.
  path: Assets/Cody Dreams/Fake Mist/Textures/Terrain Layers/Concreate Dirt Concreate Dirt  Concrete Dirt.terrainlayer
  artifactKey: Guid(c4b8096c273b4bc4aaafeef477b0482f) Importer(815301076,1909f56bfc062723c751e8b465ee728b)
Start importing Assets/Cody Dreams/Fake Mist/Textures/Terrain Layers/Concreate Dirt Concreate Dirt  Concrete Dirt.terrainlayer using Guid(c4b8096c273b4bc4aaafeef477b0482f) Importer(815301076,1909f56bfc062723c751e8b465ee728b) (PreviewImporter) -> (artifact id: '31f6b3e0e0d58640503bf1e28c0f68e3') in 0.0876025 seconds
Number of updated asset objects reloaded before import = 0Number of asset objects unloaded after import = 4

========================================================================
Received Import Request.
  Time since last request: 2.268490 seconds.
  path: Assets/Cody Dreams/Fake Mist/Matereal/Advance Ground Fog.mat
  artifactKey: Guid(88224bb6a4691e2438382daa61e7f6e9) Importer(815301076,1909f56bfc062723c751e8b465ee728b)
Start importing Assets/Cody Dreams/Fake Mist/Matereal/Advance Ground Fog.mat using Guid(88224bb6a4691e2438382daa61e7f6e9) Importer(815301076,1909f56bfc062723c751e8b465ee728b) (PreviewImporter) -> (artifact id: '2b509acee3b5739c51a9909b6c29709e') in 9.8382654 seconds
Number of updated asset objects reloaded before import = 0Number of asset objects unloaded after import = 5

========================================================================
Received Import Request.
  Time since last request: 0.000160 seconds.
  path: Assets/Cody Dreams/Fake Mist/Matereal/Ground.mat
  artifactKey: Guid(2952e16643973274dbf5c5e01559b8cc) Importer(815301076,1909f56bfc062723c751e8b465ee728b)
Start importing Assets/Cody Dreams/Fake Mist/Matereal/Ground.mat using Guid(2952e16643973274dbf5c5e01559b8cc) Importer(815301076,1909f56bfc062723c751e8b465ee728b) (PreviewImporter) -> (artifact id: '071013483dba2ba464eece8a371e76d4') in 6.2380383 seconds
Number of updated asset objects reloaded before import = 0Number of asset objects unloaded after import = 5

========================================================================
Received Import Request.
  Time since last request: 73.745279 seconds.
  path: Packages/com.unity.render-pipelines.universal/Runtime/Materials/ParticlesUnlit.mat
  artifactKey: Guid(e823cd5b5d27c0f4b8256e7c12ee3e6d) Importer(815301076,1909f56bfc062723c751e8b465ee728b)
Start importing Packages/com.unity.render-pipelines.universal/Runtime/Materials/ParticlesUnlit.mat using Guid(e823cd5b5d27c0f4b8256e7c12ee3e6d) Importer(815301076,1909f56bfc062723c751e8b465ee728b) (PreviewImporter) -> (artifact id: 'a4874755047e894d7e1b9dfcdc92326e') in 0.2176339 seconds
Number of updated asset objects reloaded before import = 0Number of asset objects unloaded after import = 0

========================================================================
Received Prepare
Begin MonoManager ReloadAssembly
- Loaded All Assemblies, in  5.733 seconds
Refreshing native plugins compatible for Editor in 6.40 ms, found 3 plugins.
UnityException: GetBool is not allowed to be called from a ScriptableObject constructor (or instance field initializer), call it in OnEnable instead. Called from ScriptableObject 'FeedbackWindow'.
See "Script Serialization" page in the Unity Manual for further details.
  at (wrapper managed-to-native) UnityEditor.EditorPrefs.GetBool_Injected(UnityEngine.Bindings.ManagedSpanWrapper&,bool)
  at UnityEditor.EditorPrefs.GetBool (System.String key, System.Boolean defaultValue) [0x0002a] in <82d5427af9d84542ac1bab8e50c139c7>:0 
  at CodyDreams.Developer.FeedbackWindow..cctor () [0x00000] in C:\Users\ANDREEA\Desktop\ex\RacingGame\RacingGame\Assets\Cody Dreams\Fake Mist\Editor\FeedbackWindow.cs:21 
Rethrow as TypeInitializationException: The type initializer for 'CodyDreams.Developer.FeedbackWindow' threw an exception.


(Filename: Assets/Cody Dreams/Fake Mist/Editor/FeedbackWindow.cs Line: 21)

Native extension for WindowsStandalone target not found
UnityEngine.UnityException: GetBool is not allowed to be called from a ScriptableObject constructor (or instance field initializer), call it in OnEnable instead. Called from ScriptableObject 'FeedbackWindow'.
See "Script Serialization" page in the Unity Manual for further details.
  at (wrapper managed-to-native) UnityEditor.EditorPrefs.GetBool_Injected(UnityEngine.Bindings.ManagedSpanWrapper&,bool)
  at UnityEditor.EditorPrefs.GetBool (System.String key, System.Boolean defaultValue) [0x0002a] in <82d5427af9d84542ac1bab8e50c139c7>:0 
  at CodyDreams.Developer.FeedbackWindow..cctor () [0x00000] in C:\Users\ANDREEA\Desktop\ex\RacingGame\RacingGame\Assets\Cody Dreams\Fake Mist\Editor\FeedbackWindow.cs:21 
UnityEngine.Debug:ExtractStackTraceNoAlloc (byte*,int,string)
UnityEngine.StackTraceUtility:ExtractStackTrace ()
UnityEngine.DebugLogHandler:Internal_Log (UnityEngine.LogType,UnityEngine.LogOption,string,UnityEngine.Object)
UnityEngine.DebugLogHandler:LogFormat (UnityEngine.LogType,UnityEngine.Object,string,object[])
UnityEngine.Logger:Log (UnityEngine.LogType,object)
UnityEngine.Debug:LogError (object)
UnityEditor.EditorAssemblies:ProcessInitializeOnLoadAttributes (System.Type[])

[MODES] ModeService[none].Initialize
[MODES] ModeService[none].LoadModes
UnityException: GetBool is not allowed to be called from a ScriptableObject constructor (or instance field initializer), call it in OnEnable instead. Called from ScriptableObject 'FeedbackWindow'.
See "Script Serialization" page in the Unity Manual for further details.
  at (wrapper managed-to-native) UnityEditor.EditorPrefs.GetBool_Injected(UnityEngine.Bindings.ManagedSpanWrapper&,bool)
  at UnityEditor.EditorPrefs.GetBool (System.String key, System.Boolean defaultValue) [0x0002a] in <82d5427af9d84542ac1bab8e50c139c7>:0 
  at CodyDreams.Developer.FeedbackWindow..cctor () [0x00000] in C:\Users\ANDREEA\Desktop\ex\RacingGame\RacingGame\Assets\Cody Dreams\Fake Mist\Editor\FeedbackWindow.cs:21 
Rethrow as TypeInitializationException: The type initializer for 'CodyDreams.Developer.FeedbackWindow' threw an exception.


(Filename: Assets/Cody Dreams/Fake Mist/Editor/FeedbackWindow.cs Line: 21)

Mono: successfully reloaded assembly
- Finished resetting the current domain, in  3.833 seconds
Domain Reload Profiling: 9580ms
	BeginReloadAssembly (3014ms)
		ExecutionOrderSort (5ms)
		DisableScriptedObjects (458ms)
		BackupInstance (0ms)
		ReleaseScriptingObjects (3ms)
		CreateAndSetChildDomain (1565ms)
	RebuildCommonClasses (123ms)
	RebuildNativeTypeToScriptingClass (21ms)
	initialDomainReloadingComplete (107ms)
	LoadAllAssembliesAndSetupDomain (2479ms)
		LoadAssemblies (2478ms)
		RebuildTransferFunctionScriptingTraits (0ms)
		AnalyzeDomain (660ms)
			TypeCache.Refresh (26ms)
				TypeCache.ScanAssembly (0ms)
			BuildScriptInfoCaches (594ms)
			ResolveRequiredComponents (21ms)
	FinalizeReload (3836ms)
		ReleaseScriptCaches (0ms)
		RebuildScriptCaches (0ms)
		SetupLoadedEditorAssemblies (2178ms)
			LogAssemblyErrors (1ms)
			InitializePlatformSupportModulesInManaged (18ms)
			SetLoadedEditorAssemblies (34ms)
			BeforeProcessingInitializeOnLoad (193ms)
			ProcessInitializeOnLoadAttributes (1748ms)
			ProcessInitializeOnLoadMethodAttributes (169ms)
			AfterProcessingInitializeOnLoad (14ms)
			EditorAssembliesLoaded (1ms)
		ExecutionOrderSort2 (0ms)
		AwakeInstancesAfterBackupRestoration (450ms)
Refreshing native plugins compatible for Editor in 4.16 ms, found 3 plugins.
Preloading 0 native plugins for Editor in 0.00 ms.
Unloading 13 Unused Serialized files (Serialized files now loaded: 0)
Unloading 5896 unused Assets / (4.8 MB). Loaded Objects now: 6790.
Memory consumption went from 265.9 MB to 261.0 MB.
Total: 56.691900 ms (FindLiveObjects: 5.225200 ms CreateObjectMapping: 5.091500 ms MarkObjects: 29.893800 ms  DeleteObjects: 16.473400 ms)

Prepare: number of updated asset objects reloaded= 0
