Using pre-set license
Built from 'trunk' branch; Version is '6000.0.22f1 (001fa5a8e29a) revision 8101'; Using compiler version '193933523'; Build Type 'Release'
OS: 'Windows 11  (10.0.22631) 64bit Professional' Language: 'en' Physical Memory: 5966 MB
BatchMode: 1, IsHumanControllingUs: 0, StartBugReporterOnCrash: 0, Is64bit: 1, IsPro: 1

COMMAND LINE ARGUMENTS:
C:\Program Files\Unity\Hub\Editor\6000.0.22f1\Editor\Unity.exe
-adb2
-batchMode
-noUpm
-name
AssetImportWorker9
-projectPath
C:/Users/ANDREEA/Desktop/RacingGame/RacingGame
-logFile
Logs/AssetImportWorker9.log
-srvPort
59424
-job-worker-count
5
-background-job-worker-count
8
-asset-garbage-collectors
1
Successfully changed project path to: C:/Users/ANDREEA/Desktop/RacingGame/RacingGame
C:/Users/ANDREEA/Desktop/RacingGame/RacingGame
[UnityMemory] Configuration Parameters - Can be set up in boot.config
    "memorysetup-bucket-allocator-granularity=16"
    "memorysetup-bucket-allocator-bucket-count=8"
    "memorysetup-bucket-allocator-block-size=33554432"
    "memorysetup-bucket-allocator-block-count=8"
    "memorysetup-main-allocator-block-size=16777216"
    "memorysetup-thread-allocator-block-size=16777216"
    "memorysetup-gfx-main-allocator-block-size=16777216"
    "memorysetup-gfx-thread-allocator-block-size=16777216"
    "memorysetup-cache-allocator-block-size=4194304"
    "memorysetup-typetree-allocator-block-size=2097152"
    "memorysetup-profiler-bucket-allocator-granularity=16"
    "memorysetup-profiler-bucket-allocator-bucket-count=8"
    "memorysetup-profiler-bucket-allocator-block-size=33554432"
    "memorysetup-profiler-bucket-allocator-block-count=8"
    "memorysetup-profiler-allocator-block-size=16777216"
    "memorysetup-profiler-editor-allocator-block-size=1048576"
    "memorysetup-temp-allocator-size-main=16777216"
    "memorysetup-job-temp-allocator-block-size=2097152"
    "memorysetup-job-temp-allocator-block-size-background=1048576"
    "memorysetup-job-temp-allocator-reduction-small-platforms=262144"
    "memorysetup-allocator-temp-initial-block-size-main=262144"
    "memorysetup-allocator-temp-initial-block-size-worker=262144"
    "memorysetup-temp-allocator-size-background-worker=32768"
    "memorysetup-temp-allocator-size-job-worker=262144"
    "memorysetup-temp-allocator-size-preload-manager=33554432"
    "memorysetup-temp-allocator-size-nav-mesh-worker=65536"
    "memorysetup-temp-allocator-size-audio-worker=65536"
    "memorysetup-temp-allocator-size-cloud-worker=32768"
    "memorysetup-temp-allocator-size-gi-baking-worker=262144"
    "memorysetup-temp-allocator-size-gi-baking-worker=262144"
    "memorysetup-temp-allocator-size-gi-baking-worker=262144"
    "memorysetup-temp-allocator-size-gi-baking-worker=262144"
    "memorysetup-temp-allocator-size-gi-baking-worker=262144"
    "memorysetup-temp-allocator-size-gfx=262144"
Player connection [22152]  Target information:

Player connection [22152]  * "[IP] 192.168.56.1 [Port] 0 [Flags] 2 [Guid] 1799984284 [EditorId] 1799984284 [Version] 1048832 [Id] WindowsEditor(7,DESKTOP-HT3IUV8) [Debug] 1 [PackageName] WindowsEditor [ProjectName] Editor" 

Player connection [22152]  * "[IP] 192.168.0.103 [Port] 0 [Flags] 2 [Guid] 1799984284 [EditorId] 1799984284 [Version] 1048832 [Id] WindowsEditor(7,DESKTOP-HT3IUV8) [Debug] 1 [PackageName] WindowsEditor [ProjectName] Editor" 

Player connection [22152] Host joined multi-casting on [225.0.0.222:54997]...
Player connection [22152] Host joined alternative multi-casting on [225.0.0.222:34997]...
JobSystem: Creating JobQueue using job-worker-count value 5
[Physics::Module] Initialized fallback backend.
[Physics::Module] Id: 0xdecafbad
Library Redirect Path: Library/
[Physics::Module] Selected backend.
[Physics::Module] Name: PhysX
[Physics::Module] Id: 0xf2b8ea05
[Physics::Module] SDK Version: 4.1.2
[Physics::Module] Integration Version: 1.0.0
[Physics::Module] Threading Mode: Multi-Threaded
Refreshing native plugins compatible for Editor in 21.76 ms, found 3 plugins.
Preloading 0 native plugins for Editor in 0.00 ms.
Initialize engine version: 6000.0.22f1 (001fa5a8e29a)
[Subsystems] Discovering subsystems at path C:/Program Files/Unity/Hub/Editor/6000.0.22f1/Editor/Data/Resources/UnitySubsystems
[Subsystems] Discovering subsystems at path C:/Users/ANDREEA/Desktop/RacingGame/RacingGame/Assets
GfxDevice: creating device client; kGfxThreadingModeNonThreaded
Direct3D:
    Version:  Direct3D 11.0 [level 11.1]
    Renderer: AMD Radeon(TM) Graphics (ID=0x164c)
    Vendor:   ATI
    VRAM:     2983 MB
    Driver:   30.0.13044.0
Initialize mono
Mono path[0] = 'C:/Program Files/Unity/Hub/Editor/6000.0.22f1/Editor/Data/Managed'
Mono path[1] = 'C:/Program Files/Unity/Hub/Editor/6000.0.22f1/Editor/Data/MonoBleedingEdge/lib/mono/unityjit-win32'
Mono config path = 'C:/Program Files/Unity/Hub/Editor/6000.0.22f1/Editor/Data/MonoBleedingEdge/etc'
Using monoOptions --debugger-agent=transport=dt_socket,embedding=1,server=y,suspend=n,address=127.0.0.1:56308
Begin MonoManager ReloadAssembly
Registering precompiled unity dll's ...
Register platform support module: C:/Program Files/Unity/Hub/Editor/6000.0.22f1/Editor/Data/PlaybackEngines/WindowsStandaloneSupport/UnityEditor.WindowsStandalone.Extensions.dll
Registered in 0.030691 seconds.
- Loaded All Assemblies, in  4.779 seconds
Native extension for WindowsStandalone target not found
Mono: successfully reloaded assembly
- Finished resetting the current domain, in  1.982 seconds
Domain Reload Profiling: 6760ms
	BeginReloadAssembly (2309ms)
		ExecutionOrderSort (0ms)
		DisableScriptedObjects (0ms)
		BackupInstance (0ms)
		ReleaseScriptingObjects (0ms)
		CreateAndSetChildDomain (6ms)
	RebuildCommonClasses (169ms)
	RebuildNativeTypeToScriptingClass (58ms)
	initialDomainReloadingComplete (354ms)
	LoadAllAssembliesAndSetupDomain (1881ms)
		LoadAssemblies (2301ms)
		RebuildTransferFunctionScriptingTraits (0ms)
		AnalyzeDomain (1858ms)
			TypeCache.Refresh (1831ms)
				TypeCache.ScanAssembly (1232ms)
			BuildScriptInfoCaches (14ms)
			ResolveRequiredComponents (8ms)
	FinalizeReload (1989ms)
		ReleaseScriptCaches (0ms)
		RebuildScriptCaches (0ms)
		SetupLoadedEditorAssemblies (1679ms)
			LogAssemblyErrors (0ms)
			InitializePlatformSupportModulesInManaged (112ms)
			SetLoadedEditorAssemblies (23ms)
			BeforeProcessingInitializeOnLoad (31ms)
			ProcessInitializeOnLoadAttributes (999ms)
			ProcessInitializeOnLoadMethodAttributes (469ms)
			AfterProcessingInitializeOnLoad (44ms)
			EditorAssembliesLoaded (1ms)
		ExecutionOrderSort2 (0ms)
		AwakeInstancesAfterBackupRestoration (0ms)
========================================================================
Worker process is ready to serve import requests
Import Worker Mode flag is 0x00
Begin MonoManager ReloadAssembly
- Loaded All Assemblies, in 29.855 seconds
Refreshing native plugins compatible for Editor in 16.40 ms, found 3 plugins.
Native extension for WindowsStandalone target not found
Mono: successfully reloaded assembly
- Finished resetting the current domain, in  8.683 seconds
Domain Reload Profiling: 38557ms
	BeginReloadAssembly (3129ms)
		ExecutionOrderSort (0ms)
		DisableScriptedObjects (22ms)
		BackupInstance (0ms)
		ReleaseScriptingObjects (0ms)
		CreateAndSetChildDomain (184ms)
	RebuildCommonClasses (151ms)
	RebuildNativeTypeToScriptingClass (32ms)
	initialDomainReloadingComplete (193ms)
	LoadAllAssembliesAndSetupDomain (26348ms)
		LoadAssemblies (5426ms)
		RebuildTransferFunctionScriptingTraits (0ms)
		AnalyzeDomain (21629ms)
			TypeCache.Refresh (13912ms)
				TypeCache.ScanAssembly (12016ms)
			BuildScriptInfoCaches (4917ms)
			ResolveRequiredComponents (2265ms)
	FinalizeReload (8704ms)
		ReleaseScriptCaches (0ms)
		RebuildScriptCaches (0ms)
		SetupLoadedEditorAssemblies (5347ms)
			LogAssemblyErrors (0ms)
			InitializePlatformSupportModulesInManaged (29ms)
			SetLoadedEditorAssemblies (46ms)
			BeforeProcessingInitializeOnLoad (478ms)
			ProcessInitializeOnLoadAttributes (3899ms)
			ProcessInitializeOnLoadMethodAttributes (835ms)
			AfterProcessingInitializeOnLoad (50ms)
			EditorAssembliesLoaded (12ms)
		ExecutionOrderSort2 (0ms)
		AwakeInstancesAfterBackupRestoration (105ms)
Launched and connected shader compiler UnityShaderCompiler.exe after 0.36 seconds
Refreshing native plugins compatible for Editor in 54.25 ms, found 3 plugins.
Preloading 0 native plugins for Editor in 0.00 ms.
Unloading 198 Unused Serialized files (Serialized files now loaded: 0)
Unloading 5897 unused Assets / (4.4 MB). Loaded Objects now: 6663.
Memory consumption went from 182.2 MB to 177.8 MB.
Total: 169.190900 ms (FindLiveObjects: 24.190700 ms CreateObjectMapping: 11.592500 ms MarkObjects: 111.470100 ms  DeleteObjects: 21.919900 ms)

========================================================================
Received Import Request.
  Time since last request: 137144.903082 seconds.
  path: Assets/Race Track Pack/Prefabs/Track Props/Racing_Sign.prefab
  artifactKey: Guid(faf8b92fa1fc183478ebc364e3f96138) Importer(2089858483,3d70f49cd1c2eb9ae422958d1c652c6b)
Start importing Assets/Race Track Pack/Prefabs/Track Props/Racing_Sign.prefab using Guid(faf8b92fa1fc183478ebc364e3f96138) Importer(2089858483,3d70f49cd1c2eb9ae422958d1c652c6b) (ScriptedImporter) -> (artifact id: 'c40f07b75dcc8805af0599746241ca59') in 1.6843664 seconds
Number of updated asset objects reloaded before import = 0Number of asset objects unloaded after import = 8

========================================================================
Received Import Request.
  Time since last request: 0.000210 seconds.
  path: Assets/Race Track Pack/Terrian Textures/Clay/Clay Normal.png
  artifactKey: Guid(7988d99a178bf19478d3c521c2af33af) Importer(2089858483,192608db42251d675da83286b1cce702)
Start importing Assets/Race Track Pack/Terrian Textures/Clay/Clay Normal.png using Guid(7988d99a178bf19478d3c521c2af33af) Importer(2089858483,192608db42251d675da83286b1cce702) (ScriptedImporter) -> (artifact id: '2345537eb32e837e3e15643fe27e3255') in 0.5314873 seconds
Number of updated asset objects reloaded before import = 0Number of asset objects unloaded after import = 1

========================================================================
Received Import Request.
  Time since last request: 0.000149 seconds.
  path: Assets/Snow mountain tracks/terrain.asset
  artifactKey: Guid(d216ab1bb2f42e44bb0c77a040f8eb11) Importer(2089858483,192608db42251d675da83286b1cce702)
Start importing Assets/Snow mountain tracks/terrain.asset using Guid(d216ab1bb2f42e44bb0c77a040f8eb11) Importer(2089858483,192608db42251d675da83286b1cce702) (ScriptedImporter)Tree prefab at index 0 is missing.
UnityEngine.Debug:ExtractStackTraceNoAlloc (byte*,int,string)
UnityEngine.StackTraceUtility:ExtractStackTrace ()
UnityEditor.AssetDatabase:LoadMainAssetAtPath (string)
UnityEditor.Search.AssetIndexer:IndexProperties (int&,string&,bool&)
UnityEditor.Search.AssetIndexer:IndexDocument (string,bool)
UnityEditor.Search.SearchIndexEntryImporter:OnImportAsset (UnityEditor.AssetImporters.AssetImportContext)
UnityEditor.AssetImporters.ScriptedImporter:GenerateAssetData (UnityEditor.AssetImporters.AssetImportContext)

[C:\build\output\unity\unity\Modules\Terrain\Public\TreeDatabase.cpp line 322]

 -> (artifact id: '3f38410069767eb1e65b4339ca6bf754') in 0.2802041 seconds
Number of updated asset objects reloaded before import = 0Number of asset objects unloaded after import = 9

========================================================================
Received Import Request.
  Time since last request: 0.000389 seconds.
  path: Assets/Race Track Pack/Textures/Road and side Boundries/Road Track for substance 05_Road_and_side_boundries_mt_MetallicSmoothness.png
  artifactKey: Guid(67e4fc9f70a10ef46bec720890cf514f) Importer(2089858483,192608db42251d675da83286b1cce702)
Start importing Assets/Race Track Pack/Textures/Road and side Boundries/Road Track for substance 05_Road_and_side_boundries_mt_MetallicSmoothness.png using Guid(67e4fc9f70a10ef46bec720890cf514f) Importer(2089858483,192608db42251d675da83286b1cce702) (ScriptedImporter) -> (artifact id: 'ee7c9fe8fb4a7761e04374a6ded723e2') in 0.1460765 seconds
Number of updated asset objects reloaded before import = 0Number of asset objects unloaded after import = 1

========================================================================
Received Import Request.
  Time since last request: 0.000113 seconds.
  path: Assets/Snow mountain tracks/Resources/Models/road.asset
  artifactKey: Guid(0a137320cb1170041a34e81b90fabe33) Importer(2089858483,192608db42251d675da83286b1cce702)
Start importing Assets/Snow mountain tracks/Resources/Models/road.asset using Guid(0a137320cb1170041a34e81b90fabe33) Importer(2089858483,192608db42251d675da83286b1cce702) (ScriptedImporter) -> (artifact id: 'c338bfc4655d1b656095493e8f4c5dd2') in 0.0717603 seconds
Number of updated asset objects reloaded before import = 0Number of asset objects unloaded after import = 1

========================================================================
Received Import Request.
  Time since last request: 0.000194 seconds.
  path: Assets/Race Track Pack/Prefabs/Tunnels and Bridge/Tunnels_Curve.prefab
  artifactKey: Guid(156e5b2c2ee0a0d46bdb592a0b2ffac8) Importer(2089858483,192608db42251d675da83286b1cce702)
Start importing Assets/Race Track Pack/Prefabs/Tunnels and Bridge/Tunnels_Curve.prefab using Guid(156e5b2c2ee0a0d46bdb592a0b2ffac8) Importer(2089858483,192608db42251d675da83286b1cce702) (ScriptedImporter) -> (artifact id: 'aa4d33ebf2eb01e6628362160b9aeed3') in 0.2424671 seconds
Number of updated asset objects reloaded before import = 0Number of asset objects unloaded after import = 7

========================================================================
Received Import Request.
  Time since last request: 0.001297 seconds.
  path: Assets/Race Track Pack/Prefabs/Props Model/Board2.prefab
  artifactKey: Guid(295541c1e9c8fd6469295cf287f174af) Importer(2089858483,3d70f49cd1c2eb9ae422958d1c652c6b)
Start importing Assets/Race Track Pack/Prefabs/Props Model/Board2.prefab using Guid(295541c1e9c8fd6469295cf287f174af) Importer(2089858483,3d70f49cd1c2eb9ae422958d1c652c6b) (ScriptedImporter) -> (artifact id: 'b6bb0d8e514b6be7d07354a3b0e6cdee') in 0.1032583 seconds
Number of updated asset objects reloaded before import = 0Number of asset objects unloaded after import = 8

========================================================================
Received Import Request.
  Time since last request: 0.000110 seconds.
  path: Assets/Race Track Pack/Prefabs/Road Props/Curve_Bridge_Boundries2_Top.prefab
  artifactKey: Guid(d1c3e68356ac3a84486747a730053141) Importer(2089858483,3d70f49cd1c2eb9ae422958d1c652c6b)
Start importing Assets/Race Track Pack/Prefabs/Road Props/Curve_Bridge_Boundries2_Top.prefab using Guid(d1c3e68356ac3a84486747a730053141) Importer(2089858483,3d70f49cd1c2eb9ae422958d1c652c6b) (ScriptedImporter) -> (artifact id: '1aca6d96a07d7a362aaf27ccc17409a5') in 0.3938319 seconds
Number of updated asset objects reloaded before import = 0Number of asset objects unloaded after import = 8

========================================================================
Received Import Request.
  Time since last request: 0.000121 seconds.
  path: Assets/Race Track Pack/Terrian Textures/Solid Rock/Solid Rock AlbedoTransparency.png
  artifactKey: Guid(f0ce7f4bd46c7a344b5040150feec630) Importer(2089858483,192608db42251d675da83286b1cce702)
Start importing Assets/Race Track Pack/Terrian Textures/Solid Rock/Solid Rock AlbedoTransparency.png using Guid(f0ce7f4bd46c7a344b5040150feec630) Importer(2089858483,192608db42251d675da83286b1cce702) (ScriptedImporter) -> (artifact id: '481beccd9b781d6e46f9094ccaae3631') in 0.0937625 seconds
Number of updated asset objects reloaded before import = 0Number of asset objects unloaded after import = 1

========================================================================
Received Import Request.
  Time since last request: 0.000232 seconds.
  path: Assets/Race Track Pack/Prefabs/Tunnels and Bridge/Bridge.prefab
  artifactKey: Guid(97f3b0528ef93a84d97ecdc7b2b804c9) Importer(2089858483,192608db42251d675da83286b1cce702)
Start importing Assets/Race Track Pack/Prefabs/Tunnels and Bridge/Bridge.prefab using Guid(97f3b0528ef93a84d97ecdc7b2b804c9) Importer(2089858483,192608db42251d675da83286b1cce702) (ScriptedImporter) -> (artifact id: '7a51f64056912462747751d758c7ff26') in 0.0884935 seconds
Number of updated asset objects reloaded before import = 0Number of asset objects unloaded after import = 32

========================================================================
Received Import Request.
  Time since last request: 0.000132 seconds.
  path: Assets/Gwangju_3D asset/15_BlackWalnutTree/Prefabs/BlackWalnutTree_Autumn02.prefab
  artifactKey: Guid(972c378e51b4b1b458167da621a28fd0) Importer(2089858483,192608db42251d675da83286b1cce702)
Start importing Assets/Gwangju_3D asset/15_BlackWalnutTree/Prefabs/BlackWalnutTree_Autumn02.prefab using Guid(972c378e51b4b1b458167da621a28fd0) Importer(2089858483,192608db42251d675da83286b1cce702) (ScriptedImporter) -> (artifact id: '5e93a9aadbb720851d4a71e1674be5d2') in 0.0833017 seconds
Number of updated asset objects reloaded before import = 0Number of asset objects unloaded after import = 9

========================================================================
Received Import Request.
  Time since last request: 0.000064 seconds.
  path: Assets/Race Track Pack/Prefabs/Track Props/Racing_Sign1.prefab
  artifactKey: Guid(018e07f4ddf36584bb0d89bfeb28d9b9) Importer(2089858483,3d70f49cd1c2eb9ae422958d1c652c6b)
Start importing Assets/Race Track Pack/Prefabs/Track Props/Racing_Sign1.prefab using Guid(018e07f4ddf36584bb0d89bfeb28d9b9) Importer(2089858483,3d70f49cd1c2eb9ae422958d1c652c6b) (ScriptedImporter) -> (artifact id: '20a0ca37ebc17fd8e318c66bdb64aecf') in 0.8862793 seconds
Number of updated asset objects reloaded before import = 0Number of asset objects unloaded after import = 8

========================================================================
Received Import Request.
  Time since last request: 0.005438 seconds.
  path: Assets/Snow mountain tracks/Resources/Models/concrete 2.asset
  artifactKey: Guid(ed41ebd2345b5924c90f919f45e87d2b) Importer(2089858483,3d70f49cd1c2eb9ae422958d1c652c6b)
Start importing Assets/Snow mountain tracks/Resources/Models/concrete 2.asset using Guid(ed41ebd2345b5924c90f919f45e87d2b) Importer(2089858483,3d70f49cd1c2eb9ae422958d1c652c6b) (ScriptedImporter) -> (artifact id: '7ae9a7e425adfc02adc44c7d7ac53695') in 0.3941396 seconds
Number of updated asset objects reloaded before import = 0Number of asset objects unloaded after import = 0

========================================================================
Received Import Request.
  Time since last request: 0.002019 seconds.
  path: Assets/Gwangju_3D asset/15_BlackWalnutTree/Materials/BlackwalnutAutumn01.mat
  artifactKey: Guid(54c98655bb3d66f42a87c5bef06f6857) Importer(2089858483,192608db42251d675da83286b1cce702)
Start importing Assets/Gwangju_3D asset/15_BlackWalnutTree/Materials/BlackwalnutAutumn01.mat using Guid(54c98655bb3d66f42a87c5bef06f6857) Importer(2089858483,192608db42251d675da83286b1cce702) (ScriptedImporter) -> (artifact id: 'e9e3281298680d5e84fbbf10e9c6276f') in 0.9400036 seconds
Number of updated asset objects reloaded before import = 0Number of asset objects unloaded after import = 4

========================================================================
Received Import Request.
  Time since last request: 0.001445 seconds.
  path: Assets/Readme.asset
  artifactKey: Guid(8105016687592461f977c054a80ce2f2) Importer(2089858483,3d70f49cd1c2eb9ae422958d1c652c6b)
Start importing Assets/Readme.asset using Guid(8105016687592461f977c054a80ce2f2) Importer(2089858483,3d70f49cd1c2eb9ae422958d1c652c6b) (ScriptedImporter) -> (artifact id: '6fb266ca24cb4725d467e3a683e69f44') in 0.7125158 seconds
Number of updated asset objects reloaded before import = 0Number of asset objects unloaded after import = 1

========================================================================
Received Import Request.
  Time since last request: 0.001058 seconds.
  path: Assets/Race Track Pack/Terrian Textures/Stone Walkway/Stone Walkway Normal.png
  artifactKey: Guid(2aeda2e9e1c2b4f48964effc8d4ae28d) Importer(2089858483,192608db42251d675da83286b1cce702)
Start importing Assets/Race Track Pack/Terrian Textures/Stone Walkway/Stone Walkway Normal.png using Guid(2aeda2e9e1c2b4f48964effc8d4ae28d) Importer(2089858483,192608db42251d675da83286b1cce702) (ScriptedImporter) -> (artifact id: '9c7fa6c50c579c5b1f52d8e4ec126602') in 0.0985353 seconds
Number of updated asset objects reloaded before import = 0Number of asset objects unloaded after import = 1

========================================================================
Received Import Request.
  Time since last request: 0.000081 seconds.
  path: Assets/Race Track Pack/Terrian Textures/Rock Soil/Rock Soil MetallicSmoothness.png
  artifactKey: Guid(841ef633ce1320a499c82cae6380f808) Importer(2089858483,192608db42251d675da83286b1cce702)
Start importing Assets/Race Track Pack/Terrian Textures/Rock Soil/Rock Soil MetallicSmoothness.png using Guid(841ef633ce1320a499c82cae6380f808) Importer(2089858483,192608db42251d675da83286b1cce702) (ScriptedImporter) -> (artifact id: 'b5f4abb10a5c435abb6e8b3a9fc032ce') in 0.0997004 seconds
Number of updated asset objects reloaded before import = 0Number of asset objects unloaded after import = 1

========================================================================
Received Import Request.
  Time since last request: 0.000081 seconds.
  path: Assets/Race Track Pack/Prefabs/Road Props/Side_boundries1.prefab
  artifactKey: Guid(2e410c3844858d249aeab52c523ca62d) Importer(2089858483,3d70f49cd1c2eb9ae422958d1c652c6b)
Start importing Assets/Race Track Pack/Prefabs/Road Props/Side_boundries1.prefab using Guid(2e410c3844858d249aeab52c523ca62d) Importer(2089858483,3d70f49cd1c2eb9ae422958d1c652c6b) (ScriptedImporter) -> (artifact id: 'cbb1c3c6666b39d39dbf8854eed98bf8') in 0.0641292 seconds
Number of updated asset objects reloaded before import = 0Number of asset objects unloaded after import = 8

========================================================================
Received Import Request.
  Time since last request: 0.000129 seconds.
  path: Assets/Race Track Pack/Terrian Textures/Clay/Clay MetallicSmoothness.png
  artifactKey: Guid(f4537183ebdee6a4b9e92c4b32d198c4) Importer(2089858483,192608db42251d675da83286b1cce702)
Start importing Assets/Race Track Pack/Terrian Textures/Clay/Clay MetallicSmoothness.png using Guid(f4537183ebdee6a4b9e92c4b32d198c4) Importer(2089858483,192608db42251d675da83286b1cce702) (ScriptedImporter) -> (artifact id: '4e2b2a9b55be5538e77073a70dda4f4e') in 0.0918888 seconds
Number of updated asset objects reloaded before import = 0Number of asset objects unloaded after import = 1

========================================================================
Received Import Request.
  Time since last request: 0.000087 seconds.
  path: Assets/Race Track Pack/Prefabs/Props Model/Square_Board_03.prefab
  artifactKey: Guid(8514e49bb0ab3bc488bd80a121ef7919) Importer(2089858483,3d70f49cd1c2eb9ae422958d1c652c6b)
Start importing Assets/Race Track Pack/Prefabs/Props Model/Square_Board_03.prefab using Guid(8514e49bb0ab3bc488bd80a121ef7919) Importer(2089858483,3d70f49cd1c2eb9ae422958d1c652c6b) (ScriptedImporter) -> (artifact id: 'af7d6d4bba3137ce5682b229e9695c53') in 0.0625964 seconds
Number of updated asset objects reloaded before import = 0Number of asset objects unloaded after import = 8

========================================================================
Received Import Request.
  Time since last request: 0.000179 seconds.
  path: Assets/Gwangju_3D asset/Common_Assets/Bg_Preset/Ground.png
  artifactKey: Guid(526aac580bc98d944883b3ff0e894d54) Importer(2089858483,192608db42251d675da83286b1cce702)
Start importing Assets/Gwangju_3D asset/Common_Assets/Bg_Preset/Ground.png using Guid(526aac580bc98d944883b3ff0e894d54) Importer(2089858483,192608db42251d675da83286b1cce702) (ScriptedImporter) -> (artifact id: '37d4ac933eaa46c3d191708f2dea6e40') in 0.5270959 seconds
Number of updated asset objects reloaded before import = 0Number of asset objects unloaded after import = 1

========================================================================
Received Import Request.
  Time since last request: 0.000848 seconds.
  path: Assets/Scenes/SampleScene.unity
  artifactKey: Guid(99c9720ab356a0642a771bea13969a05) Importer(2089858483,192608db42251d675da83286b1cce702)
Start importing Assets/Scenes/SampleScene.unity using Guid(99c9720ab356a0642a771bea13969a05) Importer(2089858483,192608db42251d675da83286b1cce702) (ScriptedImporter) -> (artifact id: 'b331c855caa972d1f36002122fd16299') in 0.0694446 seconds
Number of updated asset objects reloaded before import = 0Number of asset objects unloaded after import = 1

========================================================================
Received Import Request.
  Time since last request: 0.000101 seconds.
  path: Assets/Gwangju_3D asset/Common_Assets/Bg_Preset/Ground_Checker.prefab
  artifactKey: Guid(d77c066d537436643b099fbd106277d0) Importer(2089858483,3d70f49cd1c2eb9ae422958d1c652c6b)
Start importing Assets/Gwangju_3D asset/Common_Assets/Bg_Preset/Ground_Checker.prefab using Guid(d77c066d537436643b099fbd106277d0) Importer(2089858483,3d70f49cd1c2eb9ae422958d1c652c6b) (ScriptedImporter) -> (artifact id: '11f5aa252fb7546d3314e8a0f748f434') in 0.0631458 seconds
Number of updated asset objects reloaded before import = 0Number of asset objects unloaded after import = 8

========================================================================
Received Import Request.
  Time since last request: 0.000098 seconds.
  path: Assets/Race Track Pack/Prefabs/Props Model/Board6.prefab
  artifactKey: Guid(3b5a95f04f2fd794ea86086ad9cc12e2) Importer(2089858483,3d70f49cd1c2eb9ae422958d1c652c6b)
Start importing Assets/Race Track Pack/Prefabs/Props Model/Board6.prefab using Guid(3b5a95f04f2fd794ea86086ad9cc12e2) Importer(2089858483,3d70f49cd1c2eb9ae422958d1c652c6b) (ScriptedImporter) -> (artifact id: 'd339d333acafb49f374cc9480a135133') in 0.0733074 seconds
Number of updated asset objects reloaded before import = 0Number of asset objects unloaded after import = 8

========================================================================
Received Import Request.
  Time since last request: 0.000145 seconds.
  path: Assets/Gwangju_3D asset/Scenes/15_BlackWalnutTree.unity
  artifactKey: Guid(3630cdaccda3e3d41bae8ecb4e791330) Importer(2089858483,3d70f49cd1c2eb9ae422958d1c652c6b)
Start importing Assets/Gwangju_3D asset/Scenes/15_BlackWalnutTree.unity using Guid(3630cdaccda3e3d41bae8ecb4e791330) Importer(2089858483,3d70f49cd1c2eb9ae422958d1c652c6b) (ScriptedImporter)Opening scene 'Assets/Gwangju_3D asset/Scenes/15_BlackWalnutTree.unity additively'
Loaded scene 'Assets/Gwangju_3D asset/Scenes/15_BlackWalnutTree.unity'
	Deserialize:            80.293 ms
	Integration:            319.932 ms
	Integration of assets:  6.095 ms
	Thread Wait Time:       0.581 ms
	Total Operation Time:   406.901 ms
 -> (artifact id: '7133a7dae4b31b9f1bbf6cfcf58839eb') in 0.7251074 seconds
Number of updated asset objects reloaded before import = 0Number of asset objects unloaded after import = 47

========================================================================
Received Import Request.
  Time since last request: 0.000102 seconds.
  path: Assets/Race Track Pack/Prefabs/Track Props/Stairs.prefab
  artifactKey: Guid(ffe306d4fce2ab948958e54e1c8d43b0) Importer(2089858483,3d70f49cd1c2eb9ae422958d1c652c6b)
Start importing Assets/Race Track Pack/Prefabs/Track Props/Stairs.prefab using Guid(ffe306d4fce2ab948958e54e1c8d43b0) Importer(2089858483,3d70f49cd1c2eb9ae422958d1c652c6b) (ScriptedImporter) -> (artifact id: '6d5b6f56c35d3c0c9ac8a93851c54ca4') in 0.0727326 seconds
Number of updated asset objects reloaded before import = 0Number of asset objects unloaded after import = 8

========================================================================
Received Import Request.
  Time since last request: 0.003633 seconds.
  path: Assets/Race Track Pack/Prefabs/Road Props/Curve_Side_Boundries1.prefab
  artifactKey: Guid(f15b80dbdb15e424d86fd101f66bd287) Importer(2089858483,192608db42251d675da83286b1cce702)
Start importing Assets/Race Track Pack/Prefabs/Road Props/Curve_Side_Boundries1.prefab using Guid(f15b80dbdb15e424d86fd101f66bd287) Importer(2089858483,192608db42251d675da83286b1cce702) (ScriptedImporter) -> (artifact id: 'e03dded64ec5a808854681daebebd2a7') in 0.0834014 seconds
Number of updated asset objects reloaded before import = 0Number of asset objects unloaded after import = 7

========================================================================
Received Import Request.
  Time since last request: 0.000212 seconds.
  path: Assets/Snow mountain tracks/Resources/Materials/metal02.mat
  artifactKey: Guid(7d245cc5587465c4caa1819a620fdf85) Importer(2089858483,192608db42251d675da83286b1cce702)
Start importing Assets/Snow mountain tracks/Resources/Materials/metal02.mat using Guid(7d245cc5587465c4caa1819a620fdf85) Importer(2089858483,192608db42251d675da83286b1cce702) (ScriptedImporter) -> (artifact id: '1ef7b902bb076cf9ec3d7850213ee752') in 0.1284438 seconds
Number of updated asset objects reloaded before import = 0Number of asset objects unloaded after import = 2

========================================================================
Received Import Request.
  Time since last request: 0.000074 seconds.
  path: Assets/Race Track Pack/Prefabs/Props Model/Straight_boundry.prefab
  artifactKey: Guid(b8e07adc76fd5144a8ca0b13cbc0554d) Importer(2089858483,3d70f49cd1c2eb9ae422958d1c652c6b)
Start importing Assets/Race Track Pack/Prefabs/Props Model/Straight_boundry.prefab using Guid(b8e07adc76fd5144a8ca0b13cbc0554d) Importer(2089858483,3d70f49cd1c2eb9ae422958d1c652c6b) (ScriptedImporter) -> (artifact id: '3eefd1b03b447364682f2df2114d12c2') in 0.054432 seconds
Number of updated asset objects reloaded before import = 0Number of asset objects unloaded after import = 8

========================================================================
Received Import Request.
  Time since last request: 0.000077 seconds.
  path: Assets/Race Track Pack/Terrian Textures/Stone Walkway/Stone Walkway AlbedoTransparency.png
  artifactKey: Guid(347ed3efbac25e542acbc806d6595d56) Importer(2089858483,192608db42251d675da83286b1cce702)
Start importing Assets/Race Track Pack/Terrian Textures/Stone Walkway/Stone Walkway AlbedoTransparency.png using Guid(347ed3efbac25e542acbc806d6595d56) Importer(2089858483,192608db42251d675da83286b1cce702) (ScriptedImporter) -> (artifact id: '56f8208aca8997ed862b550917e576da') in 0.0853637 seconds
Number of updated asset objects reloaded before import = 0Number of asset objects unloaded after import = 1

