Using pre-set license
Built from 'trunk' branch; Version is '6000.0.22f1 (001fa5a8e29a) revision 8101'; Using compiler version '193933523'; Build Type 'Release'
OS: 'Windows 11  (10.0.22631) 64bit Professional' Language: 'en' Physical Memory: 5966 MB
BatchMode: 1, IsHumanControllingUs: 0, StartBugReporterOnCrash: 0, Is64bit: 1, IsPro: 1

COMMAND LINE ARGUMENTS:
C:\Program Files\Unity\Hub\Editor\6000.0.22f1\Editor\Unity.exe
-adb2
-batchMode
-noUpm
-name
AssetImportWorker21
-projectPath
C:/Users/ANDREEA/Desktop/ex/RacingGame/RacingGame
-logFile
Logs/AssetImportWorker21.log
-srvPort
61830
-job-worker-count
5
-background-job-worker-count
8
-asset-garbage-collectors
1
Successfully changed project path to: C:/Users/ANDREEA/Desktop/ex/RacingGame/RacingGame
C:/Users/ANDREEA/Desktop/ex/RacingGame/RacingGame
[UnityMemory] Configuration Parameters - Can be set up in boot.config
    "memorysetup-bucket-allocator-granularity=16"
    "memorysetup-bucket-allocator-bucket-count=8"
    "memorysetup-bucket-allocator-block-size=33554432"
    "memorysetup-bucket-allocator-block-count=8"
    "memorysetup-main-allocator-block-size=16777216"
    "memorysetup-thread-allocator-block-size=16777216"
    "memorysetup-gfx-main-allocator-block-size=16777216"
    "memorysetup-gfx-thread-allocator-block-size=16777216"
    "memorysetup-cache-allocator-block-size=4194304"
    "memorysetup-typetree-allocator-block-size=2097152"
    "memorysetup-profiler-bucket-allocator-granularity=16"
    "memorysetup-profiler-bucket-allocator-bucket-count=8"
    "memorysetup-profiler-bucket-allocator-block-size=33554432"
    "memorysetup-profiler-bucket-allocator-block-count=8"
    "memorysetup-profiler-allocator-block-size=16777216"
    "memorysetup-profiler-editor-allocator-block-size=1048576"
    "memorysetup-temp-allocator-size-main=16777216"
    "memorysetup-job-temp-allocator-block-size=2097152"
    "memorysetup-job-temp-allocator-block-size-background=1048576"
    "memorysetup-job-temp-allocator-reduction-small-platforms=262144"
    "memorysetup-allocator-temp-initial-block-size-main=262144"
    "memorysetup-allocator-temp-initial-block-size-worker=262144"
    "memorysetup-temp-allocator-size-background-worker=32768"
    "memorysetup-temp-allocator-size-job-worker=262144"
    "memorysetup-temp-allocator-size-preload-manager=33554432"
    "memorysetup-temp-allocator-size-nav-mesh-worker=65536"
    "memorysetup-temp-allocator-size-audio-worker=65536"
    "memorysetup-temp-allocator-size-cloud-worker=32768"
    "memorysetup-temp-allocator-size-gi-baking-worker=262144"
    "memorysetup-temp-allocator-size-gi-baking-worker=262144"
    "memorysetup-temp-allocator-size-gi-baking-worker=262144"
    "memorysetup-temp-allocator-size-gi-baking-worker=262144"
    "memorysetup-temp-allocator-size-gi-baking-worker=262144"
    "memorysetup-temp-allocator-size-gfx=262144"
Player connection [16316]  Target information:

Player connection [16316]  * "[IP] 192.168.56.1 [Port] 0 [Flags] 2 [Guid] 3808869814 [EditorId] 3808869814 [Version] 1048832 [Id] WindowsEditor(7,DESKTOP-HT3IUV8) [Debug] 1 [PackageName] WindowsEditor [ProjectName] Editor" 

Player connection [16316]  * "[IP] 192.168.0.103 [Port] 0 [Flags] 2 [Guid] 3808869814 [EditorId] 3808869814 [Version] 1048832 [Id] WindowsEditor(7,DESKTOP-HT3IUV8) [Debug] 1 [PackageName] WindowsEditor [ProjectName] Editor" 

Player connection [16316] Host joined multi-casting on [225.0.0.222:54997]...
Player connection [16316] Host joined alternative multi-casting on [225.0.0.222:34997]...
JobSystem: Creating JobQueue using job-worker-count value 5
[Physics::Module] Initialized fallback backend.
[Physics::Module] Id: 0xdecafbad
Library Redirect Path: Library/
[Physics::Module] Selected backend.
[Physics::Module] Name: PhysX
[Physics::Module] Id: 0xf2b8ea05
[Physics::Module] SDK Version: 4.1.2
[Physics::Module] Integration Version: 1.0.0
[Physics::Module] Threading Mode: Multi-Threaded
Refreshing native plugins compatible for Editor in 3.22 ms, found 3 plugins.
Preloading 0 native plugins for Editor in 0.00 ms.
Initialize engine version: 6000.0.22f1 (001fa5a8e29a)
[Subsystems] Discovering subsystems at path C:/Program Files/Unity/Hub/Editor/6000.0.22f1/Editor/Data/Resources/UnitySubsystems
[Subsystems] Discovering subsystems at path C:/Users/ANDREEA/Desktop/ex/RacingGame/RacingGame/Assets
GfxDevice: creating device client; kGfxThreadingModeNonThreaded
Direct3D:
    Version:  Direct3D 11.0 [level 11.1]
    Renderer: AMD Radeon(TM) Graphics (ID=0x164c)
    Vendor:   ATI
    VRAM:     2983 MB
    Driver:   30.0.13044.0
Initialize mono
Mono path[0] = 'C:/Program Files/Unity/Hub/Editor/6000.0.22f1/Editor/Data/Managed'
Mono path[1] = 'C:/Program Files/Unity/Hub/Editor/6000.0.22f1/Editor/Data/MonoBleedingEdge/lib/mono/unityjit-win32'
Mono config path = 'C:/Program Files/Unity/Hub/Editor/6000.0.22f1/Editor/Data/MonoBleedingEdge/etc'
Using monoOptions --debugger-agent=transport=dt_socket,embedding=1,server=y,suspend=n,address=127.0.0.1:56292
Begin MonoManager ReloadAssembly
Registering precompiled unity dll's ...
Register platform support module: C:/Program Files/Unity/Hub/Editor/6000.0.22f1/Editor/Data/PlaybackEngines/WindowsStandaloneSupport/UnityEditor.WindowsStandalone.Extensions.dll
Registered in 0.010753 seconds.
- Loaded All Assemblies, in  2.814 seconds
Native extension for WindowsStandalone target not found
Mono: successfully reloaded assembly
- Finished resetting the current domain, in  2.344 seconds
Domain Reload Profiling: 5156ms
	BeginReloadAssembly (1057ms)
		ExecutionOrderSort (0ms)
		DisableScriptedObjects (0ms)
		BackupInstance (0ms)
		ReleaseScriptingObjects (0ms)
		CreateAndSetChildDomain (4ms)
	RebuildCommonClasses (199ms)
	RebuildNativeTypeToScriptingClass (61ms)
	initialDomainReloadingComplete (533ms)
	LoadAllAssembliesAndSetupDomain (957ms)
		LoadAssemblies (1057ms)
		RebuildTransferFunctionScriptingTraits (0ms)
		AnalyzeDomain (928ms)
			TypeCache.Refresh (922ms)
				TypeCache.ScanAssembly (861ms)
			BuildScriptInfoCaches (0ms)
			ResolveRequiredComponents (2ms)
	FinalizeReload (2349ms)
		ReleaseScriptCaches (0ms)
		RebuildScriptCaches (0ms)
		SetupLoadedEditorAssemblies (2146ms)
			LogAssemblyErrors (0ms)
			InitializePlatformSupportModulesInManaged (163ms)
			SetLoadedEditorAssemblies (18ms)
			BeforeProcessingInitializeOnLoad (31ms)
			ProcessInitializeOnLoadAttributes (1429ms)
			ProcessInitializeOnLoadMethodAttributes (457ms)
			AfterProcessingInitializeOnLoad (41ms)
			EditorAssembliesLoaded (6ms)
		ExecutionOrderSort2 (0ms)
		AwakeInstancesAfterBackupRestoration (0ms)
========================================================================
Worker process is ready to serve import requests
Import Worker Mode flag is 0x00
Begin MonoManager ReloadAssembly
- Loaded All Assemblies, in 19.960 seconds
Refreshing native plugins compatible for Editor in 17.39 ms, found 3 plugins.
Native extension for WindowsStandalone target not found
Mono: successfully reloaded assembly
- Finished resetting the current domain, in 13.517 seconds
Domain Reload Profiling: 33503ms
	BeginReloadAssembly (3262ms)
		ExecutionOrderSort (0ms)
		DisableScriptedObjects (45ms)
		BackupInstance (0ms)
		ReleaseScriptingObjects (1ms)
		CreateAndSetChildDomain (220ms)
	RebuildCommonClasses (172ms)
	RebuildNativeTypeToScriptingClass (46ms)
	initialDomainReloadingComplete (190ms)
	LoadAllAssembliesAndSetupDomain (16293ms)
		LoadAssemblies (7879ms)
		RebuildTransferFunctionScriptingTraits (0ms)
		AnalyzeDomain (8938ms)
			TypeCache.Refresh (6801ms)
				TypeCache.ScanAssembly (6262ms)
			BuildScriptInfoCaches (1519ms)
			ResolveRequiredComponents (601ms)
	FinalizeReload (13540ms)
		ReleaseScriptCaches (0ms)
		RebuildScriptCaches (0ms)
		SetupLoadedEditorAssemblies (8396ms)
			LogAssemblyErrors (0ms)
			InitializePlatformSupportModulesInManaged (33ms)
			SetLoadedEditorAssemblies (46ms)
			BeforeProcessingInitializeOnLoad (481ms)
			ProcessInitializeOnLoadAttributes (6469ms)
			ProcessInitializeOnLoadMethodAttributes (1198ms)
			AfterProcessingInitializeOnLoad (158ms)
			EditorAssembliesLoaded (10ms)
		ExecutionOrderSort2 (1ms)
		AwakeInstancesAfterBackupRestoration (354ms)
Error creating external process 'C:/Program Files/Unity/Hub/Editor/6000.0.22f1/Editor/Data/Tools/UnityShaderCompiler.exe' : The paging file is too small for this operation to complete.
Error cleaning up external process: The handle is invalid.
Failed to launch UnityShaderCompiler.exe shader compiler! C:/Program Files/Unity/Hub/Editor/6000.0.22f1/Editor/Data/Tools/UnityShaderCompiler.exe
Error creating external process 'C:/Program Files/Unity/Hub/Editor/6000.0.22f1/Editor/Data/Tools/UnityShaderCompiler.exe' : The paging file is too small for this operation to complete.
Error cleaning up external process: The handle is invalid.
Failed to launch UnityShaderCompiler.exe shader compiler! C:/Program Files/Unity/Hub/Editor/6000.0.22f1/Editor/Data/Tools/UnityShaderCompiler.exe
Error creating external process 'C:/Program Files/Unity/Hub/Editor/6000.0.22f1/Editor/Data/Tools/UnityShaderCompiler.exe' : The paging file is too small for this operation to complete.
Error cleaning up external process: The handle is invalid.
Failed to launch UnityShaderCompiler.exe shader compiler! C:/Program Files/Unity/Hub/Editor/6000.0.22f1/Editor/Data/Tools/UnityShaderCompiler.exe
Error creating external process 'C:/Program Files/Unity/Hub/Editor/6000.0.22f1/Editor/Data/Tools/UnityShaderCompiler.exe' : The paging file is too small for this operation to complete.
Error cleaning up external process: The handle is invalid.
Failed to launch UnityShaderCompiler.exe shader compiler! C:/Program Files/Unity/Hub/Editor/6000.0.22f1/Editor/Data/Tools/UnityShaderCompiler.exe
Error creating external process 'C:/Program Files/Unity/Hub/Editor/6000.0.22f1/Editor/Data/Tools/UnityShaderCompiler.exe' : Insufficient system resources exist to complete the requested service.
Error cleaning up external process: The handle is invalid.
Failed to launch UnityShaderCompiler.exe shader compiler! C:/Program Files/Unity/Hub/Editor/6000.0.22f1/Editor/Data/Tools/UnityShaderCompiler.exe
Error creating external process 'C:/Program Files/Unity/Hub/Editor/6000.0.22f1/Editor/Data/Tools/UnityShaderCompiler.exe' : Not enough memory resources are available to process this command.
Error cleaning up external process: The handle is invalid.
Failed to launch UnityShaderCompiler.exe shader compiler! C:/Program Files/Unity/Hub/Editor/6000.0.22f1/Editor/Data/Tools/UnityShaderCompiler.exe
Error creating external process 'C:/Program Files/Unity/Hub/Editor/6000.0.22f1/Editor/Data/Tools/UnityShaderCompiler.exe' : The paging file is too small for this operation to complete.
Error cleaning up external process: The handle is invalid.
Failed to launch UnityShaderCompiler.exe shader compiler! C:/Program Files/Unity/Hub/Editor/6000.0.22f1/Editor/Data/Tools/UnityShaderCompiler.exe
Error creating external process 'C:/Program Files/Unity/Hub/Editor/6000.0.22f1/Editor/Data/Tools/UnityShaderCompiler.exe' : Not enough memory resources are available to process this command.
Error cleaning up external process: The handle is invalid.
Failed to launch UnityShaderCompiler.exe shader compiler! C:/Program Files/Unity/Hub/Editor/6000.0.22f1/Editor/Data/Tools/UnityShaderCompiler.exe
Error creating external process 'C:/Program Files/Unity/Hub/Editor/6000.0.22f1/Editor/Data/Tools/UnityShaderCompiler.exe' : The paging file is too small for this operation to complete.
Error cleaning up external process: The handle is invalid.
Failed to launch UnityShaderCompiler.exe shader compiler! C:/Program Files/Unity/Hub/Editor/6000.0.22f1/Editor/Data/Tools/UnityShaderCompiler.exe
Error creating external process 'C:/Program Files/Unity/Hub/Editor/6000.0.22f1/Editor/Data/Tools/UnityShaderCompiler.exe' : The paging file is too small for this operation to complete.
Error cleaning up external process: The handle is invalid.
Failed to launch UnityShaderCompiler.exe shader compiler! C:/Program Files/Unity/Hub/Editor/6000.0.22f1/Editor/Data/Tools/UnityShaderCompiler.exe
Shader compiler: failed to launch and initialize compiler executable, even after 10 retries
Shader compiler initialization error: Failed to launch UnityShaderCompiler.exe shader compiler! C:/Program Files/Unity/Hub/Editor/6000.0.22f1/Editor/Data/Tools/UnityShaderCompiler.exe
Fatal Error! Shader compiler initialization error: Failed to launch UnityShaderCompiler.exe shader compiler! C:/Program Files/Unity/Hub/Editor/6000.0.22f1/Editor/Data/Tools/UnityShaderCompiler.exe

Crash!!!
  ERROR: Error while initializing dbghelp.dll, GetLastError: 'The operation completed successfully.' (Address: 0000000000000000)

========== OUTPUTTING STACK TRACE ==================

  ERROR: Error while initializing dbghelp.dll, GetLastError: 'The operation completed successfully.' (Address: 0000000000000000)

========== END OF STACKTRACE ===========

A crash has been intercepted by the crash handler. For call stack and other details, see the latest crash report generated in:
 * C:/Users/ANDREEA/AppData/Local/Temp/Unity/Editor/Crashes
