Using pre-set license
Built from 'trunk' branch; Version is '6000.0.22f1 (001fa5a8e29a) revision 8101'; Using compiler version '193933523'; Build Type 'Release'
OS: 'Windows 11  (10.0.22631) 64bit Professional' Language: 'en' Physical Memory: 5966 MB
BatchMode: 1, IsHumanControllingUs: 0, StartBugReporterOnCrash: 0, Is64bit: 1, IsPro: 1

COMMAND LINE ARGUMENTS:
C:\Program Files\Unity\Hub\Editor\6000.0.22f1\Editor\Unity.exe
-adb2
-batchMode
-noUpm
-name
AssetImportWorker5
-projectPath
C:/Users/ANDREEA/Desktop/RacingGame/RacingGame
-logFile
Logs/AssetImportWorker5.log
-srvPort
52587
-job-worker-count
5
-background-job-worker-count
8
-asset-garbage-collectors
1
Successfully changed project path to: C:/Users/ANDREEA/Desktop/RacingGame/RacingGame
C:/Users/ANDREEA/Desktop/RacingGame/RacingGame
[UnityMemory] Configuration Parameters - Can be set up in boot.config
    "memorysetup-bucket-allocator-granularity=16"
    "memorysetup-bucket-allocator-bucket-count=8"
    "memorysetup-bucket-allocator-block-size=33554432"
    "memorysetup-bucket-allocator-block-count=8"
    "memorysetup-main-allocator-block-size=16777216"
    "memorysetup-thread-allocator-block-size=16777216"
    "memorysetup-gfx-main-allocator-block-size=16777216"
    "memorysetup-gfx-thread-allocator-block-size=16777216"
    "memorysetup-cache-allocator-block-size=4194304"
    "memorysetup-typetree-allocator-block-size=2097152"
    "memorysetup-profiler-bucket-allocator-granularity=16"
    "memorysetup-profiler-bucket-allocator-bucket-count=8"
    "memorysetup-profiler-bucket-allocator-block-size=33554432"
    "memorysetup-profiler-bucket-allocator-block-count=8"
    "memorysetup-profiler-allocator-block-size=16777216"
    "memorysetup-profiler-editor-allocator-block-size=1048576"
    "memorysetup-temp-allocator-size-main=16777216"
    "memorysetup-job-temp-allocator-block-size=2097152"
    "memorysetup-job-temp-allocator-block-size-background=1048576"
    "memorysetup-job-temp-allocator-reduction-small-platforms=262144"
    "memorysetup-allocator-temp-initial-block-size-main=262144"
    "memorysetup-allocator-temp-initial-block-size-worker=262144"
    "memorysetup-temp-allocator-size-background-worker=32768"
    "memorysetup-temp-allocator-size-job-worker=262144"
    "memorysetup-temp-allocator-size-preload-manager=33554432"
    "memorysetup-temp-allocator-size-nav-mesh-worker=65536"
    "memorysetup-temp-allocator-size-audio-worker=65536"
    "memorysetup-temp-allocator-size-cloud-worker=32768"
    "memorysetup-temp-allocator-size-gi-baking-worker=262144"
    "memorysetup-temp-allocator-size-gi-baking-worker=262144"
    "memorysetup-temp-allocator-size-gi-baking-worker=262144"
    "memorysetup-temp-allocator-size-gi-baking-worker=262144"
    "memorysetup-temp-allocator-size-gi-baking-worker=262144"
    "memorysetup-temp-allocator-size-gfx=262144"
Player connection [20584]  Target information:

Player connection [20584]  * "[IP] 192.168.56.1 [Port] 0 [Flags] 2 [Guid] 3955782129 [EditorId] 3955782129 [Version] 1048832 [Id] WindowsEditor(7,DESKTOP-HT3IUV8) [Debug] 1 [PackageName] WindowsEditor [ProjectName] Editor" 

Player connection [20584]  * "[IP] 192.168.81.198 [Port] 0 [Flags] 2 [Guid] 3955782129 [EditorId] 3955782129 [Version] 1048832 [Id] WindowsEditor(7,DESKTOP-HT3IUV8) [Debug] 1 [PackageName] WindowsEditor [ProjectName] Editor" 

Player connection [20584] Host joined multi-casting on [225.0.0.222:54997]...
Player connection [20584] Host joined alternative multi-casting on [225.0.0.222:34997]...
JobSystem: Creating JobQueue using job-worker-count value 5
[Physics::Module] Initialized fallback backend.
[Physics::Module] Id: 0xdecafbad
Library Redirect Path: Library/
[Physics::Module] Selected backend.
[Physics::Module] Name: PhysX
[Physics::Module] Id: 0xf2b8ea05
[Physics::Module] SDK Version: 4.1.2
[Physics::Module] Integration Version: 1.0.0
[Physics::Module] Threading Mode: Multi-Threaded
Refreshing native plugins compatible for Editor in 2.19 ms, found 3 plugins.
Preloading 0 native plugins for Editor in 0.00 ms.
Initialize engine version: 6000.0.22f1 (001fa5a8e29a)
[Subsystems] Discovering subsystems at path C:/Program Files/Unity/Hub/Editor/6000.0.22f1/Editor/Data/Resources/UnitySubsystems
[Subsystems] Discovering subsystems at path C:/Users/ANDREEA/Desktop/RacingGame/RacingGame/Assets
GfxDevice: creating device client; kGfxThreadingModeNonThreaded
Direct3D:
    Version:  Direct3D 11.0 [level 11.1]
    Renderer: AMD Radeon(TM) Graphics (ID=0x164c)
    Vendor:   ATI
    VRAM:     2983 MB
    Driver:   30.0.13044.0
Initialize mono
Mono path[0] = 'C:/Program Files/Unity/Hub/Editor/6000.0.22f1/Editor/Data/Managed'
Mono path[1] = 'C:/Program Files/Unity/Hub/Editor/6000.0.22f1/Editor/Data/MonoBleedingEdge/lib/mono/unityjit-win32'
Mono config path = 'C:/Program Files/Unity/Hub/Editor/6000.0.22f1/Editor/Data/MonoBleedingEdge/etc'
Using monoOptions --debugger-agent=transport=dt_socket,embedding=1,server=y,suspend=n,address=127.0.0.1:56652
Begin MonoManager ReloadAssembly
Registering precompiled unity dll's ...
Register platform support module: C:/Program Files/Unity/Hub/Editor/6000.0.22f1/Editor/Data/PlaybackEngines/WindowsStandaloneSupport/UnityEditor.WindowsStandalone.Extensions.dll
Registered in 0.005680 seconds.
- Loaded All Assemblies, in  2.453 seconds
Native extension for WindowsStandalone target not found
Mono: successfully reloaded assembly
- Finished resetting the current domain, in  1.519 seconds
Domain Reload Profiling: 3971ms
	BeginReloadAssembly (1562ms)
		ExecutionOrderSort (0ms)
		DisableScriptedObjects (0ms)
		BackupInstance (0ms)
		ReleaseScriptingObjects (0ms)
		CreateAndSetChildDomain (5ms)
	RebuildCommonClasses (123ms)
	RebuildNativeTypeToScriptingClass (26ms)
	initialDomainReloadingComplete (181ms)
	LoadAllAssembliesAndSetupDomain (558ms)
		LoadAssemblies (1547ms)
		RebuildTransferFunctionScriptingTraits (0ms)
		AnalyzeDomain (546ms)
			TypeCache.Refresh (542ms)
				TypeCache.ScanAssembly (487ms)
			BuildScriptInfoCaches (0ms)
			ResolveRequiredComponents (1ms)
	FinalizeReload (1521ms)
		ReleaseScriptCaches (0ms)
		RebuildScriptCaches (0ms)
		SetupLoadedEditorAssemblies (1337ms)
			LogAssemblyErrors (0ms)
			InitializePlatformSupportModulesInManaged (71ms)
			SetLoadedEditorAssemblies (22ms)
			BeforeProcessingInitializeOnLoad (19ms)
			ProcessInitializeOnLoadAttributes (1056ms)
			ProcessInitializeOnLoadMethodAttributes (157ms)
			AfterProcessingInitializeOnLoad (12ms)
			EditorAssembliesLoaded (1ms)
		ExecutionOrderSort2 (0ms)
		AwakeInstancesAfterBackupRestoration (0ms)
========================================================================
Worker process is ready to serve import requests
Import Worker Mode flag is 0x00
Begin MonoManager ReloadAssembly
- Loaded All Assemblies, in  8.943 seconds
Refreshing native plugins compatible for Editor in 11.97 ms, found 3 plugins.
Native extension for WindowsStandalone target not found
Mono: successfully reloaded assembly
- Finished resetting the current domain, in  6.228 seconds
Domain Reload Profiling: 15169ms
	BeginReloadAssembly (2128ms)
		ExecutionOrderSort (0ms)
		DisableScriptedObjects (14ms)
		BackupInstance (0ms)
		ReleaseScriptingObjects (0ms)
		CreateAndSetChildDomain (114ms)
	RebuildCommonClasses (108ms)
	RebuildNativeTypeToScriptingClass (27ms)
	initialDomainReloadingComplete (142ms)
	LoadAllAssembliesAndSetupDomain (6533ms)
		LoadAssemblies (4441ms)
		RebuildTransferFunctionScriptingTraits (0ms)
		AnalyzeDomain (2554ms)
			TypeCache.Refresh (2091ms)
				TypeCache.ScanAssembly (1906ms)
			BuildScriptInfoCaches (297ms)
			ResolveRequiredComponents (156ms)
	FinalizeReload (6230ms)
		ReleaseScriptCaches (0ms)
		RebuildScriptCaches (0ms)
		SetupLoadedEditorAssemblies (4103ms)
			LogAssemblyErrors (0ms)
			InitializePlatformSupportModulesInManaged (12ms)
			SetLoadedEditorAssemblies (38ms)
			BeforeProcessingInitializeOnLoad (401ms)
			ProcessInitializeOnLoadAttributes (3077ms)
			ProcessInitializeOnLoadMethodAttributes (559ms)
			AfterProcessingInitializeOnLoad (15ms)
			EditorAssembliesLoaded (1ms)
		ExecutionOrderSort2 (0ms)
		AwakeInstancesAfterBackupRestoration (35ms)
Launched and connected shader compiler UnityShaderCompiler.exe after 0.24 seconds
Refreshing native plugins compatible for Editor in 35.35 ms, found 3 plugins.
Preloading 0 native plugins for Editor in 0.00 ms.
Unloading 198 Unused Serialized files (Serialized files now loaded: 0)
Unloading 5897 unused Assets / (4.8 MB). Loaded Objects now: 6675.
Memory consumption went from 189.2 MB to 184.4 MB.
Total: 412.171900 ms (FindLiveObjects: 53.789800 ms CreateObjectMapping: 40.579800 ms MarkObjects: 266.855100 ms  DeleteObjects: 50.923300 ms)

========================================================================
Received Import Request.
  Time since last request: 140911.181010 seconds.
  path: Assets/Stylized Nature Environment/Terrain/Materials/sky.mat
  artifactKey: Guid(2428d06d7a2314f429d86b01480b3db6) Importer(815301076,1909f56bfc062723c751e8b465ee728b)
Start importing Assets/Stylized Nature Environment/Terrain/Materials/sky.mat using Guid(2428d06d7a2314f429d86b01480b3db6) Importer(815301076,1909f56bfc062723c751e8b465ee728b) (PreviewImporter) -> (artifact id: '133ce639bcab44bdcc573046c8544e37') in 9.6520994 seconds
Number of updated asset objects reloaded before import = 0Number of asset objects unloaded after import = 2

========================================================================
Received Import Request.
  Time since last request: 60.216881 seconds.
  path: Assets/Stylized Nature Environment/Textures/ground_a.psd
  artifactKey: Guid(a4a1d2fdb8e0c5448838218145fb11c9) Importer(815301076,1909f56bfc062723c751e8b465ee728b)
Start importing Assets/Stylized Nature Environment/Textures/ground_a.psd using Guid(a4a1d2fdb8e0c5448838218145fb11c9) Importer(815301076,1909f56bfc062723c751e8b465ee728b) (PreviewImporter) -> (artifact id: 'fa2eccfa2b060b8d2a22a134efe7fbaa') in 0.1158356 seconds
Number of updated asset objects reloaded before import = 0Number of asset objects unloaded after import = 2

========================================================================
Received Import Request.
  Time since last request: 0.000050 seconds.
  path: Assets/Stylized Nature Environment/Textures/sky.png
  artifactKey: Guid(0962663d58acc8647946cab10746e086) Importer(815301076,1909f56bfc062723c751e8b465ee728b)
Start importing Assets/Stylized Nature Environment/Textures/sky.png using Guid(0962663d58acc8647946cab10746e086) Importer(815301076,1909f56bfc062723c751e8b465ee728b) (PreviewImporter) -> (artifact id: '3c12723875a987958b5b920ba5a5c719') in 0.0350423 seconds
Number of updated asset objects reloaded before import = 0Number of asset objects unloaded after import = 2

========================================================================
Received Import Request.
  Time since last request: 0.000107 seconds.
  path: Assets/Stylized Nature Environment/Textures/mountain_normals.psd
  artifactKey: Guid(278ec6bcf4a478d4da8c6b06de57c0ef) Importer(815301076,1909f56bfc062723c751e8b465ee728b)
Start importing Assets/Stylized Nature Environment/Textures/mountain_normals.psd using Guid(278ec6bcf4a478d4da8c6b06de57c0ef) Importer(815301076,1909f56bfc062723c751e8b465ee728b) (PreviewImporter) -> (artifact id: 'ac63c4a019d9a029f2a29fe64f550418') in 0.0761447 seconds
Number of updated asset objects reloaded before import = 0Number of asset objects unloaded after import = 2

========================================================================
Received Import Request.
  Time since last request: 4.515791 seconds.
  path: Assets/Stylized Nature Environment/Materials
  artifactKey: Guid(99453356c893006478c0ec8da8ce1502) Importer(2089858483,192608db42251d675da83286b1cce702)
Start importing Assets/Stylized Nature Environment/Materials using Guid(99453356c893006478c0ec8da8ce1502) Importer(2089858483,192608db42251d675da83286b1cce702) (ScriptedImporter) -> (artifact id: '821d1b5ba6911268ae88d5aa03488a30') in 0.4538098 seconds
Number of updated asset objects reloaded before import = 0Number of asset objects unloaded after import = 1

========================================================================
Received Import Request.
  Time since last request: 1.654615 seconds.
  path: Assets/Stylized Nature Environment/Materials/mountain.mat
  artifactKey: Guid(9518d35be7bbb8b4c855ad20a600b5e5) Importer(2089858483,192608db42251d675da83286b1cce702)
Start importing Assets/Stylized Nature Environment/Materials/mountain.mat using Guid(9518d35be7bbb8b4c855ad20a600b5e5) Importer(2089858483,192608db42251d675da83286b1cce702) (ScriptedImporter) -> (artifact id: 'a4c2cf5cce0e861f79b37d21a82183c6') in 0.0860201 seconds
Number of updated asset objects reloaded before import = 0Number of asset objects unloaded after import = 2

========================================================================
Received Import Request.
  Time since last request: 15.581507 seconds.
  path: Assets/Stylized Nature Environment/Nature/foliage01.psd
  artifactKey: Guid(fba874c609e587e4f8618336e5fa4e26) Importer(815301076,1909f56bfc062723c751e8b465ee728b)
Start importing Assets/Stylized Nature Environment/Nature/foliage01.psd using Guid(fba874c609e587e4f8618336e5fa4e26) Importer(815301076,1909f56bfc062723c751e8b465ee728b) (PreviewImporter) -> (artifact id: 'e82aa9783af6c6884cc1c719627ddfa9') in 0.0520807 seconds
Number of updated asset objects reloaded before import = 0Number of asset objects unloaded after import = 2

========================================================================
Received Import Request.
  Time since last request: 0.000146 seconds.
  path: Assets/Stylized Nature Environment/Nature/tree_j.fbx
  artifactKey: Guid(cceb57b1fea70c94eb2be2c988604e75) Importer(815301076,1909f56bfc062723c751e8b465ee728b)
Start importing Assets/Stylized Nature Environment/Nature/tree_j.fbx using Guid(cceb57b1fea70c94eb2be2c988604e75) Importer(815301076,1909f56bfc062723c751e8b465ee728b) (PreviewImporter) -> (artifact id: 'e7bc5ad9f04addaf7b450bb3022399ff') in 9.8231526 seconds
Number of updated asset objects reloaded before import = 0Number of asset objects unloaded after import = 10

========================================================================
Received Import Request.
  Time since last request: 0.000258 seconds.
  path: Assets/Stylized Nature Environment/Nature/foliage03.psd
  artifactKey: Guid(633164e3c02f2ac479fa66f79859d719) Importer(815301076,1909f56bfc062723c751e8b465ee728b)
Start importing Assets/Stylized Nature Environment/Nature/foliage03.psd using Guid(633164e3c02f2ac479fa66f79859d719) Importer(815301076,1909f56bfc062723c751e8b465ee728b) (PreviewImporter) -> (artifact id: 'c6b6df7cd22a9821b2eb54784b7112b9') in 0.0529528 seconds
Number of updated asset objects reloaded before import = 0Number of asset objects unloaded after import = 2

========================================================================
Received Import Request.
  Time since last request: 0.000089 seconds.
  path: Assets/Stylized Nature Environment/Nature/tree_k.fbx
  artifactKey: Guid(f9f7079375b9f594cbb8e49da61fc719) Importer(815301076,1909f56bfc062723c751e8b465ee728b)
Start importing Assets/Stylized Nature Environment/Nature/tree_k.fbx using Guid(f9f7079375b9f594cbb8e49da61fc719) Importer(815301076,1909f56bfc062723c751e8b465ee728b) (PreviewImporter) -> (artifact id: '9c7c66b7355dcfeed3818d3fb4c0ceab') in 0.0668274 seconds
Number of updated asset objects reloaded before import = 0Number of asset objects unloaded after import = 10

========================================================================
Received Import Request.
  Time since last request: 0.000183 seconds.
  path: Assets/Stylized Nature Environment/Nature/foliage06.psd
  artifactKey: Guid(54e7a4a97b3ae0a41be74acb0b61f20c) Importer(815301076,1909f56bfc062723c751e8b465ee728b)
Start importing Assets/Stylized Nature Environment/Nature/foliage06.psd using Guid(54e7a4a97b3ae0a41be74acb0b61f20c) Importer(815301076,1909f56bfc062723c751e8b465ee728b) (PreviewImporter) -> (artifact id: '632d2a5c68fc1ce9e81324f90c0db264') in 0.0600232 seconds
Number of updated asset objects reloaded before import = 0Number of asset objects unloaded after import = 2

========================================================================
Received Import Request.
  Time since last request: 0.000310 seconds.
  path: Assets/Stylized Nature Environment/Nature/grass01.PSD
  artifactKey: Guid(98f1bb9bb34e89c4b86b5c20db33d56f) Importer(815301076,1909f56bfc062723c751e8b465ee728b)
Start importing Assets/Stylized Nature Environment/Nature/grass01.PSD using Guid(98f1bb9bb34e89c4b86b5c20db33d56f) Importer(815301076,1909f56bfc062723c751e8b465ee728b) (PreviewImporter) -> (artifact id: 'f44b0872bfbddfbd8433382a64052bbc') in 0.0410766 seconds
Number of updated asset objects reloaded before import = 0Number of asset objects unloaded after import = 2

========================================================================
Received Import Request.
  Time since last request: 0.000122 seconds.
  path: Assets/Stylized Nature Environment/Nature/foliage07.psd
  artifactKey: Guid(29dd50bf784368c4abc407c60bf61519) Importer(815301076,1909f56bfc062723c751e8b465ee728b)
Start importing Assets/Stylized Nature Environment/Nature/foliage07.psd using Guid(29dd50bf784368c4abc407c60bf61519) Importer(815301076,1909f56bfc062723c751e8b465ee728b) (PreviewImporter) -> (artifact id: '53007acd403840434397a11d45ac2a80') in 0.0572933 seconds
Number of updated asset objects reloaded before import = 0Number of asset objects unloaded after import = 2

========================================================================
Received Import Request.
  Time since last request: 0.000154 seconds.
  path: Assets/Stylized Nature Environment/Materials/mountain_normals.mat
  artifactKey: Guid(58e43271e07495b4b92a932b801836b1) Importer(815301076,1909f56bfc062723c751e8b465ee728b)
Start importing Assets/Stylized Nature Environment/Materials/mountain_normals.mat using Guid(58e43271e07495b4b92a932b801836b1) Importer(815301076,1909f56bfc062723c751e8b465ee728b) (PreviewImporter) -> (artifact id: '6c45346e0a071e2c0ec4a0c464a5915d') in 0.0557273 seconds
Number of updated asset objects reloaded before import = 0Number of asset objects unloaded after import = 2

========================================================================
Received Import Request.
  Time since last request: 0.000233 seconds.
  path: Assets/Stylized Nature Environment/Nature/tree_h.fbx
  artifactKey: Guid(fd8085ede81f6dd4481420a9e77b93c9) Importer(815301076,1909f56bfc062723c751e8b465ee728b)
Start importing Assets/Stylized Nature Environment/Nature/tree_h.fbx using Guid(fd8085ede81f6dd4481420a9e77b93c9) Importer(815301076,1909f56bfc062723c751e8b465ee728b) (PreviewImporter) -> (artifact id: 'ed3ece62dd2ee7175a475594d143aba9') in 0.0837903 seconds
Number of updated asset objects reloaded before import = 0Number of asset objects unloaded after import = 10

========================================================================
Received Import Request.
  Time since last request: 0.000128 seconds.
  path: Assets/Stylized Nature Environment/Materials/mountain_emission.mat
  artifactKey: Guid(ed096e74aff15a8469cd10502f7efdfa) Importer(815301076,1909f56bfc062723c751e8b465ee728b)
Start importing Assets/Stylized Nature Environment/Materials/mountain_emission.mat using Guid(ed096e74aff15a8469cd10502f7efdfa) Importer(815301076,1909f56bfc062723c751e8b465ee728b) (PreviewImporter) -> (artifact id: 'cb39d747f5d1266316b03f567791931a') in 0.0465504 seconds
Number of updated asset objects reloaded before import = 0Number of asset objects unloaded after import = 2

========================================================================
Received Import Request.
  Time since last request: 10.161075 seconds.
  path: Assets/Race Track Pack/Terrian Textures/Dirty Concrete/Dirty Concrete MetallicSmoothness.png
  artifactKey: Guid(e7897226b0ca89246a46080d203f07f1) Importer(815301076,1909f56bfc062723c751e8b465ee728b)
Start importing Assets/Race Track Pack/Terrian Textures/Dirty Concrete/Dirty Concrete MetallicSmoothness.png using Guid(e7897226b0ca89246a46080d203f07f1) Importer(815301076,1909f56bfc062723c751e8b465ee728b) (PreviewImporter) -> (artifact id: '285cb8da52a28460fabfa4c26b8dae4d') in 0.0489158 seconds
Number of updated asset objects reloaded before import = 0Number of asset objects unloaded after import = 2

========================================================================
Received Import Request.
  Time since last request: 1.189152 seconds.
  path: Assets/Race Track Pack/Terrian Textures/Mud with Stone/Mud With Stone MetallicSmoothness.png
  artifactKey: Guid(9865ededab915a34bb85e24bc53c3beb) Importer(815301076,1909f56bfc062723c751e8b465ee728b)
Start importing Assets/Race Track Pack/Terrian Textures/Mud with Stone/Mud With Stone MetallicSmoothness.png using Guid(9865ededab915a34bb85e24bc53c3beb) Importer(815301076,1909f56bfc062723c751e8b465ee728b) (PreviewImporter) -> (artifact id: '8b7690363c5b3c503a02de06db134680') in 0.0373568 seconds
Number of updated asset objects reloaded before import = 0Number of asset objects unloaded after import = 2

========================================================================
Received Import Request.
  Time since last request: 9.974602 seconds.
  path: Assets/Race Track Pack/Terrian Textures/Rock Soil/Materials/Rock Soil AlbedoTransparency.mat
  artifactKey: Guid(ca288c17cd191a848a242839f61bc10f) Importer(2089858483,192608db42251d675da83286b1cce702)
Start importing Assets/Race Track Pack/Terrian Textures/Rock Soil/Materials/Rock Soil AlbedoTransparency.mat using Guid(ca288c17cd191a848a242839f61bc10f) Importer(2089858483,192608db42251d675da83286b1cce702) (ScriptedImporter) -> (artifact id: '2a488d0d1865152c82d458b3030aba02') in 0.0410992 seconds
Number of updated asset objects reloaded before import = 0Number of asset objects unloaded after import = 2

