Using pre-set license
Built from 'trunk' branch; Version is '6000.0.22f1 (001fa5a8e29a) revision 8101'; Using compiler version '193933523'; Build Type 'Release'
OS: 'Windows 11  (10.0.22631) 64bit Professional' Language: 'en' Physical Memory: 5966 MB
BatchMode: 1, IsHumanControllingUs: 0, StartBugReporterOnCrash: 0, Is64bit: 1, IsPro: 1

COMMAND LINE ARGUMENTS:
C:\Program Files\Unity\Hub\Editor\6000.0.22f1\Editor\Unity.exe
-adb2
-batchMode
-noUpm
-name
AssetImportWorker4
-projectPath
C:/Users/ANDREEA/Desktop/ex/RacingGame/RacingGame
-logFile
Logs/AssetImportWorker4.log
-srvPort
52993
-job-worker-count
5
-background-job-worker-count
8
-asset-garbage-collectors
1
Successfully changed project path to: C:/Users/ANDREEA/Desktop/ex/RacingGame/RacingGame
C:/Users/ANDREEA/Desktop/ex/RacingGame/RacingGame
[UnityMemory] Configuration Parameters - Can be set up in boot.config
    "memorysetup-bucket-allocator-granularity=16"
    "memorysetup-bucket-allocator-bucket-count=8"
    "memorysetup-bucket-allocator-block-size=33554432"
    "memorysetup-bucket-allocator-block-count=8"
    "memorysetup-main-allocator-block-size=16777216"
    "memorysetup-thread-allocator-block-size=16777216"
    "memorysetup-gfx-main-allocator-block-size=16777216"
    "memorysetup-gfx-thread-allocator-block-size=16777216"
    "memorysetup-cache-allocator-block-size=4194304"
    "memorysetup-typetree-allocator-block-size=2097152"
    "memorysetup-profiler-bucket-allocator-granularity=16"
    "memorysetup-profiler-bucket-allocator-bucket-count=8"
    "memorysetup-profiler-bucket-allocator-block-size=33554432"
    "memorysetup-profiler-bucket-allocator-block-count=8"
    "memorysetup-profiler-allocator-block-size=16777216"
    "memorysetup-profiler-editor-allocator-block-size=1048576"
    "memorysetup-temp-allocator-size-main=16777216"
    "memorysetup-job-temp-allocator-block-size=2097152"
    "memorysetup-job-temp-allocator-block-size-background=1048576"
    "memorysetup-job-temp-allocator-reduction-small-platforms=262144"
    "memorysetup-allocator-temp-initial-block-size-main=262144"
    "memorysetup-allocator-temp-initial-block-size-worker=262144"
    "memorysetup-temp-allocator-size-background-worker=32768"
    "memorysetup-temp-allocator-size-job-worker=262144"
    "memorysetup-temp-allocator-size-preload-manager=33554432"
    "memorysetup-temp-allocator-size-nav-mesh-worker=65536"
    "memorysetup-temp-allocator-size-audio-worker=65536"
    "memorysetup-temp-allocator-size-cloud-worker=32768"
    "memorysetup-temp-allocator-size-gi-baking-worker=262144"
    "memorysetup-temp-allocator-size-gi-baking-worker=262144"
    "memorysetup-temp-allocator-size-gi-baking-worker=262144"
    "memorysetup-temp-allocator-size-gi-baking-worker=262144"
    "memorysetup-temp-allocator-size-gi-baking-worker=262144"
    "memorysetup-temp-allocator-size-gfx=262144"
Player connection [3776]  Target information:

Player connection [3776]  * "[IP] 192.168.56.1 [Port] 0 [Flags] 2 [Guid] 27679567 [EditorId] 27679567 [Version] 1048832 [Id] WindowsEditor(7,DESKTOP-HT3IUV8) [Debug] 1 [PackageName] WindowsEditor [ProjectName] Editor" 

Player connection [3776]  * "[IP] 192.168.0.103 [Port] 0 [Flags] 2 [Guid] 27679567 [EditorId] 27679567 [Version] 1048832 [Id] WindowsEditor(7,DESKTOP-HT3IUV8) [Debug] 1 [PackageName] WindowsEditor [ProjectName] Editor" 

Player connection [3776] Host joined multi-casting on [225.0.0.222:54997]...
Player connection [3776] Host joined alternative multi-casting on [225.0.0.222:34997]...
JobSystem: Creating JobQueue using job-worker-count value 5
[Physics::Module] Initialized fallback backend.
[Physics::Module] Id: 0xdecafbad
Library Redirect Path: Library/
[Physics::Module] Selected backend.
[Physics::Module] Name: PhysX
[Physics::Module] Id: 0xf2b8ea05
[Physics::Module] SDK Version: 4.1.2
[Physics::Module] Integration Version: 1.0.0
[Physics::Module] Threading Mode: Multi-Threaded
Refreshing native plugins compatible for Editor in 5.66 ms, found 3 plugins.
Preloading 0 native plugins for Editor in 0.00 ms.
Initialize engine version: 6000.0.22f1 (001fa5a8e29a)
[Subsystems] Discovering subsystems at path C:/Program Files/Unity/Hub/Editor/6000.0.22f1/Editor/Data/Resources/UnitySubsystems
[Subsystems] Discovering subsystems at path C:/Users/ANDREEA/Desktop/ex/RacingGame/RacingGame/Assets
GfxDevice: creating device client; kGfxThreadingModeNonThreaded
Direct3D:
    Version:  Direct3D 11.0 [level 11.1]
    Renderer: AMD Radeon(TM) Graphics (ID=0x164c)
    Vendor:   ATI
    VRAM:     2983 MB
    Driver:   30.0.13044.0
Initialize mono
Mono path[0] = 'C:/Program Files/Unity/Hub/Editor/6000.0.22f1/Editor/Data/Managed'
Mono path[1] = 'C:/Program Files/Unity/Hub/Editor/6000.0.22f1/Editor/Data/MonoBleedingEdge/lib/mono/unityjit-win32'
Mono config path = 'C:/Program Files/Unity/Hub/Editor/6000.0.22f1/Editor/Data/MonoBleedingEdge/etc'
Using monoOptions --debugger-agent=transport=dt_socket,embedding=1,server=y,suspend=n,address=127.0.0.1:56176
Begin MonoManager ReloadAssembly
Registering precompiled unity dll's ...
Register platform support module: C:/Program Files/Unity/Hub/Editor/6000.0.22f1/Editor/Data/PlaybackEngines/WindowsStandaloneSupport/UnityEditor.WindowsStandalone.Extensions.dll
Registered in 0.004747 seconds.
- Loaded All Assemblies, in  0.662 seconds
Native extension for WindowsStandalone target not found
Mono: successfully reloaded assembly
- Finished resetting the current domain, in  0.476 seconds
Domain Reload Profiling: 1138ms
	BeginReloadAssembly (281ms)
		ExecutionOrderSort (0ms)
		DisableScriptedObjects (0ms)
		BackupInstance (0ms)
		ReleaseScriptingObjects (0ms)
		CreateAndSetChildDomain (3ms)
	RebuildCommonClasses (68ms)
	RebuildNativeTypeToScriptingClass (16ms)
	initialDomainReloadingComplete (83ms)
	LoadAllAssembliesAndSetupDomain (212ms)
		LoadAssemblies (275ms)
		RebuildTransferFunctionScriptingTraits (0ms)
		AnalyzeDomain (207ms)
			TypeCache.Refresh (203ms)
				TypeCache.ScanAssembly (183ms)
			BuildScriptInfoCaches (1ms)
			ResolveRequiredComponents (2ms)
	FinalizeReload (478ms)
		ReleaseScriptCaches (0ms)
		RebuildScriptCaches (0ms)
		SetupLoadedEditorAssemblies (412ms)
			LogAssemblyErrors (0ms)
			InitializePlatformSupportModulesInManaged (28ms)
			SetLoadedEditorAssemblies (6ms)
			BeforeProcessingInitializeOnLoad (10ms)
			ProcessInitializeOnLoadAttributes (269ms)
			ProcessInitializeOnLoadMethodAttributes (95ms)
			AfterProcessingInitializeOnLoad (3ms)
			EditorAssembliesLoaded (0ms)
		ExecutionOrderSort2 (0ms)
		AwakeInstancesAfterBackupRestoration (0ms)
========================================================================
Worker process is ready to serve import requests
Import Worker Mode flag is 0x00
Begin MonoManager ReloadAssembly
- Loaded All Assemblies, in  3.654 seconds
Refreshing native plugins compatible for Editor in 7.97 ms, found 3 plugins.
Native extension for WindowsStandalone target not found
Mono: successfully reloaded assembly
- Finished resetting the current domain, in  2.781 seconds
Domain Reload Profiling: 6416ms
	BeginReloadAssembly (1699ms)
		ExecutionOrderSort (0ms)
		DisableScriptedObjects (19ms)
		BackupInstance (0ms)
		ReleaseScriptingObjects (0ms)
		CreateAndSetChildDomain (117ms)
	RebuildCommonClasses (70ms)
	RebuildNativeTypeToScriptingClass (21ms)
	initialDomainReloadingComplete (88ms)
	LoadAllAssembliesAndSetupDomain (1756ms)
		LoadAssemblies (1380ms)
		RebuildTransferFunctionScriptingTraits (0ms)
		AnalyzeDomain (650ms)
			TypeCache.Refresh (468ms)
				TypeCache.ScanAssembly (414ms)
			BuildScriptInfoCaches (152ms)
			ResolveRequiredComponents (23ms)
	FinalizeReload (2782ms)
		ReleaseScriptCaches (0ms)
		RebuildScriptCaches (0ms)
		SetupLoadedEditorAssemblies (2029ms)
			LogAssemblyErrors (0ms)
			InitializePlatformSupportModulesInManaged (7ms)
			SetLoadedEditorAssemblies (11ms)
			BeforeProcessingInitializeOnLoad (115ms)
			ProcessInitializeOnLoadAttributes (1684ms)
			ProcessInitializeOnLoadMethodAttributes (201ms)
			AfterProcessingInitializeOnLoad (10ms)
			EditorAssembliesLoaded (1ms)
		ExecutionOrderSort2 (0ms)
		AwakeInstancesAfterBackupRestoration (12ms)
Launched and connected shader compiler UnityShaderCompiler.exe after 0.03 seconds
Refreshing native plugins compatible for Editor in 1.48 ms, found 3 plugins.
Preloading 0 native plugins for Editor in 0.00 ms.
Unloading 198 Unused Serialized files (Serialized files now loaded: 0)
Unloading 5897 unused Assets / (5.8 MB). Loaded Objects now: 6665.
Memory consumption went from 182.2 MB to 176.4 MB.
Total: 31.143700 ms (FindLiveObjects: 2.438200 ms CreateObjectMapping: 3.042400 ms MarkObjects: 15.016800 ms  DeleteObjects: 10.639800 ms)

========================================================================
Received Import Request.
  Time since last request: 175167.644239 seconds.
  path: Assets/Race Track Pack/Models/Tunnels and Bridge Models.fbx
  artifactKey: Guid(3d9e6e1336a0f254c92d82324601bf92) Importer(815301076,1909f56bfc062723c751e8b465ee728b)
Start importing Assets/Race Track Pack/Models/Tunnels and Bridge Models.fbx using Guid(3d9e6e1336a0f254c92d82324601bf92) Importer(815301076,1909f56bfc062723c751e8b465ee728b) (PreviewImporter) -> (artifact id: '73d0a1e92bd28efe5af51a63bd96f18d') in 12.3121906 seconds
Number of updated asset objects reloaded before import = 0Number of asset objects unloaded after import = 39

========================================================================
Received Import Request.
  Time since last request: 0.000146 seconds.
  path: Assets/Race Track Pack/Prefabs/Track Props/Net bar.prefab
  artifactKey: Guid(c5521214aa005f84dbfb7c0aeabb2440) Importer(815301076,1909f56bfc062723c751e8b465ee728b)
Start importing Assets/Race Track Pack/Prefabs/Track Props/Net bar.prefab using Guid(c5521214aa005f84dbfb7c0aeabb2440) Importer(815301076,1909f56bfc062723c751e8b465ee728b) (PreviewImporter) -> (artifact id: '1c08d393a7c8e8d23bf8cb77d80863ba') in 14.1530471 seconds
Number of updated asset objects reloaded before import = 0Number of asset objects unloaded after import = 41

========================================================================
Received Import Request.
  Time since last request: 26.544192 seconds.
  path: Assets/Models/Grass.png
  artifactKey: Guid(8fe7fb34a2b82764d91c41c0be35327b) Importer(815301076,1909f56bfc062723c751e8b465ee728b)
Start importing Assets/Models/Grass.png using Guid(8fe7fb34a2b82764d91c41c0be35327b) Importer(815301076,1909f56bfc062723c751e8b465ee728b) (PreviewImporter) -> (artifact id: 'e41ad086891eee9f6a050eae3b52b09a') in 0.0402349 seconds
Number of updated asset objects reloaded before import = 0Number of asset objects unloaded after import = 2

========================================================================
Received Import Request.
  Time since last request: 79.708000 seconds.
  path: Assets/Race Track Pack/Prefabs/Tunnels and Bridge/Bridge.prefab
  artifactKey: Guid(97f3b0528ef93a84d97ecdc7b2b804c9) Importer(815301076,1909f56bfc062723c751e8b465ee728b)
Start importing Assets/Race Track Pack/Prefabs/Tunnels and Bridge/Bridge.prefab using Guid(97f3b0528ef93a84d97ecdc7b2b804c9) Importer(815301076,1909f56bfc062723c751e8b465ee728b) (PreviewImporter) -> (artifact id: 'bc8e365d203e99ad7189423523d9d4cd') in 0.0537099 seconds
Number of updated asset objects reloaded before import = 0Number of asset objects unloaded after import = 67

========================================================================
Received Import Request.
  Time since last request: 0.000060 seconds.
  path: Assets/Race Track Pack/Prefabs/Tunnels and Bridge/Bridge_Plane.prefab
  artifactKey: Guid(3501a57d6613c9740a5e655d11249941) Importer(815301076,1909f56bfc062723c751e8b465ee728b)
Start importing Assets/Race Track Pack/Prefabs/Tunnels and Bridge/Bridge_Plane.prefab using Guid(3501a57d6613c9740a5e655d11249941) Importer(815301076,1909f56bfc062723c751e8b465ee728b) (PreviewImporter) -> (artifact id: 'fd697a0213dbc3d4f484c4e12e6b5e24') in 0.0647351 seconds
Number of updated asset objects reloaded before import = 0Number of asset objects unloaded after import = 12

========================================================================
Received Import Request.
  Time since last request: 0.000167 seconds.
  path: Assets/Race Track Pack/Prefabs/Tunnels and Bridge/Tunnels_straight.prefab
  artifactKey: Guid(55fdb04009221c34bbaca5f23f62e824) Importer(815301076,1909f56bfc062723c751e8b465ee728b)
Start importing Assets/Race Track Pack/Prefabs/Tunnels and Bridge/Tunnels_straight.prefab using Guid(55fdb04009221c34bbaca5f23f62e824) Importer(815301076,1909f56bfc062723c751e8b465ee728b) (PreviewImporter) -> (artifact id: 'a98837c70b74896b6efa99d5265f9d50') in 0.0482673 seconds
Number of updated asset objects reloaded before import = 0Number of asset objects unloaded after import = 12

========================================================================
Received Import Request.
  Time since last request: 0.000086 seconds.
  path: Assets/Race Track Pack/Prefabs/Tunnels and Bridge/Tunnels_straight01.prefab
  artifactKey: Guid(1c4b1f5cad67263458911cab3c08b372) Importer(815301076,1909f56bfc062723c751e8b465ee728b)
Start importing Assets/Race Track Pack/Prefabs/Tunnels and Bridge/Tunnels_straight01.prefab using Guid(1c4b1f5cad67263458911cab3c08b372) Importer(815301076,1909f56bfc062723c751e8b465ee728b) (PreviewImporter) -> (artifact id: '3fc95b789bf6c43c35da90cbcbe1e42b') in 0.0460777 seconds
Number of updated asset objects reloaded before import = 0Number of asset objects unloaded after import = 12

========================================================================
Received Import Request.
  Time since last request: 0.000191 seconds.
  path: Assets/Race Track Pack/Prefabs/Tunnels and Bridge/Tunnels_curve 1.prefab
  artifactKey: Guid(9e21214d3d82a214a81077302a661f57) Importer(815301076,1909f56bfc062723c751e8b465ee728b)
Start importing Assets/Race Track Pack/Prefabs/Tunnels and Bridge/Tunnels_curve 1.prefab using Guid(9e21214d3d82a214a81077302a661f57) Importer(815301076,1909f56bfc062723c751e8b465ee728b) (PreviewImporter) -> (artifact id: '0d82e034b18147d7dc93e08d8c58c31d') in 0.056072 seconds
Number of updated asset objects reloaded before import = 0Number of asset objects unloaded after import = 12

========================================================================
Received Import Request.
  Time since last request: 0.000071 seconds.
  path: Assets/Race Track Pack/Prefabs/Tunnels and Bridge/Tunnels_Curve.prefab
  artifactKey: Guid(156e5b2c2ee0a0d46bdb592a0b2ffac8) Importer(815301076,1909f56bfc062723c751e8b465ee728b)
Start importing Assets/Race Track Pack/Prefabs/Tunnels and Bridge/Tunnels_Curve.prefab using Guid(156e5b2c2ee0a0d46bdb592a0b2ffac8) Importer(815301076,1909f56bfc062723c751e8b465ee728b) (PreviewImporter) -> (artifact id: 'd4f9c3da15ee13c397400befac5bf818') in 0.059402 seconds
Number of updated asset objects reloaded before import = 0Number of asset objects unloaded after import = 12

Editor requested this worker to shutdown with reason: Scaling down because of idle timeout
AssetImportWorker is now disconnected from the server
Process exiting
Exiting without the bug reporter. Application will terminate with return code 0