Using pre-set license
Built from 'trunk' branch; Version is '6000.0.22f1 (001fa5a8e29a) revision 8101'; Using compiler version '193933523'; Build Type 'Release'
OS: 'Windows 11  (10.0.22631) 64bit Professional' Language: 'en' Physical Memory: 5966 MB
BatchMode: 1, IsHumanControllingUs: 0, StartBugReporterOnCrash: 0, Is64bit: 1, IsPro: 1

COMMAND LINE ARGUMENTS:
C:\Program Files\Unity\Hub\Editor\6000.0.22f1\Editor\Unity.exe
-adb2
-batchMode
-noUpm
-name
AssetImportWorker19
-projectPath
C:/Users/ANDREEA/Desktop/ex/RacingGame/RacingGame
-logFile
Logs/AssetImportWorker19.log
-srvPort
61830
-job-worker-count
5
-background-job-worker-count
8
-asset-garbage-collectors
1
Successfully changed project path to: C:/Users/ANDREEA/Desktop/ex/RacingGame/RacingGame
C:/Users/ANDREEA/Desktop/ex/RacingGame/RacingGame
[UnityMemory] Configuration Parameters - Can be set up in boot.config
    "memorysetup-bucket-allocator-granularity=16"
    "memorysetup-bucket-allocator-bucket-count=8"
    "memorysetup-bucket-allocator-block-size=33554432"
    "memorysetup-bucket-allocator-block-count=8"
    "memorysetup-main-allocator-block-size=16777216"
    "memorysetup-thread-allocator-block-size=16777216"
    "memorysetup-gfx-main-allocator-block-size=16777216"
    "memorysetup-gfx-thread-allocator-block-size=16777216"
    "memorysetup-cache-allocator-block-size=4194304"
    "memorysetup-typetree-allocator-block-size=2097152"
    "memorysetup-profiler-bucket-allocator-granularity=16"
    "memorysetup-profiler-bucket-allocator-bucket-count=8"
    "memorysetup-profiler-bucket-allocator-block-size=33554432"
    "memorysetup-profiler-bucket-allocator-block-count=8"
    "memorysetup-profiler-allocator-block-size=16777216"
    "memorysetup-profiler-editor-allocator-block-size=1048576"
    "memorysetup-temp-allocator-size-main=16777216"
    "memorysetup-job-temp-allocator-block-size=2097152"
    "memorysetup-job-temp-allocator-block-size-background=1048576"
    "memorysetup-job-temp-allocator-reduction-small-platforms=262144"
    "memorysetup-allocator-temp-initial-block-size-main=262144"
    "memorysetup-allocator-temp-initial-block-size-worker=262144"
    "memorysetup-temp-allocator-size-background-worker=32768"
    "memorysetup-temp-allocator-size-job-worker=262144"
    "memorysetup-temp-allocator-size-preload-manager=33554432"
    "memorysetup-temp-allocator-size-nav-mesh-worker=65536"
    "memorysetup-temp-allocator-size-audio-worker=65536"
    "memorysetup-temp-allocator-size-cloud-worker=32768"
    "memorysetup-temp-allocator-size-gi-baking-worker=262144"
    "memorysetup-temp-allocator-size-gi-baking-worker=262144"
    "memorysetup-temp-allocator-size-gi-baking-worker=262144"
    "memorysetup-temp-allocator-size-gi-baking-worker=262144"
    "memorysetup-temp-allocator-size-gi-baking-worker=262144"
    "memorysetup-temp-allocator-size-gfx=262144"
Player connection [27360]  Target information:

Player connection [27360]  * "[IP] 192.168.56.1 [Port] 0 [Flags] 2 [Guid] 3681513865 [EditorId] 3681513865 [Version] 1048832 [Id] WindowsEditor(7,DESKTOP-HT3IUV8) [Debug] 1 [PackageName] WindowsEditor [ProjectName] Editor" 

Player connection [27360]  * "[IP] 192.168.0.103 [Port] 0 [Flags] 2 [Guid] 3681513865 [EditorId] 3681513865 [Version] 1048832 [Id] WindowsEditor(7,DESKTOP-HT3IUV8) [Debug] 1 [PackageName] WindowsEditor [ProjectName] Editor" 

Player connection [27360] Host joined multi-casting on [225.0.0.222:54997]...
Player connection [27360] Host joined alternative multi-casting on [225.0.0.222:34997]...
JobSystem: Creating JobQueue using job-worker-count value 5
[Physics::Module] Initialized fallback backend.
[Physics::Module] Id: 0xdecafbad
Library Redirect Path: Library/
[Physics::Module] Selected backend.
[Physics::Module] Name: PhysX
[Physics::Module] Id: 0xf2b8ea05
[Physics::Module] SDK Version: 4.1.2
[Physics::Module] Integration Version: 1.0.0
[Physics::Module] Threading Mode: Multi-Threaded
Refreshing native plugins compatible for Editor in 303.05 ms, found 3 plugins.
Preloading 0 native plugins for Editor in 0.00 ms.
Initialize engine version: 6000.0.22f1 (001fa5a8e29a)
[Subsystems] Discovering subsystems at path C:/Program Files/Unity/Hub/Editor/6000.0.22f1/Editor/Data/Resources/UnitySubsystems
[Subsystems] Discovering subsystems at path C:/Users/ANDREEA/Desktop/ex/RacingGame/RacingGame/Assets
GfxDevice: creating device client; kGfxThreadingModeNonThreaded
Direct3D:
    Version:  Direct3D 11.0 [level 11.1]
    Renderer: AMD Radeon(TM) Graphics (ID=0x164c)
    Vendor:   ATI
    VRAM:     2983 MB
    Driver:   30.0.13044.0
Initialize mono
Mono path[0] = 'C:/Program Files/Unity/Hub/Editor/6000.0.22f1/Editor/Data/Managed'
Mono path[1] = 'C:/Program Files/Unity/Hub/Editor/6000.0.22f1/Editor/Data/MonoBleedingEdge/lib/mono/unityjit-win32'
Mono config path = 'C:/Program Files/Unity/Hub/Editor/6000.0.22f1/Editor/Data/MonoBleedingEdge/etc'
Using monoOptions --debugger-agent=transport=dt_socket,embedding=1,server=y,suspend=n,address=127.0.0.1:56696
Begin MonoManager ReloadAssembly
Registering precompiled unity dll's ...
Register platform support module: C:/Program Files/Unity/Hub/Editor/6000.0.22f1/Editor/Data/PlaybackEngines/WindowsStandaloneSupport/UnityEditor.WindowsStandalone.Extensions.dll
Registered in 0.022862 seconds.
- Loaded All Assemblies, in  2.371 seconds
Native extension for WindowsStandalone target not found
Mono: successfully reloaded assembly
- Finished resetting the current domain, in  2.218 seconds
Domain Reload Profiling: 4582ms
	BeginReloadAssembly (893ms)
		ExecutionOrderSort (0ms)
		DisableScriptedObjects (0ms)
		BackupInstance (0ms)
		ReleaseScriptingObjects (0ms)
		CreateAndSetChildDomain (2ms)
	RebuildCommonClasses (215ms)
	RebuildNativeTypeToScriptingClass (42ms)
	initialDomainReloadingComplete (371ms)
	LoadAllAssembliesAndSetupDomain (843ms)
		LoadAssemblies (894ms)
		RebuildTransferFunctionScriptingTraits (0ms)
		AnalyzeDomain (825ms)
			TypeCache.Refresh (821ms)
				TypeCache.ScanAssembly (770ms)
			BuildScriptInfoCaches (0ms)
			ResolveRequiredComponents (1ms)
	FinalizeReload (2219ms)
		ReleaseScriptCaches (0ms)
		RebuildScriptCaches (0ms)
		SetupLoadedEditorAssemblies (1730ms)
			LogAssemblyErrors (0ms)
			InitializePlatformSupportModulesInManaged (119ms)
			SetLoadedEditorAssemblies (17ms)
			BeforeProcessingInitializeOnLoad (20ms)
			ProcessInitializeOnLoadAttributes (1235ms)
			ProcessInitializeOnLoadMethodAttributes (307ms)
			AfterProcessingInitializeOnLoad (31ms)
			EditorAssembliesLoaded (0ms)
		ExecutionOrderSort2 (0ms)
		AwakeInstancesAfterBackupRestoration (0ms)
========================================================================
Worker process is ready to serve import requests
Import Worker Mode flag is 0x00
Begin MonoManager ReloadAssembly
- Loaded All Assemblies, in 22.632 seconds
Refreshing native plugins compatible for Editor in 8.35 ms, found 3 plugins.
Native extension for WindowsStandalone target not found
Mono: successfully reloaded assembly
- Finished resetting the current domain, in 14.139 seconds
Domain Reload Profiling: 36792ms
	BeginReloadAssembly (4975ms)
		ExecutionOrderSort (0ms)
		DisableScriptedObjects (73ms)
		BackupInstance (0ms)
		ReleaseScriptingObjects (22ms)
		CreateAndSetChildDomain (212ms)
	RebuildCommonClasses (170ms)
	RebuildNativeTypeToScriptingClass (67ms)
	initialDomainReloadingComplete (372ms)
	LoadAllAssembliesAndSetupDomain (17041ms)
		LoadAssemblies (9681ms)
		RebuildTransferFunctionScriptingTraits (0ms)
		AnalyzeDomain (8220ms)
			TypeCache.Refresh (6105ms)
				TypeCache.ScanAssembly (4758ms)
			BuildScriptInfoCaches (1576ms)
			ResolveRequiredComponents (378ms)
	FinalizeReload (14168ms)
		ReleaseScriptCaches (0ms)
		RebuildScriptCaches (0ms)
		SetupLoadedEditorAssemblies (8586ms)
			LogAssemblyErrors (0ms)
			InitializePlatformSupportModulesInManaged (10ms)
			SetLoadedEditorAssemblies (38ms)
			BeforeProcessingInitializeOnLoad (563ms)
			ProcessInitializeOnLoadAttributes (6453ms)
			ProcessInitializeOnLoadMethodAttributes (1299ms)
			AfterProcessingInitializeOnLoad (207ms)
			EditorAssembliesLoaded (17ms)
		ExecutionOrderSort2 (0ms)
		AwakeInstancesAfterBackupRestoration (93ms)
Error creating external process 'C:/Program Files/Unity/Hub/Editor/6000.0.22f1/Editor/Data/Tools/UnityShaderCompiler.exe' : The paging file is too small for this operation to complete.
Error cleaning up external process: The handle is invalid.
Failed to launch UnityShaderCompiler.exe shader compiler! C:/Program Files/Unity/Hub/Editor/6000.0.22f1/Editor/Data/Tools/UnityShaderCompiler.exe
Error creating external process 'C:/Program Files/Unity/Hub/Editor/6000.0.22f1/Editor/Data/Tools/UnityShaderCompiler.exe' : The paging file is too small for this operation to complete.
Error cleaning up external process: The handle is invalid.
Failed to launch UnityShaderCompiler.exe shader compiler! C:/Program Files/Unity/Hub/Editor/6000.0.22f1/Editor/Data/Tools/UnityShaderCompiler.exe
Error creating external process 'C:/Program Files/Unity/Hub/Editor/6000.0.22f1/Editor/Data/Tools/UnityShaderCompiler.exe' : The paging file is too small for this operation to complete.
Error cleaning up external process: The handle is invalid.
Failed to launch UnityShaderCompiler.exe shader compiler! C:/Program Files/Unity/Hub/Editor/6000.0.22f1/Editor/Data/Tools/UnityShaderCompiler.exe
Error creating external process 'C:/Program Files/Unity/Hub/Editor/6000.0.22f1/Editor/Data/Tools/UnityShaderCompiler.exe' : The paging file is too small for this operation to complete.
Error cleaning up external process: The handle is invalid.
Failed to launch UnityShaderCompiler.exe shader compiler! C:/Program Files/Unity/Hub/Editor/6000.0.22f1/Editor/Data/Tools/UnityShaderCompiler.exe
Error creating external process 'C:/Program Files/Unity/Hub/Editor/6000.0.22f1/Editor/Data/Tools/UnityShaderCompiler.exe' : The paging file is too small for this operation to complete.
Error cleaning up external process: The handle is invalid.
Failed to launch UnityShaderCompiler.exe shader compiler! C:/Program Files/Unity/Hub/Editor/6000.0.22f1/Editor/Data/Tools/UnityShaderCompiler.exe
Error creating external process 'C:/Program Files/Unity/Hub/Editor/6000.0.22f1/Editor/Data/Tools/UnityShaderCompiler.exe' : The paging file is too small for this operation to complete.
Error cleaning up external process: The handle is invalid.
Failed to launch UnityShaderCompiler.exe shader compiler! C:/Program Files/Unity/Hub/Editor/6000.0.22f1/Editor/Data/Tools/UnityShaderCompiler.exe
Error creating external process 'C:/Program Files/Unity/Hub/Editor/6000.0.22f1/Editor/Data/Tools/UnityShaderCompiler.exe' : The paging file is too small for this operation to complete.
Error cleaning up external process: The handle is invalid.
Failed to launch UnityShaderCompiler.exe shader compiler! C:/Program Files/Unity/Hub/Editor/6000.0.22f1/Editor/Data/Tools/UnityShaderCompiler.exe
Error creating external process 'C:/Program Files/Unity/Hub/Editor/6000.0.22f1/Editor/Data/Tools/UnityShaderCompiler.exe' : The paging file is too small for this operation to complete.
Error cleaning up external process: The handle is invalid.
Failed to launch UnityShaderCompiler.exe shader compiler! C:/Program Files/Unity/Hub/Editor/6000.0.22f1/Editor/Data/Tools/UnityShaderCompiler.exe
Error creating external process 'C:/Program Files/Unity/Hub/Editor/6000.0.22f1/Editor/Data/Tools/UnityShaderCompiler.exe' : The paging file is too small for this operation to complete.
Error cleaning up external process: The handle is invalid.
Failed to launch UnityShaderCompiler.exe shader compiler! C:/Program Files/Unity/Hub/Editor/6000.0.22f1/Editor/Data/Tools/UnityShaderCompiler.exe
Error creating external process 'C:/Program Files/Unity/Hub/Editor/6000.0.22f1/Editor/Data/Tools/UnityShaderCompiler.exe' : The paging file is too small for this operation to complete.
Error cleaning up external process: The handle is invalid.
Failed to launch UnityShaderCompiler.exe shader compiler! C:/Program Files/Unity/Hub/Editor/6000.0.22f1/Editor/Data/Tools/UnityShaderCompiler.exe
Shader compiler: failed to launch and initialize compiler executable, even after 10 retries
Shader compiler initialization error: Failed to launch UnityShaderCompiler.exe shader compiler! C:/Program Files/Unity/Hub/Editor/6000.0.22f1/Editor/Data/Tools/UnityShaderCompiler.exe
Fatal Error! Shader compiler initialization error: Failed to launch UnityShaderCompiler.exe shader compiler! C:/Program Files/Unity/Hub/Editor/6000.0.22f1/Editor/Data/Tools/UnityShaderCompiler.exe

Crash!!!
SymInit: Symbol-SearchPath: 'C:/Program Files/Unity/Hub/Editor/6000.0.22f1/Editor/Data/Mono;.;C:\Users\ANDREEA\Desktop\ex\RacingGame\RacingGame;C:\Users\ANDREEA\Desktop\ex\RacingGame\RacingGame\Library\BurstCache\JIT;C:\Program Files\Unity\Hub\Editor\6000.0.22f1\Editor;C:\WINDOWS;C:\WINDOWS\system32;', symOptions: 534, UserName: 'ANDREEA'
OS-Version: 10.0.0
C:\Program Files\Unity\Hub\Editor\6000.0.22f1\Editor\Unity.exe:Unity.exe (00007FF6DDA20000), size: 188416 (result: 0), SymType: '-deferred-', PDB: '', fileVersion: 6000.0.22.8101
C:\WINDOWS\SYSTEM32\ntdll.dll:ntdll.dll (00007FFC98630000), size: 2191360 (result: 0), SymType: '-deferred-', PDB: '', fileVersion: 10.0.22621.4391
C:\WINDOWS\System32\KERNEL32.DLL:KERNEL32.DLL (00007FFC96D80000), size: 802816 (result: 0), SymType: '-deferred-', PDB: '', fileVersion: 10.0.22621.4391
C:\WINDOWS\System32\KERNELBASE.dll:KERNELBASE.dll (00007FFC95DB0000), size: 3903488 (result: 0), SymType: '-deferred-', PDB: '', fileVersion: 10.0.22621.4391
C:\WINDOWS\System32\USER32.dll:USER32.dll (00007FFC96990000), size: 1761280 (result: 0), SymType: '-deferred-', PDB: '', fileVersion: 10.0.22621.4391
C:\WINDOWS\System32\win32u.dll:win32u.dll (00007FFC96230000), size: 155648 (result: 0), SymType: '-deferred-', PDB: '', fileVersion: 10.0.22621.4460
C:\WINDOWS\System32\GDI32.dll:GDI32.dll (00007FFC96F10000), size: 167936 (result: 0), SymType: '-deferred-', PDB: '', fileVersion: 10.0.22621.4036
C:\WINDOWS\System32\gdi32full.dll:gdi32full.dll (00007FFC95C90000), size: 1159168 (result: 0), SymType: '-deferred-', PDB: '', fileVersion: 10.0.22621.4391
C:\WINDOWS\System32\msvcp_win.dll:msvcp_win.dll (00007FFC95930000), size: 630784 (result: 0), SymType: '-deferred-', PDB: '', fileVersion: 10.0.22621.3374
C:\WINDOWS\System32\ucrtbase.dll:ucrtbase.dll (00007FFC959D0000), size: 1118208 (result: 0), SymType: '-deferred-', PDB: '', fileVersion: 10.0.22621.3593
C:\WINDOWS\System32\IMM32.DLL:IMM32.DLL (00007FFC98520000), size: 200704 (result: 0), SymType: '-deferred-', PDB: '', fileVersion: 10.0.22621.3374
C:\Program Files\Unity\Hub\Editor\6000.0.22f1\Editor\Unity.dll:Unity.dll (00007FFC172D0000), size: 86495232 (result: 0), SymType: '-deferred-', PDB: '', fileVersion: 6000.0.22.8101
C:\WINDOWS\System32\CRYPT32.dll:CRYPT32.dll (00007FFC95B20000), size: 1466368 (result: 0), SymType: '-deferred-', PDB: '', fileVersion: 10.0.22621.4391
C:\WINDOWS\System32\bcrypt.dll:bcrypt.dll (00007FFC95AF0000), size: 163840 (result: 0), SymType: '-deferred-', PDB: '', fileVersion: 10.0.22621.2506
C:\WINDOWS\System32\ADVAPI32.dll:ADVAPI32.dll (00007FFC96E50000), size: 729088 (result: 0), SymType: '-deferred-', PDB: '', fileVersion: 10.0.22621.4391
C:\WINDOWS\System32\msvcrt.dll:msvcrt.dll (00007FFC96360000), size: 684032 (result: 0), SymType: '-deferred-', PDB: '', fileVersion: 7.0.22621.2506
C:\WINDOWS\System32\sechost.dll:sechost.dll (00007FFC97610000), size: 684032 (result: 0), SymType: '-deferred-', PDB: '', fileVersion: 10.0.22621.4391
C:\WINDOWS\System32\RPCRT4.dll:RPCRT4.dll (00007FFC97160000), size: 1130496 (result: 0), SymType: '-deferred-', PDB: '', fileVersion: 10.0.22621.4249
C:\WINDOWS\System32\ole32.dll:ole32.dll (00007FFC982F0000), size: 1724416 (result: 0), SymType: '-deferred-', PDB: '', fileVersion: 10.0.22621.3958
C:\WINDOWS\System32\combase.dll:combase.dll (00007FFC97280000), size: 3731456 (result: 0), SymType: '-deferred-', PDB: '', fileVersion: 10.0.22621.4391
C:\WINDOWS\System32\SETUPAPI.dll:SETUPAPI.dll (00007FFC96410000), size: 4669440 (result: 0), SymType: '-deferred-', PDB: '', fileVersion: 10.0.22621.2506
C:\WINDOWS\System32\SHELL32.dll:SHELL32.dll (00007FFC97A20000), size: 8871936 (result: 0), SymType: '-deferred-', PDB: '', fileVersion: 10.0.22621.4460
C:\Program Files\Unity\Hub\Editor\6000.0.22f1\Editor\libfbxsdk.dll:libfbxsdk.dll (00007FFC599C0000), size: 8019968 (result: 0), SymType: '-deferred-', PDB: '', fileVersion: 2020.3.7.0
C:\WINDOWS\System32\SHLWAPI.dll:SHLWAPI.dll (00007FFC97830000), size: 385024 (result: 0), SymType: '-deferred-', PDB: '', fileVersion: 10.0.22621.4391
C:\Program Files\Unity\Hub\Editor\6000.0.22f1\Editor\s3tcompress.dll:s3tcompress.dll (00007FFC90A30000), size: 180224 (result: 0), SymType: '-deferred-', PDB: ''
C:\WINDOWS\System32\WS2_32.dll:WS2_32.dll (00007FFC976C0000), size: 462848 (result: 0), SymType: '-deferred-', PDB: '', fileVersion: 10.0.22621.1
C:\Program Files\Unity\Hub\Editor\6000.0.22f1\Editor\etccompress.dll:etccompress.dll (00007FFC601D0000), size: 5070848 (result: 0), SymType: '-deferred-', PDB: ''
C:\WINDOWS\System32\OLEAUT32.dll:OLEAUT32.dll (00007FFC97740000), size: 880640 (result: 0), SymType: '-deferred-', PDB: '', fileVersion: 10.0.22621.3672
C:\Program Files\Unity\Hub\Editor\6000.0.22f1\Editor\ispc_texcomp.dll:ispc_texcomp.dll (00007FFC646D0000), size: 1826816 (result: 0), SymType: '-deferred-', PDB: ''
C:\WINDOWS\System32\WINTRUST.dll:WINTRUST.dll (00007FFC96260000), size: 442368 (result: 0), SymType: '-deferred-', PDB: '', fileVersion: 10.0.22621.4391
C:\Program Files\Unity\Hub\Editor\6000.0.22f1\Editor\compress_bc7e.dll:compress_bc7e.dll (00007FFC61780000), size: 1433600 (result: 0), SymType: '-deferred-', PDB: ''
C:\Program Files\Unity\Hub\Editor\6000.0.22f1\Editor\WinPixEventRuntime.dll:WinPixEventRuntime.dll (00007FFC90AB0000), size: 53248 (result: 0), SymType: '-deferred-', PDB: '', fileVersion: 1.0.2201.24001
C:\Program Files\Unity\Hub\Editor\6000.0.22f1\Editor\FreeImage.dll:FreeImage.dll (0000000180000000), size: 5783552 (result: 0), SymType: '-deferred-', PDB: '', fileVersion: 3.18.0.0
C:\Program Files\Unity\Hub\Editor\6000.0.22f1\Editor\umbraoptimizer64.dll:umbraoptimizer64.dll (00007FFC64FB0000), size: 1187840 (result: 0), SymType: '-deferred-', PDB: ''
C:\WINDOWS\SYSTEM32\d3d11.dll:d3d11.dll (00007FFC8FFB0000), size: 2453504 (result: 0), SymType: '-deferred-', PDB: '', fileVersion: 10.0.22621.4391
C:\WINDOWS\SYSTEM32\d3d12.dll:d3d12.dll (00007FFC90A00000), size: 155648 (result: 0), SymType: '-deferred-', PDB: '', fileVersion: 10.0.22621.4391
C:\WINDOWS\SYSTEM32\dwmapi.dll:dwmapi.dll (00007FFC929A0000), size: 176128 (result: 0), SymType: '-deferred-', PDB: '', fileVersion: 10.0.22621.4391
C:\WINDOWS\SYSTEM32\dxgi.dll:dxgi.dll (00007FFC92890000), size: 1011712 (result: 0), SymType: '-deferred-', PDB: '', fileVersion: 10.0.22621.4036
C:\WINDOWS\SYSTEM32\IPHLPAPI.DLL:IPHLPAPI.DLL (00007FFC94390000), size: 184320 (result: 0), SymType: '-deferred-', PDB: '', fileVersion: 10.0.22621.1
C:\WINDOWS\SYSTEM32\HID.DLL:HID.DLL (00007FFC94130000), size: 57344 (result: 0), SymType: '-deferred-', PDB: '', fileVersion: 10.0.22621.1
C:\WINDOWS\SYSTEM32\OPENGL32.dll:OPENGL32.dll (00007FFC655E0000), size: 1048576 (result: 0), SymType: '-deferred-', PDB: '', fileVersion: 10.0.22621.4391
C:\WINDOWS\SYSTEM32\MSVCP140.dll:MSVCP140.dll (00007FFC89690000), size: 577536 (result: 0), SymType: '-deferred-', PDB: '', fileVersion: 14.40.33810.0
C:\WINDOWS\SYSTEM32\VCRUNTIME140.dll:VCRUNTIME140.dll (00007FFC89130000), size: 122880 (result: 0), SymType: '-deferred-', PDB: '', fileVersion: 14.40.33810.0
C:\WINDOWS\SYSTEM32\VCRUNTIME140_1.dll:VCRUNTIME140_1.dll (00007FFC89120000), size: 49152 (result: 0), SymType: '-deferred-', PDB: '', fileVersion: 14.40.33810.0
C:\WINDOWS\SYSTEM32\WINHTTP.dll:WINHTTP.dll (00007FFC91020000), size: 1269760 (result: 0), SymType: '-deferred-', PDB: '', fileVersion: 10.0.22621.4391
C:\WINDOWS\SYSTEM32\WINMM.dll:WINMM.dll (00007FFC931E0000), size: 212992 (result: 0), SymType: '-deferred-', PDB: '', fileVersion: 10.0.22621.4391
C:\WINDOWS\SYSTEM32\GLU32.dll:GLU32.dll (00007FFC829B0000), size: 184320 (result: 0), SymType: '-deferred-', PDB: '', fileVersion: 10.0.22621.2506
C:\Program Files\Unity\Hub\Editor\6000.0.22f1\Editor\SketchUpAPI.dll:SketchUpAPI.dll (00007FFC5A170000), size: 8990720 (result: 0), SymType: '-deferred-', PDB: '', fileVersion: 23.0.0.0
C:\Program Files\Unity\Hub\Editor\6000.0.22f1\Editor\NativeProxyHelper.dll:NativeProxyHelper.dll (00007FFC612F0000), size: 1789952 (result: 0), SymType: '-deferred-', PDB: ''
C:\WINDOWS\SYSTEM32\VERSION.dll:VERSION.dll (00007FFC8D0B0000), size: 40960 (result: 0), SymType: '-deferred-', PDB: '', fileVersion: 10.0.22621.1
C:\WINDOWS\SYSTEM32\WSOCK32.dll:WSOCK32.dll (00007FFC90AA0000), size: 36864 (result: 0), SymType: '-deferred-', PDB: '', fileVersion: 10.0.22621.1
C:\Program Files\Unity\Hub\Editor\6000.0.22f1\Editor\SketchUpCommonPreferences.dll:SketchUpCommonPreferences.dll (00007FFC6DA70000), size: 499712 (result: 0), SymType: '-deferred-', PDB: '', fileVersion: 23.0.0.0
C:\WINDOWS\SYSTEM32\Secur32.dll:Secur32.dll (00007FFC94700000), size: 49152 (result: 0), SymType: '-deferred-', PDB: '', fileVersion: 10.0.22621.1
C:\WINDOWS\SYSTEM32\dxcore.dll:dxcore.dll (00007FFC92850000), size: 225280 (result: 0), SymType: '-deferred-', PDB: '', fileVersion: 10.0.22621.4391
C:\WINDOWS\SYSTEM32\SSPICLI.DLL:SSPICLI.DLL (00007FFC94B90000), size: 274432 (result: 0), SymType: '-deferred-', PDB: '', fileVersion: 10.0.22621.3810
C:\Program Files\Unity\Hub\Editor\6000.0.22f1\Editor\OpenRL.dll:OpenRL.dll (0000021E34340000), size: 12779520 (result: 0), SymType: '-deferred-', PDB: '', fileVersion: 1.5.0.2907
C:\WINDOWS\SYSTEM32\MSVCR100.dll:MSVCR100.dll (000000006EE10000), size: 856064 (result: 0), SymType: '-deferred-', PDB: '', fileVersion: 10.0.30319.415
C:\WINDOWS\SYSTEM32\MSVCP100.dll:MSVCP100.dll (000000006EEF0000), size: 622592 (result: 0), SymType: '-deferred-', PDB: '', fileVersion: 10.0.30319.415
C:\Program Files\Unity\Hub\Editor\6000.0.22f1\Editor\embree.dll:embree.dll (00007FFC316A0000), size: 16711680 (result: 0), SymType: '-deferred-', PDB: '', fileVersion: 2.14.0.0
C:\WINDOWS\SYSTEM32\cfgmgr32.DLL:cfgmgr32.DLL (00007FFC955A0000), size: 319488 (result: 0), SymType: '-deferred-', PDB: '', fileVersion: 10.0.22621.2506
C:\WINDOWS\SYSTEM32\MSWSOCK.DLL:MSWSOCK.DLL (00007FFC94DA0000), size: 430080 (result: 0), SymType: '-deferred-', PDB: '', fileVersion: 10.0.22621.2506
C:\Program Files\Unity\Hub\Editor\6000.0.22f1\Editor\tbb.dll:tbb.dll (00007FFC905E0000), size: 303104 (result: 0), SymType: '-deferred-', PDB: '', fileVersion: 2020.3.2022.1111
C:\Program Files\Unity\Hub\Editor\6000.0.22f1\Editor\OpenRL_pthread.dll:OpenRL_pthread.dll (0000021E34F90000), size: 61440 (result: 0), SymType: '-deferred-', PDB: '', fileVersion: 2.9.0.0
C:\WINDOWS\SYSTEM32\MSASN1.dll:MSASN1.dll (00007FFC95550000), size: 73728 (result: 0), SymType: '-deferred-', PDB: '', fileVersion: 10.0.22621.2506
C:\WINDOWS\System32\bcryptprimitives.dll:bcryptprimitives.dll (00007FFC962D0000), size: 503808 (result: 0), SymType: '-deferred-', PDB: '', fileVersion: 10.0.22621.4317
C:\WINDOWS\SYSTEM32\kernel.appcore.dll:kernel.appcore.dll (00007FFC94930000), size: 98304 (result: 0), SymType: '-deferred-', PDB: '', fileVersion: 10.0.22621.3958
C:\WINDOWS\system32\uxtheme.dll:uxtheme.dll (00007FFC92730000), size: 724992 (result: 0), SymType: '-deferred-', PDB: '', fileVersion: 10.0.22621.4391
C:\WINDOWS\SYSTEM32\windows.storage.dll:windows.storage.dll (00007FFC93820000), size: 9449472 (result: 0), SymType: '-deferred-', PDB: '', fileVersion: 10.0.22621.4391
C:\WINDOWS\SYSTEM32\wintypes.dll:wintypes.dll (00007FFC936E0000), size: 1306624 (result: 0), SymType: '-deferred-', PDB: '', fileVersion: 10.0.22621.3810
C:\WINDOWS\System32\SHCORE.dll:SHCORE.dll (00007FFC96890000), size: 1019904 (result: 0), SymType: '-deferred-', PDB: '', fileVersion: 10.0.22621.4391
C:\WINDOWS\SYSTEM32\profapi.dll:profapi.dll (00007FFC95860000), size: 176128 (result: 0), SymType: '-deferred-', PDB: '', fileVersion: 10.0.22621.4391
C:\WINDOWS\system32\IconCodecService.dll:IconCodecService.dll (00007FFC8CEF0000), size: 36864 (result: 0), SymType: '-deferred-', PDB: '', fileVersion: 10.0.22621.1
C:\WINDOWS\SYSTEM32\WindowsCodecs.dll:WindowsCodecs.dll (00007FFC92540000), size: 1769472 (result: 0), SymType: '-deferred-', PDB: '', fileVersion: 10.0.22621.4455
C:\WINDOWS\System32\clbcatq.dll:clbcatq.dll (00007FFC96F40000), size: 720896 (result: 0), SymType: '-deferred-', PDB: '', fileVersion: 2001.12.10941.16384
C:\WINDOWS\System32\netprofm.dll:netprofm.dll (00007FFC92320000), size: 491520 (result: 0), SymType: '-deferred-', PDB: '', fileVersion: 10.0.22621.3527
C:\WINDOWS\System32\NSI.dll:NSI.dll (00007FFC97820000), size: 36864 (result: 0), SymType: '-deferred-', PDB: '', fileVersion: 10.0.22621.1
C:\WINDOWS\SYSTEM32\dhcpcsvc6.DLL:dhcpcsvc6.DLL (00007FFC90F40000), size: 102400 (result: 0), SymType: '-deferred-', PDB: '', fileVersion: 10.0.22621.2506
C:\WINDOWS\System32\npmproxy.dll:npmproxy.dll (00007FFC8EDA0000), size: 98304 (result: 0), SymType: '-deferred-', PDB: '', fileVersion: 10.0.22621.3527
C:\WINDOWS\SYSTEM32\dhcpcsvc.DLL:dhcpcsvc.DLL (00007FFC90F20000), size: 126976 (result: 0), SymType: '-deferred-', PDB: '', fileVersion: 10.0.22621.2506
C:\WINDOWS\SYSTEM32\DNSAPI.dll:DNSAPI.dll (00007FFC94400000), size: 1056768 (result: 0), SymType: '-deferred-', PDB: '', fileVersion: 10.0.22621.4391
C:\WINDOWS\system32\napinsp.dll:napinsp.dll (00007FFC3ABD0000), size: 94208 (result: 0), SymType: '-deferred-', PDB: '', fileVersion: 10.0.22621.1
C:\WINDOWS\system32\pnrpnsp.dll:pnrpnsp.dll (00007FFC3ABB0000), size: 110592 (result: 0), SymType: '-deferred-', PDB: '', fileVersion: 10.0.22621.1
C:\WINDOWS\System32\winrnr.dll:winrnr.dll (00007FFC3A820000), size: 69632 (result: 0), SymType: '-deferred-', PDB: '', fileVersion: 10.0.22621.1
C:\WINDOWS\system32\wshbth.dll:wshbth.dll (00007FFC6FD10000), size: 86016 (result: 0), SymType: '-deferred-', PDB: '', fileVersion: 10.0.22621.3958
C:\WINDOWS\system32\nlansp_c.dll:nlansp_c.dll (00007FFC3C310000), size: 159744 (result: 0), SymType: '-deferred-', PDB: '', fileVersion: 10.0.22621.4391
C:\WINDOWS\System32\fwpuclnt.dll:fwpuclnt.dll (00007FFC8F060000), size: 536576 (result: 0), SymType: '-deferred-', PDB: '', fileVersion: 10.0.22621.4249
C:\Windows\System32\rasadhlp.dll:rasadhlp.dll (00007FFC8E1C0000), size: 40960 (result: 0), SymType: '-deferred-', PDB: '', fileVersion: 10.0.22621.1
C:\Program Files\Unity\Hub\Editor\6000.0.22f1\Editor\AMDUnityPlugin.DLL:AMDUnityPlugin.DLL (00007FFC1F260000), size: 8814592 (result: 0), SymType: '-deferred-', PDB: ''
C:\Program Files\Unity\Hub\Editor\6000.0.22f1\Editor\NVUnityPlugin.DLL:NVUnityPlugin.DLL (00007FFC572B0000), size: 1609728 (result: 0), SymType: '-deferred-', PDB: ''
C:\Program Files\Unity\Hub\Editor\6000.0.22f1\Editor\Data\Tools\astcenc-avx2.dll:astcenc-avx2.dll (00007FFC57710000), size: 364544 (result: 0), SymType: '-deferred-', PDB: ''
C:\WINDOWS\System32\MMDevApi.dll:MMDevApi.dll (00007FFC8DD30000), size: 647168 (result: 0), SymType: '-deferred-', PDB: '', fileVersion: 10.0.22621.4111
C:\WINDOWS\System32\DEVOBJ.dll:DEVOBJ.dll (00007FFC95570000), size: 180224 (result: 0), SymType: '-deferred-', PDB: '', fileVersion: 10.0.22621.2506
C:\WINDOWS\SYSTEM32\directxdatabasehelper.dll:directxdatabasehelper.dll (00007FFC854E0000), size: 299008 (result: 0), SymType: '-deferred-', PDB: '', fileVersion: 10.0.22621.4391
C:\WINDOWS\System32\DriverStore\FileRepository\u0380680.inf_amd64_af18cc8f47b8a04e\B374868\aticfx64.dll:aticfx64.dll (00007FFC7E570000), size: 1802240 (result: 0), SymType: '-deferred-', PDB: '', fileVersion: 30.0.13044.0
C:\WINDOWS\System32\DriverStore\FileRepository\u0380680.inf_amd64_af18cc8f47b8a04e\B374868\atiuxp64.dll:atiuxp64.dll (00007FFC7E3C0000), size: 233472 (result: 0), SymType: '-deferred-', PDB: '', fileVersion: 30.0.13044.0
C:\WINDOWS\System32\DriverStore\FileRepository\u0380680.inf_amd64_af18cc8f47b8a04e\B374868\atidxx64.dll:atidxx64.dll (00007FFC7C480000), size: 32731136 (result: 0), SymType: '-deferred-', PDB: '', fileVersion: 30.0.13044.0
C:\WINDOWS\SYSTEM32\apphelp.dll:apphelp.dll (00007FFC90E80000), size: 618496 (result: 0), SymType: '-deferred-', PDB: '', fileVersion: 10.0.22621.4391
C:\WINDOWS\SYSTEM32\amdihk64.dll:amdihk64.dll (00007FFC7C450000), size: 196608 (result: 0), SymType: '-deferred-', PDB: '', fileVersion: 2.0.0.1788
C:\WINDOWS\SYSTEM32\D3DSCache.dll:D3DSCache.dll (00007FFC7BFF0000), size: 192512 (result: 0), SymType: '-deferred-', PDB: '', fileVersion: 10.0.22621.4391
C:\WINDOWS\SYSTEM32\USERENV.dll:USERENV.dll (00007FFC94E40000), size: 163840 (result: 0), SymType: '-deferred-', PDB: '', fileVersion: 10.0.22621.3527
C:\WINDOWS\system32\wbem\wbemprox.dll:wbemprox.dll (00007FFC86AD0000), size: 65536 (result: 0), SymType: '-deferred-', PDB: '', fileVersion: 10.0.22621.3672
C:\WINDOWS\SYSTEM32\wbemcomn.dll:wbemcomn.dll (00007FFC87820000), size: 524288 (result: 0), SymType: '-deferred-', PDB: '', fileVersion: 10.0.22621.2506
C:\WINDOWS\system32\wbem\wbemsvc.dll:wbemsvc.dll (00007FFC85040000), size: 81920 (result: 0), SymType: '-deferred-', PDB: '', fileVersion: 10.0.22621.3672
C:\WINDOWS\system32\wbem\fastprox.dll:fastprox.dll (00007FFC84C60000), size: 1015808 (result: 0), SymType: '-deferred-', PDB: '', fileVersion: 10.0.22621.4391
C:\WINDOWS\SYSTEM32\amsi.dll:amsi.dll (00007FFC858C0000), size: 118784 (result: 0), SymType: '-deferred-', PDB: '', fileVersion: 10.0.22621.3527
C:\ProgramData\Microsoft\Windows Defender\Platform\4.18.24090.11-0\MpOav.dll:MpOav.dll (00007FFC85830000), size: 536576 (result: 0), SymType: '-deferred-', PDB: '', fileVersion: 4.18.24090.11
C:\WINDOWS\SYSTEM32\opencl.dll:opencl.dll (00007FFC57820000), size: 118784 (result: 0), SymType: '-deferred-', PDB: '', fileVersion: 3.0.1.0
C:\Program Files\Unity\Hub\Editor\6000.0.22f1\Editor\radeonrays.dll:radeonrays.dll (00007FFC576B0000), size: 344064 (result: 0), SymType: '-deferred-', PDB: ''
C:\Program Files\Unity\Hub\Editor\6000.0.22f1\Editor\Data\MonoBleedingEdge\EmbedRuntime\mono-2.0-bdwgc.dll:mono-2.0-bdwgc.dll (00007FFC20AC0000), size: 10756096 (result: 0), SymType: '-deferred-', PDB: ''
C:\WINDOWS\SYSTEM32\dbghelp.dll:dbghelp.dll (00007FFC92F60000), size: 2301952 (result: 0), SymType: '-deferred-', PDB: '', fileVersion: 10.0.22621.3593
C:\WINDOWS\System32\psapi.dll:psapi.dll (00007FFC96350000), size: 32768 (result: 0), SymType: '-deferred-', PDB: '', fileVersion: 10.0.22621.1

========== OUTPUTTING STACK TRACE ==================

0x00007FFC95E0FA4C (KERNELBASE) RaiseException
SymInit: Symbol-SearchPath: 'C:/Program Files/Unity/Hub/Editor/6000.0.22f1/Editor/Data/Mono;.;C:\Users\ANDREEA\Desktop\ex\RacingGame\RacingGame;C:\Users\ANDREEA\Desktop\ex\RacingGame\RacingGame\Library\BurstCache\JIT;C:\Program Files\Unity\Hub\Editor\6000.0.22f1\Editor;C:\WINDOWS;C:\WINDOWS\system32;', symOptions: 534, UserName: 'ANDREEA'
OS-Version: 10.0.0
C:\Program Files\Unity\Hub\Editor\6000.0.22f1\Editor\Unity.exe:Unity.exe (00007FF6DDA20000), size: 188416 (result: 0), SymType: 'PDB', PDB: 'C:\Program Files\Unity\Hub\Editor\6000.0.22f1\Editor\Unity_exe_x64.pdb', fileVersion: 6000.0.22.8101
: (00007FFC98630000), size: 2191360 (result: 0), SymType: '-nosymbols-', PDB: 'C:\WINDOWS\SYSTEM32\ntdll.dll'
C:\WINDOWS\System32\KERNEL32.DLL:KERNEL32.DLL (00007FFC96D80000), size: 802816 (result: 0), SymType: '-nosymbols-', PDB: 'C:\WINDOWS\System32\KERNEL32.DLL', fileVersion: 10.0.22621.4391
C:\WINDOWS\System32\KERNELBASE.dll:KERNELBASE.dll (00007FFC95DB0000), size: 3903488 (result: 0), SymType: '-exported-', PDB: 'C:\WINDOWS\System32\KERNELBASE.dll', fileVersion: 10.0.22621.4391
C:\WINDOWS\System32\USER32.dll:USER32.dll (00007FFC96990000), size: 1761280 (result: 0), SymType: '-nosymbols-', PDB: 'C:\WINDOWS\System32\USER32.dll', fileVersion: 10.0.22621.4391
C:\WINDOWS\System32\win32u.dll:win32u.dll (00007FFC96230000), size: 155648 (result: 0), SymType: '-nosymbols-', PDB: 'C:\WINDOWS\System32\win32u.dll', fileVersion: 10.0.22621.4460
C:\WINDOWS\System32\GDI32.dll:GDI32.dll (00007FFC96F10000), size: 167936 (result: 0), SymType: '-nosymbols-', PDB: 'C:\WINDOWS\System32\GDI32.dll', fileVersion: 10.0.22621.4036
C:\WINDOWS\System32\gdi32full.dll:gdi32full.dll (00007FFC95C90000), size: 1159168 (result: 0), SymType: '-nosymbols-', PDB: 'C:\WINDOWS\System32\gdi32full.dll', fileVersion: 10.0.22621.4391
C:\WINDOWS\System32\msvcp_win.dll:msvcp_win.dll (00007FFC95930000), size: 630784 (result: 0), SymType: '-nosymbols-', PDB: 'C:\WINDOWS\System32\msvcp_win.dll', fileVersion: 10.0.22621.3374
C:\WINDOWS\System32\ucrtbase.dll:ucrtbase.dll (00007FFC959D0000), size: 1118208 (result: 0), SymType: '-nosymbols-', PDB: 'C:\WINDOWS\System32\ucrtbase.dll', fileVersion: 10.0.22621.3593
C:\WINDOWS\System32\IMM32.DLL:IMM32.DLL (00007FFC98520000), size: 200704 (result: 0), SymType: '-nosymbols-', PDB: 'C:\WINDOWS\System32\IMM32.DLL', fileVersion: 10.0.22621.3374
C:\Program Files\Unity\Hub\Editor\6000.0.22f1\Editor\Unity.dll:Unity.dll (00007FFC172D0000), size: 86495232 (result: 0), SymType: '-exported-', PDB: 'C:\Program Files\Unity\Hub\Editor\6000.0.22f1\Editor\Unity.dll', fileVersion: 6000.0.22.8101
C:\WINDOWS\System32\CRYPT32.dll:CRYPT32.dll (00007FFC95B20000), size: 1466368 (result: 0), SymType: '-nosymbols-', PDB: 'C:\WINDOWS\System32\CRYPT32.dll', fileVersion: 10.0.22621.4391
C:\WINDOWS\System32\bcrypt.dll:bcrypt.dll (00007FFC95AF0000), size: 163840 (result: 0), SymType: '-nosymbols-', PDB: 'C:\WINDOWS\System32\bcrypt.dll', fileVersion: 10.0.22621.2506
C:\WINDOWS\System32\ADVAPI32.dll:ADVAPI32.dll (00007FFC96E50000), size: 729088 (result: 0), SymType: '-nosymbols-', PDB: 'C:\WINDOWS\System32\ADVAPI32.dll', fileVersion: 10.0.22621.4391
C:\WINDOWS\System32\msvcrt.dll:msvcrt.dll (00007FFC96360000), size: 684032 (result: 0), SymType: '-nosymbols-', PDB: 'C:\WINDOWS\System32\msvcrt.dll', fileVersion: 7.0.22621.2506
C:\WINDOWS\System32\sechost.dll:sechost.dll (00007FFC97610000), size: 684032 (result: 0), SymType: '-nosymbols-', PDB: 'C:\WINDOWS\System32\sechost.dll', fileVersion: 10.0.22621.4391
C:\WINDOWS\System32\RPCRT4.dll:RPCRT4.dll (00007FFC97160000), size: 1130496 (result: 0), SymType: '-nosymbols-', PDB: 'C:\WINDOWS\System32\RPCRT4.dll', fileVersion: 10.0.22621.4249
C:\WINDOWS\System32\ole32.dll:ole32.dll (00007FFC982F0000), size: 1724416 (result: 0), SymType: '-nosymbols-', PDB: 'C:\WINDOWS\System32\ole32.dll', fileVersion: 10.0.22621.3958
C:\WINDOWS\System32\combase.dll:combase.dll (00007FFC97280000), size: 3731456 (result: 0), SymType: '-nosymbols-', PDB: 'C:\WINDOWS\System32\combase.dll', fileVersion: 10.0.22621.4391
C:\WINDOWS\System32\SETUPAPI.dll:SETUPAPI.dll (00007FFC96410000), size: 4669440 (result: 0), SymType: '-nosymbols-', PDB: 'C:\WINDOWS\System32\SETUPAPI.dll', fileVersion: 10.0.22621.2506
C:\WINDOWS\System32\SHELL32.dll:SHELL32.dll (00007FFC97A20000), size: 8871936 (result: 0), SymType: '-nosymbols-', PDB: 'C:\WINDOWS\System32\SHELL32.dll', fileVersion: 10.0.22621.4460
C:\Program Files\Unity\Hub\Editor\6000.0.22f1\Editor\libfbxsdk.dll:libfbxsdk.dll (00007FFC599C0000), size: 8019968 (result: 0), SymType: '-nosymbols-', PDB: 'C:\Program Files\Unity\Hub\Editor\6000.0.22f1\Editor\libfbxsdk.dll', fileVersion: 2020.3.7.0
C:\WINDOWS\System32\SHLWAPI.dll:SHLWAPI.dll (00007FFC97830000), size: 385024 (result: 0), SymType: '-exported-', PDB: 'C:\WINDOWS\System32\SHLWAPI.dll', fileVersion: 10.0.22621.4391
C:\Program Files\Unity\Hub\Editor\6000.0.22f1\Editor\s3tcompress.dll:s3tcompress.dll (00007FFC90A30000), size: 180224 (result: 0), SymType: '-nosymbols-', PDB: 'C:\Program Files\Unity\Hub\Editor\6000.0.22f1\Editor\s3tcompress.dll'
C:\WINDOWS\System32\WS2_32.dll:WS2_32.dll (00007FFC976C0000), size: 462848 (result: 0), SymType: '-exported-', PDB: 'C:\WINDOWS\System32\WS2_32.dll', fileVersion: 10.0.22621.1
C:\Program Files\Unity\Hub\Editor\6000.0.22f1\Editor\etccompress.dll:etccompress.dll (00007FFC601D0000), size: 5070848 (result: 0), SymType: '-nosymbols-', PDB: 'C:\Program Files\Unity\Hub\Editor\6000.0.22f1\Editor\etccompress.dll'
C:\WINDOWS\System32\OLEAUT32.dll:OLEAUT32.dll (00007FFC97740000), size: 880640 (result: 0), SymType: '-nosymbols-', PDB: 'C:\WINDOWS\System32\OLEAUT32.dll', fileVersion: 10.0.22621.3672
C:\Program Files\Unity\Hub\Editor\6000.0.22f1\Editor\ispc_texcomp.dll:ispc_texcomp.dll (00007FFC646D0000), size: 1826816 (result: 0), SymType: '-nosymbols-', PDB: 'C:\Program Files\Unity\Hub\Editor\6000.0.22f1\Editor\ispc_texcomp.dll'
C:\WINDOWS\System32\WINTRUST.dll:WINTRUST.dll (00007FFC96260000), size: 442368 (result: 0), SymType: '-nosymbols-', PDB: 'C:\WINDOWS\System32\WINTRUST.dll', fileVersion: 10.0.22621.4391
C:\Program Files\Unity\Hub\Editor\6000.0.22f1\Editor\compress_bc7e.dll:compress_bc7e.dll (00007FFC61780000), size: 1433600 (result: 0), SymType: '-nosymbols-', PDB: 'C:\Program Files\Unity\Hub\Editor\6000.0.22f1\Editor\compress_bc7e.dll'
C:\Program Files\Unity\Hub\Editor\6000.0.22f1\Editor\WinPixEventRuntime.dll:WinPixEventRuntime.dll (00007FFC90AB0000), size: 53248 (result: 0), SymType: '-nosymbols-', PDB: 'C:\Program Files\Unity\Hub\Editor\6000.0.22f1\Editor\WinPixEventRuntime.dll', fileVersion: 1.0.2201.24001
C:\Program Files\Unity\Hub\Editor\6000.0.22f1\Editor\FreeImage.dll:FreeImage.dll (0000000180000000), size: 5783552 (result: 0), SymType: '-nosymbols-', PDB: 'C:\Program Files\Unity\Hub\Editor\6000.0.22f1\Editor\FreeImage.dll', fileVersion: 3.18.0.0
C:\Program Files\Unity\Hub\Editor\6000.0.22f1\Editor\umbraoptimizer64.dll:umbraoptimizer64.dll (00007FFC64FB0000), size: 1187840 (result: 0), SymType: '-nosymbols-', PDB: 'C:\Program Files\Unity\Hub\Editor\6000.0.22f1\Editor\umbraoptimizer64.dll'
C:\WINDOWS\SYSTEM32\d3d11.dll:d3d11.dll (00007FFC8FFB0000), size: 2453504 (result: 0), SymType: '-exported-', PDB: 'C:\WINDOWS\SYSTEM32\d3d11.dll', fileVersion: 10.0.22621.4391
C:\WINDOWS\SYSTEM32\d3d12.dll:d3d12.dll (00007FFC90A00000), size: 155648 (result: 0), SymType: '-nosymbols-', PDB: 'C:\WINDOWS\SYSTEM32\d3d12.dll', fileVersion: 10.0.22621.4391
C:\WINDOWS\SYSTEM32\dwmapi.dll:dwmapi.dll (00007FFC929A0000), size: 176128 (result: 0), SymType: '-nosymbols-', PDB: 'C:\WINDOWS\SYSTEM32\dwmapi.dll', fileVersion: 10.0.22621.4391
C:\WINDOWS\SYSTEM32\dxgi.dll:dxgi.dll (00007FFC92890000), size: 1011712 (result: 0), SymType: '-nosymbols-', PDB: 'C:\WINDOWS\SYSTEM32\dxgi.dll', fileVersion: 10.0.22621.4036
C:\WINDOWS\SYSTEM32\IPHLPAPI.DLL:IPHLPAPI.DLL (00007FFC94390000), size: 184320 (result: 0), SymType: '-nosymbols-', PDB: 'C:\WINDOWS\SYSTEM32\IPHLPAPI.DLL', fileVersion: 10.0.22621.1
C:\WINDOWS\SYSTEM32\HID.DLL:HID.DLL (00007FFC94130000), size: 57344 (result: 0), SymType: '-nosymbols-', PDB: 'C:\WINDOWS\SYSTEM32\HID.DLL', fileVersion: 10.0.22621.1
C:\WINDOWS\SYSTEM32\OPENGL32.dll:OPENGL32.dll (00007FFC655E0000), size: 1048576 (result: 0), SymType: '-nosymbols-', PDB: 'C:\WINDOWS\SYSTEM32\OPENGL32.dll', fileVersion: 10.0.22621.4391
C:\WINDOWS\SYSTEM32\MSVCP140.dll:MSVCP140.dll (00007FFC89690000), size: 577536 (result: 0), SymType: '-nosymbols-', PDB: 'C:\WINDOWS\SYSTEM32\MSVCP140.dll', fileVersion: 14.40.33810.0
C:\WINDOWS\SYSTEM32\VCRUNTIME140.dll:VCRUNTIME140.dll (00007FFC89130000), size: 122880 (result: 0), SymType: '-nosymbols-', PDB: 'C:\WINDOWS\SYSTEM32\VCRUNTIME140.dll', fileVersion: 14.40.33810.0
C:\WINDOWS\SYSTEM32\VCRUNTIME140_1.dll:VCRUNTIME140_1.dll (00007FFC89120000), size: 49152 (result: 0), SymType: '-nosymbols-', PDB: 'C:\WINDOWS\SYSTEM32\VCRUNTIME140_1.dll', fileVersion: 14.40.33810.0
C:\WINDOWS\SYSTEM32\WINHTTP.dll:WINHTTP.dll (00007FFC91020000), size: 1269760 (result: 0), SymType: '-nosymbols-', PDB: 'C:\WINDOWS\SYSTEM32\WINHTTP.dll', fileVersion: 10.0.22621.4391
C:\WINDOWS\SYSTEM32\WINMM.dll:WINMM.dll (00007FFC931E0000), size: 212992 (result: 0), SymType: '-nosymbols-', PDB: 'C:\WINDOWS\SYSTEM32\WINMM.dll', fileVersion: 10.0.22621.4391
C:\WINDOWS\SYSTEM32\GLU32.dll:GLU32.dll (00007FFC829B0000), size: 184320 (result: 0), SymType: '-nosymbols-', PDB: 'C:\WINDOWS\SYSTEM32\GLU32.dll', fileVersion: 10.0.22621.2506
C:\Program Files\Unity\Hub\Editor\6000.0.22f1\Editor\SketchUpAPI.dll:SketchUpAPI.dll (00007FFC5A170000), size: 8990720 (result: 0), SymType: '-nosymbols-', PDB: 'C:\Program Files\Unity\Hub\Editor\6000.0.22f1\Editor\SketchUpAPI.dll', fileVersion: 23.0.0.0
C:\Program Files\Unity\Hub\Editor\6000.0.22f1\Editor\NativeProxyHelper.dll:NativeProxyHelper.dll (00007FFC612F0000), size: 1789952 (result: 0), SymType: '-nosymbols-', PDB: 'C:\Program Files\Unity\Hub\Editor\6000.0.22f1\Editor\NativeProxyHelper.dll'
C:\WINDOWS\SYSTEM32\VERSION.dll:VERSION.dll (00007FFC8D0B0000), size: 40960 (result: 0), SymType: '-nosymbols-', PDB: 'C:\WINDOWS\SYSTEM32\VERSION.dll', fileVersion: 10.0.22621.1
C:\WINDOWS\SYSTEM32\WSOCK32.dll:WSOCK32.dll (00007FFC90AA0000), size: 36864 (result: 0), SymType: '-nosymbols-', PDB: 'C:\WINDOWS\SYSTEM32\WSOCK32.dll', fileVersion: 10.0.22621.1
C:\Program Files\Unity\Hub\Editor\6000.0.22f1\Editor\SketchUpCommonPreferences.dll:SketchUpCommonPreferences.dll (00007FFC6DA70000), size: 499712 (result: 0), SymType: '-nosymbols-', PDB: 'C:\Program Files\Unity\Hub\Editor\6000.0.22f1\Editor\SketchUpCommonPreferences.dll', fileVersion: 23.0.0.0
C:\WINDOWS\SYSTEM32\Secur32.dll:Secur32.dll (00007FFC94700000), size: 49152 (result: 0), SymType: '-nosymbols-', PDB: 'C:\WINDOWS\SYSTEM32\Secur32.dll', fileVersion: 10.0.22621.1
C:\WINDOWS\SYSTEM32\dxcore.dll:dxcore.dll (00007FFC92850000), size: 225280 (result: 0), SymType: '-nosymbols-', PDB: 'C:\WINDOWS\SYSTEM32\dxcore.dll', fileVersion: 10.0.22621.4391
C:\WINDOWS\SYSTEM32\SSPICLI.DLL:SSPICLI.DLL (00007FFC94B90000), size: 274432 (result: 0), SymType: '-nosymbols-', PDB: 'C:\WINDOWS\SYSTEM32\SSPICLI.DLL', fileVersion: 10.0.22621.3810
C:\Program Files\Unity\Hub\Editor\6000.0.22f1\Editor\OpenRL.dll:OpenRL.dll (0000021E34340000), size: 12779520 (result: 0), SymType: '-nosymbols-', PDB: 'C:\Program Files\Unity\Hub\Editor\6000.0.22f1\Editor\OpenRL.dll', fileVersion: 1.5.0.2907
C:\WINDOWS\SYSTEM32\MSVCR100.dll:MSVCR100.dll (000000006EE10000), size: 856064 (result: 0), SymType: '-nosymbols-', PDB: 'C:\WINDOWS\SYSTEM32\MSVCR100.dll', fileVersion: 10.0.30319.415
C:\WINDOWS\SYSTEM32\MSVCP100.dll:MSVCP100.dll (000000006EEF0000), size: 622592 (result: 0), SymType: '-nosymbols-', PDB: 'C:\WINDOWS\SYSTEM32\MSVCP100.dll', fileVersion: 10.0.30319.415
C:\Program Files\Unity\Hub\Editor\6000.0.22f1\Editor\embree.dll:embree.dll (00007FFC316A0000), size: 16711680 (result: 0), SymType: '-nosymbols-', PDB: 'C:\Program Files\Unity\Hub\Editor\6000.0.22f1\Editor\embree.dll', fileVersion: 2.14.0.0
C:\WINDOWS\SYSTEM32\cfgmgr32.DLL:cfgmgr32.DLL (00007FFC955A0000), size: 319488 (result: 0), SymType: '-nosymbols-', PDB: 'C:\WINDOWS\SYSTEM32\cfgmgr32.DLL', fileVersion: 10.0.22621.2506
C:\WINDOWS\SYSTEM32\MSWSOCK.DLL:MSWSOCK.DLL (00007FFC94DA0000), size: 430080 (result: 0), SymType: '-nosymbols-', PDB: 'C:\WINDOWS\SYSTEM32\MSWSOCK.DLL', fileVersion: 10.0.22621.2506
C:\Program Files\Unity\Hub\Editor\6000.0.22f1\Editor\tbb.dll:tbb.dll (00007FFC905E0000), size: 303104 (result: 0), SymType: '-nosymbols-', PDB: 'C:\Program Files\Unity\Hub\Editor\6000.0.22f1\Editor\tbb.dll', fileVersion: 2020.3.2022.1111
C:\Program Files\Unity\Hub\Editor\6000.0.22f1\Editor\OpenRL_pthread.dll:OpenRL_pthread.dll (0000021E34F90000), size: 61440 (result: 0), SymType: '-nosymbols-', PDB: 'C:\Program Files\Unity\Hub\Editor\6000.0.22f1\Editor\OpenRL_pthread.dll', fileVersion: 2.9.0.0
C:\WINDOWS\SYSTEM32\MSASN1.dll:MSASN1.dll (00007FFC95550000), size: 73728 (result: 0), SymType: '-nosymbols-', PDB: 'C:\WINDOWS\SYSTEM32\MSASN1.dll', fileVersion: 10.0.22621.2506
C:\WINDOWS\System32\bcryptprimitives.dll:bcryptprimitives.dll (00007FFC962D0000), size: 503808 (result: 0), SymType: '-nosymbols-', PDB: 'C:\WINDOWS\System32\bcryptprimitives.dll', fileVersion: 10.0.22621.4317
C:\WINDOWS\SYSTEM32\kernel.appcore.dll:kernel.appcore.dll (00007FFC94930000), size: 98304 (result: 0), SymType: '-nosymbols-', PDB: 'C:\WINDOWS\SYSTEM32\kernel.appcore.dll', fileVersion: 10.0.22621.3958
C:\WINDOWS\system32\uxtheme.dll:uxtheme.dll (00007FFC92730000), size: 724992 (result: 0), SymType: '-nosymbols-', PDB: 'C:\WINDOWS\system32\uxtheme.dll', fileVersion: 10.0.22621.4391
C:\WINDOWS\SYSTEM32\windows.storage.dll:windows.storage.dll (00007FFC93820000), size: 9449472 (result: 0), SymType: '-nosymbols-', PDB: 'C:\WINDOWS\SYSTEM32\windows.storage.dll', fileVersion: 10.0.22621.4391
C:\WINDOWS\SYSTEM32\wintypes.dll:wintypes.dll (00007FFC936E0000), size: 1306624 (result: 0), SymType: '-nosymbols-', PDB: 'C:\WINDOWS\SYSTEM32\wintypes.dll', fileVersion: 10.0.22621.3810
C:\WINDOWS\System32\SHCORE.dll:SHCORE.dll (00007FFC96890000), size: 1019904 (result: 0), SymType: '-nosymbols-', PDB: 'C:\WINDOWS\System32\SHCORE.dll', fileVersion: 10.0.22621.4391
C:\WINDOWS\SYSTEM32\profapi.dll:profapi.dll (00007FFC95860000), size: 176128 (result: 0), SymType: '-nosymbols-', PDB: 'C:\WINDOWS\SYSTEM32\profapi.dll', fileVersion: 10.0.22621.4391
C:\WINDOWS\system32\IconCodecService.dll:IconCodecService.dll (00007FFC8CEF0000), size: 36864 (result: 0), SymType: '-nosymbols-', PDB: 'C:\WINDOWS\system32\IconCodecService.dll', fileVersion: 10.0.22621.1
C:\WINDOWS\SYSTEM32\WindowsCodecs.dll:WindowsCodecs.dll (00007FFC92540000), size: 1769472 (result: 0), SymType: '-nosymbols-', PDB: 'C:\WINDOWS\SYSTEM32\WindowsCodecs.dll', fileVersion: 10.0.22621.4455
C:\WINDOWS\System32\clbcatq.dll:clbcatq.dll (00007FFC96F40000), size: 720896 (result: 0), SymType: '-nosymbols-', PDB: 'C:\WINDOWS\System32\clbcatq.dll', fileVersion: 2001.12.10941.16384
C:\WINDOWS\System32\netprofm.dll:netprofm.dll (00007FFC92320000), size: 491520 (result: 0), SymType: '-nosymbols-', PDB: 'C:\WINDOWS\System32\netprofm.dll', fileVersion: 10.0.22621.3527
C:\WINDOWS\System32\NSI.dll:NSI.dll (00007FFC97820000), size: 36864 (result: 0), SymType: '-nosymbols-', PDB: 'C:\WINDOWS\System32\NSI.dll', fileVersion: 10.0.22621.1
C:\WINDOWS\SYSTEM32\dhcpcsvc6.DLL:dhcpcsvc6.DLL (00007FFC90F40000), size: 102400 (result: 0), SymType: '-nosymbols-', PDB: 'C:\WINDOWS\SYSTEM32\dhcpcsvc6.DLL', fileVersion: 10.0.22621.2506
C:\WINDOWS\System32\npmproxy.dll:npmproxy.dll (00007FFC8EDA0000), size: 98304 (result: 0), SymType: '-nosymbols-', PDB: 'C:\WINDOWS\System32\npmproxy.dll', fileVersion: 10.0.22621.3527
C:\WINDOWS\SYSTEM32\dhcpcsvc.DLL:dhcpcsvc.DLL (00007FFC90F20000), size: 126976 (result: 0), SymType: '-nosymbols-', PDB: 'C:\WINDOWS\SYSTEM32\dhcpcsvc.DLL', fileVersion: 10.0.22621.2506
C:\WINDOWS\SYSTEM32\DNSAPI.dll:DNSAPI.dll (00007FFC94400000), size: 1056768 (result: 0), SymType: '-nosymbols-', PDB: 'C:\WINDOWS\SYSTEM32\DNSAPI.dll', fileVersion: 10.0.22621.4391
C:\WINDOWS\system32\napinsp.dll:napinsp.dll (00007FFC3ABD0000), size: 94208 (result: 0), SymType: '-nosymbols-', PDB: 'C:\WINDOWS\system32\napinsp.dll', fileVersion: 10.0.22621.1
C:\WINDOWS\system32\pnrpnsp.dll:pnrpnsp.dll (00007FFC3ABB0000), size: 110592 (result: 0), SymType: '-exported-', PDB: 'C:\WINDOWS\system32\pnrpnsp.dll', fileVersion: 10.0.22621.1
C:\WINDOWS\System32\winrnr.dll:winrnr.dll (00007FFC3A820000), size: 69632 (result: 0), SymType: '-exported-', PDB: 'C:\WINDOWS\System32\winrnr.dll', fileVersion: 10.0.22621.1
C:\WINDOWS\system32\wshbth.dll:wshbth.dll (00007FFC6FD10000), size: 86016 (result: 0), SymType: '-exported-', PDB: 'C:\WINDOWS\system32\wshbth.dll', fileVersion: 10.0.22621.3958
C:\WINDOWS\system32\nlansp_c.dll:nlansp_c.dll (00007FFC3C310000), size: 159744 (result: 0), SymType: '-exported-', PDB: 'C:\WINDOWS\system32\nlansp_c.dll', fileVersion: 10.0.22621.4391
C:\WINDOWS\System32\fwpuclnt.dll:fwpuclnt.dll (00007FFC8F060000), size: 536576 (result: 0), SymType: '-exported-', PDB: 'C:\WINDOWS\System32\fwpuclnt.dll', fileVersion: 10.0.22621.4249
C:\Windows\System32\rasadhlp.dll:rasadhlp.dll (00007FFC8E1C0000), size: 40960 (result: 0), SymType: '-exported-', PDB: 'C:\Windows\System32\rasadhlp.dll', fileVersion: 10.0.22621.1
C:\Program Files\Unity\Hub\Editor\6000.0.22f1\Editor\AMDUnityPlugin.DLL:AMDUnityPlugin.DLL (00007FFC1F260000), size: 8814592 (result: 0), SymType: '-exported-', PDB: 'C:\Program Files\Unity\Hub\Editor\6000.0.22f1\Editor\AMDUnityPlugin.DLL'
C:\Program Files\Unity\Hub\Editor\6000.0.22f1\Editor\NVUnityPlugin.DLL:NVUnityPlugin.DLL (00007FFC572B0000), size: 1609728 (result: 0), SymType: '-exported-', PDB: 'C:\Program Files\Unity\Hub\Editor\6000.0.22f1\Editor\NVUnityPlugin.DLL'
C:\Program Files\Unity\Hub\Editor\6000.0.22f1\Editor\Data\Tools\astcenc-avx2.dll:astcenc-avx2.dll (00007FFC57710000), size: 364544 (result: 0), SymType: '-nosymbols-', PDB: 'C:\Program Files\Unity\Hub\Editor\6000.0.22f1\Editor\Data\Tools\astcenc-avx2.dll'
C:\WINDOWS\System32\MMDevApi.dll:MMDevApi.dll (00007FFC8DD30000), size: 647168 (result: 0), SymType: '-nosymbols-', PDB: 'C:\WINDOWS\System32\MMDevApi.dll', fileVersion: 10.0.22621.4111
C:\WINDOWS\System32\DEVOBJ.dll:DEVOBJ.dll (00007FFC95570000), size: 180224 (result: 0), SymType: '-nosymbols-', PDB: 'C:\WINDOWS\System32\DEVOBJ.dll', fileVersion: 10.0.22621.2506
C:\WINDOWS\SYSTEM32\directxdatabasehelper.dll:directxdatabasehelper.dll (00007FFC854E0000), size: 299008 (result: 0), SymType: '-nosymbols-', PDB: 'C:\WINDOWS\SYSTEM32\directxdatabasehelper.dll', fileVersion: 10.0.22621.4391
C:\WINDOWS\System32\DriverStore\FileRepository\u0380680.inf_amd64_af18cc8f47b8a04e\B374868\aticfx64.dll:aticfx64.dll (00007FFC7E570000), size: 1802240 (result: 0), SymType: '-exported-', PDB: 'C:\WINDOWS\System32\DriverStore\FileRepository\u0380680.inf_amd64_af18cc8f47b8a04e\B374868\aticfx64.dll', fileVersion: 30.0.13044.0
C:\WINDOWS\System32\DriverStore\FileRepository\u0380680.inf_amd64_af18cc8f47b8a04e\B374868\atiuxp64.dll:atiuxp64.dll (00007FFC7E3C0000), size: 233472 (result: 0), SymType: '-nosymbols-', PDB: 'C:\WINDOWS\System32\DriverStore\FileRepository\u0380680.inf_amd64_af18cc8f47b8a04e\B374868\atiuxp64.dll', fileVersion: 30.0.13044.0
C:\WINDOWS\System32\DriverStore\FileRepository\u0380680.inf_amd64_af18cc8f47b8a04e\B374868\atidxx64.dll:atidxx64.dll (00007FFC7C480000), size: 32731136 (result: 0), SymType: '-nosymbols-', PDB: 'C:\WINDOWS\System32\DriverStore\FileRepository\u0380680.inf_amd64_af18cc8f47b8a04e\B374868\atidxx64.dll', fileVersion: 30.0.13044.0
C:\WINDOWS\SYSTEM32\apphelp.dll:apphelp.dll (00007FFC90E80000), size: 618496 (result: 0), SymType: '-nosymbols-', PDB: 'C:\WINDOWS\SYSTEM32\apphelp.dll', fileVersion: 10.0.22621.4391
C:\WINDOWS\SYSTEM32\amdihk64.dll:amdihk64.dll (00007FFC7C450000), size: 196608 (result: 0), SymType: '-nosymbols-', PDB: 'C:\WINDOWS\SYSTEM32\amdihk64.dll', fileVersion: 2.0.0.1788
C:\WINDOWS\SYSTEM32\D3DSCache.dll:D3DSCache.dll (00007FFC7BFF0000), size: 192512 (result: 0), SymType: '-nosymbols-', PDB: 'C:\WINDOWS\SYSTEM32\D3DSCache.dll', fileVersion: 10.0.22621.4391
C:\WINDOWS\SYSTEM32\USERENV.dll:USERENV.dll (00007FFC94E40000), size: 163840 (result: 0), SymType: '-nosymbols-', PDB: 'C:\WINDOWS\SYSTEM32\USERENV.dll', fileVersion: 10.0.22621.3527
C:\WINDOWS\system32\wbem\wbemprox.dll:wbemprox.dll (00007FFC86AD0000), size: 65536 (result: 0), SymType: '-nosymbols-', PDB: 'C:\WINDOWS\system32\wbem\wbemprox.dll', fileVersion: 10.0.22621.3672
C:\WINDOWS\SYSTEM32\wbemcomn.dll:wbemcomn.dll (00007FFC87820000), size: 524288 (result: 0), SymType: '-nosymbols-', PDB: 'C:\WINDOWS\SYSTEM32\wbemcomn.dll', fileVersion: 10.0.22621.2506
C:\WINDOWS\system32\wbem\wbemsvc.dll:wbemsvc.dll (00007FFC85040000), size: 81920 (result: 0), SymType: '-nosymbols-', PDB: 'C:\WINDOWS\system32\wbem\wbemsvc.dll', fileVersion: 10.0.22621.3672
C:\WINDOWS\system32\wbem\fastprox.dll:fastprox.dll (00007FFC84C60000), size: 1015808 (result: 0), SymType: '-nosymbols-', PDB: 'C:\WINDOWS\system32\wbem\fastprox.dll', fileVersion: 10.0.22621.4391
C:\WINDOWS\SYSTEM32\amsi.dll:amsi.dll (00007FFC858C0000), size: 118784 (result: 0), SymType: '-nosymbols-', PDB: 'C:\WINDOWS\SYSTEM32\amsi.dll', fileVersion: 10.0.22621.3527
C:\ProgramData\Microsoft\Windows Defender\Platform\4.18.24090.11-0\MpOav.dll:MpOav.dll (00007FFC85830000), size: 536576 (result: 0), SymType: '-nosymbols-', PDB: 'C:\ProgramData\Microsoft\Windows Defender\Platform\4.18.24090.11-0\MpOav.dll', fileVersion: 4.18.24090.11
C:\WINDOWS\SYSTEM32\opencl.dll:opencl.dll (00007FFC57820000), size: 118784 (result: 0), SymType: '-nosymbols-', PDB: 'C:\WINDOWS\SYSTEM32\opencl.dll', fileVersion: 3.0.1.0
C:\Program Files\Unity\Hub\Editor\6000.0.22f1\Editor\radeonrays.dll:radeonrays.dll (00007FFC576B0000), size: 344064 (result: 0), SymType: '-nosymbols-', PDB: 'C:\Program Files\Unity\Hub\Editor\6000.0.22f1\Editor\radeonrays.dll'
C:\Program Files\Unity\Hub\Editor\6000.0.22f1\Editor\Data\MonoBleedingEdge\EmbedRuntime\mono-2.0-bdwgc.dll:mono-2.0-bdwgc.dll (00007FFC20AC0000), size: 10756096 (result: 0), SymType: '-nosymbols-', PDB: 'C:\Program Files\Unity\Hub\Editor\6000.0.22f1\Editor\Data\MonoBleedingEdge\EmbedRuntime\mono-2.0-bdwgc.dll'
C:\WINDOWS\SYSTEM32\dbghelp.dll:dbghelp.dll (00007FFC92F60000), size: 2301952 (result: 0), SymType: '-nosymbols-', PDB: 'C:\WINDOWS\SYSTEM32\dbghelp.dll', fileVersion: 10.0.22621.3593
C:\WINDOWS\System32\psapi.dll:psapi.dll (00007FFC96350000), size: 32768 (result: 0), SymType: '-nosymbols-', PDB: 'C:\WINDOWS\System32\psapi.dll', fileVersion: 10.0.22621.1
  ERROR: SymGetSymFromAddr64, GetLastError: 'Attempt to access invalid address.' (Address: 00007FFC18E66185)
0x00007FFC18E66185 (Unity) (function-name not available)
  ERROR: SymGetSymFromAddr64, GetLastError: 'Attempt to access invalid address.' (Address: 00007FFC18E66E4A)
0x00007FFC18E66E4A (Unity) (function-name not available)
0x00007FFC19B1589D (Unity) UnityMain
0x00007FFC19B14C38 (Unity) UnityMain
0x00007FFC19538791 (Unity) udnSetPath
0x00007FFC19538BB7 (Unity) udnSetPath
  ERROR: SymGetSymFromAddr64, GetLastError: 'Attempt to access invalid address.' (Address: 00007FFC17FA5E93)
0x00007FFC17FA5E93 (Unity) (function-name not available)
  ERROR: SymGetSymFromAddr64, GetLastError: 'Attempt to access invalid address.' (Address: 00007FFC18E43558)
0x00007FFC18E43558 (Unity) (function-name not available)
  ERROR: SymGetSymFromAddr64, GetLastError: 'Attempt to access invalid address.' (Address: 00007FFC17FF1AD9)
0x00007FFC17FF1AD9 (Unity) (function-name not available)
  ERROR: SymGetSymFromAddr64, GetLastError: 'Attempt to access invalid address.' (Address: 00007FFC17FF360A)
0x00007FFC17FF360A (Unity) (function-name not available)
  ERROR: SymGetSymFromAddr64, GetLastError: 'Attempt to access invalid address.' (Address: 00007FFC17FFACE0)
0x00007FFC17FFACE0 (Unity) (function-name not available)
0x00007FFC19B8DD0C (Unity) UnityMain
  ERROR: SymGetSymFromAddr64, GetLastError: 'Attempt to access invalid address.' (Address: 00007FFC18E51AF9)
0x00007FFC18E51AF9 (Unity) (function-name not available)
0x00007FFC19B9165E (Unity) UnityMain
0x00007FFC1973B084 (Unity) UnityMain
0x00007FFC1981D72E (Unity) UnityMain
0x00007FFC1980AFBA (Unity) UnityMain
0x00007FFC1980C2EE (Unity) UnityMain
0x00007FFC1981BD4C (Unity) UnityMain
0x00007FFC197642C6 (Unity) UnityMain
0x00007FFC1976438B (Unity) UnityMain
  ERROR: SymGetSymFromAddr64, GetLastError: 'Attempt to access invalid address.' (Address: 00007FFC18F711A9)
0x00007FFC18F711A9 (Unity) (function-name not available)
0x00007FFC195763C3 (Unity) UnityMain
0x00007FF6DDA22FBA (Unity) __scrt_common_main_seh
  ERROR: SymGetSymFromAddr64, GetLastError: 'Attempt to access invalid address.' (Address: 00007FFC96D9259D)
0x00007FFC96D9259D (KERNEL32) (function-name not available)
  ERROR: SymGetSymFromAddr64, GetLastError: 'Attempt to access invalid address.' (Address: 00007FFC9868AF38)
0x00007FFC9868AF38 (ntdll) (function-name not available)

========== END OF STACKTRACE ===========

A crash has been intercepted by the crash handler. For call stack and other details, see the latest crash report generated in:
 * C:/Users/ANDREEA/AppData/Local/Temp/Unity/Editor/Crashes
