Using pre-set license
Built from 'trunk' branch; Version is '6000.0.22f1 (001fa5a8e29a) revision 8101'; Using compiler version '193933523'; Build Type 'Release'
OS: 'Windows 11  (10.0.22631) 64bit Professional' Language: 'en' Physical Memory: 5966 MB
BatchMode: 1, IsHumanControllingUs: 0, StartBugReporterOnCrash: 0, Is64bit: 1, IsPro: 1

COMMAND LINE ARGUMENTS:
C:\Program Files\Unity\Hub\Editor\6000.0.22f1\Editor\Unity.exe
-adb2
-batchMode
-noUpm
-name
AssetImportWorker22
-projectPath
C:/Users/ANDREEA/Desktop/ex/RacingGame/RacingGame
-logFile
Logs/AssetImportWorker22.log
-srvPort
58852
-job-worker-count
5
-background-job-worker-count
8
-asset-garbage-collectors
1
Successfully changed project path to: C:/Users/ANDREEA/Desktop/ex/RacingGame/RacingGame
C:/Users/ANDREEA/Desktop/ex/RacingGame/RacingGame
[UnityMemory] Configuration Parameters - Can be set up in boot.config
    "memorysetup-bucket-allocator-granularity=16"
    "memorysetup-bucket-allocator-bucket-count=8"
    "memorysetup-bucket-allocator-block-size=33554432"
    "memorysetup-bucket-allocator-block-count=8"
    "memorysetup-main-allocator-block-size=16777216"
    "memorysetup-thread-allocator-block-size=16777216"
    "memorysetup-gfx-main-allocator-block-size=16777216"
    "memorysetup-gfx-thread-allocator-block-size=16777216"
    "memorysetup-cache-allocator-block-size=4194304"
    "memorysetup-typetree-allocator-block-size=2097152"
    "memorysetup-profiler-bucket-allocator-granularity=16"
    "memorysetup-profiler-bucket-allocator-bucket-count=8"
    "memorysetup-profiler-bucket-allocator-block-size=33554432"
    "memorysetup-profiler-bucket-allocator-block-count=8"
    "memorysetup-profiler-allocator-block-size=16777216"
    "memorysetup-profiler-editor-allocator-block-size=1048576"
    "memorysetup-temp-allocator-size-main=16777216"
    "memorysetup-job-temp-allocator-block-size=2097152"
    "memorysetup-job-temp-allocator-block-size-background=1048576"
    "memorysetup-job-temp-allocator-reduction-small-platforms=262144"
    "memorysetup-allocator-temp-initial-block-size-main=262144"
    "memorysetup-allocator-temp-initial-block-size-worker=262144"
    "memorysetup-temp-allocator-size-background-worker=32768"
    "memorysetup-temp-allocator-size-job-worker=262144"
    "memorysetup-temp-allocator-size-preload-manager=33554432"
    "memorysetup-temp-allocator-size-nav-mesh-worker=65536"
    "memorysetup-temp-allocator-size-audio-worker=65536"
    "memorysetup-temp-allocator-size-cloud-worker=32768"
    "memorysetup-temp-allocator-size-gi-baking-worker=262144"
    "memorysetup-temp-allocator-size-gi-baking-worker=262144"
    "memorysetup-temp-allocator-size-gi-baking-worker=262144"
    "memorysetup-temp-allocator-size-gi-baking-worker=262144"
    "memorysetup-temp-allocator-size-gi-baking-worker=262144"
    "memorysetup-temp-allocator-size-gfx=262144"
Player connection [18312]  Target information:

Player connection [18312]  * "[IP] 192.168.56.1 [Port] 0 [Flags] 2 [Guid] 824603801 [EditorId] 824603801 [Version] 1048832 [Id] WindowsEditor(7,DESKTOP-HT3IUV8) [Debug] 1 [PackageName] WindowsEditor [ProjectName] Editor" 

Player connection [18312]  * "[IP] 192.168.0.103 [Port] 0 [Flags] 2 [Guid] 824603801 [EditorId] 824603801 [Version] 1048832 [Id] WindowsEditor(7,DESKTOP-HT3IUV8) [Debug] 1 [PackageName] WindowsEditor [ProjectName] Editor" 

Player connection [18312] Host joined multi-casting on [225.0.0.222:54997]...
Player connection [18312] Host joined alternative multi-casting on [225.0.0.222:34997]...
JobSystem: Creating JobQueue using job-worker-count value 5
[Physics::Module] Initialized fallback backend.
[Physics::Module] Id: 0xdecafbad
Library Redirect Path: Library/
[Physics::Module] Selected backend.
[Physics::Module] Name: PhysX
[Physics::Module] Id: 0xf2b8ea05
[Physics::Module] SDK Version: 4.1.2
[Physics::Module] Integration Version: 1.0.0
[Physics::Module] Threading Mode: Multi-Threaded
Refreshing native plugins compatible for Editor in 7.25 ms, found 3 plugins.
Preloading 0 native plugins for Editor in 0.00 ms.
Initialize engine version: 6000.0.22f1 (001fa5a8e29a)
[Subsystems] Discovering subsystems at path C:/Program Files/Unity/Hub/Editor/6000.0.22f1/Editor/Data/Resources/UnitySubsystems
[Subsystems] Discovering subsystems at path C:/Users/ANDREEA/Desktop/ex/RacingGame/RacingGame/Assets
GfxDevice: creating device client; kGfxThreadingModeNonThreaded
Direct3D:
    Version:  Direct3D 11.0 [level 11.1]
    Renderer: AMD Radeon(TM) Graphics (ID=0x164c)
    Vendor:   ATI
    VRAM:     2983 MB
    Driver:   30.0.13044.0
Initialize mono
Mono path[0] = 'C:/Program Files/Unity/Hub/Editor/6000.0.22f1/Editor/Data/Managed'
Mono path[1] = 'C:/Program Files/Unity/Hub/Editor/6000.0.22f1/Editor/Data/MonoBleedingEdge/lib/mono/unityjit-win32'
Mono config path = 'C:/Program Files/Unity/Hub/Editor/6000.0.22f1/Editor/Data/MonoBleedingEdge/etc'
Using monoOptions --debugger-agent=transport=dt_socket,embedding=1,server=y,suspend=n,address=127.0.0.1:56164
Begin MonoManager ReloadAssembly
Registering precompiled unity dll's ...
Register platform support module: C:/Program Files/Unity/Hub/Editor/6000.0.22f1/Editor/Data/PlaybackEngines/WindowsStandaloneSupport/UnityEditor.WindowsStandalone.Extensions.dll
Registered in 0.067554 seconds.
- Loaded All Assemblies, in  5.264 seconds
Native extension for WindowsStandalone target not found
Mono: successfully reloaded assembly
- Finished resetting the current domain, in  3.216 seconds
Domain Reload Profiling: 8491ms
	BeginReloadAssembly (2540ms)
		ExecutionOrderSort (0ms)
		DisableScriptedObjects (0ms)
		BackupInstance (0ms)
		ReleaseScriptingObjects (0ms)
		CreateAndSetChildDomain (2ms)
	RebuildCommonClasses (403ms)
	RebuildNativeTypeToScriptingClass (56ms)
	initialDomainReloadingComplete (427ms)
	LoadAllAssembliesAndSetupDomain (1847ms)
		LoadAssemblies (2540ms)
		RebuildTransferFunctionScriptingTraits (0ms)
		AnalyzeDomain (1814ms)
			TypeCache.Refresh (1802ms)
				TypeCache.ScanAssembly (1657ms)
			BuildScriptInfoCaches (6ms)
			ResolveRequiredComponents (2ms)
	FinalizeReload (3218ms)
		ReleaseScriptCaches (0ms)
		RebuildScriptCaches (0ms)
		SetupLoadedEditorAssemblies (2256ms)
			LogAssemblyErrors (0ms)
			InitializePlatformSupportModulesInManaged (230ms)
			SetLoadedEditorAssemblies (123ms)
			BeforeProcessingInitializeOnLoad (392ms)
			ProcessInitializeOnLoadAttributes (1317ms)
			ProcessInitializeOnLoadMethodAttributes (184ms)
			AfterProcessingInitializeOnLoad (10ms)
			EditorAssembliesLoaded (0ms)
		ExecutionOrderSort2 (0ms)
		AwakeInstancesAfterBackupRestoration (0ms)
========================================================================
Worker process is ready to serve import requests
Import Worker Mode flag is 0x00
Begin MonoManager ReloadAssembly
- Loaded All Assemblies, in  7.292 seconds
Refreshing native plugins compatible for Editor in 2.91 ms, found 3 plugins.
Native extension for WindowsStandalone target not found
Mono: successfully reloaded assembly
- Finished resetting the current domain, in  3.322 seconds
Domain Reload Profiling: 10585ms
	BeginReloadAssembly (1845ms)
		ExecutionOrderSort (0ms)
		DisableScriptedObjects (19ms)
		BackupInstance (0ms)
		ReleaseScriptingObjects (0ms)
		CreateAndSetChildDomain (117ms)
	RebuildCommonClasses (93ms)
	RebuildNativeTypeToScriptingClass (28ms)
	initialDomainReloadingComplete (163ms)
	LoadAllAssembliesAndSetupDomain (5132ms)
		LoadAssemblies (4489ms)
		RebuildTransferFunctionScriptingTraits (0ms)
		AnalyzeDomain (1202ms)
			TypeCache.Refresh (976ms)
				TypeCache.ScanAssembly (905ms)
			BuildScriptInfoCaches (186ms)
			ResolveRequiredComponents (31ms)
	FinalizeReload (3324ms)
		ReleaseScriptCaches (0ms)
		RebuildScriptCaches (0ms)
		SetupLoadedEditorAssemblies (2433ms)
			LogAssemblyErrors (0ms)
			InitializePlatformSupportModulesInManaged (11ms)
			SetLoadedEditorAssemblies (17ms)
			BeforeProcessingInitializeOnLoad (582ms)
			ProcessInitializeOnLoadAttributes (1477ms)
			ProcessInitializeOnLoadMethodAttributes (317ms)
			AfterProcessingInitializeOnLoad (29ms)
			EditorAssembliesLoaded (0ms)
		ExecutionOrderSort2 (0ms)
		AwakeInstancesAfterBackupRestoration (14ms)
Launched and connected shader compiler UnityShaderCompiler.exe after 0.03 seconds
Refreshing native plugins compatible for Editor in 8.65 ms, found 3 plugins.
Preloading 0 native plugins for Editor in 0.00 ms.
Unloading 198 Unused Serialized files (Serialized files now loaded: 0)
Unloading 5896 unused Assets / (5.3 MB). Loaded Objects now: 6669.
Memory consumption went from 181.3 MB to 176.1 MB.
Total: 28.734200 ms (FindLiveObjects: 5.416000 ms CreateObjectMapping: 2.346000 ms MarkObjects: 12.134300 ms  DeleteObjects: 8.832600 ms)

========================================================================
Received Import Request.
  Time since last request: 203754.285813 seconds.
  path: Assets/DenysAlmaral/CityPeopleLite/Prefabs/casual_Female_G.prefab
  artifactKey: Guid(bae26acf817c6dc4e82f95d9ef4ab46a) Importer(815301076,1909f56bfc062723c751e8b465ee728b)
Start importing Assets/DenysAlmaral/CityPeopleLite/Prefabs/casual_Female_G.prefab using Guid(bae26acf817c6dc4e82f95d9ef4ab46a) Importer(815301076,1909f56bfc062723c751e8b465ee728b) (PreviewImporter) -> (artifact id: 'e9e4f8e5bd3d23abb287cb6ba1de2894') in 13.1111865 seconds
Number of updated asset objects reloaded before import = 0Number of asset objects unloaded after import = 90

========================================================================
Received Import Request.
  Time since last request: 0.000095 seconds.
  path: Assets/DenysAlmaral/CityPeopleLite/Prefabs/casual_Male_K.prefab
  artifactKey: Guid(2435736d6adca23458edd7c80c901e3e) Importer(2089858483,192608db42251d675da83286b1cce702)
Start importing Assets/DenysAlmaral/CityPeopleLite/Prefabs/casual_Male_K.prefab using Guid(2435736d6adca23458edd7c80c901e3e) Importer(2089858483,192608db42251d675da83286b1cce702) (ScriptedImporter) -> (artifact id: '02bdb4e0f3085afc9d00fe41f04b5c79') in 0.3758794 seconds
Number of updated asset objects reloaded before import = 0Number of asset objects unloaded after import = 93

========================================================================
Received Import Request.
  Time since last request: 0.000063 seconds.
  path: Assets/DenysAlmaral/CityPeopleLite/Animations/locom_m_basicWalk_30f.anim
  artifactKey: Guid(2f30f4bf0b93ae34b80f7208aadfc8cb) Importer(2089858483,192608db42251d675da83286b1cce702)
Start importing Assets/DenysAlmaral/CityPeopleLite/Animations/locom_m_basicWalk_30f.anim using Guid(2f30f4bf0b93ae34b80f7208aadfc8cb) Importer(2089858483,192608db42251d675da83286b1cce702) (ScriptedImporter) -> (artifact id: 'd012b05e25ba32034ae46d62785a5eba') in 0.0665692 seconds
Number of updated asset objects reloaded before import = 0Number of asset objects unloaded after import = 1

========================================================================
Received Import Request.
  Time since last request: 0.000060 seconds.
  path: Assets/DenysAlmaral/CityPeopleLite/Prefabs/Doctor_Male_B.prefab
  artifactKey: Guid(314b13a2c4f89c74299eabc2a4c725c7) Importer(2089858483,192608db42251d675da83286b1cce702)
Start importing Assets/DenysAlmaral/CityPeopleLite/Prefabs/Doctor_Male_B.prefab using Guid(314b13a2c4f89c74299eabc2a4c725c7) Importer(2089858483,192608db42251d675da83286b1cce702) (ScriptedImporter) -> (artifact id: '3548ff17a58a63dafaa4cb3a6c01e2f1') in 0.1208428 seconds
Number of updated asset objects reloaded before import = 0Number of asset objects unloaded after import = 93

========================================================================
Received Import Request.
  Time since last request: 0.000115 seconds.
  path: Assets/DenysAlmaral/CityPeopleLite/Animations/idle_m_2_220f.anim
  artifactKey: Guid(08fa37321a362a141987b8452d173c3f) Importer(2089858483,192608db42251d675da83286b1cce702)
Start importing Assets/DenysAlmaral/CityPeopleLite/Animations/idle_m_2_220f.anim using Guid(08fa37321a362a141987b8452d173c3f) Importer(2089858483,192608db42251d675da83286b1cce702) (ScriptedImporter) -> (artifact id: '091220b459b26fdffbe21a949e40438d') in 0.0413453 seconds
Number of updated asset objects reloaded before import = 0Number of asset objects unloaded after import = 1

========================================================================
Received Import Request.
  Time since last request: 0.000168 seconds.
  path: Assets/DenysAlmaral/CityPeopleLite/Meshes/animated/dance_hype_100f.fbx
  artifactKey: Guid(3009e9874947eb241a515202d231c0e0) Importer(2089858483,192608db42251d675da83286b1cce702)
Start importing Assets/DenysAlmaral/CityPeopleLite/Meshes/animated/dance_hype_100f.fbx using Guid(3009e9874947eb241a515202d231c0e0) Importer(2089858483,192608db42251d675da83286b1cce702) (ScriptedImporter) -> (artifact id: '0fdf7c0f9066fd9d3853da71c0e8f53a') in 0.1316129 seconds
Number of updated asset objects reloaded before import = 0Number of asset objects unloaded after import = 73

========================================================================
Received Import Request.
  Time since last request: 0.000050 seconds.
  path: Assets/DenysAlmaral/CityPeopleLite/Prefabs/casual_Male_G.prefab
  artifactKey: Guid(f71041fd118fbb34aa9d2dd6a1d96fce) Importer(2089858483,192608db42251d675da83286b1cce702)
Start importing Assets/DenysAlmaral/CityPeopleLite/Prefabs/casual_Male_G.prefab using Guid(f71041fd118fbb34aa9d2dd6a1d96fce) Importer(2089858483,192608db42251d675da83286b1cce702) (ScriptedImporter) -> (artifact id: '2dd447d58b38ce87d9c56a3ab694115c') in 0.0972768 seconds
Number of updated asset objects reloaded before import = 0Number of asset objects unloaded after import = 89

========================================================================
Received Import Request.
  Time since last request: 0.000192 seconds.
  path: Assets/DenysAlmaral/CityPeopleLite/Textures/people_pal_s4.png
  artifactKey: Guid(2cae7cfe2fb5d0e41ba90c5a75a97f91) Importer(2089858483,192608db42251d675da83286b1cce702)
Start importing Assets/DenysAlmaral/CityPeopleLite/Textures/people_pal_s4.png using Guid(2cae7cfe2fb5d0e41ba90c5a75a97f91) Importer(2089858483,192608db42251d675da83286b1cce702) (ScriptedImporter) -> (artifact id: '00196cba4aa3ffb350bba3842a96f170') in 0.0957287 seconds
Number of updated asset objects reloaded before import = 0Number of asset objects unloaded after import = 1

========================================================================
Received Import Request.
  Time since last request: 0.000221 seconds.
  path: Assets/DenysAlmaral/CityPeopleLite/Textures/people_pal_fam.png
  artifactKey: Guid(d6ab8c0b6ecd0894baae127aa7e48aee) Importer(2089858483,192608db42251d675da83286b1cce702)
Start importing Assets/DenysAlmaral/CityPeopleLite/Textures/people_pal_fam.png using Guid(d6ab8c0b6ecd0894baae127aa7e48aee) Importer(2089858483,192608db42251d675da83286b1cce702) (ScriptedImporter) -> (artifact id: 'f251f0d6b306cbd89243ed573db0de93') in 0.0474163 seconds
Number of updated asset objects reloaded before import = 0Number of asset objects unloaded after import = 1

========================================================================
Received Import Request.
  Time since last request: 0.000039 seconds.
  path: Assets/DenysAlmaral/CityPeopleLite/Textures/people_pal_check.png
  artifactKey: Guid(fbd29e78a14e5224eaaaf0af35f976af) Importer(2089858483,192608db42251d675da83286b1cce702)
Start importing Assets/DenysAlmaral/CityPeopleLite/Textures/people_pal_check.png using Guid(fbd29e78a14e5224eaaaf0af35f976af) Importer(2089858483,192608db42251d675da83286b1cce702) (ScriptedImporter) -> (artifact id: 'b06e99192e165693905c841aeda608bc') in 0.0440935 seconds
Number of updated asset objects reloaded before import = 0Number of asset objects unloaded after import = 1

========================================================================
Received Import Request.
  Time since last request: 0.000050 seconds.
  path: Assets/DenysAlmaral/CityPeopleLite/Textures/people_pal.png
  artifactKey: Guid(9ffdc8b7919d763478da45016239eace) Importer(2089858483,192608db42251d675da83286b1cce702)
Start importing Assets/DenysAlmaral/CityPeopleLite/Textures/people_pal.png using Guid(9ffdc8b7919d763478da45016239eace) Importer(2089858483,192608db42251d675da83286b1cce702) (ScriptedImporter) -> (artifact id: 'f9c269f18ba2ba78b55a44732f02cd30') in 0.0401432 seconds
Number of updated asset objects reloaded before import = 0Number of asset objects unloaded after import = 1

========================================================================
Received Import Request.
  Time since last request: 0.000043 seconds.
  path: Assets/DenysAlmaral/CityPeopleLite/Materials/standard/s_people_pal.mat
  artifactKey: Guid(c2de9ee12d731e14e93392e0a8046454) Importer(2089858483,192608db42251d675da83286b1cce702)
Start importing Assets/DenysAlmaral/CityPeopleLite/Materials/standard/s_people_pal.mat using Guid(c2de9ee12d731e14e93392e0a8046454) Importer(2089858483,192608db42251d675da83286b1cce702) (ScriptedImporter) -> (artifact id: 'b8f1018dd9b41284b32596ba211bee4d') in 0.1438386 seconds
Number of updated asset objects reloaded before import = 0Number of asset objects unloaded after import = 2

========================================================================
Received Import Request.
  Time since last request: 0.000104 seconds.
  path: Assets/DenysAlmaral/CityPeopleLite/Meshes/little_boy_B.fbx
  artifactKey: Guid(507b06707f64e144ab139fd0cb0e8bcb) Importer(2089858483,192608db42251d675da83286b1cce702)
Start importing Assets/DenysAlmaral/CityPeopleLite/Meshes/little_boy_B.fbx using Guid(507b06707f64e144ab139fd0cb0e8bcb) Importer(2089858483,192608db42251d675da83286b1cce702) (ScriptedImporter) -> (artifact id: '7ce7ddfa8fd822d41162f924c210cf36') in 0.0742783 seconds
Number of updated asset objects reloaded before import = 0Number of asset objects unloaded after import = 77

========================================================================
Received Import Request.
  Time since last request: 0.000041 seconds.
  path: Assets/DenysAlmaral/CityPeopleLite/Meshes/animated/dance_f_flossing_48f.fbx
  artifactKey: Guid(5b089a468d3d6a645a0194b9e381d959) Importer(2089858483,192608db42251d675da83286b1cce702)
Start importing Assets/DenysAlmaral/CityPeopleLite/Meshes/animated/dance_f_flossing_48f.fbx using Guid(5b089a468d3d6a645a0194b9e381d959) Importer(2089858483,192608db42251d675da83286b1cce702) (ScriptedImporter) -> (artifact id: '4363ce03524930bc75faf92ad85a383b') in 0.0538466 seconds
Number of updated asset objects reloaded before import = 0Number of asset objects unloaded after import = 73

========================================================================
Received Import Request.
  Time since last request: 0.000123 seconds.
  path: Assets/DenysAlmaral/CityPeopleLite/Textures/people_pal_s2.png
  artifactKey: Guid(2c46ea73bc924c645837326c10544778) Importer(2089858483,192608db42251d675da83286b1cce702)
Start importing Assets/DenysAlmaral/CityPeopleLite/Textures/people_pal_s2.png using Guid(2c46ea73bc924c645837326c10544778) Importer(2089858483,192608db42251d675da83286b1cce702) (ScriptedImporter) -> (artifact id: 'c116050f80c3e5785a75dad466463ff3') in 0.0366126 seconds
Number of updated asset objects reloaded before import = 0Number of asset objects unloaded after import = 1

========================================================================
Received Import Request.
  Time since last request: 0.000108 seconds.
  path: Assets/DenysAlmaral/CityPeopleLite/Prefabs/casual_Female_G.prefab
  artifactKey: Guid(bae26acf817c6dc4e82f95d9ef4ab46a) Importer(2089858483,192608db42251d675da83286b1cce702)
Start importing Assets/DenysAlmaral/CityPeopleLite/Prefabs/casual_Female_G.prefab using Guid(bae26acf817c6dc4e82f95d9ef4ab46a) Importer(2089858483,192608db42251d675da83286b1cce702) (ScriptedImporter) -> (artifact id: '53c3c5d04f5d65394c888b2f6edba440') in 0.0922178 seconds
Number of updated asset objects reloaded before import = 0Number of asset objects unloaded after import = 87

========================================================================
Received Import Request.
  Time since last request: 0.000057 seconds.
  path: Assets/DenysAlmaral/CityPeopleLite/Animations/dance_hype_100f.anim
  artifactKey: Guid(e76cd7ddae1fe2c45be557c7cfbe7674) Importer(2089858483,192608db42251d675da83286b1cce702)
Start importing Assets/DenysAlmaral/CityPeopleLite/Animations/dance_hype_100f.anim using Guid(e76cd7ddae1fe2c45be557c7cfbe7674) Importer(2089858483,192608db42251d675da83286b1cce702) (ScriptedImporter) -> (artifact id: '0dbca35978bfaa9d1de74bd058d3ae69') in 0.0607995 seconds
Number of updated asset objects reloaded before import = 0Number of asset objects unloaded after import = 1

========================================================================
Received Import Request.
  Time since last request: 0.000044 seconds.
  path: Assets/Scenes/Game.unity
  artifactKey: Guid(99c9720ab356a0642a771bea13969a05) Importer(2089858483,192608db42251d675da83286b1cce702)
Start importing Assets/Scenes/Game.unity using Guid(99c9720ab356a0642a771bea13969a05) Importer(2089858483,192608db42251d675da83286b1cce702) (ScriptedImporter) -> (artifact id: '34ffbb146c96bc5e78e627db42079447') in 0.0362469 seconds
Number of updated asset objects reloaded before import = 0Number of asset objects unloaded after import = 1

========================================================================
Received Import Request.
  Time since last request: 0.000159 seconds.
  path: Assets/DenysAlmaral/CityPeopleLite/Meshes/animated/locom_m_phoneWalking_40f.fbx
  artifactKey: Guid(2956c9278508b1b43bc612bda9a89c85) Importer(2089858483,192608db42251d675da83286b1cce702)
Start importing Assets/DenysAlmaral/CityPeopleLite/Meshes/animated/locom_m_phoneWalking_40f.fbx using Guid(2956c9278508b1b43bc612bda9a89c85) Importer(2089858483,192608db42251d675da83286b1cce702) (ScriptedImporter) -> (artifact id: '5eb7ae51f876e9334f202916ba500a6b') in 0.0515986 seconds
Number of updated asset objects reloaded before import = 0Number of asset objects unloaded after import = 73

========================================================================
Received Import Request.
  Time since last request: 0.000042 seconds.
  path: Assets/DenysAlmaral/CityPeopleLite/Meshes/animated/locom_f_phoneWalking_40f.fbx
  artifactKey: Guid(a589e693a8baf10489fd11987487a4f8) Importer(2089858483,192608db42251d675da83286b1cce702)
Start importing Assets/DenysAlmaral/CityPeopleLite/Meshes/animated/locom_f_phoneWalking_40f.fbx using Guid(a589e693a8baf10489fd11987487a4f8) Importer(2089858483,192608db42251d675da83286b1cce702) (ScriptedImporter) -> (artifact id: 'c4559ab036c8f752e9556601b89ac6db') in 0.0700213 seconds
Number of updated asset objects reloaded before import = 0Number of asset objects unloaded after import = 73

========================================================================
Received Import Request.
  Time since last request: 0.000076 seconds.
  path: Assets/DenysAlmaral/CityPeopleLite/Prefabs/elder_Female_A.prefab
  artifactKey: Guid(bcc8732b8b44622449c23934f89e68c0) Importer(2089858483,192608db42251d675da83286b1cce702)
Start importing Assets/DenysAlmaral/CityPeopleLite/Prefabs/elder_Female_A.prefab using Guid(bcc8732b8b44622449c23934f89e68c0) Importer(2089858483,192608db42251d675da83286b1cce702) (ScriptedImporter) -> (artifact id: '958e8c72de1019505586443534916125') in 0.0885716 seconds
Number of updated asset objects reloaded before import = 0Number of asset objects unloaded after import = 95

========================================================================
Received Import Request.
  Time since last request: 0.000065 seconds.
  path: Assets/DenysAlmaral/CityPeopleLite/Meshes/animated/Tpose_lpFemale_rig.FBX
  artifactKey: Guid(89e4b9e31fc9ace45a9164e797eb041b) Importer(2089858483,192608db42251d675da83286b1cce702)
Start importing Assets/DenysAlmaral/CityPeopleLite/Meshes/animated/Tpose_lpFemale_rig.FBX using Guid(89e4b9e31fc9ace45a9164e797eb041b) Importer(2089858483,192608db42251d675da83286b1cce702) (ScriptedImporter) -> (artifact id: 'f67413645ddf600005e8dc970dc096d0') in 0.0558414 seconds
Number of updated asset objects reloaded before import = 0Number of asset objects unloaded after import = 90

========================================================================
Received Import Request.
  Time since last request: 0.000088 seconds.
  path: Assets/DenysAlmaral/CityPeopleLite/Meshes/animated/locom_m_running_20f.fbx
  artifactKey: Guid(7c14dd2471ac270479f0f37d1a44e185) Importer(2089858483,192608db42251d675da83286b1cce702)
Start importing Assets/DenysAlmaral/CityPeopleLite/Meshes/animated/locom_m_running_20f.fbx using Guid(7c14dd2471ac270479f0f37d1a44e185) Importer(2089858483,192608db42251d675da83286b1cce702) (ScriptedImporter) -> (artifact id: 'e43282dc845c26e448324921324e4bdf') in 0.0555259 seconds
Number of updated asset objects reloaded before import = 0Number of asset objects unloaded after import = 73

========================================================================
Received Import Request.
  Time since last request: 0.000052 seconds.
  path: Assets/DenysAlmaral/CityPeopleLite/Meshes/animated/dance_afro_56f.fbx
  artifactKey: Guid(6f0db15f6daa10a41bcc464d5b110369) Importer(2089858483,192608db42251d675da83286b1cce702)
Start importing Assets/DenysAlmaral/CityPeopleLite/Meshes/animated/dance_afro_56f.fbx using Guid(6f0db15f6daa10a41bcc464d5b110369) Importer(2089858483,192608db42251d675da83286b1cce702) (ScriptedImporter) -> (artifact id: 'a2f2dff915dd1277c303175b1fc6259b') in 0.0730165 seconds
Number of updated asset objects reloaded before import = 0Number of asset objects unloaded after import = 73

========================================================================
Received Import Request.
  Time since last request: 0.000051 seconds.
  path: Assets/DenysAlmaral/CityPeopleLite/Animations/locom_m_phoneWalking_40f.anim
  artifactKey: Guid(fd1e9a83e2921b24fa011f993cbcb97c) Importer(2089858483,192608db42251d675da83286b1cce702)
Start importing Assets/DenysAlmaral/CityPeopleLite/Animations/locom_m_phoneWalking_40f.anim using Guid(fd1e9a83e2921b24fa011f993cbcb97c) Importer(2089858483,192608db42251d675da83286b1cce702) (ScriptedImporter) -> (artifact id: '5a73ba2e1be7f43e72d681ee4456d423') in 0.0333756 seconds
Number of updated asset objects reloaded before import = 0Number of asset objects unloaded after import = 1

========================================================================
Received Import Request.
  Time since last request: 0.000092 seconds.
  path: Assets/DenysAlmaral/CityPeopleLite/Meshes/elder_Female_A.fbx
  artifactKey: Guid(e9603e7a3938b4e47abbb7121bcbae61) Importer(2089858483,192608db42251d675da83286b1cce702)
Start importing Assets/DenysAlmaral/CityPeopleLite/Meshes/elder_Female_A.fbx using Guid(e9603e7a3938b4e47abbb7121bcbae61) Importer(2089858483,192608db42251d675da83286b1cce702) (ScriptedImporter) -> (artifact id: '9af28808b695364e9c9eb7d41f328e81') in 0.0617736 seconds
Number of updated asset objects reloaded before import = 0Number of asset objects unloaded after import = 81

========================================================================
Received Import Request.
  Time since last request: 0.000063 seconds.
  path: Assets/DenysAlmaral/CityPeopleLite/Meshes/animated/dance_riverdance_60f.fbx
  artifactKey: Guid(2b09ecb342007ee4eabc8f6f51366e23) Importer(2089858483,192608db42251d675da83286b1cce702)
Start importing Assets/DenysAlmaral/CityPeopleLite/Meshes/animated/dance_riverdance_60f.fbx using Guid(2b09ecb342007ee4eabc8f6f51366e23) Importer(2089858483,192608db42251d675da83286b1cce702) (ScriptedImporter) -> (artifact id: 'b09a8c1c0c0731b17c651081b1b3ddcc') in 0.0590064 seconds
Number of updated asset objects reloaded before import = 0Number of asset objects unloaded after import = 89

========================================================================
Received Import Request.
  Time since last request: 52.528073 seconds.
  path: Assets/DenysAlmaral/CityPeopleLite/Meshes/casual_Female_G.fbx
  artifactKey: Guid(efa7cf83928a3bd42935d7898c6fe1df) Importer(815301076,1909f56bfc062723c751e8b465ee728b)
Start importing Assets/DenysAlmaral/CityPeopleLite/Meshes/casual_Female_G.fbx using Guid(efa7cf83928a3bd42935d7898c6fe1df) Importer(815301076,1909f56bfc062723c751e8b465ee728b) (PreviewImporter) -> (artifact id: '81a474a5e679e49fa10b953da479948d') in 0.1402083 seconds
Number of updated asset objects reloaded before import = 0Number of asset objects unloaded after import = 76

========================================================================
Received Import Request.
  Time since last request: 22.551005 seconds.
  path: Assets/DenysAlmaral/CityPeopleLite/Prefabs/casual_Female_K.prefab
  artifactKey: Guid(bcc8c8f342f71a7439ac0579aa86f030) Importer(815301076,1909f56bfc062723c751e8b465ee728b)
Start importing Assets/DenysAlmaral/CityPeopleLite/Prefabs/casual_Female_K.prefab using Guid(bcc8c8f342f71a7439ac0579aa86f030) Importer(815301076,1909f56bfc062723c751e8b465ee728b) (PreviewImporter) -> (artifact id: '713fd730a836c9960311ede15105ab63') in 0.1054228 seconds
Number of updated asset objects reloaded before import = 0Number of asset objects unloaded after import = 95

========================================================================
Received Import Request.
  Time since last request: 0.763836 seconds.
  path: Assets/DenysAlmaral/CityPeopleLite/Prefabs/casual_Female_K.prefab
  artifactKey: Guid(bcc8c8f342f71a7439ac0579aa86f030) Importer(2089858483,192608db42251d675da83286b1cce702)
Start importing Assets/DenysAlmaral/CityPeopleLite/Prefabs/casual_Female_K.prefab using Guid(bcc8c8f342f71a7439ac0579aa86f030) Importer(2089858483,192608db42251d675da83286b1cce702) (ScriptedImporter) -> (artifact id: '7312e3409fce21f20c9bf7aac36f0374') in 0.1011571 seconds
Number of updated asset objects reloaded before import = 0Number of asset objects unloaded after import = 92

========================================================================
Received Import Request.
  Time since last request: 1.799608 seconds.
  path: Assets/DenysAlmaral/CityPeopleLite/Prefabs/casual_Female_G.prefab
  artifactKey: Guid(bae26acf817c6dc4e82f95d9ef4ab46a) Importer(815301076,1909f56bfc062723c751e8b465ee728b)
Start importing Assets/DenysAlmaral/CityPeopleLite/Prefabs/casual_Female_G.prefab using Guid(bae26acf817c6dc4e82f95d9ef4ab46a) Importer(815301076,1909f56bfc062723c751e8b465ee728b) (PreviewImporter) -> (artifact id: 'a4011bf0f9fe608253a8373d5466e31d') in 0.0970891 seconds
Number of updated asset objects reloaded before import = 0Number of asset objects unloaded after import = 90

========================================================================
Received Import Request.
  Time since last request: 0.000109 seconds.
  path: Assets/DenysAlmaral/CityPeopleLite/Prefabs/little_boy_B.prefab
  artifactKey: Guid(87a7b985b15a4244091de35d7df9169a) Importer(815301076,1909f56bfc062723c751e8b465ee728b)
Start importing Assets/DenysAlmaral/CityPeopleLite/Prefabs/little_boy_B.prefab using Guid(87a7b985b15a4244091de35d7df9169a) Importer(815301076,1909f56bfc062723c751e8b465ee728b) (PreviewImporter) -> (artifact id: '590f873633b23eabb0e236e9f1780c3c') in 0.0935297 seconds
Number of updated asset objects reloaded before import = 0Number of asset objects unloaded after import = 96

========================================================================
Received Import Request.
  Time since last request: 0.595924 seconds.
  path: Assets/DenysAlmaral/CityPeopleLite/Materials/mobile/m_people_pal.mat
  artifactKey: Guid(1a77ecb7d10f8e344a05c9cf5a49b8b4) Importer(2089858483,192608db42251d675da83286b1cce702)
Start importing Assets/DenysAlmaral/CityPeopleLite/Materials/mobile/m_people_pal.mat using Guid(1a77ecb7d10f8e344a05c9cf5a49b8b4) Importer(2089858483,192608db42251d675da83286b1cce702) (ScriptedImporter) -> (artifact id: '0d2be56dea519017d7f399ce11c5a6da') in 0.0491503 seconds
Number of updated asset objects reloaded before import = 0Number of asset objects unloaded after import = 3

========================================================================
Received Import Request.
  Time since last request: 4.443393 seconds.
  path: Assets/DenysAlmaral/CityPeopleLite/Prefabs/casual_Female_G.prefab
  artifactKey: Guid(bae26acf817c6dc4e82f95d9ef4ab46a) Importer(815301076,1909f56bfc062723c751e8b465ee728b)
Start importing Assets/DenysAlmaral/CityPeopleLite/Prefabs/casual_Female_G.prefab using Guid(bae26acf817c6dc4e82f95d9ef4ab46a) Importer(815301076,1909f56bfc062723c751e8b465ee728b) (PreviewImporter) -> (artifact id: '9bcccd9bf8f1a9475084054667c8385d') in 0.0764248 seconds
Number of updated asset objects reloaded before import = 0Number of asset objects unloaded after import = 91

========================================================================
Received Import Request.
  Time since last request: 0.829061 seconds.
  path: Assets/DenysAlmaral/CityPeopleLite/Prefabs/casual_Female_G.prefab
  artifactKey: Guid(bae26acf817c6dc4e82f95d9ef4ab46a) Importer(2089858483,192608db42251d675da83286b1cce702)
Start importing Assets/DenysAlmaral/CityPeopleLite/Prefabs/casual_Female_G.prefab using Guid(bae26acf817c6dc4e82f95d9ef4ab46a) Importer(2089858483,192608db42251d675da83286b1cce702) (ScriptedImporter) -> (artifact id: '43f8395da33274eddc92e1c59a706850') in 0.0771133 seconds
Number of updated asset objects reloaded before import = 0Number of asset objects unloaded after import = 88

========================================================================
Received Import Request.
  Time since last request: 3.546937 seconds.
  path: Assets/DenysAlmaral/CityPeopleLite/Meshes/casual_Female_G.fbx
  artifactKey: Guid(efa7cf83928a3bd42935d7898c6fe1df) Importer(815301076,1909f56bfc062723c751e8b465ee728b)
Start importing Assets/DenysAlmaral/CityPeopleLite/Meshes/casual_Female_G.fbx using Guid(efa7cf83928a3bd42935d7898c6fe1df) Importer(815301076,1909f56bfc062723c751e8b465ee728b) (PreviewImporter) -> (artifact id: 'aa698e08cf5b756a53eea267b39d1682') in 0.0699527 seconds
Number of updated asset objects reloaded before import = 0Number of asset objects unloaded after import = 76

========================================================================
Received Import Request.
  Time since last request: 11.491691 seconds.
  path: Assets/DenysAlmaral/CityPeopleLite/Meshes/casual_Female_K.fbx
  artifactKey: Guid(b6dde1c6fee9fe4478fbb2c3a0c333b4) Importer(815301076,1909f56bfc062723c751e8b465ee728b)
Start importing Assets/DenysAlmaral/CityPeopleLite/Meshes/casual_Female_K.fbx using Guid(b6dde1c6fee9fe4478fbb2c3a0c333b4) Importer(815301076,1909f56bfc062723c751e8b465ee728b) (PreviewImporter) -> (artifact id: '860fd9660fcebac4483383911dd956ed') in 0.0869779 seconds
Number of updated asset objects reloaded before import = 0Number of asset objects unloaded after import = 80

========================================================================
Received Import Request.
  Time since last request: 19.842907 seconds.
  path: Assets/DenysAlmaral/CityPeopleLite/Prefabs/casual_Female_G.prefab
  artifactKey: Guid(bae26acf817c6dc4e82f95d9ef4ab46a) Importer(815301076,1909f56bfc062723c751e8b465ee728b)
Start importing Assets/DenysAlmaral/CityPeopleLite/Prefabs/casual_Female_G.prefab using Guid(bae26acf817c6dc4e82f95d9ef4ab46a) Importer(815301076,1909f56bfc062723c751e8b465ee728b) (PreviewImporter) -> (artifact id: '52688c8abdfa910a1a8258a68889d953') in 0.094959 seconds
Number of updated asset objects reloaded before import = 0Number of asset objects unloaded after import = 28

========================================================================
Received Import Request.
  Time since last request: 0.829058 seconds.
  path: Assets/DenysAlmaral/CityPeopleLite/Prefabs/casual_Female_G.prefab
  artifactKey: Guid(bae26acf817c6dc4e82f95d9ef4ab46a) Importer(2089858483,192608db42251d675da83286b1cce702)
Start importing Assets/DenysAlmaral/CityPeopleLite/Prefabs/casual_Female_G.prefab using Guid(bae26acf817c6dc4e82f95d9ef4ab46a) Importer(2089858483,192608db42251d675da83286b1cce702) (ScriptedImporter) -> (artifact id: 'b1195be42c0c9e0efbe3981e80ea120b') in 0.0709299 seconds
Number of updated asset objects reloaded before import = 0Number of asset objects unloaded after import = 26

========================================================================
Received Import Request.
  Time since last request: 10.965057 seconds.
  path: Assets/DenysAlmaral/CityPeopleLite/Prefabs/casual_Female_G 1.prefab
  artifactKey: Guid(364a77a013f0bf445b8143e1d107bb9b) Importer(815301076,1909f56bfc062723c751e8b465ee728b)
Start importing Assets/DenysAlmaral/CityPeopleLite/Prefabs/casual_Female_G 1.prefab using Guid(364a77a013f0bf445b8143e1d107bb9b) Importer(815301076,1909f56bfc062723c751e8b465ee728b) (PreviewImporter) -> (artifact id: '7b3ebade39f9b375bded457a86dbbc36') in 0.0836146 seconds
Number of updated asset objects reloaded before import = 0Number of asset objects unloaded after import = 91

========================================================================
Received Import Request.
  Time since last request: 0.853815 seconds.
  path: Assets/DenysAlmaral/CityPeopleLite/Prefabs/casual_Female_G 1.prefab
  artifactKey: Guid(364a77a013f0bf445b8143e1d107bb9b) Importer(2089858483,192608db42251d675da83286b1cce702)
Start importing Assets/DenysAlmaral/CityPeopleLite/Prefabs/casual_Female_G 1.prefab using Guid(364a77a013f0bf445b8143e1d107bb9b) Importer(2089858483,192608db42251d675da83286b1cce702) (ScriptedImporter) -> (artifact id: '62e27e4d40eba881514d6878b5709604') in 0.0718466 seconds
Number of updated asset objects reloaded before import = 0Number of asset objects unloaded after import = 88

========================================================================
Received Import Request.
  Time since last request: 12.103410 seconds.
  path: Assets/DenysAlmaral/CityPeopleLite/Prefabs/femeie.prefab
  artifactKey: Guid(f0ac6fb9ada49f24683e3eca20786103) Importer(815301076,1909f56bfc062723c751e8b465ee728b)
Start importing Assets/DenysAlmaral/CityPeopleLite/Prefabs/femeie.prefab using Guid(f0ac6fb9ada49f24683e3eca20786103) Importer(815301076,1909f56bfc062723c751e8b465ee728b) (PreviewImporter) -> (artifact id: '6750dedc22fba9fcfd7e860d5b32d586') in 0.0764453 seconds
Number of updated asset objects reloaded before import = 0Number of asset objects unloaded after import = 90

========================================================================
Received Import Request.
  Time since last request: 0.820471 seconds.
  path: Assets/DenysAlmaral/CityPeopleLite/Prefabs/femeie.prefab
  artifactKey: Guid(f0ac6fb9ada49f24683e3eca20786103) Importer(2089858483,192608db42251d675da83286b1cce702)
Start importing Assets/DenysAlmaral/CityPeopleLite/Prefabs/femeie.prefab using Guid(f0ac6fb9ada49f24683e3eca20786103) Importer(2089858483,192608db42251d675da83286b1cce702) (ScriptedImporter) -> (artifact id: '319093aab24c0664decf40f8d387c22b') in 0.0722263 seconds
Number of updated asset objects reloaded before import = 0Number of asset objects unloaded after import = 87

========================================================================
Received Import Request.
  Time since last request: 45.464812 seconds.
  path: Assets/DenysAlmaral/CityPeopleLite/Meshes/Doctor_Male_B.fbx
  artifactKey: Guid(87dd643ab949229418ba9400e67cf1c0) Importer(815301076,1909f56bfc062723c751e8b465ee728b)
Start importing Assets/DenysAlmaral/CityPeopleLite/Meshes/Doctor_Male_B.fbx using Guid(87dd643ab949229418ba9400e67cf1c0) Importer(815301076,1909f56bfc062723c751e8b465ee728b) (PreviewImporter) -> (artifact id: '730a1087d551bb4f280e893f4390f0d8') in 0.0917619 seconds
Number of updated asset objects reloaded before import = 0Number of asset objects unloaded after import = 80

========================================================================
Received Import Request.
  Time since last request: 0.000093 seconds.
  path: Assets/DenysAlmaral/CityPeopleLite/Meshes/police_Female_A.fbx
  artifactKey: Guid(b6804d93e01b7124294eccd05c06e280) Importer(815301076,1909f56bfc062723c751e8b465ee728b)
Start importing Assets/DenysAlmaral/CityPeopleLite/Meshes/police_Female_A.fbx using Guid(b6804d93e01b7124294eccd05c06e280) Importer(815301076,1909f56bfc062723c751e8b465ee728b) (PreviewImporter) -> (artifact id: 'b203263e733eb96599a2e9061cfd58e8') in 0.0795356 seconds
Number of updated asset objects reloaded before import = 0Number of asset objects unloaded after import = 76

========================================================================
Received Import Request.
  Time since last request: 108.249555 seconds.
  path: Assets/DenysAlmaral/CityPeopleLite/Demo_Scenes/Demo/LightingData.asset
  artifactKey: Guid(4c32604ba08c0e74a93dab10ce0e2137) Importer(815301076,1909f56bfc062723c751e8b465ee728b)
Start importing Assets/DenysAlmaral/CityPeopleLite/Demo_Scenes/Demo/LightingData.asset using Guid(4c32604ba08c0e74a93dab10ce0e2137) Importer(815301076,1909f56bfc062723c751e8b465ee728b) (PreviewImporter) -> (artifact id: 'e6a88c8c10631f7ffc5f3e644126f4d4') in 0.0060905 seconds
Number of updated asset objects reloaded before import = 0Number of asset objects unloaded after import = 2

========================================================================
Received Import Request.
  Time since last request: 37.029250 seconds.
  path: Assets/New Terrain 1.asset
  artifactKey: Guid(58fd2fb57801e55459022669502ae99c) Importer(2089858483,192608db42251d675da83286b1cce702)
Start importing Assets/New Terrain 1.asset using Guid(58fd2fb57801e55459022669502ae99c) Importer(2089858483,192608db42251d675da83286b1cce702) (ScriptedImporter)The tree casual_Female_G couldn't be instanced because the prefab contains no valid mesh renderer.
UnityEngine.Debug:ExtractStackTraceNoAlloc (byte*,int,string)
UnityEngine.StackTraceUtility:ExtractStackTrace ()
UnityEditor.AssetDatabase:LoadMainAssetAtPath (string)
UnityEditor.Search.AssetIndexer:IndexProperties (int&,string&,bool&)
UnityEditor.Search.AssetIndexer:IndexDocument (string,bool)
UnityEditor.Search.SearchIndexEntryImporter:OnImportAsset (UnityEditor.AssetImporters.AssetImportContext)
UnityEditor.AssetImporters.ScriptedImporter:GenerateAssetData (UnityEditor.AssetImporters.AssetImportContext)

[C:\build\output\unity\unity\Modules\Terrain\Public\TreeDatabase.cpp line 338]

The tree femeie couldn't be instanced because the prefab contains no valid mesh renderer.
UnityEngine.Debug:ExtractStackTraceNoAlloc (byte*,int,string)
UnityEngine.StackTraceUtility:ExtractStackTrace ()
UnityEditor.AssetDatabase:LoadMainAssetAtPath (string)
UnityEditor.Search.AssetIndexer:IndexProperties (int&,string&,bool&)
UnityEditor.Search.AssetIndexer:IndexDocument (string,bool)
UnityEditor.Search.SearchIndexEntryImporter:OnImportAsset (UnityEditor.AssetImporters.AssetImportContext)
UnityEditor.AssetImporters.ScriptedImporter:GenerateAssetData (UnityEditor.AssetImporters.AssetImportContext)

[C:\build\output\unity\unity\Modules\Terrain\Public\TreeDatabase.cpp line 338]

 -> (artifact id: 'd2645aadfcfa520a225acb43bb343b91') in 0.1177071 seconds
Number of updated asset objects reloaded before import = 0Number of asset objects unloaded after import = 144

========================================================================
Received Import Request.
  Time since last request: 389.568976 seconds.
  path: Assets/Models/Race track.prefab
  artifactKey: Guid(31034ab4cd93f2d439a0e5906c907853) Importer(815301076,1909f56bfc062723c751e8b465ee728b)
Start importing Assets/Models/Race track.prefab using Guid(31034ab4cd93f2d439a0e5906c907853) Importer(815301076,1909f56bfc062723c751e8b465ee728b) (PreviewImporter)The tree casual_Female_G couldn't be instanced because the prefab contains no valid mesh renderer.
The tree femeie couldn't be instanced because the prefab contains no valid mesh renderer.
 -> (artifact id: '934dfd9cdee44fcde89d16ad8a05cc0b') in 0.8303186 seconds
Number of updated asset objects reloaded before import = 0Number of asset objects unloaded after import = 1456

========================================================================
Received Import Request.
  Time since last request: 0.000131 seconds.
  path: Assets/Models/Race track Variant 1.prefab
  artifactKey: Guid(24e8723645e437f4ca9090a0c5ae767f) Importer(815301076,1909f56bfc062723c751e8b465ee728b)
Start importing Assets/Models/Race track Variant 1.prefab using Guid(24e8723645e437f4ca9090a0c5ae767f) Importer(815301076,1909f56bfc062723c751e8b465ee728b) (PreviewImporter)The tree casual_Female_G couldn't be instanced because the prefab contains no valid mesh renderer.
The tree femeie couldn't be instanced because the prefab contains no valid mesh renderer.
 -> (artifact id: 'e7c8d1eb2456d4152abeaf3b6e351ada') in 0.4867199 seconds
Number of updated asset objects reloaded before import = 0Number of asset objects unloaded after import = 3445

========================================================================
Received Import Request.
  Time since last request: 0.585124 seconds.
  path: Assets/Models/dispersed crowd.prefab
  artifactKey: Guid(22de2c0dc2679e74382978e43a6f08d2) Importer(815301076,1909f56bfc062723c751e8b465ee728b)
Start importing Assets/Models/dispersed crowd.prefab using Guid(22de2c0dc2679e74382978e43a6f08d2) Importer(815301076,1909f56bfc062723c751e8b465ee728b) (PreviewImporter) -> (artifact id: 'd1a3f7c31f634be7438e4a3b05f9fb7a') in 0.3619144 seconds
Number of updated asset objects reloaded before import = 0Number of asset objects unloaded after import = 3871

========================================================================
Received Import Request.
  Time since last request: 0.455638 seconds.
  path: Assets/Models/dispersed crowd.prefab
  artifactKey: Guid(22de2c0dc2679e74382978e43a6f08d2) Importer(2089858483,192608db42251d675da83286b1cce702)
Start importing Assets/Models/dispersed crowd.prefab using Guid(22de2c0dc2679e74382978e43a6f08d2) Importer(2089858483,192608db42251d675da83286b1cce702) (ScriptedImporter) -> (artifact id: '0aec7a320ad210c8fc1feb14c3b55138') in 0.0493416 seconds
Number of updated asset objects reloaded before import = 0Number of asset objects unloaded after import = 3137

========================================================================
Received Import Request.
  Time since last request: 2.034712 seconds.
  path: Assets/Models/crowd.prefab
  artifactKey: Guid(ba2c63b71a7d9ea41bd3c4187fcf2f50) Importer(815301076,1909f56bfc062723c751e8b465ee728b)
Start importing Assets/Models/crowd.prefab using Guid(ba2c63b71a7d9ea41bd3c4187fcf2f50) Importer(815301076,1909f56bfc062723c751e8b465ee728b) (PreviewImporter) -> (artifact id: 'a5815aba33d76dc0684e9fdf8f0b138e') in 0.2350352 seconds
Number of updated asset objects reloaded before import = 0Number of asset objects unloaded after import = 4239

========================================================================
Received Import Request.
  Time since last request: 0.573276 seconds.
  path: Assets/Models/crowd.prefab
  artifactKey: Guid(ba2c63b71a7d9ea41bd3c4187fcf2f50) Importer(2089858483,192608db42251d675da83286b1cce702)
Start importing Assets/Models/crowd.prefab using Guid(ba2c63b71a7d9ea41bd3c4187fcf2f50) Importer(2089858483,192608db42251d675da83286b1cce702) (ScriptedImporter) -> (artifact id: 'ac3e2ade434eb177cc6d0d2377f58c8e') in 0.0613441 seconds
Number of updated asset objects reloaded before import = 0Number of asset objects unloaded after import = 3500

========================================================================
Received Import Request.
  Time since last request: 644.924751 seconds.
  path: Assets/Scenes/Game.unity
  artifactKey: Guid(99c9720ab356a0642a771bea13969a05) Importer(2089858483,192608db42251d675da83286b1cce702)
Start importing Assets/Scenes/Game.unity using Guid(99c9720ab356a0642a771bea13969a05) Importer(2089858483,192608db42251d675da83286b1cce702) (ScriptedImporter) -> (artifact id: '722446c5273c46a046148632fc595af4') in 0.0705104 seconds
Number of updated asset objects reloaded before import = 0Number of asset objects unloaded after import = 1

========================================================================
Received Import Request.
  Time since last request: 75.876131 seconds.
  path: Assets/Scenes/Game.unity
  artifactKey: Guid(99c9720ab356a0642a771bea13969a05) Importer(2089858483,192608db42251d675da83286b1cce702)
Start importing Assets/Scenes/Game.unity using Guid(99c9720ab356a0642a771bea13969a05) Importer(2089858483,192608db42251d675da83286b1cce702) (ScriptedImporter) -> (artifact id: 'b3eb3dc739dc6657438355c0babf5f72') in 0.0310407 seconds
Number of updated asset objects reloaded before import = 0Number of asset objects unloaded after import = 1

========================================================================
Received Import Request.
  Time since last request: 17.298096 seconds.
  path: Assets/Scenes/Game.unity
  artifactKey: Guid(99c9720ab356a0642a771bea13969a05) Importer(2089858483,192608db42251d675da83286b1cce702)
Start importing Assets/Scenes/Game.unity using Guid(99c9720ab356a0642a771bea13969a05) Importer(2089858483,192608db42251d675da83286b1cce702) (ScriptedImporter) -> (artifact id: 'ad40d88fd2369a586ee60a9ee4f381e9') in 0.0206787 seconds
Number of updated asset objects reloaded before import = 0Number of asset objects unloaded after import = 1

========================================================================
Received Import Request.
  Time since last request: 37.499967 seconds.
  path: Assets/Scenes/Game.unity
  artifactKey: Guid(99c9720ab356a0642a771bea13969a05) Importer(2089858483,192608db42251d675da83286b1cce702)
Start importing Assets/Scenes/Game.unity using Guid(99c9720ab356a0642a771bea13969a05) Importer(2089858483,192608db42251d675da83286b1cce702) (ScriptedImporter) -> (artifact id: '2ed0bf371df4c4887190d5bb5b7a3aa9') in 0.0333193 seconds
Number of updated asset objects reloaded before import = 0Number of asset objects unloaded after import = 1

========================================================================
Received Import Request.
  Time since last request: 56.345776 seconds.
  path: Assets/Scenes/Game.unity
  artifactKey: Guid(99c9720ab356a0642a771bea13969a05) Importer(2089858483,192608db42251d675da83286b1cce702)
Start importing Assets/Scenes/Game.unity using Guid(99c9720ab356a0642a771bea13969a05) Importer(2089858483,192608db42251d675da83286b1cce702) (ScriptedImporter) -> (artifact id: '964ebfdd8bbef5ed56677c57142fb8ca') in 0.0472905 seconds
Number of updated asset objects reloaded before import = 0Number of asset objects unloaded after import = 1

========================================================================
Received Import Request.
  Time since last request: 232.685401 seconds.
  path: Assets/Models/Race track.prefab
  artifactKey: Guid(31034ab4cd93f2d439a0e5906c907853) Importer(2089858483,192608db42251d675da83286b1cce702)
Start importing Assets/Models/Race track.prefab using Guid(31034ab4cd93f2d439a0e5906c907853) Importer(2089858483,192608db42251d675da83286b1cce702) (ScriptedImporter) -> (artifact id: '67e43391c73ef2aa091c4fc0688fa8f9') in 0.2764047 seconds
Number of updated asset objects reloaded before import = 0Number of asset objects unloaded after import = 871

========================================================================
Received Import Request.
  Time since last request: 4.120826 seconds.
  path: Assets/Models/Race track.prefab
  artifactKey: Guid(31034ab4cd93f2d439a0e5906c907853) Importer(2089858483,192608db42251d675da83286b1cce702)
Start importing Assets/Models/Race track.prefab using Guid(31034ab4cd93f2d439a0e5906c907853) Importer(2089858483,192608db42251d675da83286b1cce702) (ScriptedImporter) -> (artifact id: '67b6e44c9acbde7de87d7fec2f63efe1') in 0.0581078 seconds
Number of updated asset objects reloaded before import = 0Number of asset objects unloaded after import = 871

========================================================================
Received Import Request.
  Time since last request: 4.369255 seconds.
  path: Assets/Models/Race track.prefab
  artifactKey: Guid(31034ab4cd93f2d439a0e5906c907853) Importer(2089858483,192608db42251d675da83286b1cce702)
Start importing Assets/Models/Race track.prefab using Guid(31034ab4cd93f2d439a0e5906c907853) Importer(2089858483,192608db42251d675da83286b1cce702) (ScriptedImporter) -> (artifact id: 'f934bc490094668b415d0a02c7772e48') in 0.0735531 seconds
Number of updated asset objects reloaded before import = 0Number of asset objects unloaded after import = 871

========================================================================
Received Import Request.
  Time since last request: 3.715802 seconds.
  path: Assets/Models/Race track.prefab
  artifactKey: Guid(31034ab4cd93f2d439a0e5906c907853) Importer(2089858483,192608db42251d675da83286b1cce702)
Start importing Assets/Models/Race track.prefab using Guid(31034ab4cd93f2d439a0e5906c907853) Importer(2089858483,192608db42251d675da83286b1cce702) (ScriptedImporter) -> (artifact id: '8b577a145702c1767692edabe0ea9744') in 0.0854596 seconds
Number of updated asset objects reloaded before import = 0Number of asset objects unloaded after import = 875

========================================================================
Received Import Request.
  Time since last request: 2.305972 seconds.
  path: Assets/Models/Race track.prefab
  artifactKey: Guid(31034ab4cd93f2d439a0e5906c907853) Importer(2089858483,192608db42251d675da83286b1cce702)
Start importing Assets/Models/Race track.prefab using Guid(31034ab4cd93f2d439a0e5906c907853) Importer(2089858483,192608db42251d675da83286b1cce702) (ScriptedImporter) -> (artifact id: '05e105121e5785f87d456c8e64476b55') in 0.0447576 seconds
Number of updated asset objects reloaded before import = 0Number of asset objects unloaded after import = 875

========================================================================
Received Import Request.
  Time since last request: 2.962928 seconds.
  path: Assets/Models/Race track.prefab
  artifactKey: Guid(31034ab4cd93f2d439a0e5906c907853) Importer(2089858483,192608db42251d675da83286b1cce702)
Start importing Assets/Models/Race track.prefab using Guid(31034ab4cd93f2d439a0e5906c907853) Importer(2089858483,192608db42251d675da83286b1cce702) (ScriptedImporter) -> (artifact id: '67c556cde186a7fc2269848af1ce2952') in 0.0743528 seconds
Number of updated asset objects reloaded before import = 0Number of asset objects unloaded after import = 879

========================================================================
Received Import Request.
  Time since last request: 1.709842 seconds.
  path: Assets/Models/Race track.prefab
  artifactKey: Guid(31034ab4cd93f2d439a0e5906c907853) Importer(2089858483,192608db42251d675da83286b1cce702)
Start importing Assets/Models/Race track.prefab using Guid(31034ab4cd93f2d439a0e5906c907853) Importer(2089858483,192608db42251d675da83286b1cce702) (ScriptedImporter) -> (artifact id: 'a35e50ee8f73980350173067d72c3838') in 0.0490361 seconds
Number of updated asset objects reloaded before import = 0Number of asset objects unloaded after import = 879

========================================================================
Received Import Request.
  Time since last request: 3.188702 seconds.
  path: Assets/Models/Race track.prefab
  artifactKey: Guid(31034ab4cd93f2d439a0e5906c907853) Importer(2089858483,192608db42251d675da83286b1cce702)
Start importing Assets/Models/Race track.prefab using Guid(31034ab4cd93f2d439a0e5906c907853) Importer(2089858483,192608db42251d675da83286b1cce702) (ScriptedImporter) -> (artifact id: '4c92e53cadcb1268b072b69e2dce0a86') in 0.0392777 seconds
Number of updated asset objects reloaded before import = 0Number of asset objects unloaded after import = 883

========================================================================
Received Import Request.
  Time since last request: 2.313423 seconds.
  path: Assets/Models/Race track.prefab
  artifactKey: Guid(31034ab4cd93f2d439a0e5906c907853) Importer(2089858483,192608db42251d675da83286b1cce702)
Start importing Assets/Models/Race track.prefab using Guid(31034ab4cd93f2d439a0e5906c907853) Importer(2089858483,192608db42251d675da83286b1cce702) (ScriptedImporter) -> (artifact id: '5ec28a6eca85e0919e57d92a208243c8') in 0.0449448 seconds
Number of updated asset objects reloaded before import = 0Number of asset objects unloaded after import = 883

========================================================================
Received Import Request.
  Time since last request: 3.003827 seconds.
  path: Assets/Models/Race track.prefab
  artifactKey: Guid(31034ab4cd93f2d439a0e5906c907853) Importer(2089858483,192608db42251d675da83286b1cce702)
Start importing Assets/Models/Race track.prefab using Guid(31034ab4cd93f2d439a0e5906c907853) Importer(2089858483,192608db42251d675da83286b1cce702) (ScriptedImporter) -> (artifact id: 'eab47ba432b458c0399d505f89354844') in 0.0376039 seconds
Number of updated asset objects reloaded before import = 0Number of asset objects unloaded after import = 883

========================================================================
Received Import Request.
  Time since last request: 1.656713 seconds.
  path: Assets/Models/Race track.prefab
  artifactKey: Guid(31034ab4cd93f2d439a0e5906c907853) Importer(2089858483,192608db42251d675da83286b1cce702)
Start importing Assets/Models/Race track.prefab using Guid(31034ab4cd93f2d439a0e5906c907853) Importer(2089858483,192608db42251d675da83286b1cce702) (ScriptedImporter) -> (artifact id: '693656e934487c2144307f489681d38b') in 0.0560326 seconds
Number of updated asset objects reloaded before import = 0Number of asset objects unloaded after import = 887

========================================================================
Received Import Request.
  Time since last request: 3.337822 seconds.
  path: Assets/Models/Race track.prefab
  artifactKey: Guid(31034ab4cd93f2d439a0e5906c907853) Importer(2089858483,192608db42251d675da83286b1cce702)
Start importing Assets/Models/Race track.prefab using Guid(31034ab4cd93f2d439a0e5906c907853) Importer(2089858483,192608db42251d675da83286b1cce702) (ScriptedImporter) -> (artifact id: '65da68572f6588432933daef31d48e9f') in 0.0542605 seconds
Number of updated asset objects reloaded before import = 0Number of asset objects unloaded after import = 887

========================================================================
Received Import Request.
  Time since last request: 10.258827 seconds.
  path: Assets/Models/Race track.prefab
  artifactKey: Guid(31034ab4cd93f2d439a0e5906c907853) Importer(2089858483,192608db42251d675da83286b1cce702)
Start importing Assets/Models/Race track.prefab using Guid(31034ab4cd93f2d439a0e5906c907853) Importer(2089858483,192608db42251d675da83286b1cce702) (ScriptedImporter) -> (artifact id: '53b20851364bf5cb14cea894370791f0') in 0.094016 seconds
Number of updated asset objects reloaded before import = 0Number of asset objects unloaded after import = 891

========================================================================
Received Import Request.
  Time since last request: 209.347534 seconds.
  path: Assets/Scenes/Game.unity
  artifactKey: Guid(99c9720ab356a0642a771bea13969a05) Importer(2089858483,192608db42251d675da83286b1cce702)
Start importing Assets/Scenes/Game.unity using Guid(99c9720ab356a0642a771bea13969a05) Importer(2089858483,192608db42251d675da83286b1cce702) (ScriptedImporter) -> (artifact id: 'd7e5257abd2a91764b0bed95635fc5d6') in 0.0448548 seconds
Number of updated asset objects reloaded before import = 0Number of asset objects unloaded after import = 1

========================================================================
Received Import Request.
  Time since last request: 38.008910 seconds.
  path: Assets/Scenes/Game.unity
  artifactKey: Guid(99c9720ab356a0642a771bea13969a05) Importer(2089858483,192608db42251d675da83286b1cce702)
Start importing Assets/Scenes/Game.unity using Guid(99c9720ab356a0642a771bea13969a05) Importer(2089858483,192608db42251d675da83286b1cce702) (ScriptedImporter) -> (artifact id: '5bd42af19f5b2535ea56a4cded938c07') in 0.0374323 seconds
Number of updated asset objects reloaded before import = 0Number of asset objects unloaded after import = 1

========================================================================
Received Import Request.
  Time since last request: 42.070337 seconds.
  path: Assets/Models/Race track Variant 2.prefab
  artifactKey: Guid(d775450de420e3848b2444ccb4bb77b2) Importer(2089858483,192608db42251d675da83286b1cce702)
Start importing Assets/Models/Race track Variant 2.prefab using Guid(d775450de420e3848b2444ccb4bb77b2) Importer(2089858483,192608db42251d675da83286b1cce702) (ScriptedImporter) -> (artifact id: 'd851b2aba0bdbfc963e92c114d61af1d') in 1.6896673 seconds
Number of updated asset objects reloaded before import = 0Number of asset objects unloaded after import = 58500

