Using pre-set license
Built from 'trunk' branch; Version is '6000.0.22f1 (001fa5a8e29a) revision 8101'; Using compiler version '193933523'; Build Type 'Release'
OS: 'Windows 11  (10.0.22631) 64bit Professional' Language: 'en' Physical Memory: 5966 MB
BatchMode: 1, IsHumanControllingUs: 0, StartBugReporterOnCrash: 0, Is64bit: 1, IsPro: 1

COMMAND LINE ARGUMENTS:
C:\Program Files\Unity\Hub\Editor\6000.0.22f1\Editor\Unity.exe
-adb2
-batchMode
-noUpm
-name
AssetImportWorker35
-projectPath
C:/Users/ANDREEA/Desktop/ex/RacingGame/RacingGame
-logFile
Logs/AssetImportWorker35.log
-srvPort
61830
-job-worker-count
5
-background-job-worker-count
8
-asset-garbage-collectors
1
Successfully changed project path to: C:/Users/ANDREEA/Desktop/ex/RacingGame/RacingGame
C:/Users/ANDREEA/Desktop/ex/RacingGame/RacingGame
[UnityMemory] Configuration Parameters - Can be set up in boot.config
    "memorysetup-bucket-allocator-granularity=16"
    "memorysetup-bucket-allocator-bucket-count=8"
    "memorysetup-bucket-allocator-block-size=33554432"
    "memorysetup-bucket-allocator-block-count=8"
    "memorysetup-main-allocator-block-size=16777216"
    "memorysetup-thread-allocator-block-size=16777216"
    "memorysetup-gfx-main-allocator-block-size=16777216"
    "memorysetup-gfx-thread-allocator-block-size=16777216"
    "memorysetup-cache-allocator-block-size=4194304"
    "memorysetup-typetree-allocator-block-size=2097152"
    "memorysetup-profiler-bucket-allocator-granularity=16"
    "memorysetup-profiler-bucket-allocator-bucket-count=8"
    "memorysetup-profiler-bucket-allocator-block-size=33554432"
    "memorysetup-profiler-bucket-allocator-block-count=8"
    "memorysetup-profiler-allocator-block-size=16777216"
    "memorysetup-profiler-editor-allocator-block-size=1048576"
    "memorysetup-temp-allocator-size-main=16777216"
    "memorysetup-job-temp-allocator-block-size=2097152"
    "memorysetup-job-temp-allocator-block-size-background=1048576"
    "memorysetup-job-temp-allocator-reduction-small-platforms=262144"
    "memorysetup-allocator-temp-initial-block-size-main=262144"
    "memorysetup-allocator-temp-initial-block-size-worker=262144"
    "memorysetup-temp-allocator-size-background-worker=32768"
    "memorysetup-temp-allocator-size-job-worker=262144"
    "memorysetup-temp-allocator-size-preload-manager=33554432"
    "memorysetup-temp-allocator-size-nav-mesh-worker=65536"
    "memorysetup-temp-allocator-size-audio-worker=65536"
    "memorysetup-temp-allocator-size-cloud-worker=32768"
    "memorysetup-temp-allocator-size-gi-baking-worker=262144"
    "memorysetup-temp-allocator-size-gi-baking-worker=262144"
    "memorysetup-temp-allocator-size-gi-baking-worker=262144"
    "memorysetup-temp-allocator-size-gi-baking-worker=262144"
    "memorysetup-temp-allocator-size-gi-baking-worker=262144"
    "memorysetup-temp-allocator-size-gfx=262144"
Player connection [26280]  Target information:

Player connection [26280]  * "[IP] 192.168.56.1 [Port] 0 [Flags] 2 [Guid] 2857953529 [EditorId] 2857953529 [Version] 1048832 [Id] WindowsEditor(7,DESKTOP-HT3IUV8) [Debug] 1 [PackageName] WindowsEditor [ProjectName] Editor" 

Player connection [26280]  * "[IP] 192.168.0.103 [Port] 0 [Flags] 2 [Guid] 2857953529 [EditorId] 2857953529 [Version] 1048832 [Id] WindowsEditor(7,DESKTOP-HT3IUV8) [Debug] 1 [PackageName] WindowsEditor [ProjectName] Editor" 

Player connection [26280] Host joined multi-casting on [225.0.0.222:54997]...
Player connection [26280] Host joined alternative multi-casting on [225.0.0.222:34997]...
JobSystem: Creating JobQueue using job-worker-count value 5
[Physics::Module] Initialized fallback backend.
[Physics::Module] Id: 0xdecafbad
Library Redirect Path: Library/
[Physics::Module] Selected backend.
[Physics::Module] Name: PhysX
[Physics::Module] Id: 0xf2b8ea05
[Physics::Module] SDK Version: 4.1.2
[Physics::Module] Integration Version: 1.0.0
[Physics::Module] Threading Mode: Multi-Threaded
Refreshing native plugins compatible for Editor in 13.05 ms, found 3 plugins.
Preloading 0 native plugins for Editor in 0.00 ms.
Initialize engine version: 6000.0.22f1 (001fa5a8e29a)
[Subsystems] Discovering subsystems at path C:/Program Files/Unity/Hub/Editor/6000.0.22f1/Editor/Data/Resources/UnitySubsystems
[Subsystems] Discovering subsystems at path C:/Users/ANDREEA/Desktop/ex/RacingGame/RacingGame/Assets
GfxDevice: creating device client; kGfxThreadingModeNonThreaded
Direct3D:
    Version:  Direct3D 11.0 [level 11.1]
    Renderer: AMD Radeon(TM) Graphics (ID=0x164c)
    Vendor:   ATI
    VRAM:     2983 MB
    Driver:   30.0.13044.0
Initialize mono
Mono path[0] = 'C:/Program Files/Unity/Hub/Editor/6000.0.22f1/Editor/Data/Managed'
Mono path[1] = 'C:/Program Files/Unity/Hub/Editor/6000.0.22f1/Editor/Data/MonoBleedingEdge/lib/mono/unityjit-win32'
Mono config path = 'C:/Program Files/Unity/Hub/Editor/6000.0.22f1/Editor/Data/MonoBleedingEdge/etc'
Using monoOptions --debugger-agent=transport=dt_socket,embedding=1,server=y,suspend=n,address=127.0.0.1:56004
Begin MonoManager ReloadAssembly
Registering precompiled unity dll's ...
Register platform support module: C:/Program Files/Unity/Hub/Editor/6000.0.22f1/Editor/Data/PlaybackEngines/WindowsStandaloneSupport/UnityEditor.WindowsStandalone.Extensions.dll
Registered in 0.010440 seconds.
- Loaded All Assemblies, in  2.305 seconds
Native extension for WindowsStandalone target not found
Mono: successfully reloaded assembly
- Finished resetting the current domain, in  2.146 seconds
Domain Reload Profiling: 4447ms
	BeginReloadAssembly (757ms)
		ExecutionOrderSort (0ms)
		DisableScriptedObjects (0ms)
		BackupInstance (0ms)
		ReleaseScriptingObjects (0ms)
		CreateAndSetChildDomain (3ms)
	RebuildCommonClasses (175ms)
	RebuildNativeTypeToScriptingClass (58ms)
	initialDomainReloadingComplete (295ms)
	LoadAllAssembliesAndSetupDomain (1014ms)
		LoadAssemblies (752ms)
		RebuildTransferFunctionScriptingTraits (0ms)
		AnalyzeDomain (997ms)
			TypeCache.Refresh (992ms)
				TypeCache.ScanAssembly (909ms)
			BuildScriptInfoCaches (1ms)
			ResolveRequiredComponents (1ms)
	FinalizeReload (2148ms)
		ReleaseScriptCaches (0ms)
		RebuildScriptCaches (0ms)
		SetupLoadedEditorAssemblies (1938ms)
			LogAssemblyErrors (0ms)
			InitializePlatformSupportModulesInManaged (175ms)
			SetLoadedEditorAssemblies (33ms)
			BeforeProcessingInitializeOnLoad (56ms)
			ProcessInitializeOnLoadAttributes (1096ms)
			ProcessInitializeOnLoadMethodAttributes (568ms)
			AfterProcessingInitializeOnLoad (10ms)
			EditorAssembliesLoaded (1ms)
		ExecutionOrderSort2 (0ms)
		AwakeInstancesAfterBackupRestoration (0ms)
========================================================================
Worker process is ready to serve import requests
Import Worker Mode flag is 0x00
Begin MonoManager ReloadAssembly
- Loaded All Assemblies, in  7.436 seconds
Refreshing native plugins compatible for Editor in 20.27 ms, found 3 plugins.
Native extension for WindowsStandalone target not found
Mono: successfully reloaded assembly
- Finished resetting the current domain, in 28.293 seconds
Domain Reload Profiling: 35748ms
	BeginReloadAssembly (3021ms)
		ExecutionOrderSort (0ms)
		DisableScriptedObjects (19ms)
		BackupInstance (0ms)
		ReleaseScriptingObjects (0ms)
		CreateAndSetChildDomain (217ms)
	RebuildCommonClasses (198ms)
	RebuildNativeTypeToScriptingClass (48ms)
	initialDomainReloadingComplete (187ms)
	LoadAllAssembliesAndSetupDomain (3972ms)
		LoadAssemblies (2751ms)
		RebuildTransferFunctionScriptingTraits (0ms)
		AnalyzeDomain (1861ms)
			TypeCache.Refresh (1505ms)
				TypeCache.ScanAssembly (1347ms)
			BuildScriptInfoCaches (286ms)
			ResolveRequiredComponents (58ms)
	FinalizeReload (28323ms)
		ReleaseScriptCaches (0ms)
		RebuildScriptCaches (0ms)
		SetupLoadedEditorAssemblies (20126ms)
			LogAssemblyErrors (0ms)
			InitializePlatformSupportModulesInManaged (27ms)
			SetLoadedEditorAssemblies (55ms)
			BeforeProcessingInitializeOnLoad (998ms)
			ProcessInitializeOnLoadAttributes (17090ms)
			ProcessInitializeOnLoadMethodAttributes (1906ms)
			AfterProcessingInitializeOnLoad (44ms)
			EditorAssembliesLoaded (7ms)
		ExecutionOrderSort2 (0ms)
		AwakeInstancesAfterBackupRestoration (161ms)
Launched and connected shader compiler UnityShaderCompiler.exe after 0.08 seconds
Refreshing native plugins compatible for Editor in 14.16 ms, found 3 plugins.
Preloading 0 native plugins for Editor in 0.00 ms.
Unloading 198 Unused Serialized files (Serialized files now loaded: 0)
Unloading 5897 unused Assets / (2.2 MB). Loaded Objects now: 6668.
Memory consumption went from 182.7 MB to 180.5 MB.
Total: 1197.001100 ms (FindLiveObjects: 867.348300 ms CreateObjectMapping: 11.662600 ms MarkObjects: 121.576800 ms  DeleteObjects: 196.398200 ms)

========================================================================
Received Import Request.
  Time since last request: 179367.624229 seconds.
  path: Assets/HousePack/Models/House5/Textures/map1.bmp
  artifactKey: Guid(11b615518e966694994dbc40105ec8a5) Importer(2089858483,192608db42251d675da83286b1cce702)
Start importing Assets/HousePack/Models/House5/Textures/map1.bmp using Guid(11b615518e966694994dbc40105ec8a5) Importer(2089858483,192608db42251d675da83286b1cce702) (ScriptedImporter) -> (artifact id: '2929db8ec0b114c69602ca70bf46aff1') in 3.7604204 seconds
Number of updated asset objects reloaded before import = 0Number of asset objects unloaded after import = 1

========================================================================
Received Import Request.
  Time since last request: 0.000276 seconds.
  path: Assets/HousePack/Models/House6/Textures/map13.bmp
  artifactKey: Guid(e0b59f307a5824b4b952815627e78219) Importer(2089858483,192608db42251d675da83286b1cce702)
Start importing Assets/HousePack/Models/House6/Textures/map13.bmp using Guid(e0b59f307a5824b4b952815627e78219) Importer(2089858483,192608db42251d675da83286b1cce702) (ScriptedImporter) -> (artifact id: '3f4ea16adf8572418e608e3c509098bc') in 0.4214638 seconds
Number of updated asset objects reloaded before import = 0Number of asset objects unloaded after import = 1

========================================================================
Received Import Request.
  Time since last request: 0.000117 seconds.
  path: Assets/Race Track Pack/Terrian Textures/Grass one/NewLayer.terrainlayer
  artifactKey: Guid(7b0ee4de43ba31f46af7d4dcf69202f2) Importer(2089858483,192608db42251d675da83286b1cce702)
Start importing Assets/Race Track Pack/Terrian Textures/Grass one/NewLayer.terrainlayer using Guid(7b0ee4de43ba31f46af7d4dcf69202f2) Importer(2089858483,192608db42251d675da83286b1cce702) (ScriptedImporter) -> (artifact id: '76630166f634a552173a64531dc9ef6b') in 0.3476465 seconds
Number of updated asset objects reloaded before import = 0Number of asset objects unloaded after import = 3

========================================================================
Received Import Request.
  Time since last request: 0.000239 seconds.
  path: Assets/HousePack/Models/House7/Materials/map10.mat
  artifactKey: Guid(a1befee44f43465449f3e24a43e99eda) Importer(2089858483,192608db42251d675da83286b1cce702)
Start importing Assets/HousePack/Models/House7/Materials/map10.mat using Guid(a1befee44f43465449f3e24a43e99eda) Importer(2089858483,192608db42251d675da83286b1cce702) (ScriptedImporter) -> (artifact id: 'b0b87130c85bf28a98035c9ba67711ef') in 0.1888932 seconds
Number of updated asset objects reloaded before import = 0Number of asset objects unloaded after import = 2

========================================================================
Received Import Request.
  Time since last request: 0.000076 seconds.
  path: Assets/HousePack/Models/House7/Materials/map23.mat
  artifactKey: Guid(3356591720f586241b0870afa318ba47) Importer(2089858483,192608db42251d675da83286b1cce702)
Start importing Assets/HousePack/Models/House7/Materials/map23.mat using Guid(3356591720f586241b0870afa318ba47) Importer(2089858483,192608db42251d675da83286b1cce702) (ScriptedImporter) -> (artifact id: '422fb4269914792ccb6f0a2b566b93dc') in 0.0964377 seconds
Number of updated asset objects reloaded before import = 0Number of asset objects unloaded after import = 1

========================================================================
Received Import Request.
  Time since last request: 0.000137 seconds.
  path: Assets/HousePack/Models/House7/Textures/map3.bmp
  artifactKey: Guid(5fd55c2020c045941908e80f06e55a1c) Importer(2089858483,192608db42251d675da83286b1cce702)
Start importing Assets/HousePack/Models/House7/Textures/map3.bmp using Guid(5fd55c2020c045941908e80f06e55a1c) Importer(2089858483,192608db42251d675da83286b1cce702) (ScriptedImporter) -> (artifact id: '9fb2f324b3a5ac5d218d209ace8819bd') in 0.1201857 seconds
Number of updated asset objects reloaded before import = 0Number of asset objects unloaded after import = 1

========================================================================
Received Import Request.
  Time since last request: 0.000074 seconds.
  path: Assets/HousePack/Models/House8/Materials/map5.mat
  artifactKey: Guid(1a879ccb2fe0df24fb4ad8302cc21531) Importer(2089858483,192608db42251d675da83286b1cce702)
Start importing Assets/HousePack/Models/House8/Materials/map5.mat using Guid(1a879ccb2fe0df24fb4ad8302cc21531) Importer(2089858483,192608db42251d675da83286b1cce702) (ScriptedImporter) -> (artifact id: 'adf253144f3fa4c349e5341c2a8c4f0c') in 0.0749535 seconds
Number of updated asset objects reloaded before import = 0Number of asset objects unloaded after import = 2

========================================================================
Received Import Request.
  Time since last request: 0.000115 seconds.
  path: Assets/HousePack/Models/House8/Materials/Bow_Abattoir_Conc2.mat
  artifactKey: Guid(24be14c8ac8a55f43ab4ed06628a3a21) Importer(2089858483,192608db42251d675da83286b1cce702)
Start importing Assets/HousePack/Models/House8/Materials/Bow_Abattoir_Conc2.mat using Guid(24be14c8ac8a55f43ab4ed06628a3a21) Importer(2089858483,192608db42251d675da83286b1cce702) (ScriptedImporter) -> (artifact id: 'f7c660faa94db7fb430424756f4c565d') in 0.2628253 seconds
Number of updated asset objects reloaded before import = 0Number of asset objects unloaded after import = 1

========================================================================
Received Import Request.
  Time since last request: 0.000049 seconds.
  path: Assets/HousePack/Models/House8/Materials/map7.mat
  artifactKey: Guid(fb1d3730cdae94744a2b04d1b99a3654) Importer(2089858483,192608db42251d675da83286b1cce702)
Start importing Assets/HousePack/Models/House8/Materials/map7.mat using Guid(fb1d3730cdae94744a2b04d1b99a3654) Importer(2089858483,192608db42251d675da83286b1cce702) (ScriptedImporter) -> (artifact id: 'a87b6724ee7af6beaa35ad4f0ac95956') in 0.0462385 seconds
Number of updated asset objects reloaded before import = 0Number of asset objects unloaded after import = 1

========================================================================
Received Import Request.
  Time since last request: 0.000048 seconds.
  path: Assets/HousePack/Models/House8/Textures/map11.bmp
  artifactKey: Guid(f9416f68fa45a394f80d26ff5e4754c4) Importer(2089858483,192608db42251d675da83286b1cce702)
Start importing Assets/HousePack/Models/House8/Textures/map11.bmp using Guid(f9416f68fa45a394f80d26ff5e4754c4) Importer(2089858483,192608db42251d675da83286b1cce702) (ScriptedImporter) -> (artifact id: 'ca68751d502925dc11d33dab3f78ecec') in 0.1038956 seconds
Number of updated asset objects reloaded before import = 0Number of asset objects unloaded after import = 1

========================================================================
Received Import Request.
  Time since last request: 0.000114 seconds.
  path: Assets/HousePack/Models/House8/Textures/10.bmp
  artifactKey: Guid(6472636f377d3d640b28575c5131a153) Importer(2089858483,192608db42251d675da83286b1cce702)
Start importing Assets/HousePack/Models/House8/Textures/10.bmp using Guid(6472636f377d3d640b28575c5131a153) Importer(2089858483,192608db42251d675da83286b1cce702) (ScriptedImporter) -> (artifact id: 'f90757895d136565051b159d6909a1b4') in 0.093197 seconds
Number of updated asset objects reloaded before import = 0Number of asset objects unloaded after import = 1

========================================================================
Received Import Request.
  Time since last request: 0.000367 seconds.
  path: Assets/HousePack/Models/House9/Materials/map3.mat
  artifactKey: Guid(1f1102ec09c367d4b87a2a446b246ec1) Importer(2089858483,192608db42251d675da83286b1cce702)
Start importing Assets/HousePack/Models/House9/Materials/map3.mat using Guid(1f1102ec09c367d4b87a2a446b246ec1) Importer(2089858483,192608db42251d675da83286b1cce702) (ScriptedImporter) -> (artifact id: 'e6b24c24a691e97aaba23f1a97732867') in 0.0650824 seconds
Number of updated asset objects reloaded before import = 0Number of asset objects unloaded after import = 2

========================================================================
Received Import Request.
  Time since last request: 0.000088 seconds.
  path: Assets/HousePack/Models/House8/Textures/map5.bmp
  artifactKey: Guid(821055b855b87f748bd071b41166f57b) Importer(2089858483,192608db42251d675da83286b1cce702)
Start importing Assets/HousePack/Models/House8/Textures/map5.bmp using Guid(821055b855b87f748bd071b41166f57b) Importer(2089858483,192608db42251d675da83286b1cce702) (ScriptedImporter) -> (artifact id: 'b28d3b603a2fd13fe77e9e4153e1722e') in 0.0700909 seconds
Number of updated asset objects reloaded before import = 0Number of asset objects unloaded after import = 1

========================================================================
Received Import Request.
  Time since last request: 0.000103 seconds.
  path: Assets/HousePack/Models/House9/Textures/map17.bmp
  artifactKey: Guid(e661659ead1fa614499d8ae60c35c35e) Importer(2089858483,192608db42251d675da83286b1cce702)
Start importing Assets/HousePack/Models/House9/Textures/map17.bmp using Guid(e661659ead1fa614499d8ae60c35c35e) Importer(2089858483,192608db42251d675da83286b1cce702) (ScriptedImporter) -> (artifact id: '2af10ff9889228985488f7fb8ddd6662') in 0.089603 seconds
Number of updated asset objects reloaded before import = 0Number of asset objects unloaded after import = 1

========================================================================
Received Import Request.
  Time since last request: 0.000070 seconds.
  path: Assets/HousePack/Models/House9/Textures/map2.bmp
  artifactKey: Guid(76f65d1e056896842a70f8bcd6ade188) Importer(2089858483,192608db42251d675da83286b1cce702)
Start importing Assets/HousePack/Models/House9/Textures/map2.bmp using Guid(76f65d1e056896842a70f8bcd6ade188) Importer(2089858483,192608db42251d675da83286b1cce702) (ScriptedImporter) -> (artifact id: '6373ee27bebee7c532a785086d50356a') in 0.0995698 seconds
Number of updated asset objects reloaded before import = 0Number of asset objects unloaded after import = 1

========================================================================
Received Import Request.
  Time since last request: 0.000057 seconds.
  path: Assets/HousePack/Models/House9/Textures/map7.bmp
  artifactKey: Guid(7fe04ee4484e1ac45be1186ca028b1cd) Importer(2089858483,192608db42251d675da83286b1cce702)
Start importing Assets/HousePack/Models/House9/Textures/map7.bmp using Guid(7fe04ee4484e1ac45be1186ca028b1cd) Importer(2089858483,192608db42251d675da83286b1cce702) (ScriptedImporter) -> (artifact id: '6038ea6655327dd010fcb3e790864695') in 0.1046063 seconds
Number of updated asset objects reloaded before import = 0Number of asset objects unloaded after import = 1

========================================================================
Received Import Request.
  Time since last request: 0.000103 seconds.
  path: Assets/HousePack/Models/House9/Textures/map9.bmp
  artifactKey: Guid(f1384fd0e009fd9439b1776e9dba1d68) Importer(2089858483,192608db42251d675da83286b1cce702)
Start importing Assets/HousePack/Models/House9/Textures/map9.bmp using Guid(f1384fd0e009fd9439b1776e9dba1d68) Importer(2089858483,192608db42251d675da83286b1cce702) (ScriptedImporter) -> (artifact id: '1c4fb798b4f5d6a9c49ae2750e039cbc') in 0.1466662 seconds
Number of updated asset objects reloaded before import = 0Number of asset objects unloaded after import = 1

========================================================================
Received Import Request.
  Time since last request: 0.000070 seconds.
  path: Assets/Race Track Pack/Terrian Textures/Solid Rock/Solid Rock Normal.png
  artifactKey: Guid(565079f00df92db46ae54fd80268e8e9) Importer(2089858483,192608db42251d675da83286b1cce702)
Start importing Assets/Race Track Pack/Terrian Textures/Solid Rock/Solid Rock Normal.png using Guid(565079f00df92db46ae54fd80268e8e9) Importer(2089858483,192608db42251d675da83286b1cce702) (ScriptedImporter) -> (artifact id: 'dbd3209e168844816d17a319a5950772') in 0.0774943 seconds
Number of updated asset objects reloaded before import = 0Number of asset objects unloaded after import = 1

========================================================================
Received Import Request.
  Time since last request: 0.000193 seconds.
  path: Assets/Race Track Pack/Prefabs/Props Model/Banner_Flag3.prefab
  artifactKey: Guid(f2e5f8b77eb5e2e43952361026f3f9de) Importer(2089858483,3d70f49cd1c2eb9ae422958d1c652c6b)
Start importing Assets/Race Track Pack/Prefabs/Props Model/Banner_Flag3.prefab using Guid(f2e5f8b77eb5e2e43952361026f3f9de) Importer(2089858483,3d70f49cd1c2eb9ae422958d1c652c6b) (ScriptedImporter) -> (artifact id: 'b57a88311705bae712cd49c2aba042ed') in 0.2050975 seconds
Number of updated asset objects reloaded before import = 0Number of asset objects unloaded after import = 8

========================================================================
Received Import Request.
  Time since last request: 0.000072 seconds.
  path: Assets/HousePack/Models/House7/House7.FBX
  artifactKey: Guid(db448027dd9e4cb46aa518068c86fd88) Importer(2089858483,192608db42251d675da83286b1cce702)
Start importing Assets/HousePack/Models/House7/House7.FBX using Guid(db448027dd9e4cb46aa518068c86fd88) Importer(2089858483,192608db42251d675da83286b1cce702) (ScriptedImporter) -> (artifact id: '9bc4dc092dda77bb84b4ce955f3d8f03') in 0.3914817 seconds
Number of updated asset objects reloaded before import = 0Number of asset objects unloaded after import = 7

========================================================================
Received Import Request.
  Time since last request: 0.000137 seconds.
  path: Assets/Race Track Pack/Prefabs/Track Props/Speed_breaker.prefab
  artifactKey: Guid(d4a428190ec2de8478b155147a1d1bf2) Importer(2089858483,192608db42251d675da83286b1cce702)
Start importing Assets/Race Track Pack/Prefabs/Track Props/Speed_breaker.prefab using Guid(d4a428190ec2de8478b155147a1d1bf2) Importer(2089858483,192608db42251d675da83286b1cce702) (ScriptedImporter) -> (artifact id: '405f73c074c0d4c9d63e145ecc64e7bf') in 0.117026 seconds
Number of updated asset objects reloaded before import = 0Number of asset objects unloaded after import = 7

========================================================================
Received Import Request.
  Time since last request: 0.000107 seconds.
  path: Assets/HousePack/Perfabs/House3.prefab
  artifactKey: Guid(840209b60d092704bbca286c6c0ac931) Importer(2089858483,3d70f49cd1c2eb9ae422958d1c652c6b)
Start importing Assets/HousePack/Perfabs/House3.prefab using Guid(840209b60d092704bbca286c6c0ac931) Importer(2089858483,3d70f49cd1c2eb9ae422958d1c652c6b) (ScriptedImporter) -> (artifact id: '31f3760c41e4bf67694c08574709965b') in 0.0752427 seconds
Number of updated asset objects reloaded before import = 0Number of asset objects unloaded after import = 17

========================================================================
Received Import Request.
  Time since last request: 0.000161 seconds.
  path: Assets/Stylized Nature Environment/Scene/scenario.unity
  artifactKey: Guid(47cb3adff207dbf4fbee311a2aa8daf7) Importer(2089858483,192608db42251d675da83286b1cce702)
Start importing Assets/Stylized Nature Environment/Scene/scenario.unity using Guid(47cb3adff207dbf4fbee311a2aa8daf7) Importer(2089858483,192608db42251d675da83286b1cce702) (ScriptedImporter) -> (artifact id: '239e01af96071ade7c6b3b8e4ed08a5e') in 0.0707417 seconds
Number of updated asset objects reloaded before import = 0Number of asset objects unloaded after import = 1

========================================================================
Received Import Request.
  Time since last request: 0.000078 seconds.
  path: Assets/Wispy Sky/Textures/SkyBox020002.tif
  artifactKey: Guid(45fa88018c5ac004587ad6b4ad43b449) Importer(2089858483,192608db42251d675da83286b1cce702)
Start importing Assets/Wispy Sky/Textures/SkyBox020002.tif using Guid(45fa88018c5ac004587ad6b4ad43b449) Importer(2089858483,192608db42251d675da83286b1cce702) (ScriptedImporter) -> (artifact id: '270d2df0b46d2e1d2d9251a3cfcc2cc9') in 0.1113245 seconds
Number of updated asset objects reloaded before import = 0Number of asset objects unloaded after import = 1

========================================================================
Received Import Request.
  Time since last request: 0.000059 seconds.
  path: Assets/Gwangju_3D asset/Common_Assets/Bg_Preset/SkyColor.png
  artifactKey: Guid(5278d7860f6cb6744a17aba626e6ddfe) Importer(2089858483,192608db42251d675da83286b1cce702)
Start importing Assets/Gwangju_3D asset/Common_Assets/Bg_Preset/SkyColor.png using Guid(5278d7860f6cb6744a17aba626e6ddfe) Importer(2089858483,192608db42251d675da83286b1cce702) (ScriptedImporter) -> (artifact id: '105a26abfeffb2aa3a9f8b0067f05458') in 0.1188167 seconds
Number of updated asset objects reloaded before import = 0Number of asset objects unloaded after import = 1

========================================================================
Received Import Request.
  Time since last request: 0.000122 seconds.
  path: Assets/HousePack/Models/House2/Materials/map1.mat
  artifactKey: Guid(e50cfa94381cddf448a165139ac6e747) Importer(2089858483,192608db42251d675da83286b1cce702)
Start importing Assets/HousePack/Models/House2/Materials/map1.mat using Guid(e50cfa94381cddf448a165139ac6e747) Importer(2089858483,192608db42251d675da83286b1cce702) (ScriptedImporter) -> (artifact id: '5bec23dfa06c5c62e0abe237039e183c') in 0.0862302 seconds
Number of updated asset objects reloaded before import = 0Number of asset objects unloaded after import = 2

========================================================================
Received Import Request.
  Time since last request: 0.000113 seconds.
  path: Assets/Race Track Pack/Terrian Textures/Solid Rock/Solid Rock MetallicSmoothness.png
  artifactKey: Guid(5b78b619d45fe3f4d9286b6262efb08d) Importer(2089858483,192608db42251d675da83286b1cce702)
Start importing Assets/Race Track Pack/Terrian Textures/Solid Rock/Solid Rock MetallicSmoothness.png using Guid(5b78b619d45fe3f4d9286b6262efb08d) Importer(2089858483,192608db42251d675da83286b1cce702) (ScriptedImporter) -> (artifact id: 'bf16bb96117492cd0d4845748fdb7193') in 0.1203074 seconds
Number of updated asset objects reloaded before import = 0Number of asset objects unloaded after import = 1

========================================================================
Received Import Request.
  Time since last request: 0.000079 seconds.
  path: Assets/Race Track Pack/Textures/Track Props/Road Track for substance 05_Track_Props_MetallicSmoothness.png
  artifactKey: Guid(4862fbf9dff8c704ba79122b54829244) Importer(2089858483,192608db42251d675da83286b1cce702)
Start importing Assets/Race Track Pack/Textures/Track Props/Road Track for substance 05_Track_Props_MetallicSmoothness.png using Guid(4862fbf9dff8c704ba79122b54829244) Importer(2089858483,192608db42251d675da83286b1cce702) (ScriptedImporter) -> (artifact id: 'b8ce2c85b7c576a90896b127b19c421e') in 0.0718513 seconds
Number of updated asset objects reloaded before import = 0Number of asset objects unloaded after import = 1

========================================================================
Received Import Request.
  Time since last request: 0.000457 seconds.
  path: Assets/Stylized Nature Environment/Prefabs/sky.prefab
  artifactKey: Guid(ce1c47babe5679143b24221e8878c4dd) Importer(2089858483,192608db42251d675da83286b1cce702)
Start importing Assets/Stylized Nature Environment/Prefabs/sky.prefab using Guid(ce1c47babe5679143b24221e8878c4dd) Importer(2089858483,192608db42251d675da83286b1cce702) (ScriptedImporter) -> (artifact id: 'e198908ff3cb0f8b057e701542e7f71e') in 0.1287183 seconds
Number of updated asset objects reloaded before import = 0Number of asset objects unloaded after import = 7

========================================================================
Received Import Request.
  Time since last request: 0.000084 seconds.
  path: Assets/Race Track Pack/Prefabs/Props Model/Board1.prefab
  artifactKey: Guid(6f48f587721e4244785a5efc8b8049ba) Importer(2089858483,192608db42251d675da83286b1cce702)
Start importing Assets/Race Track Pack/Prefabs/Props Model/Board1.prefab using Guid(6f48f587721e4244785a5efc8b8049ba) Importer(2089858483,192608db42251d675da83286b1cce702) (ScriptedImporter) -> (artifact id: 'c60ae32f2121f0268bce547050333415') in 0.112053 seconds
Number of updated asset objects reloaded before import = 0Number of asset objects unloaded after import = 7

========================================================================
Received Import Request.
  Time since last request: 0.000185 seconds.
  path: Assets/Wispy Sky/Materials/WispySkyboxCubeMat2.mat
  artifactKey: Guid(794eb5f8516828240b12c676f5aac8c3) Importer(2089858483,192608db42251d675da83286b1cce702)
Start importing Assets/Wispy Sky/Materials/WispySkyboxCubeMat2.mat using Guid(794eb5f8516828240b12c676f5aac8c3) Importer(2089858483,192608db42251d675da83286b1cce702) (ScriptedImporter) -> (artifact id: 'b2bbb4898af4879184bd50fa1850399b') in 0.0677311 seconds
Number of updated asset objects reloaded before import = 0Number of asset objects unloaded after import = 2

========================================================================
Received Import Request.
  Time since last request: 0.000054 seconds.
  path: Assets/Snow mountain tracks/s1.unity
  artifactKey: Guid(55357f48a3e2b4643b0983826b854f64) Importer(2089858483,192608db42251d675da83286b1cce702)
Start importing Assets/Snow mountain tracks/s1.unity using Guid(55357f48a3e2b4643b0983826b854f64) Importer(2089858483,192608db42251d675da83286b1cce702) (ScriptedImporter) -> (artifact id: '074f2c8c3d4bec7892faed9d76398856') in 0.0645066 seconds
Number of updated asset objects reloaded before import = 0Number of asset objects unloaded after import = 1

========================================================================
Received Import Request.
  Time since last request: 0.000045 seconds.
  path: Assets/Gwangju_3D asset/15_BlackWalnutTree/Materials/BlackwalnutSpring.mat
  artifactKey: Guid(6b9836c2102d4b94fa4c20e1d9188703) Importer(2089858483,192608db42251d675da83286b1cce702)
Start importing Assets/Gwangju_3D asset/15_BlackWalnutTree/Materials/BlackwalnutSpring.mat using Guid(6b9836c2102d4b94fa4c20e1d9188703) Importer(2089858483,192608db42251d675da83286b1cce702) (ScriptedImporter) -> (artifact id: 'cfffb7f9cf8142251e7d1eac89b86797') in 0.1750421 seconds
Number of updated asset objects reloaded before import = 0Number of asset objects unloaded after import = 4

========================================================================
Received Import Request.
  Time since last request: 0.000098 seconds.
  path: Assets/HousePack/Models/House1/Textures/map7.bmp
  artifactKey: Guid(8e5914b2088188a43bcb764b486a71cd) Importer(2089858483,192608db42251d675da83286b1cce702)
Start importing Assets/HousePack/Models/House1/Textures/map7.bmp using Guid(8e5914b2088188a43bcb764b486a71cd) Importer(2089858483,192608db42251d675da83286b1cce702) (ScriptedImporter) -> (artifact id: '682666c6b6605ac0ad444b6ec7904afe') in 0.0777085 seconds
Number of updated asset objects reloaded before import = 0Number of asset objects unloaded after import = 1

========================================================================
Received Import Request.
  Time since last request: 0.000076 seconds.
  path: Assets/Stylized Nature Environment/Nature/tree_g.fbx
  artifactKey: Guid(04deee917b1259f4c9bf0e61653d9539) Importer(2089858483,192608db42251d675da83286b1cce702)
Start importing Assets/Stylized Nature Environment/Nature/tree_g.fbx using Guid(04deee917b1259f4c9bf0e61653d9539) Importer(2089858483,192608db42251d675da83286b1cce702) (ScriptedImporter) -> (artifact id: '293956fb90dca8bc13c835e8400457e5') in 0.1920987 seconds
Number of updated asset objects reloaded before import = 0Number of asset objects unloaded after import = 7

========================================================================
Received Import Request.
  Time since last request: 0.000086 seconds.
  path: Assets/Wispy Sky/Extras/SphericalRenderEXR.exr
  artifactKey: Guid(623f215c9cf5dc04aa628d4dd7b6bd73) Importer(2089858483,192608db42251d675da83286b1cce702)
Start importing Assets/Wispy Sky/Extras/SphericalRenderEXR.exr using Guid(623f215c9cf5dc04aa628d4dd7b6bd73) Importer(2089858483,192608db42251d675da83286b1cce702) (ScriptedImporter) -> (artifact id: '441f275d705bbd5b9d4a5692c2b9974e') in 0.139617 seconds
Number of updated asset objects reloaded before import = 0Number of asset objects unloaded after import = 1

========================================================================
Received Import Request.
  Time since last request: 0.000076 seconds.
  path: Assets/Stylized Nature Environment/Prefabs/mountain.prefab
  artifactKey: Guid(229d7fab587866f4c9a74f4a8a1f4707) Importer(2089858483,192608db42251d675da83286b1cce702)
Start importing Assets/Stylized Nature Environment/Prefabs/mountain.prefab using Guid(229d7fab587866f4c9a74f4a8a1f4707) Importer(2089858483,192608db42251d675da83286b1cce702) (ScriptedImporter) -> (artifact id: '30f48901efe1b1cff252680f621c0b3f') in 0.1810474 seconds
Number of updated asset objects reloaded before import = 0Number of asset objects unloaded after import = 7

========================================================================
Received Import Request.
  Time since last request: 0.000112 seconds.
  path: Assets/HousePack/Models/House6/Textures/12.bmp
  artifactKey: Guid(8aabf7f6b6a369e4d869a710034005d8) Importer(2089858483,192608db42251d675da83286b1cce702)
Start importing Assets/HousePack/Models/House6/Textures/12.bmp using Guid(8aabf7f6b6a369e4d869a710034005d8) Importer(2089858483,192608db42251d675da83286b1cce702) (ScriptedImporter) -> (artifact id: 'f3eee0ec33213b50aa950ad1603a68d3') in 0.0920843 seconds
Number of updated asset objects reloaded before import = 0Number of asset objects unloaded after import = 1

========================================================================
Received Import Request.
  Time since last request: 0.000072 seconds.
  path: Assets/HousePack/Models/House1/Materials/map2.mat
  artifactKey: Guid(ef9bd3ac11bcae04db7fcabed8dd6aa3) Importer(2089858483,192608db42251d675da83286b1cce702)
Start importing Assets/HousePack/Models/House1/Materials/map2.mat using Guid(ef9bd3ac11bcae04db7fcabed8dd6aa3) Importer(2089858483,192608db42251d675da83286b1cce702) (ScriptedImporter) -> (artifact id: '747606cb66761394b4376be1173a1579') in 0.0649978 seconds
Number of updated asset objects reloaded before import = 0Number of asset objects unloaded after import = 2

========================================================================
Received Import Request.
  Time since last request: 0.000089 seconds.
  path: Assets/HousePack/Models/House1/Materials/map5.mat
  artifactKey: Guid(0c4be2c3911ed014c99a083e8f6b559d) Importer(2089858483,192608db42251d675da83286b1cce702)
Start importing Assets/HousePack/Models/House1/Materials/map5.mat using Guid(0c4be2c3911ed014c99a083e8f6b559d) Importer(2089858483,192608db42251d675da83286b1cce702) (ScriptedImporter) -> (artifact id: '405730a7b310c459df7f2810ed70fd3b') in 0.0623628 seconds
Number of updated asset objects reloaded before import = 0Number of asset objects unloaded after import = 2

========================================================================
Received Import Request.
  Time since last request: 0.000054 seconds.
  path: Assets/Race Track Pack/Terrian Textures/Clay/NewLayer.terrainlayer
  artifactKey: Guid(6f04da79046e2444aaf11f05839da269) Importer(2089858483,192608db42251d675da83286b1cce702)
Start importing Assets/Race Track Pack/Terrian Textures/Clay/NewLayer.terrainlayer using Guid(6f04da79046e2444aaf11f05839da269) Importer(2089858483,192608db42251d675da83286b1cce702) (ScriptedImporter) -> (artifact id: '83fa1ec4fcfb2d2921eb691f231d4973') in 0.0639512 seconds
Number of updated asset objects reloaded before import = 0Number of asset objects unloaded after import = 3

