Using pre-set license
Built from 'trunk' branch; Version is '6000.0.22f1 (001fa5a8e29a) revision 8101'; Using compiler version '193933523'; Build Type 'Release'
OS: 'Windows 11  (10.0.22631) 64bit Professional' Language: 'en' Physical Memory: 5966 MB
BatchMode: 1, IsHumanControllingUs: 0, StartBugReporterOnCrash: 0, Is64bit: 1, IsPro: 1

COMMAND LINE ARGUMENTS:
C:\Program Files\Unity\Hub\Editor\6000.0.22f1\Editor\Unity.exe
-adb2
-batchMode
-noUpm
-name
AssetImportWorker21
-projectPath
C:/Users/ANDREEA/Desktop/ex/RacingGame/RacingGame
-logFile
Logs/AssetImportWorker21.log
-srvPort
58852
-job-worker-count
5
-background-job-worker-count
8
-asset-garbage-collectors
1
Successfully changed project path to: C:/Users/ANDREEA/Desktop/ex/RacingGame/RacingGame
C:/Users/ANDREEA/Desktop/ex/RacingGame/RacingGame
[UnityMemory] Configuration Parameters - Can be set up in boot.config
    "memorysetup-bucket-allocator-granularity=16"
    "memorysetup-bucket-allocator-bucket-count=8"
    "memorysetup-bucket-allocator-block-size=33554432"
    "memorysetup-bucket-allocator-block-count=8"
    "memorysetup-main-allocator-block-size=16777216"
    "memorysetup-thread-allocator-block-size=16777216"
    "memorysetup-gfx-main-allocator-block-size=16777216"
    "memorysetup-gfx-thread-allocator-block-size=16777216"
    "memorysetup-cache-allocator-block-size=4194304"
    "memorysetup-typetree-allocator-block-size=2097152"
    "memorysetup-profiler-bucket-allocator-granularity=16"
    "memorysetup-profiler-bucket-allocator-bucket-count=8"
    "memorysetup-profiler-bucket-allocator-block-size=33554432"
    "memorysetup-profiler-bucket-allocator-block-count=8"
    "memorysetup-profiler-allocator-block-size=16777216"
    "memorysetup-profiler-editor-allocator-block-size=1048576"
    "memorysetup-temp-allocator-size-main=16777216"
    "memorysetup-job-temp-allocator-block-size=2097152"
    "memorysetup-job-temp-allocator-block-size-background=1048576"
    "memorysetup-job-temp-allocator-reduction-small-platforms=262144"
    "memorysetup-allocator-temp-initial-block-size-main=262144"
    "memorysetup-allocator-temp-initial-block-size-worker=262144"
    "memorysetup-temp-allocator-size-background-worker=32768"
    "memorysetup-temp-allocator-size-job-worker=262144"
    "memorysetup-temp-allocator-size-preload-manager=33554432"
    "memorysetup-temp-allocator-size-nav-mesh-worker=65536"
    "memorysetup-temp-allocator-size-audio-worker=65536"
    "memorysetup-temp-allocator-size-cloud-worker=32768"
    "memorysetup-temp-allocator-size-gi-baking-worker=262144"
    "memorysetup-temp-allocator-size-gi-baking-worker=262144"
    "memorysetup-temp-allocator-size-gi-baking-worker=262144"
    "memorysetup-temp-allocator-size-gi-baking-worker=262144"
    "memorysetup-temp-allocator-size-gi-baking-worker=262144"
    "memorysetup-temp-allocator-size-gfx=262144"
Player connection [628]  Target information:

Player connection [628]  * "[IP] 192.168.56.1 [Port] 0 [Flags] 2 [Guid] 4035401320 [EditorId] 4035401320 [Version] 1048832 [Id] WindowsEditor(7,DESKTOP-HT3IUV8) [Debug] 1 [PackageName] WindowsEditor [ProjectName] Editor" 

Player connection [628]  * "[IP] 192.168.0.103 [Port] 0 [Flags] 2 [Guid] 4035401320 [EditorId] 4035401320 [Version] 1048832 [Id] WindowsEditor(7,DESKTOP-HT3IUV8) [Debug] 1 [PackageName] WindowsEditor [ProjectName] Editor" 

Player connection [628] Host joined multi-casting on [225.0.0.222:54997]...
Player connection [628] Host joined alternative multi-casting on [225.0.0.222:34997]...
JobSystem: Creating JobQueue using job-worker-count value 5
[Physics::Module] Initialized fallback backend.
[Physics::Module] Id: 0xdecafbad
Library Redirect Path: Library/
[Physics::Module] Selected backend.
[Physics::Module] Name: PhysX
[Physics::Module] Id: 0xf2b8ea05
[Physics::Module] SDK Version: 4.1.2
[Physics::Module] Integration Version: 1.0.0
[Physics::Module] Threading Mode: Multi-Threaded
Refreshing native plugins compatible for Editor in 5.48 ms, found 3 plugins.
Preloading 0 native plugins for Editor in 0.00 ms.
Initialize engine version: 6000.0.22f1 (001fa5a8e29a)
[Subsystems] Discovering subsystems at path C:/Program Files/Unity/Hub/Editor/6000.0.22f1/Editor/Data/Resources/UnitySubsystems
[Subsystems] Discovering subsystems at path C:/Users/ANDREEA/Desktop/ex/RacingGame/RacingGame/Assets
GfxDevice: creating device client; kGfxThreadingModeNonThreaded
Direct3D:
    Version:  Direct3D 11.0 [level 11.1]
    Renderer: AMD Radeon(TM) Graphics (ID=0x164c)
    Vendor:   ATI
    VRAM:     2983 MB
    Driver:   30.0.13044.0
Initialize mono
Mono path[0] = 'C:/Program Files/Unity/Hub/Editor/6000.0.22f1/Editor/Data/Managed'
Mono path[1] = 'C:/Program Files/Unity/Hub/Editor/6000.0.22f1/Editor/Data/MonoBleedingEdge/lib/mono/unityjit-win32'
Mono config path = 'C:/Program Files/Unity/Hub/Editor/6000.0.22f1/Editor/Data/MonoBleedingEdge/etc'
Using monoOptions --debugger-agent=transport=dt_socket,embedding=1,server=y,suspend=n,address=127.0.0.1:56068
Begin MonoManager ReloadAssembly
Registering precompiled unity dll's ...
Register platform support module: C:/Program Files/Unity/Hub/Editor/6000.0.22f1/Editor/Data/PlaybackEngines/WindowsStandaloneSupport/UnityEditor.WindowsStandalone.Extensions.dll
Registered in 0.007226 seconds.
- Loaded All Assemblies, in  5.409 seconds
Native extension for WindowsStandalone target not found
Mono: successfully reloaded assembly
- Finished resetting the current domain, in  3.027 seconds
Domain Reload Profiling: 8425ms
	BeginReloadAssembly (2338ms)
		ExecutionOrderSort (0ms)
		DisableScriptedObjects (0ms)
		BackupInstance (0ms)
		ReleaseScriptingObjects (0ms)
		CreateAndSetChildDomain (4ms)
	RebuildCommonClasses (509ms)
	RebuildNativeTypeToScriptingClass (36ms)
	initialDomainReloadingComplete (437ms)
	LoadAllAssembliesAndSetupDomain (2077ms)
		LoadAssemblies (2332ms)
		RebuildTransferFunctionScriptingTraits (0ms)
		AnalyzeDomain (2013ms)
			TypeCache.Refresh (1989ms)
				TypeCache.ScanAssembly (1769ms)
			BuildScriptInfoCaches (10ms)
			ResolveRequiredComponents (2ms)
	FinalizeReload (3028ms)
		ReleaseScriptCaches (0ms)
		RebuildScriptCaches (0ms)
		SetupLoadedEditorAssemblies (1954ms)
			LogAssemblyErrors (0ms)
			InitializePlatformSupportModulesInManaged (111ms)
			SetLoadedEditorAssemblies (147ms)
			BeforeProcessingInitializeOnLoad (291ms)
			ProcessInitializeOnLoadAttributes (1243ms)
			ProcessInitializeOnLoadMethodAttributes (151ms)
			AfterProcessingInitializeOnLoad (10ms)
			EditorAssembliesLoaded (0ms)
		ExecutionOrderSort2 (0ms)
		AwakeInstancesAfterBackupRestoration (0ms)
========================================================================
Worker process is ready to serve import requests
Import Worker Mode flag is 0x00
Begin MonoManager ReloadAssembly
- Loaded All Assemblies, in  7.409 seconds
Refreshing native plugins compatible for Editor in 3.16 ms, found 3 plugins.
Native extension for WindowsStandalone target not found
Mono: successfully reloaded assembly
- Finished resetting the current domain, in  3.337 seconds
Domain Reload Profiling: 10727ms
	BeginReloadAssembly (1970ms)
		ExecutionOrderSort (0ms)
		DisableScriptedObjects (14ms)
		BackupInstance (0ms)
		ReleaseScriptingObjects (0ms)
		CreateAndSetChildDomain (112ms)
	RebuildCommonClasses (95ms)
	RebuildNativeTypeToScriptingClass (29ms)
	initialDomainReloadingComplete (164ms)
	LoadAllAssembliesAndSetupDomain (5132ms)
		LoadAssemblies (4497ms)
		RebuildTransferFunctionScriptingTraits (0ms)
		AnalyzeDomain (1197ms)
			TypeCache.Refresh (955ms)
				TypeCache.ScanAssembly (801ms)
			BuildScriptInfoCaches (194ms)
			ResolveRequiredComponents (37ms)
	FinalizeReload (3338ms)
		ReleaseScriptCaches (0ms)
		RebuildScriptCaches (0ms)
		SetupLoadedEditorAssemblies (2400ms)
			LogAssemblyErrors (0ms)
			InitializePlatformSupportModulesInManaged (5ms)
			SetLoadedEditorAssemblies (10ms)
			BeforeProcessingInitializeOnLoad (609ms)
			ProcessInitializeOnLoadAttributes (1432ms)
			ProcessInitializeOnLoadMethodAttributes (314ms)
			AfterProcessingInitializeOnLoad (28ms)
			EditorAssembliesLoaded (1ms)
		ExecutionOrderSort2 (0ms)
		AwakeInstancesAfterBackupRestoration (14ms)
Launched and connected shader compiler UnityShaderCompiler.exe after 0.06 seconds
Refreshing native plugins compatible for Editor in 11.15 ms, found 3 plugins.
Preloading 0 native plugins for Editor in 0.00 ms.
Unloading 198 Unused Serialized files (Serialized files now loaded: 0)
Unloading 5896 unused Assets / (4.4 MB). Loaded Objects now: 6669.
Memory consumption went from 183.2 MB to 178.8 MB.
Total: 37.729600 ms (FindLiveObjects: 6.739100 ms CreateObjectMapping: 3.478700 ms MarkObjects: 18.332200 ms  DeleteObjects: 9.173300 ms)

========================================================================
Received Import Request.
  Time since last request: 203754.289782 seconds.
  path: Assets/DenysAlmaral/CityPeopleLite/Prefabs/casual_Female_K.prefab
  artifactKey: Guid(bcc8c8f342f71a7439ac0579aa86f030) Importer(815301076,1909f56bfc062723c751e8b465ee728b)
Start importing Assets/DenysAlmaral/CityPeopleLite/Prefabs/casual_Female_K.prefab using Guid(bcc8c8f342f71a7439ac0579aa86f030) Importer(815301076,1909f56bfc062723c751e8b465ee728b) (PreviewImporter) -> (artifact id: '6322b8f9d1947059f863cbb50729699c') in 13.1076361 seconds
Number of updated asset objects reloaded before import = 0Number of asset objects unloaded after import = 94

========================================================================
Received Import Request.
  Time since last request: 0.000079 seconds.
  path: Assets/DenysAlmaral/CityPeopleLite/Meshes/animated/locom_m_slowWalk_40f.fbx
  artifactKey: Guid(0c6daf1879bef5640b4cf41de422d655) Importer(2089858483,192608db42251d675da83286b1cce702)
Start importing Assets/DenysAlmaral/CityPeopleLite/Meshes/animated/locom_m_slowWalk_40f.fbx using Guid(0c6daf1879bef5640b4cf41de422d655) Importer(2089858483,192608db42251d675da83286b1cce702) (ScriptedImporter) -> (artifact id: 'd7b345431a1e47cf3a484624c0d7817a') in 0.3710134 seconds
Number of updated asset objects reloaded before import = 0Number of asset objects unloaded after import = 73

========================================================================
Received Import Request.
  Time since last request: 0.000169 seconds.
  path: Assets/DenysAlmaral/CityPeopleLite/Meshes/animated/idle_selfcheck_1_300f.fbx
  artifactKey: Guid(b74a450768eb6e843ad3153c78c7d427) Importer(2089858483,192608db42251d675da83286b1cce702)
Start importing Assets/DenysAlmaral/CityPeopleLite/Meshes/animated/idle_selfcheck_1_300f.fbx using Guid(b74a450768eb6e843ad3153c78c7d427) Importer(2089858483,192608db42251d675da83286b1cce702) (ScriptedImporter) -> (artifact id: '43b51212aae963a7875fbeb6f64c9428') in 0.0758256 seconds
Number of updated asset objects reloaded before import = 0Number of asset objects unloaded after import = 73

========================================================================
Received Import Request.
  Time since last request: 0.000048 seconds.
  path: Assets/DenysAlmaral/CityPeopleLite/Animations/idle_f_1_150f.anim
  artifactKey: Guid(82e41969d6d36df42bcafd817676ddd8) Importer(2089858483,192608db42251d675da83286b1cce702)
Start importing Assets/DenysAlmaral/CityPeopleLite/Animations/idle_f_1_150f.anim using Guid(82e41969d6d36df42bcafd817676ddd8) Importer(2089858483,192608db42251d675da83286b1cce702) (ScriptedImporter) -> (artifact id: '4563432719a2fcd8eaad787106f3712b') in 0.0465857 seconds
Number of updated asset objects reloaded before import = 0Number of asset objects unloaded after import = 1

========================================================================
Received Import Request.
  Time since last request: 0.000057 seconds.
  path: Assets/DenysAlmaral/CityPeopleLite/Animations/locom_m_running_20f.anim
  artifactKey: Guid(f262f310888be4947ae3e01a7b6e0b45) Importer(2089858483,192608db42251d675da83286b1cce702)
Start importing Assets/DenysAlmaral/CityPeopleLite/Animations/locom_m_running_20f.anim using Guid(f262f310888be4947ae3e01a7b6e0b45) Importer(2089858483,192608db42251d675da83286b1cce702) (ScriptedImporter) -> (artifact id: '3bafd11f461df56f5c982188fd5352ce') in 0.0413673 seconds
Number of updated asset objects reloaded before import = 0Number of asset objects unloaded after import = 1

========================================================================
Received Import Request.
  Time since last request: 0.000056 seconds.
  path: Assets/DenysAlmaral/CityPeopleLite/Meshes/animated/idle_m_2_220f.fbx
  artifactKey: Guid(40d3a309e9945334284a3a33b46139e7) Importer(2089858483,192608db42251d675da83286b1cce702)
Start importing Assets/DenysAlmaral/CityPeopleLite/Meshes/animated/idle_m_2_220f.fbx using Guid(40d3a309e9945334284a3a33b46139e7) Importer(2089858483,192608db42251d675da83286b1cce702) (ScriptedImporter) -> (artifact id: '31b88f9ded67d4a762df8edd4f6928d3') in 0.0567539 seconds
Number of updated asset objects reloaded before import = 0Number of asset objects unloaded after import = 73

========================================================================
Received Import Request.
  Time since last request: 0.000116 seconds.
  path: Assets/DenysAlmaral/CityPeopleLite/Animations/locom_f_running_20f.anim
  artifactKey: Guid(5306f7a23d9a297498c33958216d74aa) Importer(2089858483,192608db42251d675da83286b1cce702)
Start importing Assets/DenysAlmaral/CityPeopleLite/Animations/locom_f_running_20f.anim using Guid(5306f7a23d9a297498c33958216d74aa) Importer(2089858483,192608db42251d675da83286b1cce702) (ScriptedImporter) -> (artifact id: 'e788d98c613c2f001b21992aa7617d4a') in 0.035652 seconds
Number of updated asset objects reloaded before import = 0Number of asset objects unloaded after import = 1

========================================================================
Received Import Request.
  Time since last request: 0.000106 seconds.
  path: Assets/DenysAlmaral/CityPeopleLite/Animations/idle_f_2_190f.anim
  artifactKey: Guid(19b555b930185384981ace17d0fef203) Importer(2089858483,192608db42251d675da83286b1cce702)
Start importing Assets/DenysAlmaral/CityPeopleLite/Animations/idle_f_2_190f.anim using Guid(19b555b930185384981ace17d0fef203) Importer(2089858483,192608db42251d675da83286b1cce702) (ScriptedImporter) -> (artifact id: '16dc8680e01dd9841be5a6e06d431aaf') in 0.0356402 seconds
Number of updated asset objects reloaded before import = 0Number of asset objects unloaded after import = 1

========================================================================
Received Import Request.
  Time since last request: 0.000080 seconds.
  path: Assets/DenysAlmaral/CityPeopleLite/Meshes/animated/idle_m_1_200f.fbx
  artifactKey: Guid(eb1f59f91099add4d9a614dd1daec3c5) Importer(2089858483,192608db42251d675da83286b1cce702)
Start importing Assets/DenysAlmaral/CityPeopleLite/Meshes/animated/idle_m_1_200f.fbx using Guid(eb1f59f91099add4d9a614dd1daec3c5) Importer(2089858483,192608db42251d675da83286b1cce702) (ScriptedImporter) -> (artifact id: 'f737d841231825736c3486ddb01a8902') in 0.0477866 seconds
Number of updated asset objects reloaded before import = 0Number of asset objects unloaded after import = 73

========================================================================
Received Import Request.
  Time since last request: 0.000071 seconds.
  path: Assets/DenysAlmaral/CityPeopleLite/Demo_Scenes/Demo.unity
  artifactKey: Guid(77b6562f05df51b4cbbe29facb35d56a) Importer(2089858483,192608db42251d675da83286b1cce702)
Start importing Assets/DenysAlmaral/CityPeopleLite/Demo_Scenes/Demo.unity using Guid(77b6562f05df51b4cbbe29facb35d56a) Importer(2089858483,192608db42251d675da83286b1cce702) (ScriptedImporter) -> (artifact id: 'd6b762f2815b03507ca0302d429077fe') in 0.0364501 seconds
Number of updated asset objects reloaded before import = 0Number of asset objects unloaded after import = 1

========================================================================
Received Import Request.
  Time since last request: 0.000061 seconds.
  path: Assets/DenysAlmaral/CityPeopleLite/Meshes/casual_Male_K.fbx
  artifactKey: Guid(b7c035cdee4609f4689888a8474b63b7) Importer(2089858483,192608db42251d675da83286b1cce702)
Start importing Assets/DenysAlmaral/CityPeopleLite/Meshes/casual_Male_K.fbx using Guid(b7c035cdee4609f4689888a8474b63b7) Importer(2089858483,192608db42251d675da83286b1cce702) (ScriptedImporter) -> (artifact id: 'd9ee38841203a95114c524807a36011b') in 0.0913409 seconds
Number of updated asset objects reloaded before import = 0Number of asset objects unloaded after import = 77

========================================================================
Received Import Request.
  Time since last request: 0.000076 seconds.
  path: Assets/DenysAlmaral/CityPeopleLite/Textures/people_pal_s1.png
  artifactKey: Guid(4b5d0c517c677e645bbeaf8395e508ff) Importer(2089858483,192608db42251d675da83286b1cce702)
Start importing Assets/DenysAlmaral/CityPeopleLite/Textures/people_pal_s1.png using Guid(4b5d0c517c677e645bbeaf8395e508ff) Importer(2089858483,192608db42251d675da83286b1cce702) (ScriptedImporter) -> (artifact id: '81c96fafc5b64fc5b130014e6f75a886') in 0.0813406 seconds
Number of updated asset objects reloaded before import = 0Number of asset objects unloaded after import = 1

========================================================================
Received Import Request.
  Time since last request: 0.000134 seconds.
  path: Assets/DenysAlmaral/CityPeopleLite/Meshes/casual_Female_G.fbx
  artifactKey: Guid(efa7cf83928a3bd42935d7898c6fe1df) Importer(2089858483,192608db42251d675da83286b1cce702)
Start importing Assets/DenysAlmaral/CityPeopleLite/Meshes/casual_Female_G.fbx using Guid(efa7cf83928a3bd42935d7898c6fe1df) Importer(2089858483,192608db42251d675da83286b1cce702) (ScriptedImporter) -> (artifact id: '7c1e39166ed4b63b09d245e1185bc7b8') in 0.0387326 seconds
Number of updated asset objects reloaded before import = 0Number of asset objects unloaded after import = 73

========================================================================
Received Import Request.
  Time since last request: 0.000091 seconds.
  path: Assets/DenysAlmaral/CityPeopleLite/Demo_Scenes/Scripts/CityPeople.cs
  artifactKey: Guid(54f141628068b9b4493f69f797f003b2) Importer(2089858483,192608db42251d675da83286b1cce702)
Start importing Assets/DenysAlmaral/CityPeopleLite/Demo_Scenes/Scripts/CityPeople.cs using Guid(54f141628068b9b4493f69f797f003b2) Importer(2089858483,192608db42251d675da83286b1cce702) (ScriptedImporter) -> (artifact id: 'b9f3a180013925a3d14fe06087c0a568') in 0.024522 seconds
Number of updated asset objects reloaded before import = 0Number of asset objects unloaded after import = 0

========================================================================
Received Import Request.
  Time since last request: 0.000199 seconds.
  path: Assets/DenysAlmaral/CityPeopleLite/Meshes/animated/locom_m_jogging_30f.fbx
  artifactKey: Guid(66fd1714b985d8c47806307c1442de96) Importer(2089858483,192608db42251d675da83286b1cce702)
Start importing Assets/DenysAlmaral/CityPeopleLite/Meshes/animated/locom_m_jogging_30f.fbx using Guid(66fd1714b985d8c47806307c1442de96) Importer(2089858483,192608db42251d675da83286b1cce702) (ScriptedImporter) -> (artifact id: 'da6e389fe691ae363384960352310069') in 0.0530898 seconds
Number of updated asset objects reloaded before import = 0Number of asset objects unloaded after import = 73

========================================================================
Received Import Request.
  Time since last request: 0.000071 seconds.
  path: Assets/DenysAlmaral/CityPeopleLite/Demo_Scenes/Demo/LightingData.asset
  artifactKey: Guid(4c32604ba08c0e74a93dab10ce0e2137) Importer(2089858483,192608db42251d675da83286b1cce702)
Start importing Assets/DenysAlmaral/CityPeopleLite/Demo_Scenes/Demo/LightingData.asset using Guid(4c32604ba08c0e74a93dab10ce0e2137) Importer(2089858483,192608db42251d675da83286b1cce702) (ScriptedImporter) -> (artifact id: '180831e2aaf8640ce999a3301e42ad3c') in 0.0416804 seconds
Number of updated asset objects reloaded before import = 0Number of asset objects unloaded after import = 2

========================================================================
Received Import Request.
  Time since last request: 0.000073 seconds.
  path: Assets/DenysAlmaral/CityPeopleLite/Meshes/Doctor_Male_B.fbx
  artifactKey: Guid(87dd643ab949229418ba9400e67cf1c0) Importer(2089858483,192608db42251d675da83286b1cce702)
Start importing Assets/DenysAlmaral/CityPeopleLite/Meshes/Doctor_Male_B.fbx using Guid(87dd643ab949229418ba9400e67cf1c0) Importer(2089858483,192608db42251d675da83286b1cce702) (ScriptedImporter) -> (artifact id: '36ae767e2679c95d5433548384218678') in 0.0556453 seconds
Number of updated asset objects reloaded before import = 0Number of asset objects unloaded after import = 77

========================================================================
Received Import Request.
  Time since last request: 0.000063 seconds.
  path: Assets/DenysAlmaral/CityPeopleLite/Prefabs/police_Female_A.prefab
  artifactKey: Guid(f0ac6fb9ada49f24683e3eca20786103) Importer(2089858483,192608db42251d675da83286b1cce702)
Start importing Assets/DenysAlmaral/CityPeopleLite/Prefabs/police_Female_A.prefab using Guid(f0ac6fb9ada49f24683e3eca20786103) Importer(2089858483,192608db42251d675da83286b1cce702) (ScriptedImporter) -> (artifact id: '9904e4aec6eb1023d1ff1c6367e251da') in 0.0998503 seconds
Number of updated asset objects reloaded before import = 0Number of asset objects unloaded after import = 87

========================================================================
Received Import Request.
  Time since last request: 0.000049 seconds.
  path: Assets/DenysAlmaral/CityPeopleLite/Meshes/animated/locom_f_running_20f.fbx
  artifactKey: Guid(a03f918c5bc120949817620476cb0a45) Importer(2089858483,192608db42251d675da83286b1cce702)
Start importing Assets/DenysAlmaral/CityPeopleLite/Meshes/animated/locom_f_running_20f.fbx using Guid(a03f918c5bc120949817620476cb0a45) Importer(2089858483,192608db42251d675da83286b1cce702) (ScriptedImporter) -> (artifact id: '3cde9caefa539fda7c1bbda17a30d461') in 0.0552673 seconds
Number of updated asset objects reloaded before import = 0Number of asset objects unloaded after import = 89

========================================================================
Received Import Request.
  Time since last request: 0.000052 seconds.
  path: Assets/DenysAlmaral/CityPeopleLite/Animations/dance_f_flossing_48f.anim
  artifactKey: Guid(2e1f094bf87695f45993e975a3addfb2) Importer(2089858483,192608db42251d675da83286b1cce702)
Start importing Assets/DenysAlmaral/CityPeopleLite/Animations/dance_f_flossing_48f.anim using Guid(2e1f094bf87695f45993e975a3addfb2) Importer(2089858483,192608db42251d675da83286b1cce702) (ScriptedImporter) -> (artifact id: '9beb953680b1f860ff1b24d579fd77d6') in 0.0464715 seconds
Number of updated asset objects reloaded before import = 0Number of asset objects unloaded after import = 1

========================================================================
Received Import Request.
  Time since last request: 0.000056 seconds.
  path: Assets/DenysAlmaral/CityPeopleLite/Prefabs/casual_Male_K.prefab
  artifactKey: Guid(2435736d6adca23458edd7c80c901e3e) Importer(815301076,1909f56bfc062723c751e8b465ee728b)
Start importing Assets/DenysAlmaral/CityPeopleLite/Prefabs/casual_Male_K.prefab using Guid(2435736d6adca23458edd7c80c901e3e) Importer(815301076,1909f56bfc062723c751e8b465ee728b) (PreviewImporter) -> (artifact id: '83fbd8148c0970f0235017e2f72f6e0d') in 0.1057088 seconds
Number of updated asset objects reloaded before import = 0Number of asset objects unloaded after import = 96

========================================================================
Received Import Request.
  Time since last request: 0.000097 seconds.
  path: Assets/DenysAlmaral/CityPeopleLite/Animations/locom_m_jogging_30f.anim
  artifactKey: Guid(28b3643b89fce134d8983d5b7a91d0fc) Importer(2089858483,192608db42251d675da83286b1cce702)
Start importing Assets/DenysAlmaral/CityPeopleLite/Animations/locom_m_jogging_30f.anim using Guid(28b3643b89fce134d8983d5b7a91d0fc) Importer(2089858483,192608db42251d675da83286b1cce702) (ScriptedImporter) -> (artifact id: '54722228190a5ea6d8b4f5b33462c5be') in 0.0363415 seconds
Number of updated asset objects reloaded before import = 0Number of asset objects unloaded after import = 1

========================================================================
Received Import Request.
  Time since last request: 0.000112 seconds.
  path: Assets/DenysAlmaral/CityPeopleLite/Animations/dance_afro_56f.anim
  artifactKey: Guid(791bde781c8a9354bad2a88379872a76) Importer(2089858483,192608db42251d675da83286b1cce702)
Start importing Assets/DenysAlmaral/CityPeopleLite/Animations/dance_afro_56f.anim using Guid(791bde781c8a9354bad2a88379872a76) Importer(2089858483,192608db42251d675da83286b1cce702) (ScriptedImporter) -> (artifact id: '55158d229a00c06cf67d98e5053049b4') in 0.0476528 seconds
Number of updated asset objects reloaded before import = 0Number of asset objects unloaded after import = 1

========================================================================
Received Import Request.
  Time since last request: 0.000084 seconds.
  path: Assets/DenysAlmaral/CityPeopleLite/Animations/locom_f_jogging_30f.anim
  artifactKey: Guid(e71a7f5e63a5a3c43a53feed473bfdf3) Importer(2089858483,192608db42251d675da83286b1cce702)
Start importing Assets/DenysAlmaral/CityPeopleLite/Animations/locom_f_jogging_30f.anim using Guid(e71a7f5e63a5a3c43a53feed473bfdf3) Importer(2089858483,192608db42251d675da83286b1cce702) (ScriptedImporter) -> (artifact id: '5027b795d24cf5178327b55a72deeab5') in 0.0373203 seconds
Number of updated asset objects reloaded before import = 0Number of asset objects unloaded after import = 1

========================================================================
Received Import Request.
  Time since last request: 0.000042 seconds.
  path: Assets/DenysAlmaral/CityPeopleLite/Animations/idle_phoneTalking_180f.anim
  artifactKey: Guid(2b8970a9943972e4f9e0af34827b21e5) Importer(2089858483,192608db42251d675da83286b1cce702)
Start importing Assets/DenysAlmaral/CityPeopleLite/Animations/idle_phoneTalking_180f.anim using Guid(2b8970a9943972e4f9e0af34827b21e5) Importer(2089858483,192608db42251d675da83286b1cce702) (ScriptedImporter) -> (artifact id: '762225bc5aa9940c427e28c046b71dcd') in 0.0427226 seconds
Number of updated asset objects reloaded before import = 0Number of asset objects unloaded after import = 1

========================================================================
Received Import Request.
  Time since last request: 0.000040 seconds.
  path: Assets/DenysAlmaral/CityPeopleLite/Demo_Scenes/Scripts/City M Animator.controller
  artifactKey: Guid(62283de8ca021c34aa5e61353fb9a6f4) Importer(2089858483,192608db42251d675da83286b1cce702)
Start importing Assets/DenysAlmaral/CityPeopleLite/Demo_Scenes/Scripts/City M Animator.controller using Guid(62283de8ca021c34aa5e61353fb9a6f4) Importer(2089858483,192608db42251d675da83286b1cce702) (ScriptedImporter) -> (artifact id: 'd5fd2a8ae48735af3d2b7128a6c6c2ba') in 0.0984946 seconds
Number of updated asset objects reloaded before import = 0Number of asset objects unloaded after import = 16

========================================================================
Received Import Request.
  Time since last request: 0.000046 seconds.
  path: Assets/DenysAlmaral/CityPeopleLite/Prefabs/police_Female_A.prefab
  artifactKey: Guid(f0ac6fb9ada49f24683e3eca20786103) Importer(815301076,1909f56bfc062723c751e8b465ee728b)
Start importing Assets/DenysAlmaral/CityPeopleLite/Prefabs/police_Female_A.prefab using Guid(f0ac6fb9ada49f24683e3eca20786103) Importer(815301076,1909f56bfc062723c751e8b465ee728b) (PreviewImporter) -> (artifact id: '13b5add40f68c5638db3a94ae7f42215') in 0.1225593 seconds
Number of updated asset objects reloaded before import = 0Number of asset objects unloaded after import = 90

========================================================================
Received Import Request.
  Time since last request: 0.000058 seconds.
  path: Assets/DenysAlmaral/CityPeopleLite/Prefabs/little_boy_B.prefab
  artifactKey: Guid(87a7b985b15a4244091de35d7df9169a) Importer(2089858483,192608db42251d675da83286b1cce702)
Start importing Assets/DenysAlmaral/CityPeopleLite/Prefabs/little_boy_B.prefab using Guid(87a7b985b15a4244091de35d7df9169a) Importer(2089858483,192608db42251d675da83286b1cce702) (ScriptedImporter) -> (artifact id: 'c2750af2832be48ff89f0453a5c8d0da') in 0.110678 seconds
Number of updated asset objects reloaded before import = 0Number of asset objects unloaded after import = 93

========================================================================
Received Import Request.
  Time since last request: 0.000074 seconds.
  path: Assets/DenysAlmaral/CityPeopleLite/Prefabs/elder_Female_A.prefab
  artifactKey: Guid(bcc8732b8b44622449c23934f89e68c0) Importer(815301076,1909f56bfc062723c751e8b465ee728b)
Start importing Assets/DenysAlmaral/CityPeopleLite/Prefabs/elder_Female_A.prefab using Guid(bcc8732b8b44622449c23934f89e68c0) Importer(815301076,1909f56bfc062723c751e8b465ee728b) (PreviewImporter) -> (artifact id: '45457f41a420fcc47ba2e6ddec041ee0') in 0.1081294 seconds
Number of updated asset objects reloaded before import = 0Number of asset objects unloaded after import = 98

========================================================================
Received Import Request.
  Time since last request: 52.509569 seconds.
  path: Assets/DenysAlmaral/CityPeopleLite/Meshes/casual_Female_K.fbx
  artifactKey: Guid(b6dde1c6fee9fe4478fbb2c3a0c333b4) Importer(815301076,1909f56bfc062723c751e8b465ee728b)
Start importing Assets/DenysAlmaral/CityPeopleLite/Meshes/casual_Female_K.fbx using Guid(b6dde1c6fee9fe4478fbb2c3a0c333b4) Importer(815301076,1909f56bfc062723c751e8b465ee728b) (PreviewImporter) -> (artifact id: '5d8fa6a8802bfbdf88a16656c565e14e') in 0.1582499 seconds
Number of updated asset objects reloaded before import = 0Number of asset objects unloaded after import = 80

========================================================================
Received Import Request.
  Time since last request: 25.403044 seconds.
  path: Assets/DenysAlmaral/CityPeopleLite/Prefabs/casual_Female_K.prefab
  artifactKey: Guid(bcc8c8f342f71a7439ac0579aa86f030) Importer(815301076,1909f56bfc062723c751e8b465ee728b)
Start importing Assets/DenysAlmaral/CityPeopleLite/Prefabs/casual_Female_K.prefab using Guid(bcc8c8f342f71a7439ac0579aa86f030) Importer(815301076,1909f56bfc062723c751e8b465ee728b) (PreviewImporter) -> (artifact id: 'b3e3fdb36d8302b28e381c2dc5fefee4') in 0.0963059 seconds
Number of updated asset objects reloaded before import = 0Number of asset objects unloaded after import = 95

========================================================================
Received Import Request.
  Time since last request: 0.000267 seconds.
  path: Assets/DenysAlmaral/CityPeopleLite/Prefabs/Doctor_Male_B.prefab
  artifactKey: Guid(314b13a2c4f89c74299eabc2a4c725c7) Importer(815301076,1909f56bfc062723c751e8b465ee728b)
Start importing Assets/DenysAlmaral/CityPeopleLite/Prefabs/Doctor_Male_B.prefab using Guid(314b13a2c4f89c74299eabc2a4c725c7) Importer(815301076,1909f56bfc062723c751e8b465ee728b) (PreviewImporter) -> (artifact id: '55c4202a2554741077e7367bba660e13') in 0.0929011 seconds
Number of updated asset objects reloaded before import = 0Number of asset objects unloaded after import = 96

========================================================================
Received Import Request.
  Time since last request: 0.000083 seconds.
  path: Assets/DenysAlmaral/CityPeopleLite/Prefabs/elder_Female_A.prefab
  artifactKey: Guid(bcc8732b8b44622449c23934f89e68c0) Importer(815301076,1909f56bfc062723c751e8b465ee728b)
Start importing Assets/DenysAlmaral/CityPeopleLite/Prefabs/elder_Female_A.prefab using Guid(bcc8732b8b44622449c23934f89e68c0) Importer(815301076,1909f56bfc062723c751e8b465ee728b) (PreviewImporter) -> (artifact id: '65e0de129aa603d66c2a3daf348fc90a') in 0.0990884 seconds
Number of updated asset objects reloaded before import = 0Number of asset objects unloaded after import = 98

========================================================================
Received Import Request.
  Time since last request: 0.461340 seconds.
  path: Assets/New Terrain 1.asset
  artifactKey: Guid(58fd2fb57801e55459022669502ae99c) Importer(2089858483,192608db42251d675da83286b1cce702)
Start importing Assets/New Terrain 1.asset using Guid(58fd2fb57801e55459022669502ae99c) Importer(2089858483,192608db42251d675da83286b1cce702) (ScriptedImporter)The tree casual_Female_G couldn't be instanced because the prefab contains no valid mesh renderer.
UnityEngine.Debug:ExtractStackTraceNoAlloc (byte*,int,string)
UnityEngine.StackTraceUtility:ExtractStackTrace ()
UnityEditor.AssetDatabase:LoadMainAssetAtPath (string)
UnityEditor.Search.AssetIndexer:IndexProperties (int&,string&,bool&)
UnityEditor.Search.AssetIndexer:IndexDocument (string,bool)
UnityEditor.Search.SearchIndexEntryImporter:OnImportAsset (UnityEditor.AssetImporters.AssetImportContext)
UnityEditor.AssetImporters.ScriptedImporter:GenerateAssetData (UnityEditor.AssetImporters.AssetImportContext)

[C:\build\output\unity\unity\Modules\Terrain\Public\TreeDatabase.cpp line 338]

 -> (artifact id: 'e43e42cc48a3e17819c0f5b5761d97f9') in 0.0945804 seconds
Number of updated asset objects reloaded before import = 0Number of asset objects unloaded after import = 73

========================================================================
Received Import Request.
  Time since last request: 20.639681 seconds.
  path: Assets/DenysAlmaral/CityPeopleLite/Meshes/casual_Male_G.fbx
  artifactKey: Guid(50c8fe73844fb0a42bdb72b9873224e6) Importer(815301076,1909f56bfc062723c751e8b465ee728b)
Start importing Assets/DenysAlmaral/CityPeopleLite/Meshes/casual_Male_G.fbx using Guid(50c8fe73844fb0a42bdb72b9873224e6) Importer(815301076,1909f56bfc062723c751e8b465ee728b) (PreviewImporter) -> (artifact id: '8b54b7aed4590a5afcc3c77f344f5131') in 0.0707477 seconds
Number of updated asset objects reloaded before import = 0Number of asset objects unloaded after import = 76

========================================================================
Received Import Request.
  Time since last request: 31.956363 seconds.
  path: Assets/DenysAlmaral/CityPeopleLite/Prefabs/casual_Female_G.prefab
  artifactKey: Guid(bae26acf817c6dc4e82f95d9ef4ab46a) Importer(815301076,1909f56bfc062723c751e8b465ee728b)
Start importing Assets/DenysAlmaral/CityPeopleLite/Prefabs/casual_Female_G.prefab using Guid(bae26acf817c6dc4e82f95d9ef4ab46a) Importer(815301076,1909f56bfc062723c751e8b465ee728b) (PreviewImporter) -> (artifact id: '7417ce364ce66ef86d870c5bc0f0fb5e') in 0.0983199 seconds
Number of updated asset objects reloaded before import = 0Number of asset objects unloaded after import = 164

========================================================================
Received Import Request.
  Time since last request: 0.788760 seconds.
  path: Assets/DenysAlmaral/CityPeopleLite/Prefabs/casual_Female_G.prefab
  artifactKey: Guid(bae26acf817c6dc4e82f95d9ef4ab46a) Importer(2089858483,192608db42251d675da83286b1cce702)
Start importing Assets/DenysAlmaral/CityPeopleLite/Prefabs/casual_Female_G.prefab using Guid(bae26acf817c6dc4e82f95d9ef4ab46a) Importer(2089858483,192608db42251d675da83286b1cce702) (ScriptedImporter) -> (artifact id: 'c78da465163f2ae7511f8478d9301b8d') in 0.0956987 seconds
Number of updated asset objects reloaded before import = 0Number of asset objects unloaded after import = 160

========================================================================
Received Import Request.
  Time since last request: 58.593775 seconds.
  path: Assets/DenysAlmaral/CityPeopleLite/Meshes/elder_Female_A.fbx
  artifactKey: Guid(e9603e7a3938b4e47abbb7121bcbae61) Importer(815301076,1909f56bfc062723c751e8b465ee728b)
Start importing Assets/DenysAlmaral/CityPeopleLite/Meshes/elder_Female_A.fbx using Guid(e9603e7a3938b4e47abbb7121bcbae61) Importer(815301076,1909f56bfc062723c751e8b465ee728b) (PreviewImporter) -> (artifact id: 'dd715ce34a735da7668258498ca0015e') in 0.1130775 seconds
Number of updated asset objects reloaded before import = 0Number of asset objects unloaded after import = 84

========================================================================
Received Import Request.
  Time since last request: 0.000277 seconds.
  path: Assets/DenysAlmaral/CityPeopleLite/Meshes/little_boy_B.fbx
  artifactKey: Guid(507b06707f64e144ab139fd0cb0e8bcb) Importer(815301076,1909f56bfc062723c751e8b465ee728b)
Start importing Assets/DenysAlmaral/CityPeopleLite/Meshes/little_boy_B.fbx using Guid(507b06707f64e144ab139fd0cb0e8bcb) Importer(815301076,1909f56bfc062723c751e8b465ee728b) (PreviewImporter) -> (artifact id: '15b1ca7b208225ffe0c44009dca8d7b5') in 0.107487 seconds
Number of updated asset objects reloaded before import = 0Number of asset objects unloaded after import = 80

========================================================================
Received Import Request.
  Time since last request: 145.276463 seconds.
  path: Assets/Scenes/Game.unity
  artifactKey: Guid(99c9720ab356a0642a771bea13969a05) Importer(2089858483,192608db42251d675da83286b1cce702)
Start importing Assets/Scenes/Game.unity using Guid(99c9720ab356a0642a771bea13969a05) Importer(2089858483,192608db42251d675da83286b1cce702) (ScriptedImporter) -> (artifact id: '7aaa30a3323e90252c31199308deccdd') in 0.0736508 seconds
Number of updated asset objects reloaded before import = 0Number of asset objects unloaded after import = 1

========================================================================
Received Import Request.
  Time since last request: 389.604296 seconds.
  path: Assets/Models/Race track Variant.prefab
  artifactKey: Guid(0a850a300f6385242ade10e418295363) Importer(815301076,1909f56bfc062723c751e8b465ee728b)
Start importing Assets/Models/Race track Variant.prefab using Guid(0a850a300f6385242ade10e418295363) Importer(815301076,1909f56bfc062723c751e8b465ee728b) (PreviewImporter)The tree casual_Female_G couldn't be instanced because the prefab contains no valid mesh renderer.
The tree femeie couldn't be instanced because the prefab contains no valid mesh renderer.
 -> (artifact id: 'e090a2aca3fd8ae03d621854c39fc728') in 0.8294778 seconds
Number of updated asset objects reloaded before import = 0Number of asset objects unloaded after import = 2368

========================================================================
Received Import Request.
  Time since last request: 1404.676613 seconds.
  path: Assets/Models/Race track Variant 2.prefab
  artifactKey: Guid(d775450de420e3848b2444ccb4bb77b2) Importer(815301076,1909f56bfc062723c751e8b465ee728b)
Start importing Assets/Models/Race track Variant 2.prefab using Guid(d775450de420e3848b2444ccb4bb77b2) Importer(815301076,1909f56bfc062723c751e8b465ee728b) (PreviewImporter)The tree casual_Female_G couldn't be instanced because the prefab contains no valid mesh renderer.
The tree femeie couldn't be instanced because the prefab contains no valid mesh renderer.
 -> (artifact id: 'ba181d3d4ec280bea3479c1b0ab8d73e') in 4.4736533 seconds
Number of updated asset objects reloaded before import = 0Number of asset objects unloaded after import = 66550

