Using pre-set license
Built from 'trunk' branch; Version is '6000.0.22f1 (001fa5a8e29a) revision 8101'; Using compiler version '193933523'; Build Type 'Release'
OS: 'Windows 11  (10.0.22631) 64bit Professional' Language: 'en' Physical Memory: 5966 MB
BatchMode: 1, IsHumanControllingUs: 0, StartBugReporterOnCrash: 0, Is64bit: 1, IsPro: 1

COMMAND LINE ARGUMENTS:
C:\Program Files\Unity\Hub\Editor\6000.0.22f1\Editor\Unity.exe
-adb2
-batchMode
-noUpm
-name
AssetImportWorker12
-projectPath
C:/Users/ANDREEA/Desktop/RacingGame/RacingGame
-logFile
Logs/AssetImportWorker12.log
-srvPort
52587
-job-worker-count
5
-background-job-worker-count
8
-asset-garbage-collectors
1
Successfully changed project path to: C:/Users/ANDREEA/Desktop/RacingGame/RacingGame
C:/Users/ANDREEA/Desktop/RacingGame/RacingGame
[UnityMemory] Configuration Parameters - Can be set up in boot.config
    "memorysetup-bucket-allocator-granularity=16"
    "memorysetup-bucket-allocator-bucket-count=8"
    "memorysetup-bucket-allocator-block-size=33554432"
    "memorysetup-bucket-allocator-block-count=8"
    "memorysetup-main-allocator-block-size=16777216"
    "memorysetup-thread-allocator-block-size=16777216"
    "memorysetup-gfx-main-allocator-block-size=16777216"
    "memorysetup-gfx-thread-allocator-block-size=16777216"
    "memorysetup-cache-allocator-block-size=4194304"
    "memorysetup-typetree-allocator-block-size=2097152"
    "memorysetup-profiler-bucket-allocator-granularity=16"
    "memorysetup-profiler-bucket-allocator-bucket-count=8"
    "memorysetup-profiler-bucket-allocator-block-size=33554432"
    "memorysetup-profiler-bucket-allocator-block-count=8"
    "memorysetup-profiler-allocator-block-size=16777216"
    "memorysetup-profiler-editor-allocator-block-size=1048576"
    "memorysetup-temp-allocator-size-main=16777216"
    "memorysetup-job-temp-allocator-block-size=2097152"
    "memorysetup-job-temp-allocator-block-size-background=1048576"
    "memorysetup-job-temp-allocator-reduction-small-platforms=262144"
    "memorysetup-allocator-temp-initial-block-size-main=262144"
    "memorysetup-allocator-temp-initial-block-size-worker=262144"
    "memorysetup-temp-allocator-size-background-worker=32768"
    "memorysetup-temp-allocator-size-job-worker=262144"
    "memorysetup-temp-allocator-size-preload-manager=33554432"
    "memorysetup-temp-allocator-size-nav-mesh-worker=65536"
    "memorysetup-temp-allocator-size-audio-worker=65536"
    "memorysetup-temp-allocator-size-cloud-worker=32768"
    "memorysetup-temp-allocator-size-gi-baking-worker=262144"
    "memorysetup-temp-allocator-size-gi-baking-worker=262144"
    "memorysetup-temp-allocator-size-gi-baking-worker=262144"
    "memorysetup-temp-allocator-size-gi-baking-worker=262144"
    "memorysetup-temp-allocator-size-gi-baking-worker=262144"
    "memorysetup-temp-allocator-size-gfx=262144"
Player connection [21520]  Target information:

Player connection [21520]  * "[IP] 192.168.56.1 [Port] 0 [Flags] 2 [Guid] 2359517198 [EditorId] 2359517198 [Version] 1048832 [Id] WindowsEditor(7,DESKTOP-HT3IUV8) [Debug] 1 [PackageName] WindowsEditor [ProjectName] Editor" 

Player connection [21520]  * "[IP] 192.168.81.198 [Port] 0 [Flags] 2 [Guid] 2359517198 [EditorId] 2359517198 [Version] 1048832 [Id] WindowsEditor(7,DESKTOP-HT3IUV8) [Debug] 1 [PackageName] WindowsEditor [ProjectName] Editor" 

Player connection [21520] Host joined multi-casting on [225.0.0.222:54997]...
Player connection [21520] Host joined alternative multi-casting on [225.0.0.222:34997]...
JobSystem: Creating JobQueue using job-worker-count value 5
[Physics::Module] Initialized fallback backend.
[Physics::Module] Id: 0xdecafbad
Library Redirect Path: Library/
[Physics::Module] Selected backend.
[Physics::Module] Name: PhysX
[Physics::Module] Id: 0xf2b8ea05
[Physics::Module] SDK Version: 4.1.2
[Physics::Module] Integration Version: 1.0.0
[Physics::Module] Threading Mode: Multi-Threaded
Refreshing native plugins compatible for Editor in 2.81 ms, found 3 plugins.
Preloading 0 native plugins for Editor in 0.00 ms.
Initialize engine version: 6000.0.22f1 (001fa5a8e29a)
[Subsystems] Discovering subsystems at path C:/Program Files/Unity/Hub/Editor/6000.0.22f1/Editor/Data/Resources/UnitySubsystems
[Subsystems] Discovering subsystems at path C:/Users/ANDREEA/Desktop/RacingGame/RacingGame/Assets
GfxDevice: creating device client; kGfxThreadingModeNonThreaded
Direct3D:
    Version:  Direct3D 11.0 [level 11.1]
    Renderer: AMD Radeon(TM) Graphics (ID=0x164c)
    Vendor:   ATI
    VRAM:     2983 MB
    Driver:   30.0.13044.0
Initialize mono
Mono path[0] = 'C:/Program Files/Unity/Hub/Editor/6000.0.22f1/Editor/Data/Managed'
Mono path[1] = 'C:/Program Files/Unity/Hub/Editor/6000.0.22f1/Editor/Data/MonoBleedingEdge/lib/mono/unityjit-win32'
Mono config path = 'C:/Program Files/Unity/Hub/Editor/6000.0.22f1/Editor/Data/MonoBleedingEdge/etc'
Using monoOptions --debugger-agent=transport=dt_socket,embedding=1,server=y,suspend=n,address=127.0.0.1:56900
Begin MonoManager ReloadAssembly
Registering precompiled unity dll's ...
Register platform support module: C:/Program Files/Unity/Hub/Editor/6000.0.22f1/Editor/Data/PlaybackEngines/WindowsStandaloneSupport/UnityEditor.WindowsStandalone.Extensions.dll
Registered in 0.006171 seconds.
- Loaded All Assemblies, in  0.811 seconds
Native extension for WindowsStandalone target not found
Mono: successfully reloaded assembly
- Finished resetting the current domain, in  0.620 seconds
Domain Reload Profiling: 1430ms
	BeginReloadAssembly (355ms)
		ExecutionOrderSort (0ms)
		DisableScriptedObjects (0ms)
		BackupInstance (0ms)
		ReleaseScriptingObjects (0ms)
		CreateAndSetChildDomain (4ms)
	RebuildCommonClasses (84ms)
	RebuildNativeTypeToScriptingClass (17ms)
	initialDomainReloadingComplete (95ms)
	LoadAllAssembliesAndSetupDomain (258ms)
		LoadAssemblies (350ms)
		RebuildTransferFunctionScriptingTraits (0ms)
		AnalyzeDomain (252ms)
			TypeCache.Refresh (249ms)
				TypeCache.ScanAssembly (221ms)
			BuildScriptInfoCaches (0ms)
			ResolveRequiredComponents (1ms)
	FinalizeReload (621ms)
		ReleaseScriptCaches (0ms)
		RebuildScriptCaches (0ms)
		SetupLoadedEditorAssemblies (524ms)
			LogAssemblyErrors (0ms)
			InitializePlatformSupportModulesInManaged (37ms)
			SetLoadedEditorAssemblies (7ms)
			BeforeProcessingInitializeOnLoad (13ms)
			ProcessInitializeOnLoadAttributes (361ms)
			ProcessInitializeOnLoadMethodAttributes (103ms)
			AfterProcessingInitializeOnLoad (3ms)
			EditorAssembliesLoaded (0ms)
		ExecutionOrderSort2 (0ms)
		AwakeInstancesAfterBackupRestoration (0ms)
========================================================================
Worker process is ready to serve import requests
Import Worker Mode flag is 0x00
Begin MonoManager ReloadAssembly
- Loaded All Assemblies, in  2.624 seconds
Refreshing native plugins compatible for Editor in 1.00 ms, found 3 plugins.
Native extension for WindowsStandalone target not found
Mono: successfully reloaded assembly
- Finished resetting the current domain, in  1.714 seconds
Domain Reload Profiling: 4331ms
	BeginReloadAssembly (1213ms)
		ExecutionOrderSort (0ms)
		DisableScriptedObjects (12ms)
		BackupInstance (0ms)
		ReleaseScriptingObjects (0ms)
		CreateAndSetChildDomain (66ms)
	RebuildCommonClasses (56ms)
	RebuildNativeTypeToScriptingClass (21ms)
	initialDomainReloadingComplete (91ms)
	LoadAllAssembliesAndSetupDomain (1234ms)
		LoadAssemblies (884ms)
		RebuildTransferFunctionScriptingTraits (0ms)
		AnalyzeDomain (521ms)
			TypeCache.Refresh (366ms)
				TypeCache.ScanAssembly (340ms)
			BuildScriptInfoCaches (140ms)
			ResolveRequiredComponents (12ms)
	FinalizeReload (1715ms)
		ReleaseScriptCaches (0ms)
		RebuildScriptCaches (0ms)
		SetupLoadedEditorAssemblies (1114ms)
			LogAssemblyErrors (0ms)
			InitializePlatformSupportModulesInManaged (3ms)
			SetLoadedEditorAssemblies (8ms)
			BeforeProcessingInitializeOnLoad (86ms)
			ProcessInitializeOnLoadAttributes (838ms)
			ProcessInitializeOnLoadMethodAttributes (167ms)
			AfterProcessingInitializeOnLoad (10ms)
			EditorAssembliesLoaded (1ms)
		ExecutionOrderSort2 (0ms)
		AwakeInstancesAfterBackupRestoration (9ms)
Launched and connected shader compiler UnityShaderCompiler.exe after 0.03 seconds
Refreshing native plugins compatible for Editor in 1.11 ms, found 3 plugins.
Preloading 0 native plugins for Editor in 0.00 ms.
Unloading 198 Unused Serialized files (Serialized files now loaded: 0)
Unloading 5897 unused Assets / (4.6 MB). Loaded Objects now: 6676.
Memory consumption went from 187.5 MB to 182.9 MB.
Total: 21.893200 ms (FindLiveObjects: 1.097500 ms CreateObjectMapping: 0.644800 ms MarkObjects: 12.122700 ms  DeleteObjects: 8.023200 ms)

========================================================================
Received Import Request.
  Time since last request: 140991.742677 seconds.
  path: Assets/Stylized Nature Environment/Materials/mountain_normals.mat
  artifactKey: Guid(58e43271e07495b4b92a932b801836b1) Importer(2089858483,192608db42251d675da83286b1cce702)
Start importing Assets/Stylized Nature Environment/Materials/mountain_normals.mat using Guid(58e43271e07495b4b92a932b801836b1) Importer(2089858483,192608db42251d675da83286b1cce702) (ScriptedImporter) -> (artifact id: 'db42f2c565207c5f97769b1cf139307a') in 0.322161 seconds
Number of updated asset objects reloaded before import = 0Number of asset objects unloaded after import = 2

========================================================================
Received Import Request.
  Time since last request: 8.319973 seconds.
  path: Assets/Textures/Grass.mat
  artifactKey: Guid(4500c900ce2525f4cb5e2825334683eb) Importer(815301076,1909f56bfc062723c751e8b465ee728b)
Start importing Assets/Textures/Grass.mat using Guid(4500c900ce2525f4cb5e2825334683eb) Importer(815301076,1909f56bfc062723c751e8b465ee728b) (PreviewImporter) -> (artifact id: 'e64ba67762991285f4cc2a68dc189b39') in 0.7332777 seconds
Number of updated asset objects reloaded before import = 0Number of asset objects unloaded after import = 1

========================================================================
Received Import Request.
  Time since last request: 2.838780 seconds.
  path: Assets/Stylized Nature Environment/Nature/branch_tex.png
  artifactKey: Guid(9634ee48c3f26e64eac59fc3a11a5bdb) Importer(815301076,1909f56bfc062723c751e8b465ee728b)
Start importing Assets/Stylized Nature Environment/Nature/branch_tex.png using Guid(9634ee48c3f26e64eac59fc3a11a5bdb) Importer(815301076,1909f56bfc062723c751e8b465ee728b) (PreviewImporter) -> (artifact id: 'c6efc988462c5a050d4989d090d119aa') in 0.0582175 seconds
Number of updated asset objects reloaded before import = 0Number of asset objects unloaded after import = 2

========================================================================
Received Import Request.
  Time since last request: 0.000041 seconds.
  path: Assets/Stylized Nature Environment/Nature/tree_c.fbx
  artifactKey: Guid(b2fbf33844166f447875af48fb38d3dc) Importer(815301076,1909f56bfc062723c751e8b465ee728b)
Start importing Assets/Stylized Nature Environment/Nature/tree_c.fbx using Guid(b2fbf33844166f447875af48fb38d3dc) Importer(815301076,1909f56bfc062723c751e8b465ee728b) (PreviewImporter) -> (artifact id: '404ff5f782e691ad68cde93bd70f194d') in 9.2036243 seconds
Number of updated asset objects reloaded before import = 0Number of asset objects unloaded after import = 10

========================================================================
Received Import Request.
  Time since last request: 0.000331 seconds.
  path: Assets/Stylized Nature Environment/Nature/grass02.PSD
  artifactKey: Guid(3cb61207a9bdaf9478ba2bf776f28693) Importer(815301076,1909f56bfc062723c751e8b465ee728b)
Start importing Assets/Stylized Nature Environment/Nature/grass02.PSD using Guid(3cb61207a9bdaf9478ba2bf776f28693) Importer(815301076,1909f56bfc062723c751e8b465ee728b) (PreviewImporter) -> (artifact id: '3976e7cfdd1696daa3a89f7dc9240154') in 0.0529836 seconds
Number of updated asset objects reloaded before import = 0Number of asset objects unloaded after import = 2

========================================================================
Received Import Request.
  Time since last request: 0.000150 seconds.
  path: Assets/Stylized Nature Environment/Nature/grass03.PSD
  artifactKey: Guid(231de24365ebaa94babdcd1ee8b1ce1a) Importer(815301076,1909f56bfc062723c751e8b465ee728b)
Start importing Assets/Stylized Nature Environment/Nature/grass03.PSD using Guid(231de24365ebaa94babdcd1ee8b1ce1a) Importer(815301076,1909f56bfc062723c751e8b465ee728b) (PreviewImporter) -> (artifact id: 'a740d0a6a008ebddfa9d334c2b2d432e') in 0.0475932 seconds
Number of updated asset objects reloaded before import = 0Number of asset objects unloaded after import = 2

========================================================================
Received Import Request.
  Time since last request: 0.000161 seconds.
  path: Assets/Stylized Nature Environment/Nature/tree_f.fbx
  artifactKey: Guid(d6390f08259b01b48ab6f39baec54113) Importer(815301076,1909f56bfc062723c751e8b465ee728b)
Start importing Assets/Stylized Nature Environment/Nature/tree_f.fbx using Guid(d6390f08259b01b48ab6f39baec54113) Importer(815301076,1909f56bfc062723c751e8b465ee728b) (PreviewImporter) -> (artifact id: '86236c93f787bf963914159d743cf622') in 0.0825641 seconds
Number of updated asset objects reloaded before import = 0Number of asset objects unloaded after import = 10

========================================================================
Received Import Request.
  Time since last request: 0.000148 seconds.
  path: Assets/Stylized Nature Environment/Nature/foliage04.psd
  artifactKey: Guid(57bf64a50bfaddf4f934b7ebb7a6ae79) Importer(815301076,1909f56bfc062723c751e8b465ee728b)
Start importing Assets/Stylized Nature Environment/Nature/foliage04.psd using Guid(57bf64a50bfaddf4f934b7ebb7a6ae79) Importer(815301076,1909f56bfc062723c751e8b465ee728b) (PreviewImporter) -> (artifact id: 'f37d7d237937745bd57ff52ccf8ab585') in 0.0618319 seconds
Number of updated asset objects reloaded before import = 0Number of asset objects unloaded after import = 2

========================================================================
Received Import Request.
  Time since last request: 0.000192 seconds.
  path: Assets/Stylized Nature Environment/Nature/tree_a.fbx
  artifactKey: Guid(d2bbfb4d2d8d8c549bbfc553b28464c4) Importer(815301076,1909f56bfc062723c751e8b465ee728b)
Start importing Assets/Stylized Nature Environment/Nature/tree_a.fbx using Guid(d2bbfb4d2d8d8c549bbfc553b28464c4) Importer(815301076,1909f56bfc062723c751e8b465ee728b) (PreviewImporter) -> (artifact id: 'ef5711944d0bebb6e091bbdc815ffc7d') in 0.0603588 seconds
Number of updated asset objects reloaded before import = 0Number of asset objects unloaded after import = 10

========================================================================
Received Import Request.
  Time since last request: 0.000081 seconds.
  path: Assets/Stylized Nature Environment/Nature/tree_g.fbx
  artifactKey: Guid(04deee917b1259f4c9bf0e61653d9539) Importer(815301076,1909f56bfc062723c751e8b465ee728b)
Start importing Assets/Stylized Nature Environment/Nature/tree_g.fbx using Guid(04deee917b1259f4c9bf0e61653d9539) Importer(815301076,1909f56bfc062723c751e8b465ee728b) (PreviewImporter) -> (artifact id: 'c3c5f716375c9c8551cfd3141bae7454') in 0.0558677 seconds
Number of updated asset objects reloaded before import = 0Number of asset objects unloaded after import = 10

========================================================================
Received Import Request.
  Time since last request: 0.000115 seconds.
  path: Assets/Stylized Nature Environment/Nature/tree_e.fbx
  artifactKey: Guid(485b51d42c0c5b345a5850f12dd97eb4) Importer(815301076,1909f56bfc062723c751e8b465ee728b)
Start importing Assets/Stylized Nature Environment/Nature/tree_e.fbx using Guid(485b51d42c0c5b345a5850f12dd97eb4) Importer(815301076,1909f56bfc062723c751e8b465ee728b) (PreviewImporter) -> (artifact id: 'b7a83c4290ad720274c85dc1946821ee') in 0.0639257 seconds
Number of updated asset objects reloaded before import = 0Number of asset objects unloaded after import = 10

========================================================================
Received Import Request.
  Time since last request: 0.000139 seconds.
  path: Assets/Stylized Nature Environment/Nature/foliage05.psd
  artifactKey: Guid(d7a333dce69eb6747bd4863e0eefe9e6) Importer(815301076,1909f56bfc062723c751e8b465ee728b)
Start importing Assets/Stylized Nature Environment/Nature/foliage05.psd using Guid(d7a333dce69eb6747bd4863e0eefe9e6) Importer(815301076,1909f56bfc062723c751e8b465ee728b) (PreviewImporter) -> (artifact id: '8ba1817289ed505cfdd737213b971161') in 0.0634102 seconds
Number of updated asset objects reloaded before import = 0Number of asset objects unloaded after import = 2

========================================================================
Received Import Request.
  Time since last request: 0.000108 seconds.
  path: Assets/Stylized Nature Environment/Materials/mountain.mat
  artifactKey: Guid(9518d35be7bbb8b4c855ad20a600b5e5) Importer(815301076,1909f56bfc062723c751e8b465ee728b)
Start importing Assets/Stylized Nature Environment/Materials/mountain.mat using Guid(9518d35be7bbb8b4c855ad20a600b5e5) Importer(815301076,1909f56bfc062723c751e8b465ee728b) (PreviewImporter) -> (artifact id: 'e01841321836c8122b387a99e1d5a4c1') in 0.0574186 seconds
Number of updated asset objects reloaded before import = 0Number of asset objects unloaded after import = 2

========================================================================
Received Import Request.
  Time since last request: 0.000112 seconds.
  path: Assets/Stylized Nature Environment/Nature/tree_b.fbx
  artifactKey: Guid(9d4e7a78f889a844ca0d91916d92beb6) Importer(815301076,1909f56bfc062723c751e8b465ee728b)
Start importing Assets/Stylized Nature Environment/Nature/tree_b.fbx using Guid(9d4e7a78f889a844ca0d91916d92beb6) Importer(815301076,1909f56bfc062723c751e8b465ee728b) (PreviewImporter) -> (artifact id: '2997cc050e8b5724a4b7adffd2ba55d3') in 0.0642923 seconds
Number of updated asset objects reloaded before import = 0Number of asset objects unloaded after import = 10

========================================================================
Received Import Request.
  Time since last request: 0.000062 seconds.
  path: Assets/Stylized Nature Environment/Nature/foliage07-b.psd
  artifactKey: Guid(03867b1f38d354c43aa1ac903bce5b71) Importer(815301076,1909f56bfc062723c751e8b465ee728b)
Start importing Assets/Stylized Nature Environment/Nature/foliage07-b.psd using Guid(03867b1f38d354c43aa1ac903bce5b71) Importer(815301076,1909f56bfc062723c751e8b465ee728b) (PreviewImporter) -> (artifact id: 'dd34510887c9738ad424c91020f79d77') in 0.0525624 seconds
Number of updated asset objects reloaded before import = 0Number of asset objects unloaded after import = 2

========================================================================
Received Import Request.
  Time since last request: 0.000220 seconds.
  path: Assets/Stylized Nature Environment/Nature/tree_d.fbx
  artifactKey: Guid(0bd72e5f4b05a474496b3d6e952adbf8) Importer(815301076,1909f56bfc062723c751e8b465ee728b)
Start importing Assets/Stylized Nature Environment/Nature/tree_d.fbx using Guid(0bd72e5f4b05a474496b3d6e952adbf8) Importer(815301076,1909f56bfc062723c751e8b465ee728b) (PreviewImporter) -> (artifact id: '1a528bbb3afa68caa9680d1eab1eb846') in 0.082196 seconds
Number of updated asset objects reloaded before import = 0Number of asset objects unloaded after import = 10

========================================================================
Received Import Request.
  Time since last request: 10.239472 seconds.
  path: Assets/Race Track Pack/Terrian Textures/Dirty Concrete/Dirty Concrete AlbedoTransparency.png
  artifactKey: Guid(9cb2005cd7a474043aec4fa10bae5a47) Importer(815301076,1909f56bfc062723c751e8b465ee728b)
Start importing Assets/Race Track Pack/Terrian Textures/Dirty Concrete/Dirty Concrete AlbedoTransparency.png using Guid(9cb2005cd7a474043aec4fa10bae5a47) Importer(815301076,1909f56bfc062723c751e8b465ee728b) (PreviewImporter) -> (artifact id: '44ad5acc0e557b776d1c2988b57dd005') in 0.05631 seconds
Number of updated asset objects reloaded before import = 0Number of asset objects unloaded after import = 2

========================================================================
Received Import Request.
  Time since last request: 1.180374 seconds.
  path: Assets/Race Track Pack/Terrian Textures/Mud with Stone/Mud With Stone AlbedoTransparency.png
  artifactKey: Guid(1d1fc9d4d7acdf145a50eab259053395) Importer(815301076,1909f56bfc062723c751e8b465ee728b)
Start importing Assets/Race Track Pack/Terrian Textures/Mud with Stone/Mud With Stone AlbedoTransparency.png using Guid(1d1fc9d4d7acdf145a50eab259053395) Importer(815301076,1909f56bfc062723c751e8b465ee728b) (PreviewImporter) -> (artifact id: 'f890e2e0b1b66352e5c194f60ff59d38') in 0.0608442 seconds
Number of updated asset objects reloaded before import = 0Number of asset objects unloaded after import = 2

========================================================================
Received Import Request.
  Time since last request: 9.966497 seconds.
  path: Assets/Race Track Pack/Terrian Textures/Rock Soil/Materials
  artifactKey: Guid(ec0eee10ea2a8fd4da3c1efd01909808) Importer(2089858483,192608db42251d675da83286b1cce702)
Start importing Assets/Race Track Pack/Terrian Textures/Rock Soil/Materials using Guid(ec0eee10ea2a8fd4da3c1efd01909808) Importer(2089858483,192608db42251d675da83286b1cce702) (ScriptedImporter) -> (artifact id: '08e74100c6828e5024f07b674658e11c') in 0.0262543 seconds
Number of updated asset objects reloaded before import = 0Number of asset objects unloaded after import = 1

========================================================================
Received Import Request.
  Time since last request: 170.961755 seconds.
  path: Assets/Gwangju_3D asset/15_BlackWalnutTree/Materials/BlackwalnutAutumn01.mat
  artifactKey: Guid(54c98655bb3d66f42a87c5bef06f6857) Importer(815301076,1909f56bfc062723c751e8b465ee728b)
Start importing Assets/Gwangju_3D asset/15_BlackWalnutTree/Materials/BlackwalnutAutumn01.mat using Guid(54c98655bb3d66f42a87c5bef06f6857) Importer(815301076,1909f56bfc062723c751e8b465ee728b) (PreviewImporter) -> (artifact id: '27ac262627b3f3d55fa90c3e336c9748') in 7.6520865 seconds
Number of updated asset objects reloaded before import = 0Number of asset objects unloaded after import = 4

========================================================================
Received Import Request.
  Time since last request: 0.000135 seconds.
  path: Assets/Models/mountain (3).prefab
  artifactKey: Guid(b9061b7bfa145e24a91bde1cc531ee95) Importer(815301076,1909f56bfc062723c751e8b465ee728b)
Start importing Assets/Models/mountain (3).prefab using Guid(b9061b7bfa145e24a91bde1cc531ee95) Importer(815301076,1909f56bfc062723c751e8b465ee728b) (PreviewImporter) -> (artifact id: '98cfc9561194e31803c02e8397b60731') in 0.0384823 seconds
Number of updated asset objects reloaded before import = 0Number of asset objects unloaded after import = 17

========================================================================
Received Import Request.
  Time since last request: 28.468173 seconds.
  path: Assets/ex.unity
  artifactKey: Guid(3ef6a00bc4649e640aeae37c48e1f131) Importer(2089858483,192608db42251d675da83286b1cce702)
Start importing Assets/ex.unity using Guid(3ef6a00bc4649e640aeae37c48e1f131) Importer(2089858483,192608db42251d675da83286b1cce702) (ScriptedImporter) -> (artifact id: 'f1364934a1bcc85d6883a6cb89ff3c73') in 0.0367626 seconds
Number of updated asset objects reloaded before import = 0Number of asset objects unloaded after import = 1

========================================================================
Received Import Request.
  Time since last request: 10.162827 seconds.
  path: Assets/Race Track Pack/Prefabs/Track Props/Camp.prefab
  artifactKey: Guid(c2886de63531849488f0629b9bedcf30) Importer(815301076,1909f56bfc062723c751e8b465ee728b)
Start importing Assets/Race Track Pack/Prefabs/Track Props/Camp.prefab using Guid(c2886de63531849488f0629b9bedcf30) Importer(815301076,1909f56bfc062723c751e8b465ee728b) (PreviewImporter) -> (artifact id: '52133ec6f2f3546a5927807fe8aff72c') in 0.0733014 seconds
Number of updated asset objects reloaded before import = 0Number of asset objects unloaded after import = 11

========================================================================
Received Import Request.
  Time since last request: 0.000142 seconds.
  path: Assets/Race Track Pack/Prefabs/Track Props/Net_Bars1.prefab
  artifactKey: Guid(f7c618019b6617942a37bff00c9b6e9b) Importer(815301076,1909f56bfc062723c751e8b465ee728b)
Start importing Assets/Race Track Pack/Prefabs/Track Props/Net_Bars1.prefab using Guid(f7c618019b6617942a37bff00c9b6e9b) Importer(815301076,1909f56bfc062723c751e8b465ee728b) (PreviewImporter) -> (artifact id: 'cc157f1eb7774492a03db5f3a364293a') in 0.063752 seconds
Number of updated asset objects reloaded before import = 0Number of asset objects unloaded after import = 13

========================================================================
Received Import Request.
  Time since last request: 0.000179 seconds.
  path: Assets/Race Track Pack/Prefabs/Track Props/Stairs.prefab
  artifactKey: Guid(ffe306d4fce2ab948958e54e1c8d43b0) Importer(815301076,1909f56bfc062723c751e8b465ee728b)
Start importing Assets/Race Track Pack/Prefabs/Track Props/Stairs.prefab using Guid(ffe306d4fce2ab948958e54e1c8d43b0) Importer(815301076,1909f56bfc062723c751e8b465ee728b) (PreviewImporter) -> (artifact id: '5e65baff6881f01a055a43144996692d') in 0.0494901 seconds
Number of updated asset objects reloaded before import = 0Number of asset objects unloaded after import = 11

========================================================================
Received Import Request.
  Time since last request: 0.000052 seconds.
  path: Assets/Race Track Pack/Prefabs/Track Props/Racing_Sign1.prefab
  artifactKey: Guid(018e07f4ddf36584bb0d89bfeb28d9b9) Importer(815301076,1909f56bfc062723c751e8b465ee728b)
Start importing Assets/Race Track Pack/Prefabs/Track Props/Racing_Sign1.prefab using Guid(018e07f4ddf36584bb0d89bfeb28d9b9) Importer(815301076,1909f56bfc062723c751e8b465ee728b) (PreviewImporter) -> (artifact id: '093719b41ca58974096b0d3c60c7dedd') in 0.0460995 seconds
Number of updated asset objects reloaded before import = 0Number of asset objects unloaded after import = 11

========================================================================
Received Import Request.
  Time since last request: 0.000136 seconds.
  path: Assets/Race Track Pack/Prefabs/Track Props/Pillar.prefab
  artifactKey: Guid(1f4e3006722983346a02fd4c0a2470f5) Importer(815301076,1909f56bfc062723c751e8b465ee728b)
Start importing Assets/Race Track Pack/Prefabs/Track Props/Pillar.prefab using Guid(1f4e3006722983346a02fd4c0a2470f5) Importer(815301076,1909f56bfc062723c751e8b465ee728b) (PreviewImporter) -> (artifact id: '1cefe4fdcded82efb6297be0cc615376') in 0.0472835 seconds
Number of updated asset objects reloaded before import = 0Number of asset objects unloaded after import = 11

========================================================================
Received Import Request.
  Time since last request: 78.134131 seconds.
  path: Assets/ex.unity
  artifactKey: Guid(3ef6a00bc4649e640aeae37c48e1f131) Importer(2089858483,192608db42251d675da83286b1cce702)
Start importing Assets/ex.unity using Guid(3ef6a00bc4649e640aeae37c48e1f131) Importer(2089858483,192608db42251d675da83286b1cce702) (ScriptedImporter) -> (artifact id: 'cfeeeaf4e690994f33936a758b69c22d') in 0.0273971 seconds
Number of updated asset objects reloaded before import = 0Number of asset objects unloaded after import = 1

========================================================================
Received Import Request.
  Time since last request: 9.869984 seconds.
  path: Assets/Race Track Pack/Prefabs/Tunnels and Bridge/Bridge.prefab
  artifactKey: Guid(97f3b0528ef93a84d97ecdc7b2b804c9) Importer(815301076,1909f56bfc062723c751e8b465ee728b)
Start importing Assets/Race Track Pack/Prefabs/Tunnels and Bridge/Bridge.prefab using Guid(97f3b0528ef93a84d97ecdc7b2b804c9) Importer(815301076,1909f56bfc062723c751e8b465ee728b) (PreviewImporter) -> (artifact id: '5ba4787f4ed1fb2fe7f249f5f82a9a37') in 0.1136655 seconds
Number of updated asset objects reloaded before import = 0Number of asset objects unloaded after import = 67

========================================================================
Received Import Request.
  Time since last request: 0.000170 seconds.
  path: Assets/Race Track Pack/Prefabs/Tunnels and Bridge/Bridge_Plane.prefab
  artifactKey: Guid(3501a57d6613c9740a5e655d11249941) Importer(815301076,1909f56bfc062723c751e8b465ee728b)
Start importing Assets/Race Track Pack/Prefabs/Tunnels and Bridge/Bridge_Plane.prefab using Guid(3501a57d6613c9740a5e655d11249941) Importer(815301076,1909f56bfc062723c751e8b465ee728b) (PreviewImporter) -> (artifact id: '850c404f8ceeacc136efdd564964d7e4') in 0.0596599 seconds
Number of updated asset objects reloaded before import = 0Number of asset objects unloaded after import = 12

========================================================================
Received Import Request.
  Time since last request: 0.000092 seconds.
  path: Assets/Race Track Pack/Prefabs/Tunnels and Bridge/Tunnels_straight.prefab
  artifactKey: Guid(55fdb04009221c34bbaca5f23f62e824) Importer(815301076,1909f56bfc062723c751e8b465ee728b)
Start importing Assets/Race Track Pack/Prefabs/Tunnels and Bridge/Tunnels_straight.prefab using Guid(55fdb04009221c34bbaca5f23f62e824) Importer(815301076,1909f56bfc062723c751e8b465ee728b) (PreviewImporter) -> (artifact id: 'be376e51b5adc3448c593c1b86dc7498') in 0.0474135 seconds
Number of updated asset objects reloaded before import = 0Number of asset objects unloaded after import = 12

========================================================================
Received Import Request.
  Time since last request: 0.000166 seconds.
  path: Assets/Race Track Pack/Prefabs/Tunnels and Bridge/Tunnels_straight01.prefab
  artifactKey: Guid(1c4b1f5cad67263458911cab3c08b372) Importer(815301076,1909f56bfc062723c751e8b465ee728b)
Start importing Assets/Race Track Pack/Prefabs/Tunnels and Bridge/Tunnels_straight01.prefab using Guid(1c4b1f5cad67263458911cab3c08b372) Importer(815301076,1909f56bfc062723c751e8b465ee728b) (PreviewImporter) -> (artifact id: '5a878bcf46a4276b5e21e30e95d74565') in 0.0494609 seconds
Number of updated asset objects reloaded before import = 0Number of asset objects unloaded after import = 12

========================================================================
Received Import Request.
  Time since last request: 0.000076 seconds.
  path: Assets/Race Track Pack/Prefabs/Tunnels and Bridge/Tunnels_Curve.prefab
  artifactKey: Guid(156e5b2c2ee0a0d46bdb592a0b2ffac8) Importer(815301076,1909f56bfc062723c751e8b465ee728b)
Start importing Assets/Race Track Pack/Prefabs/Tunnels and Bridge/Tunnels_Curve.prefab using Guid(156e5b2c2ee0a0d46bdb592a0b2ffac8) Importer(815301076,1909f56bfc062723c751e8b465ee728b) (PreviewImporter) -> (artifact id: '8e266cccfbabbab3d53fb34fbce25b34') in 0.0450048 seconds
Number of updated asset objects reloaded before import = 0Number of asset objects unloaded after import = 12

========================================================================
Received Import Request.
  Time since last request: 0.000204 seconds.
  path: Assets/Race Track Pack/Prefabs/Tunnels and Bridge/Tunnels_curve 1.prefab
  artifactKey: Guid(9e21214d3d82a214a81077302a661f57) Importer(815301076,1909f56bfc062723c751e8b465ee728b)
Start importing Assets/Race Track Pack/Prefabs/Tunnels and Bridge/Tunnels_curve 1.prefab using Guid(9e21214d3d82a214a81077302a661f57) Importer(815301076,1909f56bfc062723c751e8b465ee728b) (PreviewImporter) -> (artifact id: '63843652a61d9b71a05a390c869f869e') in 0.05004 seconds
Number of updated asset objects reloaded before import = 0Number of asset objects unloaded after import = 12

Editor requested this worker to shutdown with reason: Scaling down because of idle timeout
AssetImportWorker is now disconnected from the server
Process exiting
Exiting without the bug reporter. Application will terminate with return code 0