Using pre-set license
Built from 'trunk' branch; Version is '6000.0.22f1 (001fa5a8e29a) revision 8101'; Using compiler version '193933523'; Build Type 'Release'
OS: 'Windows 11  (10.0.22631) 64bit Professional' Language: 'en' Physical Memory: 5966 MB
BatchMode: 1, IsHumanControllingUs: 0, StartBugReporterOnCrash: 0, Is64bit: 1, IsPro: 1

COMMAND LINE ARGUMENTS:
C:\Program Files\Unity\Hub\Editor\6000.0.22f1\Editor\Unity.exe
-adb2
-batchMode
-noUpm
-name
AssetImportWorker33
-projectPath
C:/Users/ANDREEA/Desktop/ex/RacingGame/RacingGame
-logFile
Logs/AssetImportWorker33.log
-srvPort
61830
-job-worker-count
5
-background-job-worker-count
8
-asset-garbage-collectors
1
Successfully changed project path to: C:/Users/ANDREEA/Desktop/ex/RacingGame/RacingGame
C:/Users/ANDREEA/Desktop/ex/RacingGame/RacingGame
[UnityMemory] Configuration Parameters - Can be set up in boot.config
    "memorysetup-bucket-allocator-granularity=16"
    "memorysetup-bucket-allocator-bucket-count=8"
    "memorysetup-bucket-allocator-block-size=33554432"
    "memorysetup-bucket-allocator-block-count=8"
    "memorysetup-main-allocator-block-size=16777216"
    "memorysetup-thread-allocator-block-size=16777216"
    "memorysetup-gfx-main-allocator-block-size=16777216"
    "memorysetup-gfx-thread-allocator-block-size=16777216"
    "memorysetup-cache-allocator-block-size=4194304"
    "memorysetup-typetree-allocator-block-size=2097152"
    "memorysetup-profiler-bucket-allocator-granularity=16"
    "memorysetup-profiler-bucket-allocator-bucket-count=8"
    "memorysetup-profiler-bucket-allocator-block-size=33554432"
    "memorysetup-profiler-bucket-allocator-block-count=8"
    "memorysetup-profiler-allocator-block-size=16777216"
    "memorysetup-profiler-editor-allocator-block-size=1048576"
    "memorysetup-temp-allocator-size-main=16777216"
    "memorysetup-job-temp-allocator-block-size=2097152"
    "memorysetup-job-temp-allocator-block-size-background=1048576"
    "memorysetup-job-temp-allocator-reduction-small-platforms=262144"
    "memorysetup-allocator-temp-initial-block-size-main=262144"
    "memorysetup-allocator-temp-initial-block-size-worker=262144"
    "memorysetup-temp-allocator-size-background-worker=32768"
    "memorysetup-temp-allocator-size-job-worker=262144"
    "memorysetup-temp-allocator-size-preload-manager=33554432"
    "memorysetup-temp-allocator-size-nav-mesh-worker=65536"
    "memorysetup-temp-allocator-size-audio-worker=65536"
    "memorysetup-temp-allocator-size-cloud-worker=32768"
    "memorysetup-temp-allocator-size-gi-baking-worker=262144"
    "memorysetup-temp-allocator-size-gi-baking-worker=262144"
    "memorysetup-temp-allocator-size-gi-baking-worker=262144"
    "memorysetup-temp-allocator-size-gi-baking-worker=262144"
    "memorysetup-temp-allocator-size-gi-baking-worker=262144"
    "memorysetup-temp-allocator-size-gfx=262144"
Player connection [2100]  Target information:

Player connection [2100]  * "[IP] 192.168.56.1 [Port] 0 [Flags] 2 [Guid] 4048261330 [EditorId] 4048261330 [Version] 1048832 [Id] WindowsEditor(7,DESKTOP-HT3IUV8) [Debug] 1 [PackageName] WindowsEditor [ProjectName] Editor" 

Player connection [2100]  * "[IP] 192.168.0.103 [Port] 0 [Flags] 2 [Guid] 4048261330 [EditorId] 4048261330 [Version] 1048832 [Id] WindowsEditor(7,DESKTOP-HT3IUV8) [Debug] 1 [PackageName] WindowsEditor [ProjectName] Editor" 

Player connection [2100] Host joined multi-casting on [225.0.0.222:54997]...
Player connection [2100] Host joined alternative multi-casting on [225.0.0.222:34997]...
JobSystem: Creating JobQueue using job-worker-count value 5
[Physics::Module] Initialized fallback backend.
[Physics::Module] Id: 0xdecafbad
Library Redirect Path: Library/
[Physics::Module] Selected backend.
[Physics::Module] Name: PhysX
[Physics::Module] Id: 0xf2b8ea05
[Physics::Module] SDK Version: 4.1.2
[Physics::Module] Integration Version: 1.0.0
[Physics::Module] Threading Mode: Multi-Threaded
Refreshing native plugins compatible for Editor in 8.60 ms, found 3 plugins.
Preloading 0 native plugins for Editor in 0.00 ms.
Initialize engine version: 6000.0.22f1 (001fa5a8e29a)
[Subsystems] Discovering subsystems at path C:/Program Files/Unity/Hub/Editor/6000.0.22f1/Editor/Data/Resources/UnitySubsystems
[Subsystems] Discovering subsystems at path C:/Users/ANDREEA/Desktop/ex/RacingGame/RacingGame/Assets
GfxDevice: creating device client; kGfxThreadingModeNonThreaded
Direct3D:
    Version:  Direct3D 11.0 [level 11.1]
    Renderer: AMD Radeon(TM) Graphics (ID=0x164c)
    Vendor:   ATI
    VRAM:     2983 MB
    Driver:   30.0.13044.0
Initialize mono
Mono path[0] = 'C:/Program Files/Unity/Hub/Editor/6000.0.22f1/Editor/Data/Managed'
Mono path[1] = 'C:/Program Files/Unity/Hub/Editor/6000.0.22f1/Editor/Data/MonoBleedingEdge/lib/mono/unityjit-win32'
Mono config path = 'C:/Program Files/Unity/Hub/Editor/6000.0.22f1/Editor/Data/MonoBleedingEdge/etc'
Using monoOptions --debugger-agent=transport=dt_socket,embedding=1,server=y,suspend=n,address=127.0.0.1:56464
Begin MonoManager ReloadAssembly
Registering precompiled unity dll's ...
Register platform support module: C:/Program Files/Unity/Hub/Editor/6000.0.22f1/Editor/Data/PlaybackEngines/WindowsStandaloneSupport/UnityEditor.WindowsStandalone.Extensions.dll
Registered in 0.008536 seconds.
- Loaded All Assemblies, in  1.817 seconds
Native extension for WindowsStandalone target not found
Mono: successfully reloaded assembly
- Finished resetting the current domain, in  2.216 seconds
Domain Reload Profiling: 4031ms
	BeginReloadAssembly (787ms)
		ExecutionOrderSort (0ms)
		DisableScriptedObjects (0ms)
		BackupInstance (0ms)
		ReleaseScriptingObjects (0ms)
		CreateAndSetChildDomain (9ms)
	RebuildCommonClasses (170ms)
	RebuildNativeTypeToScriptingClass (37ms)
	initialDomainReloadingComplete (207ms)
	LoadAllAssembliesAndSetupDomain (611ms)
		LoadAssemblies (773ms)
		RebuildTransferFunctionScriptingTraits (0ms)
		AnalyzeDomain (596ms)
			TypeCache.Refresh (589ms)
				TypeCache.ScanAssembly (528ms)
			BuildScriptInfoCaches (1ms)
			ResolveRequiredComponents (3ms)
	FinalizeReload (2219ms)
		ReleaseScriptCaches (0ms)
		RebuildScriptCaches (0ms)
		SetupLoadedEditorAssemblies (1951ms)
			LogAssemblyErrors (0ms)
			InitializePlatformSupportModulesInManaged (173ms)
			SetLoadedEditorAssemblies (56ms)
			BeforeProcessingInitializeOnLoad (96ms)
			ProcessInitializeOnLoadAttributes (1172ms)
			ProcessInitializeOnLoadMethodAttributes (437ms)
			AfterProcessingInitializeOnLoad (14ms)
			EditorAssembliesLoaded (3ms)
		ExecutionOrderSort2 (0ms)
		AwakeInstancesAfterBackupRestoration (0ms)
========================================================================
Worker process is ready to serve import requests
Import Worker Mode flag is 0x00
Begin MonoManager ReloadAssembly
- Loaded All Assemblies, in  9.200 seconds
Refreshing native plugins compatible for Editor in 29.10 ms, found 3 plugins.
Native extension for WindowsStandalone target not found
Mono: successfully reloaded assembly
- Finished resetting the current domain, in  5.574 seconds
Domain Reload Profiling: 14681ms
	BeginReloadAssembly (3834ms)
		ExecutionOrderSort (0ms)
		DisableScriptedObjects (62ms)
		BackupInstance (0ms)
		ReleaseScriptingObjects (0ms)
		CreateAndSetChildDomain (211ms)
	RebuildCommonClasses (213ms)
	RebuildNativeTypeToScriptingClass (54ms)
	initialDomainReloadingComplete (254ms)
	LoadAllAssembliesAndSetupDomain (4752ms)
		LoadAssemblies (3126ms)
		RebuildTransferFunctionScriptingTraits (0ms)
		AnalyzeDomain (2245ms)
			TypeCache.Refresh (1269ms)
				TypeCache.ScanAssembly (1122ms)
			BuildScriptInfoCaches (661ms)
			ResolveRequiredComponents (242ms)
	FinalizeReload (5575ms)
		ReleaseScriptCaches (0ms)
		RebuildScriptCaches (0ms)
		SetupLoadedEditorAssemblies (3453ms)
			LogAssemblyErrors (0ms)
			InitializePlatformSupportModulesInManaged (10ms)
			SetLoadedEditorAssemblies (24ms)
			BeforeProcessingInitializeOnLoad (182ms)
			ProcessInitializeOnLoadAttributes (2546ms)
			ProcessInitializeOnLoadMethodAttributes (611ms)
			AfterProcessingInitializeOnLoad (78ms)
			EditorAssembliesLoaded (2ms)
		ExecutionOrderSort2 (0ms)
		AwakeInstancesAfterBackupRestoration (32ms)
Launched and connected shader compiler UnityShaderCompiler.exe after 0.43 seconds
Refreshing native plugins compatible for Editor in 187.98 ms, found 3 plugins.
Preloading 0 native plugins for Editor in 0.00 ms.
Unloading 198 Unused Serialized files (Serialized files now loaded: 0)
Unloading 5897 unused Assets / (2.2 MB). Loaded Objects now: 6668.
Memory consumption went from 182.7 MB to 180.5 MB.
Total: 3137.346800 ms (FindLiveObjects: 1514.183900 ms CreateObjectMapping: 865.606800 ms MarkObjects: 680.809800 ms  DeleteObjects: 76.715400 ms)

========================================================================
Received Import Request.
  Time since last request: 179341.534401 seconds.
  path: Assets/HousePack/Models/House3/Textures/map7.bmp
  artifactKey: Guid(e4178191b452e624bab98104c0567743) Importer(2089858483,192608db42251d675da83286b1cce702)
Start importing Assets/HousePack/Models/House3/Textures/map7.bmp using Guid(e4178191b452e624bab98104c0567743) Importer(2089858483,192608db42251d675da83286b1cce702) (ScriptedImporter) -> (artifact id: '49f5e35804a4e18d9bc8f422063faa53') in 7.8033543 seconds
Number of updated asset objects reloaded before import = 0Number of asset objects unloaded after import = 1

========================================================================
Received Import Request.
  Time since last request: 0.000770 seconds.
  path: Assets/HousePack/Models/House4/Materials/map15.mat
  artifactKey: Guid(896034ee84b649c46803ca0700659995) Importer(2089858483,192608db42251d675da83286b1cce702)
Start importing Assets/HousePack/Models/House4/Materials/map15.mat using Guid(896034ee84b649c46803ca0700659995) Importer(2089858483,192608db42251d675da83286b1cce702) (ScriptedImporter) -> (artifact id: '70188e563ac9cd788cb761ea5999b704') in 4.0666385 seconds
Number of updated asset objects reloaded before import = 0Number of asset objects unloaded after import = 2

========================================================================
Received Import Request.
  Time since last request: 0.000698 seconds.
  path: Assets/HousePack/Models/House4/Materials/map5.mat
  artifactKey: Guid(fcc80be7bfb5e5d48a29c625b90bb803) Importer(2089858483,192608db42251d675da83286b1cce702)
Start importing Assets/HousePack/Models/House4/Materials/map5.mat using Guid(fcc80be7bfb5e5d48a29c625b90bb803) Importer(2089858483,192608db42251d675da83286b1cce702) (ScriptedImporter) -> (artifact id: 'b8c89ee7cdee8f0fb12299a742e2ac33') in 0.8307137 seconds
Number of updated asset objects reloaded before import = 0Number of asset objects unloaded after import = 2

========================================================================
Received Import Request.
  Time since last request: 0.000266 seconds.
  path: Assets/HousePack/Models/House3/Materials/map4.mat
  artifactKey: Guid(aeff6a53307a4464c88e26fa5372e048) Importer(2089858483,192608db42251d675da83286b1cce702)
Start importing Assets/HousePack/Models/House3/Materials/map4.mat using Guid(aeff6a53307a4464c88e26fa5372e048) Importer(2089858483,192608db42251d675da83286b1cce702) (ScriptedImporter) -> (artifact id: 'c51d856e14d0a5671d55406f0ced4ae4') in 1.0116819 seconds
Number of updated asset objects reloaded before import = 0Number of asset objects unloaded after import = 2

========================================================================
Received Import Request.
  Time since last request: 0.000147 seconds.
  path: Assets/HousePack/Models/House4/Textures/map11.bmp
  artifactKey: Guid(7813b652dfd4b124f84bfa1c8ab12bba) Importer(2089858483,192608db42251d675da83286b1cce702)
Start importing Assets/HousePack/Models/House4/Textures/map11.bmp using Guid(7813b652dfd4b124f84bfa1c8ab12bba) Importer(2089858483,192608db42251d675da83286b1cce702) (ScriptedImporter) -> (artifact id: '549634e24d2c7cb46f0e9f2c947861fc') in 0.324223 seconds
Number of updated asset objects reloaded before import = 0Number of asset objects unloaded after import = 1

========================================================================
Received Import Request.
  Time since last request: 0.000110 seconds.
  path: Assets/HousePack/Models/House4/House4.FBX
  artifactKey: Guid(a9fee95f2b39c19488c14f5fef863f1e) Importer(2089858483,192608db42251d675da83286b1cce702)
Start importing Assets/HousePack/Models/House4/House4.FBX using Guid(a9fee95f2b39c19488c14f5fef863f1e) Importer(2089858483,192608db42251d675da83286b1cce702) (ScriptedImporter) -> (artifact id: '66e2606f1d7f212c2c879d8c3f88a870') in 1.0713379 seconds
Number of updated asset objects reloaded before import = 0Number of asset objects unloaded after import = 7

========================================================================
Received Import Request.
  Time since last request: 0.000131 seconds.
  path: Assets/HousePack/Models/House5/Materials/map1.mat
  artifactKey: Guid(1fc607e869f3c3540810312ad5b60eca) Importer(2089858483,192608db42251d675da83286b1cce702)
Start importing Assets/HousePack/Models/House5/Materials/map1.mat using Guid(1fc607e869f3c3540810312ad5b60eca) Importer(2089858483,192608db42251d675da83286b1cce702) (ScriptedImporter) -> (artifact id: '93aeca01d8b0bd89cf99b2b232640a69') in 0.2773696 seconds
Number of updated asset objects reloaded before import = 0Number of asset objects unloaded after import = 2

========================================================================
Received Import Request.
  Time since last request: 0.000454 seconds.
  path: Assets/HousePack/Models/House5/Materials/map13.mat
  artifactKey: Guid(2cf4652264917e7488fbec9dbe1b3f15) Importer(2089858483,192608db42251d675da83286b1cce702)
Start importing Assets/HousePack/Models/House5/Materials/map13.mat using Guid(2cf4652264917e7488fbec9dbe1b3f15) Importer(2089858483,192608db42251d675da83286b1cce702) (ScriptedImporter) -> (artifact id: 'e199904d63e3c5fc6c21da0d16ca28a8') in 0.3889811 seconds
Number of updated asset objects reloaded before import = 0Number of asset objects unloaded after import = 2

========================================================================
Received Import Request.
  Time since last request: 0.000077 seconds.
  path: Assets/HousePack/Models/House5/Materials/map4.mat
  artifactKey: Guid(a4f106550c72a9741b3c9c4038b2c103) Importer(2089858483,192608db42251d675da83286b1cce702)
Start importing Assets/HousePack/Models/House5/Materials/map4.mat using Guid(a4f106550c72a9741b3c9c4038b2c103) Importer(2089858483,192608db42251d675da83286b1cce702) (ScriptedImporter) -> (artifact id: 'b57f40dc4bfa5a61988da4d9f1628ae8') in 0.3616734 seconds
Number of updated asset objects reloaded before import = 0Number of asset objects unloaded after import = 2

========================================================================
Received Import Request.
  Time since last request: 0.000353 seconds.
  path: Assets/HousePack/Models/House5/Materials/map8.mat
  artifactKey: Guid(62a89c4f1a2d0c24786f8f0471f06b85) Importer(2089858483,192608db42251d675da83286b1cce702)
Start importing Assets/HousePack/Models/House5/Materials/map8.mat using Guid(62a89c4f1a2d0c24786f8f0471f06b85) Importer(2089858483,192608db42251d675da83286b1cce702) (ScriptedImporter) -> (artifact id: 'ce87dd0366f1a9ca8e552c6923b43054') in 0.093297 seconds
Number of updated asset objects reloaded before import = 0Number of asset objects unloaded after import = 1

========================================================================
Received Import Request.
  Time since last request: 0.000172 seconds.
  path: Assets/HousePack/Models/House5/Textures/map3.bmp
  artifactKey: Guid(bf1ff9d1fbd47e948b37b34d63d2361c) Importer(2089858483,192608db42251d675da83286b1cce702)
Start importing Assets/HousePack/Models/House5/Textures/map3.bmp using Guid(bf1ff9d1fbd47e948b37b34d63d2361c) Importer(2089858483,192608db42251d675da83286b1cce702) (ScriptedImporter) -> (artifact id: '26fde467904dfbfbc2490d9af20a7774') in 0.131892 seconds
Number of updated asset objects reloaded before import = 0Number of asset objects unloaded after import = 1

========================================================================
Received Import Request.
  Time since last request: 0.000134 seconds.
  path: Assets/Race Track Pack/Terrian Textures/Mud/Mud Normal.png
  artifactKey: Guid(394858a5888d16e4fbeace3598e08491) Importer(2089858483,192608db42251d675da83286b1cce702)
Start importing Assets/Race Track Pack/Terrian Textures/Mud/Mud Normal.png using Guid(394858a5888d16e4fbeace3598e08491) Importer(2089858483,192608db42251d675da83286b1cce702) (ScriptedImporter) -> (artifact id: 'c0862d3f53e4e48a79f2fdaefc038430') in 0.2876055 seconds
Number of updated asset objects reloaded before import = 0Number of asset objects unloaded after import = 1

========================================================================
Received Import Request.
  Time since last request: 0.000071 seconds.
  path: Assets/HousePack/Models/House6/Materials/map1.mat
  artifactKey: Guid(8b32eb19e46a86d4dbce61f6db7160ff) Importer(2089858483,192608db42251d675da83286b1cce702)
Start importing Assets/HousePack/Models/House6/Materials/map1.mat using Guid(8b32eb19e46a86d4dbce61f6db7160ff) Importer(2089858483,192608db42251d675da83286b1cce702) (ScriptedImporter) -> (artifact id: '9cdde2cb3d195870334059c36fddd934') in 0.0928604 seconds
Number of updated asset objects reloaded before import = 0Number of asset objects unloaded after import = 2

========================================================================
Received Import Request.
  Time since last request: 0.000105 seconds.
  path: Assets/HousePack/Models/House5/Textures/map4.bmp
  artifactKey: Guid(7c53172050c497943933ba5d1efdbe5a) Importer(2089858483,192608db42251d675da83286b1cce702)
Start importing Assets/HousePack/Models/House5/Textures/map4.bmp using Guid(7c53172050c497943933ba5d1efdbe5a) Importer(2089858483,192608db42251d675da83286b1cce702) (ScriptedImporter) -> (artifact id: 'c98b80b5ba4158b98f597c60594a54e9') in 0.0906448 seconds
Number of updated asset objects reloaded before import = 0Number of asset objects unloaded after import = 1

========================================================================
Received Import Request.
  Time since last request: 0.000078 seconds.
  path: Assets/HousePack/Models/House6/Materials/map11.mat
  artifactKey: Guid(8efde5333a6ecd74dac4b38a533fbf21) Importer(2089858483,192608db42251d675da83286b1cce702)
Start importing Assets/HousePack/Models/House6/Materials/map11.mat using Guid(8efde5333a6ecd74dac4b38a533fbf21) Importer(2089858483,192608db42251d675da83286b1cce702) (ScriptedImporter) -> (artifact id: '066dd4b1cabc020a2486a6ea4c44466e') in 0.0651998 seconds
Number of updated asset objects reloaded before import = 0Number of asset objects unloaded after import = 2

========================================================================
Received Import Request.
  Time since last request: 0.000118 seconds.
  path: Assets/HousePack/Models/House6/Materials/map5.mat
  artifactKey: Guid(ccb0f6bd7a5af5b41aad1b601e7ae835) Importer(2089858483,192608db42251d675da83286b1cce702)
Start importing Assets/HousePack/Models/House6/Materials/map5.mat using Guid(ccb0f6bd7a5af5b41aad1b601e7ae835) Importer(2089858483,192608db42251d675da83286b1cce702) (ScriptedImporter) -> (artifact id: 'bd61c32ce47c397638801b563f6c0b27') in 0.1098336 seconds
Number of updated asset objects reloaded before import = 0Number of asset objects unloaded after import = 2

========================================================================
Received Import Request.
  Time since last request: 0.000077 seconds.
  path: Assets/Race Track Pack/Prefabs/Track Props/Net bar.prefab
  artifactKey: Guid(c5521214aa005f84dbfb7c0aeabb2440) Importer(2089858483,3d70f49cd1c2eb9ae422958d1c652c6b)
Start importing Assets/Race Track Pack/Prefabs/Track Props/Net bar.prefab using Guid(c5521214aa005f84dbfb7c0aeabb2440) Importer(2089858483,3d70f49cd1c2eb9ae422958d1c652c6b) (ScriptedImporter) -> (artifact id: 'b1d79d1d99d937b03fd9ee0a4d929fb8') in 0.2644321 seconds
Number of updated asset objects reloaded before import = 0Number of asset objects unloaded after import = 34

========================================================================
Received Import Request.
  Time since last request: 0.000106 seconds.
  path: Assets/HousePack/Models/House6/Textures/13.bmp
  artifactKey: Guid(5525575c90c417e4dbef1f12bc37dc9c) Importer(2089858483,192608db42251d675da83286b1cce702)
Start importing Assets/HousePack/Models/House6/Textures/13.bmp using Guid(5525575c90c417e4dbef1f12bc37dc9c) Importer(2089858483,192608db42251d675da83286b1cce702) (ScriptedImporter) -> (artifact id: 'd7b4037f3d729485eb7b1c5fd9991c5b') in 0.0850971 seconds
Number of updated asset objects reloaded before import = 0Number of asset objects unloaded after import = 1

========================================================================
Received Import Request.
  Time since last request: 0.000216 seconds.
  path: Assets/HousePack/Models/House6/Textures/map2.bmp
  artifactKey: Guid(06c3103b015f58f439aeed52565087dd) Importer(2089858483,192608db42251d675da83286b1cce702)
Start importing Assets/HousePack/Models/House6/Textures/map2.bmp using Guid(06c3103b015f58f439aeed52565087dd) Importer(2089858483,192608db42251d675da83286b1cce702) (ScriptedImporter) -> (artifact id: '8a66e5bebd517f22f83b0e589994df24') in 0.0606579 seconds
Number of updated asset objects reloaded before import = 0Number of asset objects unloaded after import = 1

========================================================================
Received Import Request.
  Time since last request: 0.000078 seconds.
  path: Assets/HousePack/Models/House6/Textures/map4.bmp
  artifactKey: Guid(a7b783cf13e0ad74abae4fabe94c81c6) Importer(2089858483,192608db42251d675da83286b1cce702)
Start importing Assets/HousePack/Models/House6/Textures/map4.bmp using Guid(a7b783cf13e0ad74abae4fabe94c81c6) Importer(2089858483,192608db42251d675da83286b1cce702) (ScriptedImporter) -> (artifact id: '0ca9f377337f02d315315fe591bea229') in 0.1120019 seconds
Number of updated asset objects reloaded before import = 0Number of asset objects unloaded after import = 1

========================================================================
Received Import Request.
  Time since last request: 0.000214 seconds.
  path: Assets/HousePack/Models/House7/Materials/map1.mat
  artifactKey: Guid(6f3a8b083c698834e84e76afc7310a09) Importer(2089858483,192608db42251d675da83286b1cce702)
Start importing Assets/HousePack/Models/House7/Materials/map1.mat using Guid(6f3a8b083c698834e84e76afc7310a09) Importer(2089858483,192608db42251d675da83286b1cce702) (ScriptedImporter) -> (artifact id: '5c6c6c7b9106630dc3e4780b48f4fd22') in 0.0807276 seconds
Number of updated asset objects reloaded before import = 0Number of asset objects unloaded after import = 2

========================================================================
Received Import Request.
  Time since last request: 0.000099 seconds.
  path: Assets/HousePack/Models/House7/Materials/map17.mat
  artifactKey: Guid(e8818ed09d2a7934e990eb849c863625) Importer(2089858483,192608db42251d675da83286b1cce702)
Start importing Assets/HousePack/Models/House7/Materials/map17.mat using Guid(e8818ed09d2a7934e990eb849c863625) Importer(2089858483,192608db42251d675da83286b1cce702) (ScriptedImporter) -> (artifact id: '9271838976d168281fe61f1383ff5f00') in 0.0760539 seconds
Number of updated asset objects reloaded before import = 0Number of asset objects unloaded after import = 1

========================================================================
Received Import Request.
  Time since last request: 0.000266 seconds.
  path: Assets/HousePack/Models/House7/Materials/map9.mat
  artifactKey: Guid(4e10ea173f01e8049838b04a0341f23d) Importer(2089858483,192608db42251d675da83286b1cce702)
Start importing Assets/HousePack/Models/House7/Materials/map9.mat using Guid(4e10ea173f01e8049838b04a0341f23d) Importer(2089858483,192608db42251d675da83286b1cce702) (ScriptedImporter) -> (artifact id: 'd10076e0249c26c4abbdb0384fdf9a4c') in 0.081197 seconds
Number of updated asset objects reloaded before import = 0Number of asset objects unloaded after import = 2

========================================================================
Received Import Request.
  Time since last request: 0.000125 seconds.
  path: Assets/HousePack/Models/House7/Textures/map14.bmp
  artifactKey: Guid(4eb5608a97f01194f8bf62883a8f52ab) Importer(2089858483,192608db42251d675da83286b1cce702)
Start importing Assets/HousePack/Models/House7/Textures/map14.bmp using Guid(4eb5608a97f01194f8bf62883a8f52ab) Importer(2089858483,192608db42251d675da83286b1cce702) (ScriptedImporter) -> (artifact id: 'ed18e8972ed1b2b6a205879cb4e1d6fe') in 0.2352607 seconds
Number of updated asset objects reloaded before import = 0Number of asset objects unloaded after import = 1

========================================================================
Received Import Request.
  Time since last request: 0.000082 seconds.
  path: Assets/HousePack/Models/House7/Textures/map10.bmp
  artifactKey: Guid(030acc4612420864a859a99908bddb57) Importer(2089858483,192608db42251d675da83286b1cce702)
Start importing Assets/HousePack/Models/House7/Textures/map10.bmp using Guid(030acc4612420864a859a99908bddb57) Importer(2089858483,192608db42251d675da83286b1cce702) (ScriptedImporter) -> (artifact id: 'dbcb7f593de0c207f1e5c28630b3f787') in 0.0933136 seconds
Number of updated asset objects reloaded before import = 0Number of asset objects unloaded after import = 1

========================================================================
Received Import Request.
  Time since last request: 0.000080 seconds.
  path: Assets/HousePack/Models/House7/Textures/map9.bmp
  artifactKey: Guid(00a349f6977421740aa0483c6c41c894) Importer(2089858483,192608db42251d675da83286b1cce702)
Start importing Assets/HousePack/Models/House7/Textures/map9.bmp using Guid(00a349f6977421740aa0483c6c41c894) Importer(2089858483,192608db42251d675da83286b1cce702) (ScriptedImporter) -> (artifact id: 'a7508525abb55be9e76810adceffd0d0') in 0.1055308 seconds
Number of updated asset objects reloaded before import = 0Number of asset objects unloaded after import = 1

========================================================================
Received Import Request.
  Time since last request: 0.000068 seconds.
  path: Assets/Race Track Pack/Prefabs/Props Model/Booth.prefab
  artifactKey: Guid(a3f28a27df16b534db887f23024e9d5e) Importer(2089858483,192608db42251d675da83286b1cce702)
Start importing Assets/Race Track Pack/Prefabs/Props Model/Booth.prefab using Guid(a3f28a27df16b534db887f23024e9d5e) Importer(2089858483,192608db42251d675da83286b1cce702) (ScriptedImporter) -> (artifact id: '61e13cef4458724d8603f79af222c2e5') in 0.1145987 seconds
Number of updated asset objects reloaded before import = 0Number of asset objects unloaded after import = 7

========================================================================
Received Import Request.
  Time since last request: 0.000064 seconds.
  path: Assets/HousePack/Models/House8/Materials/vgs_shopwall01_128.mat
  artifactKey: Guid(b1f71a3195ad9b542966c19d94b224fa) Importer(2089858483,192608db42251d675da83286b1cce702)
Start importing Assets/HousePack/Models/House8/Materials/vgs_shopwall01_128.mat using Guid(b1f71a3195ad9b542966c19d94b224fa) Importer(2089858483,192608db42251d675da83286b1cce702) (ScriptedImporter) -> (artifact id: '0ddeb92a7fb5e9d0a8b4ecd4c381ca15') in 0.0608975 seconds
Number of updated asset objects reloaded before import = 0Number of asset objects unloaded after import = 1

========================================================================
Received Import Request.
  Time since last request: 0.000149 seconds.
  path: Assets/HousePack/Models/House8/Textures/map15.bmp
  artifactKey: Guid(5b82b5f646e10944db9ce691a09f22db) Importer(2089858483,192608db42251d675da83286b1cce702)
Start importing Assets/HousePack/Models/House8/Textures/map15.bmp using Guid(5b82b5f646e10944db9ce691a09f22db) Importer(2089858483,192608db42251d675da83286b1cce702) (ScriptedImporter) -> (artifact id: '6e71a58c81afed78578d4a43bbe7619d') in 0.0892328 seconds
Number of updated asset objects reloaded before import = 0Number of asset objects unloaded after import = 1

========================================================================
Received Import Request.
  Time since last request: 0.000173 seconds.
  path: Assets/HousePack/Models/House9/Materials/map1.mat
  artifactKey: Guid(a529c88e0f1511d41a12ae729b1e90de) Importer(2089858483,192608db42251d675da83286b1cce702)
Start importing Assets/HousePack/Models/House9/Materials/map1.mat using Guid(a529c88e0f1511d41a12ae729b1e90de) Importer(2089858483,192608db42251d675da83286b1cce702) (ScriptedImporter) -> (artifact id: 'fc1e367f19547d27906e853748b7dd8c') in 0.0557592 seconds
Number of updated asset objects reloaded before import = 0Number of asset objects unloaded after import = 2

========================================================================
Received Import Request.
  Time since last request: 0.000108 seconds.
  path: Assets/HousePack/Models/House9/Materials/map2.mat
  artifactKey: Guid(40a10a77e935d0446a83c1794c57c285) Importer(2089858483,192608db42251d675da83286b1cce702)
Start importing Assets/HousePack/Models/House9/Materials/map2.mat using Guid(40a10a77e935d0446a83c1794c57c285) Importer(2089858483,192608db42251d675da83286b1cce702) (ScriptedImporter) -> (artifact id: 'c1cb474a7a8bddd0b8c1d08a4233c794') in 0.0619365 seconds
Number of updated asset objects reloaded before import = 0Number of asset objects unloaded after import = 2

========================================================================
Received Import Request.
  Time since last request: 0.000101 seconds.
  path: Assets/HousePack/Models/House9/Materials/map12.mat
  artifactKey: Guid(07ba8d04693491941a1719053681f720) Importer(2089858483,192608db42251d675da83286b1cce702)
Start importing Assets/HousePack/Models/House9/Materials/map12.mat using Guid(07ba8d04693491941a1719053681f720) Importer(2089858483,192608db42251d675da83286b1cce702) (ScriptedImporter) -> (artifact id: 'd017016b8c1766a23f07cc4f9f0c3b7f') in 0.058457 seconds
Number of updated asset objects reloaded before import = 0Number of asset objects unloaded after import = 2

========================================================================
Received Import Request.
  Time since last request: 0.000098 seconds.
  path: Assets/HousePack/Models/House9/Materials/map4.mat
  artifactKey: Guid(1579f2e6fb44f4f43b09899abdc6a8ed) Importer(2089858483,192608db42251d675da83286b1cce702)
Start importing Assets/HousePack/Models/House9/Materials/map4.mat using Guid(1579f2e6fb44f4f43b09899abdc6a8ed) Importer(2089858483,192608db42251d675da83286b1cce702) (ScriptedImporter) -> (artifact id: '9645a9686df7c40327e1cdc4158bcee0') in 0.0640151 seconds
Number of updated asset objects reloaded before import = 0Number of asset objects unloaded after import = 2

========================================================================
Received Import Request.
  Time since last request: 0.000086 seconds.
  path: Assets/HousePack/Models/House9/Textures/map4.bmp
  artifactKey: Guid(3c5ad784cab10f34a9b08220d9129951) Importer(2089858483,192608db42251d675da83286b1cce702)
Start importing Assets/HousePack/Models/House9/Textures/map4.bmp using Guid(3c5ad784cab10f34a9b08220d9129951) Importer(2089858483,192608db42251d675da83286b1cce702) (ScriptedImporter) -> (artifact id: 'cba33e0c1f91f8a3dc9b8ec0153aadc0') in 0.1004698 seconds
Number of updated asset objects reloaded before import = 0Number of asset objects unloaded after import = 1

========================================================================
Received Import Request.
  Time since last request: 0.000123 seconds.
  path: Assets/HousePack/Models/House2/Materials/map8.mat
  artifactKey: Guid(568137d96bded3a4380f18ea77371fea) Importer(2089858483,192608db42251d675da83286b1cce702)
Start importing Assets/HousePack/Models/House2/Materials/map8.mat using Guid(568137d96bded3a4380f18ea77371fea) Importer(2089858483,192608db42251d675da83286b1cce702) (ScriptedImporter) -> (artifact id: '509449a749b0f0a67cad1dde730a8eb0') in 0.1154205 seconds
Number of updated asset objects reloaded before import = 0Number of asset objects unloaded after import = 2

========================================================================
Received Import Request.
  Time since last request: 0.000081 seconds.
  path: Assets/Race Track Pack/Terrian Textures/Rock Soil/Materials/Rock Soil AlbedoTransparency.mat
  artifactKey: Guid(ca288c17cd191a848a242839f61bc10f) Importer(2089858483,192608db42251d675da83286b1cce702)
Start importing Assets/Race Track Pack/Terrian Textures/Rock Soil/Materials/Rock Soil AlbedoTransparency.mat using Guid(ca288c17cd191a848a242839f61bc10f) Importer(2089858483,192608db42251d675da83286b1cce702) (ScriptedImporter) -> (artifact id: '333743e5ab458bab813f3130092585dd') in 0.3219014 seconds
Number of updated asset objects reloaded before import = 0Number of asset objects unloaded after import = 2

========================================================================
Received Import Request.
  Time since last request: 0.000111 seconds.
  path: Assets/Race Track Pack/Prefabs/Props Model/Board6.prefab
  artifactKey: Guid(3b5a95f04f2fd794ea86086ad9cc12e2) Importer(2089858483,3d70f49cd1c2eb9ae422958d1c652c6b)
Start importing Assets/Race Track Pack/Prefabs/Props Model/Board6.prefab using Guid(3b5a95f04f2fd794ea86086ad9cc12e2) Importer(2089858483,3d70f49cd1c2eb9ae422958d1c652c6b) (ScriptedImporter) -> (artifact id: '5f726aad6363be830bf67d18b3b4e6fa') in 0.0583755 seconds
Number of updated asset objects reloaded before import = 0Number of asset objects unloaded after import = 8

========================================================================
Received Import Request.
  Time since last request: 0.000045 seconds.
  path: Assets/Stylized Nature Environment/Nature/foliage01.psd
  artifactKey: Guid(fba874c609e587e4f8618336e5fa4e26) Importer(2089858483,192608db42251d675da83286b1cce702)
Start importing Assets/Stylized Nature Environment/Nature/foliage01.psd using Guid(fba874c609e587e4f8618336e5fa4e26) Importer(2089858483,192608db42251d675da83286b1cce702) (ScriptedImporter) -> (artifact id: '6a8a8d02ce819153f765690e5323a9ee') in 0.2286151 seconds
Number of updated asset objects reloaded before import = 0Number of asset objects unloaded after import = 1

========================================================================
Received Import Request.
  Time since last request: 0.000116 seconds.
  path: Assets/Race Track Pack/Textures/Road and side Boundries/Road Track for substance 05_Road_and_side_boundries_mt_Normal.png
  artifactKey: Guid(c8be381dbeaa2e74a89e0bdc4ef4b1c2) Importer(2089858483,192608db42251d675da83286b1cce702)
Start importing Assets/Race Track Pack/Textures/Road and side Boundries/Road Track for substance 05_Road_and_side_boundries_mt_Normal.png using Guid(c8be381dbeaa2e74a89e0bdc4ef4b1c2) Importer(2089858483,192608db42251d675da83286b1cce702) (ScriptedImporter) -> (artifact id: '2f1297b1a17ecba880e5bb0b2921f4dc') in 0.1279557 seconds
Number of updated asset objects reloaded before import = 0Number of asset objects unloaded after import = 1

========================================================================
Received Import Request.
  Time since last request: 0.000098 seconds.
  path: Assets/Snow mountain tracks/Resources/Textures/ConcreteBarePoleTGA.tga
  artifactKey: Guid(91f8d73a3f33ceb478d1d917161d8315) Importer(2089858483,192608db42251d675da83286b1cce702)
Start importing Assets/Snow mountain tracks/Resources/Textures/ConcreteBarePoleTGA.tga using Guid(91f8d73a3f33ceb478d1d917161d8315) Importer(2089858483,192608db42251d675da83286b1cce702) (ScriptedImporter) -> (artifact id: 'b327ef549cb4bb3bca1fc7d070d1fe83') in 0.0839764 seconds
Number of updated asset objects reloaded before import = 0Number of asset objects unloaded after import = 1

========================================================================
Received Import Request.
  Time since last request: 0.000129 seconds.
  path: Assets/Wispy Sky/Materials/WispyCubemap.cubemap
  artifactKey: Guid(3977a445bc0cbf1498161e4f4b99b771) Importer(2089858483,192608db42251d675da83286b1cce702)
Start importing Assets/Wispy Sky/Materials/WispyCubemap.cubemap using Guid(3977a445bc0cbf1498161e4f4b99b771) Importer(2089858483,192608db42251d675da83286b1cce702) (ScriptedImporter) -> (artifact id: '1a813f5af6adbf7a3ba4d2815fe82894') in 0.0666749 seconds
Number of updated asset objects reloaded before import = 0Number of asset objects unloaded after import = 1

========================================================================
Received Import Request.
  Time since last request: 0.000110 seconds.
  path: Assets/Race Track Pack/Prefabs/Props Model/stage_stand.prefab
  artifactKey: Guid(6e84411b2cbb71345af16f1eb7a2dbf2) Importer(2089858483,3d70f49cd1c2eb9ae422958d1c652c6b)
Start importing Assets/Race Track Pack/Prefabs/Props Model/stage_stand.prefab using Guid(6e84411b2cbb71345af16f1eb7a2dbf2) Importer(2089858483,3d70f49cd1c2eb9ae422958d1c652c6b) (ScriptedImporter) -> (artifact id: '73b7d0348092de88f9341ff83b695956') in 0.0466523 seconds
Number of updated asset objects reloaded before import = 0Number of asset objects unloaded after import = 8

========================================================================
Received Import Request.
  Time since last request: 0.000069 seconds.
  path: Assets/Race Track Pack/Models/Materials/road_Road_AlbedoTransparency.mat
  artifactKey: Guid(057c917fe17be6746a32cb2244371ed7) Importer(2089858483,192608db42251d675da83286b1cce702)
Start importing Assets/Race Track Pack/Models/Materials/road_Road_AlbedoTransparency.mat using Guid(057c917fe17be6746a32cb2244371ed7) Importer(2089858483,192608db42251d675da83286b1cce702) (ScriptedImporter) -> (artifact id: '5b4ffc564c522b102ed49fac9d04a089') in 0.1003678 seconds
Number of updated asset objects reloaded before import = 0Number of asset objects unloaded after import = 4

========================================================================
Received Import Request.
  Time since last request: 0.000139 seconds.
  path: Assets/_TerrainAutoUpgrade/layer_ice91e9c8cd14c0f8c1.terrainlayer
  artifactKey: Guid(21d1325ba1810614c9ea1bf6e1a3b40b) Importer(2089858483,192608db42251d675da83286b1cce702)
Start importing Assets/_TerrainAutoUpgrade/layer_ice91e9c8cd14c0f8c1.terrainlayer using Guid(21d1325ba1810614c9ea1bf6e1a3b40b) Importer(2089858483,192608db42251d675da83286b1cce702) (ScriptedImporter) -> (artifact id: '6d3792e31cc56dce68437216a7968c3b') in 0.0960161 seconds
Number of updated asset objects reloaded before import = 0Number of asset objects unloaded after import = 2

========================================================================
Received Import Request.
  Time since last request: 0.000076 seconds.
  path: Assets/HousePack/Models/House9/House9.FBX
  artifactKey: Guid(d6cb73f66a1e20940a66ebf660563c78) Importer(2089858483,192608db42251d675da83286b1cce702)
Start importing Assets/HousePack/Models/House9/House9.FBX using Guid(d6cb73f66a1e20940a66ebf660563c78) Importer(2089858483,192608db42251d675da83286b1cce702) (ScriptedImporter) -> (artifact id: 'f706933b3b189b28b14482451be4dabd') in 0.0692909 seconds
Number of updated asset objects reloaded before import = 0Number of asset objects unloaded after import = 7

========================================================================
Received Import Request.
  Time since last request: 0.000097 seconds.
  path: Assets/Wispy Sky/Textures/SkyBox02b0002.tif
  artifactKey: Guid(569679e95ebdccf4e947af1359522a42) Importer(2089858483,192608db42251d675da83286b1cce702)
Start importing Assets/Wispy Sky/Textures/SkyBox02b0002.tif using Guid(569679e95ebdccf4e947af1359522a42) Importer(2089858483,192608db42251d675da83286b1cce702) (ScriptedImporter) -> (artifact id: '14c30f5933bfd97ca5b2fdaa14b2985c') in 0.0858619 seconds
Number of updated asset objects reloaded before import = 0Number of asset objects unloaded after import = 1

========================================================================
Received Import Request.
  Time since last request: 0.000048 seconds.
  path: Assets/HousePack/Models/House7/Materials/map12.mat
  artifactKey: Guid(cae3319ec77bcbc4fa632a53270198d9) Importer(2089858483,192608db42251d675da83286b1cce702)
Start importing Assets/HousePack/Models/House7/Materials/map12.mat using Guid(cae3319ec77bcbc4fa632a53270198d9) Importer(2089858483,192608db42251d675da83286b1cce702) (ScriptedImporter) -> (artifact id: '02163b71b004e13fe0ca67988a522c11') in 0.0590478 seconds
Number of updated asset objects reloaded before import = 0Number of asset objects unloaded after import = 1

========================================================================
Received Import Request.
  Time since last request: 0.000130 seconds.
  path: Assets/Stylized Nature Environment/Nature/foliage07-b.psd
  artifactKey: Guid(03867b1f38d354c43aa1ac903bce5b71) Importer(2089858483,192608db42251d675da83286b1cce702)
Start importing Assets/Stylized Nature Environment/Nature/foliage07-b.psd using Guid(03867b1f38d354c43aa1ac903bce5b71) Importer(2089858483,192608db42251d675da83286b1cce702) (ScriptedImporter) -> (artifact id: 'f40a9c2b68ec37c39948a3622c9dfc4f') in 0.1070869 seconds
Number of updated asset objects reloaded before import = 0Number of asset objects unloaded after import = 1

========================================================================
Received Import Request.
  Time since last request: 0.000285 seconds.
  path: Assets/Snow mountain tracks/Resources/Materials/barrierMat.mat
  artifactKey: Guid(a60ebed664270c6448f56932f17da7c8) Importer(2089858483,192608db42251d675da83286b1cce702)
Start importing Assets/Snow mountain tracks/Resources/Materials/barrierMat.mat using Guid(a60ebed664270c6448f56932f17da7c8) Importer(2089858483,192608db42251d675da83286b1cce702) (ScriptedImporter) -> (artifact id: '55fd14f1e3be7c96eb8bf07128b5d71c') in 0.0884654 seconds
Number of updated asset objects reloaded before import = 0Number of asset objects unloaded after import = 3

========================================================================
Received Import Request.
  Time since last request: 0.000103 seconds.
  path: Assets/HousePack/Models/House5/Materials/map10.mat
  artifactKey: Guid(959f508d6783fb4479d9b870bd890d21) Importer(2089858483,192608db42251d675da83286b1cce702)
Start importing Assets/HousePack/Models/House5/Materials/map10.mat using Guid(959f508d6783fb4479d9b870bd890d21) Importer(2089858483,192608db42251d675da83286b1cce702) (ScriptedImporter) -> (artifact id: '1e000220359857c1a318ba89ddebaa75') in 0.0674804 seconds
Number of updated asset objects reloaded before import = 0Number of asset objects unloaded after import = 2

========================================================================
Received Import Request.
  Time since last request: 0.000122 seconds.
  path: Assets/HousePack/Perfabs/House9.prefab
  artifactKey: Guid(0ee3f20eba7c1414a8508d1965a6706a) Importer(2089858483,3d70f49cd1c2eb9ae422958d1c652c6b)
Start importing Assets/HousePack/Perfabs/House9.prefab using Guid(0ee3f20eba7c1414a8508d1965a6706a) Importer(2089858483,3d70f49cd1c2eb9ae422958d1c652c6b) (ScriptedImporter) -> (artifact id: '31aafc4faab59e6203cc6f3f06f026f2') in 0.0871921 seconds
Number of updated asset objects reloaded before import = 0Number of asset objects unloaded after import = 18

========================================================================
Received Import Request.
  Time since last request: 0.000222 seconds.
  path: Assets/HousePack/Models/House2/Materials/map5.mat
  artifactKey: Guid(c9e25c17cf28f344aa9b29d76063a0e4) Importer(2089858483,192608db42251d675da83286b1cce702)
Start importing Assets/HousePack/Models/House2/Materials/map5.mat using Guid(c9e25c17cf28f344aa9b29d76063a0e4) Importer(2089858483,192608db42251d675da83286b1cce702) (ScriptedImporter) -> (artifact id: 'e261edc70d1f3b047d7eee6d113d4db1') in 0.0699434 seconds
Number of updated asset objects reloaded before import = 0Number of asset objects unloaded after import = 2

========================================================================
Received Import Request.
  Time since last request: 0.000082 seconds.
  path: Assets/Snow mountain tracks/Resources/Models/poles.asset
  artifactKey: Guid(ebda0cb17de4a154a806302ef3a464f2) Importer(2089858483,192608db42251d675da83286b1cce702)
Start importing Assets/Snow mountain tracks/Resources/Models/poles.asset using Guid(ebda0cb17de4a154a806302ef3a464f2) Importer(2089858483,192608db42251d675da83286b1cce702) (ScriptedImporter) -> (artifact id: '7142eccec9c1b04f24ddc688dd287703') in 0.2522735 seconds
Number of updated asset objects reloaded before import = 0Number of asset objects unloaded after import = 1

========================================================================
Received Import Request.
  Time since last request: 0.000071 seconds.
  path: Assets/Models/mountain (3).prefab
  artifactKey: Guid(b9061b7bfa145e24a91bde1cc531ee95) Importer(2089858483,192608db42251d675da83286b1cce702)
Start importing Assets/Models/mountain (3).prefab using Guid(b9061b7bfa145e24a91bde1cc531ee95) Importer(2089858483,192608db42251d675da83286b1cce702) (ScriptedImporter) -> (artifact id: '94a6f2699452c05bacd91050a9bf442e') in 0.1788279 seconds
Number of updated asset objects reloaded before import = 0Number of asset objects unloaded after import = 13

========================================================================
Received Import Request.
  Time since last request: 0.000206 seconds.
  path: Assets/Race Track Pack/Models/Materials/keyakiPark2Shader.mat
  artifactKey: Guid(f5ae211ac9edc424990b7a994adbc403) Importer(2089858483,192608db42251d675da83286b1cce702)
Start importing Assets/Race Track Pack/Models/Materials/keyakiPark2Shader.mat using Guid(f5ae211ac9edc424990b7a994adbc403) Importer(2089858483,192608db42251d675da83286b1cce702) (ScriptedImporter) -> (artifact id: 'cf0280485181feef4eca887fc63ec7b0') in 0.1052709 seconds
Number of updated asset objects reloaded before import = 0Number of asset objects unloaded after import = 1

========================================================================
Received Import Request.
  Time since last request: 0.000074 seconds.
  path: Assets/Stylized Nature Environment/Nature/foliage06.psd
  artifactKey: Guid(54e7a4a97b3ae0a41be74acb0b61f20c) Importer(2089858483,192608db42251d675da83286b1cce702)
Start importing Assets/Stylized Nature Environment/Nature/foliage06.psd using Guid(54e7a4a97b3ae0a41be74acb0b61f20c) Importer(2089858483,192608db42251d675da83286b1cce702) (ScriptedImporter) -> (artifact id: '49a41779a96104f75a8a8c06ccc05faa') in 0.1462486 seconds
Number of updated asset objects reloaded before import = 0Number of asset objects unloaded after import = 1

========================================================================
Received Import Request.
  Time since last request: 0.000165 seconds.
  path: Assets/Race Track Pack/Prefabs/Props Model/Curve_Boundry_15.prefab
  artifactKey: Guid(0fb85ecb9f70c9d4aab231f42e9d1ec2) Importer(2089858483,192608db42251d675da83286b1cce702)
Start importing Assets/Race Track Pack/Prefabs/Props Model/Curve_Boundry_15.prefab using Guid(0fb85ecb9f70c9d4aab231f42e9d1ec2) Importer(2089858483,192608db42251d675da83286b1cce702) (ScriptedImporter) -> (artifact id: '798cc9b129859ccfd6a1b6843f7bc0a5') in 0.1200103 seconds
Number of updated asset objects reloaded before import = 0Number of asset objects unloaded after import = 7

========================================================================
Received Import Request.
  Time since last request: 0.000113 seconds.
  path: Assets/HousePack/Models/House10/Textures/map2.bmp
  artifactKey: Guid(12b4765515f5c364f9f8373aa5432860) Importer(2089858483,192608db42251d675da83286b1cce702)
Start importing Assets/HousePack/Models/House10/Textures/map2.bmp using Guid(12b4765515f5c364f9f8373aa5432860) Importer(2089858483,192608db42251d675da83286b1cce702) (ScriptedImporter) -> (artifact id: '4c1b2407b3b5b6bcb0fbdabbe7fa402e') in 0.0861258 seconds
Number of updated asset objects reloaded before import = 0Number of asset objects unloaded after import = 1

========================================================================
Received Import Request.
  Time since last request: 0.000112 seconds.
  path: Assets/Race Track Pack/Terrian Textures/Dirty Concrete/Dirty Concrete MetallicSmoothness.png
  artifactKey: Guid(e7897226b0ca89246a46080d203f07f1) Importer(2089858483,192608db42251d675da83286b1cce702)
Start importing Assets/Race Track Pack/Terrian Textures/Dirty Concrete/Dirty Concrete MetallicSmoothness.png using Guid(e7897226b0ca89246a46080d203f07f1) Importer(2089858483,192608db42251d675da83286b1cce702) (ScriptedImporter) -> (artifact id: 'e4c411d19ed5af3ce415bed685c52134') in 0.159286 seconds
Number of updated asset objects reloaded before import = 0Number of asset objects unloaded after import = 1

========================================================================
Received Import Request.
  Time since last request: 0.000077 seconds.
  path: Assets/Race Track Pack/Prefabs/Track Props/Net_Bars1.prefab
  artifactKey: Guid(f7c618019b6617942a37bff00c9b6e9b) Importer(2089858483,192608db42251d675da83286b1cce702)
Start importing Assets/Race Track Pack/Prefabs/Track Props/Net_Bars1.prefab using Guid(f7c618019b6617942a37bff00c9b6e9b) Importer(2089858483,192608db42251d675da83286b1cce702) (ScriptedImporter) -> (artifact id: '947748ea0e70afe1761e218687f2b303') in 0.1129296 seconds
Number of updated asset objects reloaded before import = 0Number of asset objects unloaded after import = 7

